<?xml version="1.0" encoding="UTF-8"?>
<coverage generated="1781878137959" clover="3.2.0">
  <project timestamp="1781878137959" name="All files">
    <metrics statements="2059" coveredstatements="700" conditionals="1346" coveredconditionals="383" methods="197" coveredmethods="52" elements="3602" coveredelements="1135" complexity="0" loc="2059" ncloc="2059" packages="1" files="8" classes="8"/>
    <file name="akademikController.js" path="D:\project\MyTelU-V2\MyTelUV2\backend\controllers\akademikController.js">
      <metrics statements="596" coveredstatements="99" conditionals="482" coveredconditionals="38" methods="60" coveredmethods="5"/>
      <line num="1" count="1" type="stmt"/>
      <line num="2" count="1" type="stmt"/>
      <line num="3" count="1" type="stmt"/>
      <line num="4" count="1" type="stmt"/>
      <line num="5" count="1" type="stmt"/>
      <line num="8" count="1" type="stmt"/>
      <line num="9" count="2" type="stmt"/>
      <line num="12" count="2" type="stmt"/>
      <line num="19" count="2" type="cond" truecount="2" falsecount="0"/>
      <line num="20" count="1" type="stmt"/>
      <line num="26" count="1" type="stmt"/>
      <line num="33" count="1" type="stmt"/>
      <line num="40" count="1" type="stmt"/>
      <line num="41" count="0" type="stmt"/>
      <line num="42" count="0" type="stmt"/>
      <line num="44" count="0" type="stmt"/>
      <line num="47" count="0" type="cond" truecount="0" falsecount="2"/>
      <line num="48" count="0" type="stmt"/>
      <line num="54" count="0" type="stmt"/>
      <line num="74" count="0" type="stmt"/>
      <line num="81" count="1" type="stmt"/>
      <line num="82" count="0" type="stmt"/>
      <line num="84" count="0" type="stmt"/>
      <line num="105" count="0" type="cond" truecount="0" falsecount="2"/>
      <line num="106" count="0" type="stmt"/>
      <line num="112" count="0" type="stmt"/>
      <line num="118" count="1" type="stmt"/>
      <line num="119" count="0" type="stmt"/>
      <line num="120" count="0" type="stmt"/>
      <line num="122" count="0" type="stmt"/>
      <line num="129" count="0" type="cond" truecount="0" falsecount="2"/>
      <line num="130" count="0" type="stmt"/>
      <line num="137" count="0" type="cond" truecount="0" falsecount="4"/>
      <line num="138" count="0" type="stmt"/>
      <line num="146" count="0" type="cond" truecount="0" falsecount="2"/>
      <line num="147" count="0" type="stmt"/>
      <line num="154" count="0" type="stmt"/>
      <line num="162" count="0" type="stmt"/>
      <line num="169" count="1" type="stmt"/>
      <line num="170" count="2" type="stmt"/>
      <line num="172" count="2" type="stmt"/>
      <line num="184" count="2" type="cond" truecount="1" falsecount="1"/>
      <line num="185" count="0" type="stmt"/>
      <line num="192" count="2" type="cond" truecount="2" falsecount="0"/>
      <line num="193" count="1" type="stmt"/>
      <line num="199" count="1" type="stmt"/>
      <line num="204" count="1" type="stmt"/>
      <line num="212" count="1" type="stmt"/>
      <line num="213" count="3" type="stmt"/>
      <line num="216" count="3" type="stmt"/>
      <line num="223" count="3" type="cond" truecount="1" falsecount="1"/>
      <line num="224" count="0" type="stmt"/>
      <line num="231" count="3" type="stmt"/>
      <line num="239" count="3" type="cond" truecount="1" falsecount="1"/>
      <line num="240" count="0" type="stmt"/>
      <line num="247" count="3" type="cond" truecount="2" falsecount="2"/>
      <line num="248" count="0" type="stmt"/>
      <line num="255" count="3" type="stmt"/>
      <line num="256" count="3" type="cond" truecount="4" falsecount="0"/>
      <line num="257" count="1" type="stmt"/>
      <line num="264" count="2" type="stmt"/>
      <line num="276" count="2" type="cond" truecount="2" falsecount="0"/>
      <line num="277" count="1" type="stmt"/>
      <line num="284" count="1" type="stmt"/>
      <line num="287" count="1" type="cond" truecount="1" falsecount="1"/>
      <line num="288" count="1" type="cond" truecount="1" falsecount="1"/>
      <line num="290" count="1" type="stmt"/>
      <line num="308" count="1" type="stmt"/>
      <line num="322" count="1" type="stmt"/>
      <line num="329" count="1" type="stmt"/>
      <line num="330" count="0" type="stmt"/>
      <line num="331" count="0" type="stmt"/>
      <line num="333" count="0" type="stmt"/>
      <line num="335" count="0" type="cond" truecount="0" falsecount="2"/>
      <line num="336" count="0" type="cond" truecount="0" falsecount="2"/>
      <line num="337" count="0" type="cond" truecount="0" falsecount="2"/>
      <line num="339" count="0" type="stmt"/>
      <line num="366" count="0" type="stmt"/>
      <line num="374" count="1" type="stmt"/>
      <line num="375" count="0" type="stmt"/>
      <line num="376" count="0" type="stmt"/>
      <line num="379" count="0" type="stmt"/>
      <line num="380" count="0" type="cond" truecount="0" falsecount="2"/>
      <line num="381" count="0" type="stmt"/>
      <line num="384" count="0" type="stmt"/>
      <line num="385" count="0" type="stmt"/>
      <line num="386" count="0" type="stmt"/>
      <line num="387" count="0" type="stmt"/>
      <line num="389" count="0" type="stmt"/>
      <line num="401" count="0" type="stmt"/>
      <line num="403" count="0" type="stmt"/>
      <line num="404" count="0" type="stmt"/>
      <line num="407" count="0" type="stmt"/>
      <line num="418" count="0" type="stmt"/>
      <line num="419" count="0" type="cond" truecount="0" falsecount="2"/>
      <line num="420" count="0" type="stmt"/>
      <line num="426" count="0" type="cond" truecount="0" falsecount="2"/>
      <line num="427" count="0" type="stmt"/>
      <line num="431" count="0" type="stmt"/>
      <line num="434" count="0" type="stmt"/>
      <line num="491" count="0" type="stmt"/>
      <line num="492" count="0" type="stmt"/>
      <line num="493" count="0" type="cond" truecount="0" falsecount="2"/>
      <line num="494" count="0" type="stmt"/>
      <line num="501" count="0" type="stmt"/>
      <line num="502" count="0" type="stmt"/>
      <line num="504" count="0" type="stmt"/>
      <line num="511" count="0" type="stmt"/>
      <line num="512" count="0" type="cond" truecount="0" falsecount="2"/>
      <line num="518" count="0" type="stmt"/>
      <line num="519" count="0" type="cond" truecount="0" falsecount="4"/>
      <line num="532" count="0" type="stmt"/>
      <line num="533" count="0" type="stmt"/>
      <line num="534" count="0" type="cond" truecount="0" falsecount="2"/>
      <line num="536" count="0" type="cond" truecount="0" falsecount="4"/>
      <line num="537" count="0" type="stmt"/>
      <line num="538" count="0" type="stmt"/>
      <line num="543" count="0" type="stmt"/>
      <line num="544" count="0" type="cond" truecount="0" falsecount="2"/>
      <line num="549" count="0" type="cond" truecount="0" falsecount="2"/>
      <line num="550" count="0" type="cond" truecount="0" falsecount="2"/>
      <line num="551" count="0" type="stmt"/>
      <line num="554" count="0" type="cond" truecount="0" falsecount="5"/>
      <line num="555" count="0" type="stmt"/>
      <line num="556" count="0" type="cond" truecount="0" falsecount="2"/>
      <line num="558" count="0" type="cond" truecount="0" falsecount="2"/>
      <line num="580" count="0" type="cond" truecount="0" falsecount="2"/>
      <line num="584" count="0" type="stmt"/>
      <line num="613" count="0" type="stmt"/>
      <line num="614" count="0" type="cond" truecount="0" falsecount="2"/>
      <line num="616" count="0" type="stmt"/>
      <line num="619" count="0" type="stmt"/>
      <line num="620" count="0" type="stmt"/>
      <line num="621" count="0" type="cond" truecount="0" falsecount="2"/>
      <line num="623" count="0" type="cond" truecount="0" falsecount="2"/>
      <line num="625" count="0" type="cond" truecount="0" falsecount="4"/>
      <line num="626" count="0" type="cond" truecount="0" falsecount="4"/>
      <line num="627" count="0" type="stmt"/>
      <line num="631" count="0" type="cond" truecount="0" falsecount="4"/>
      <line num="632" count="0" type="stmt"/>
      <line num="636" count="0" type="stmt"/>
      <line num="638" count="0" type="stmt"/>
      <line num="651" count="1" type="stmt"/>
      <line num="652" count="0" type="stmt"/>
      <line num="654" count="0" type="stmt"/>
      <line num="684" count="0" type="stmt"/>
      <line num="690" count="1" type="stmt"/>
      <line num="691" count="0" type="stmt"/>
      <line num="693" count="0" type="stmt"/>
      <line num="722" count="0" type="cond" truecount="0" falsecount="2"/>
      <line num="723" count="0" type="stmt"/>
      <line num="730" count="0" type="cond" truecount="0" falsecount="4"/>
      <line num="731" count="0" type="stmt"/>
      <line num="737" count="0" type="stmt"/>
      <line num="743" count="1" type="stmt"/>
      <line num="744" count="0" type="stmt"/>
      <line num="745" count="0" type="stmt"/>
      <line num="747" count="0" type="stmt"/>
      <line num="754" count="0" type="cond" truecount="0" falsecount="2"/>
      <line num="755" count="0" type="stmt"/>
      <line num="762" count="0" type="cond" truecount="0" falsecount="4"/>
      <line num="763" count="0" type="stmt"/>
      <line num="770" count="0" type="cond" truecount="0" falsecount="2"/>
      <line num="771" count="0" type="stmt"/>
      <line num="778" count="0" type="cond" truecount="0" falsecount="2"/>
      <line num="779" count="0" type="stmt"/>
      <line num="787" count="0" type="cond" truecount="0" falsecount="2"/>
      <line num="788" count="0" type="stmt"/>
      <line num="796" count="0" type="cond" truecount="0" falsecount="2"/>
      <line num="797" count="0" type="stmt"/>
      <line num="805" count="0" type="stmt"/>
      <line num="806" count="0" type="cond" truecount="0" falsecount="6"/>
      <line num="807" count="0" type="stmt"/>
      <line num="814" count="0" type="stmt"/>
      <line num="815" count="0" type="cond" truecount="0" falsecount="2"/>
      <line num="816" count="0" type="cond" truecount="0" falsecount="2"/>
      <line num="817" count="0" type="cond" truecount="0" falsecount="2"/>
      <line num="818" count="0" type="cond" truecount="0" falsecount="2"/>
      <line num="819" count="0" type="cond" truecount="0" falsecount="2"/>
      <line num="822" count="0" type="cond" truecount="0" falsecount="4"/>
      <line num="823" count="0" type="cond" truecount="0" falsecount="2"/>
      <line num="824" count="0" type="cond" truecount="0" falsecount="2"/>
      <line num="825" count="0" type="cond" truecount="0" falsecount="2"/>
      <line num="828" count="0" type="stmt"/>
      <line num="841" count="0" type="cond" truecount="0" falsecount="2"/>
      <line num="842" count="0" type="stmt"/>
      <line num="850" count="0" type="cond" truecount="0" falsecount="4"/>
      <line num="851" count="0" type="stmt"/>
      <line num="858" count="0" type="cond" truecount="0" falsecount="2"/>
      <line num="859" count="0" type="stmt"/>
      <line num="865" count="0" type="cond" truecount="0" falsecount="2"/>
      <line num="866" count="0" type="stmt"/>
      <line num="875" count="0" type="cond" truecount="0" falsecount="2"/>
      <line num="876" count="0" type="stmt"/>
      <line num="883" count="0" type="stmt"/>
      <line num="897" count="0" type="stmt"/>
      <line num="904" count="1" type="stmt"/>
      <line num="906" count="0" type="cond" truecount="0" falsecount="2"/>
      <line num="907" count="0" type="stmt"/>
      <line num="914" count="0" type="stmt"/>
      <line num="920" count="0" type="stmt"/>
      <line num="929" count="1" type="stmt"/>
      <line num="930" count="0" type="stmt"/>
      <line num="932" count="0" type="stmt"/>
      <line num="939" count="0" type="cond" truecount="0" falsecount="2"/>
      <line num="940" count="0" type="stmt"/>
      <line num="947" count="0" type="cond" truecount="0" falsecount="4"/>
      <line num="948" count="0" type="stmt"/>
      <line num="955" count="0" type="stmt"/>
      <line num="969" count="0" type="stmt"/>
      <line num="977" count="1" type="stmt"/>
      <line num="978" count="3" type="stmt"/>
      <line num="979" count="3" type="stmt"/>
      <line num="982" count="3" type="stmt"/>
      <line num="992" count="3" type="cond" truecount="1" falsecount="1"/>
      <line num="993" count="0" type="stmt"/>
      <line num="1000" count="3" type="stmt"/>
      <line num="1007" count="3" type="cond" truecount="2" falsecount="0"/>
      <line num="1008" count="1" type="stmt"/>
      <line num="1015" count="2" type="cond" truecount="1" falsecount="1"/>
      <line num="1017" count="2" type="stmt"/>
      <line num="1022" count="2" type="stmt"/>
      <line num="1023" count="2" type="stmt"/>
      <line num="1025" count="2" type="cond" truecount="4" falsecount="0"/>
      <line num="1026" count="1" type="stmt"/>
      <line num="1042" count="1" type="cond" truecount="1" falsecount="1"/>
      <line num="1043" count="1" type="stmt"/>
      <line num="1052" count="1" type="stmt"/>
      <line num="1062" count="1" type="cond" truecount="2" falsecount="2"/>
      <line num="1063" count="0" type="stmt"/>
      <line num="1070" count="1" type="cond" truecount="2" falsecount="2"/>
      <line num="1071" count="0" type="stmt"/>
      <line num="1082" count="0" type="stmt"/>
      <line num="1104" count="0" type="stmt"/>
      <line num="1112" count="1" type="stmt"/>
      <line num="1132" count="1" type="stmt"/>
      <line num="1139" count="1" type="stmt"/>
      <line num="1140" count="2" type="stmt"/>
      <line num="1141" count="2" type="stmt"/>
      <line num="1144" count="2" type="stmt"/>
      <line num="1151" count="2" type="cond" truecount="1" falsecount="1"/>
      <line num="1152" count="2" type="stmt"/>
      <line num="1153" count="2" type="cond" truecount="2" falsecount="0"/>
      <line num="1154" count="1" type="stmt"/>
      <line num="1161" count="1" type="stmt"/>
      <line num="1170" count="1" type="cond" truecount="3" falsecount="1"/>
      <line num="1171" count="0" type="stmt"/>
      <line num="1177" count="1" type="stmt"/>
      <line num="1187" count="1" type="stmt"/>
      <line num="1193" count="1" type="stmt"/>
      <line num="1194" count="0" type="stmt"/>
      <line num="1196" count="0" type="stmt"/>
      <line num="1221" count="0" type="stmt"/>
      <line num="1227" count="1" type="stmt"/>
      <line num="1228" count="0" type="stmt"/>
      <line num="1231" count="0" type="stmt"/>
      <line num="1238" count="0" type="cond" truecount="0" falsecount="2"/>
      <line num="1239" count="0" type="stmt"/>
      <line num="1246" count="0" type="cond" truecount="0" falsecount="4"/>
      <line num="1247" count="0" type="stmt"/>
      <line num="1253" count="0" type="stmt"/>
      <line num="1274" count="0" type="stmt"/>
      <line num="1282" count="1" type="stmt"/>
      <line num="1283" count="0" type="stmt"/>
      <line num="1286" count="0" type="cond" truecount="0" falsecount="4"/>
      <line num="1287" count="0" type="stmt"/>
      <line num="1294" count="0" type="cond" truecount="0" falsecount="2"/>
      <line num="1295" count="0" type="stmt"/>
      <line num="1298" count="0" type="cond" truecount="0" falsecount="2"/>
      <line num="1299" count="0" type="stmt"/>
      <line num="1306" count="0" type="stmt"/>
      <line num="1313" count="0" type="cond" truecount="0" falsecount="2"/>
      <line num="1314" count="0" type="stmt"/>
      <line num="1321" count="0" type="stmt"/>
      <line num="1328" count="0" type="stmt"/>
      <line num="1329" count="0" type="stmt"/>
      <line num="1331" count="0" type="stmt"/>
      <line num="1332" count="0" type="stmt"/>
      <line num="1333" count="0" type="stmt"/>
      <line num="1335" count="0" type="stmt"/>
      <line num="1336" count="0" type="stmt"/>
      <line num="1337" count="0" type="cond" truecount="0" falsecount="2"/>
      <line num="1338" count="0" type="cond" truecount="0" falsecount="2"/>
      <line num="1339" count="0" type="stmt"/>
      <line num="1341" count="0" type="stmt"/>
      <line num="1344" count="0" type="stmt"/>
      <line num="1351" count="0" type="stmt"/>
      <line num="1360" count="0" type="stmt"/>
      <line num="1363" count="0" type="stmt"/>
      <line num="1364" count="0" type="stmt"/>
      <line num="1367" count="0" type="cond" truecount="0" falsecount="2"/>
      <line num="1368" count="0" type="stmt"/>
      <line num="1378" count="0" type="cond" truecount="0" falsecount="2"/>
      <line num="1379" count="0" type="stmt"/>
      <line num="1380" count="0" type="stmt"/>
      <line num="1388" count="0" type="stmt"/>
      <line num="1402" count="1" type="stmt"/>
      <line num="1404" count="0" type="stmt"/>
      <line num="1405" count="0" type="stmt"/>
      <line num="1407" count="0" type="cond" truecount="0" falsecount="4"/>
      <line num="1408" count="0" type="stmt"/>
      <line num="1415" count="0" type="stmt"/>
      <line num="1425" count="0" type="cond" truecount="0" falsecount="2"/>
      <line num="1426" count="0" type="stmt"/>
      <line num="1433" count="0" type="cond" truecount="0" falsecount="4"/>
      <line num="1434" count="0" type="stmt"/>
      <line num="1441" count="0" type="stmt"/>
      <line num="1442" count="0" type="stmt"/>
      <line num="1443" count="0" type="cond" truecount="0" falsecount="2"/>
      <line num="1446" count="0" type="cond" truecount="0" falsecount="4"/>
      <line num="1447" count="0" type="cond" truecount="0" falsecount="6"/>
      <line num="1448" count="0" type="stmt"/>
      <line num="1453" count="0" type="cond" truecount="0" falsecount="4"/>
      <line num="1454" count="0" type="stmt"/>
      <line num="1462" count="0" type="stmt"/>
      <line num="1463" count="0" type="stmt"/>
      <line num="1465" count="0" type="cond" truecount="0" falsecount="5"/>
      <line num="1466" count="0" type="stmt"/>
      <line num="1473" count="0" type="cond" truecount="0" falsecount="2"/>
      <line num="1476" count="0" type="stmt"/>
      <line num="1492" count="0" type="stmt"/>
      <line num="1496" count="0" type="stmt"/>
      <line num="1498" count="0" type="stmt"/>
      <line num="1506" count="1" type="stmt"/>
      <line num="1507" count="0" type="stmt"/>
      <line num="1508" count="0" type="stmt"/>
      <line num="1509" count="0" type="cond" truecount="0" falsecount="2"/>
      <line num="1511" count="0" type="cond" truecount="0" falsecount="2"/>
      <line num="1512" count="0" type="stmt"/>
      <line num="1518" count="0" type="stmt"/>
      <line num="1525" count="0" type="cond" truecount="0" falsecount="2"/>
      <line num="1526" count="0" type="stmt"/>
      <line num="1532" count="0" type="cond" truecount="0" falsecount="2"/>
      <line num="1533" count="0" type="stmt"/>
      <line num="1541" count="0" type="cond" truecount="0" falsecount="2"/>
      <line num="1542" count="0" type="stmt"/>
      <line num="1549" count="0" type="stmt"/>
      <line num="1558" count="0" type="cond" truecount="0" falsecount="2"/>
      <line num="1559" count="0" type="stmt"/>
      <line num="1566" count="0" type="cond" truecount="0" falsecount="2"/>
      <line num="1567" count="0" type="stmt"/>
      <line num="1574" count="0" type="stmt"/>
      <line num="1575" count="0" type="cond" truecount="0" falsecount="4"/>
      <line num="1576" count="0" type="stmt"/>
      <line num="1582" count="0" type="stmt"/>
      <line num="1590" count="0" type="cond" truecount="0" falsecount="2"/>
      <line num="1591" count="0" type="stmt"/>
      <line num="1597" count="0" type="stmt"/>
      <line num="1598" count="0" type="stmt"/>
      <line num="1600" count="0" type="cond" truecount="0" falsecount="8"/>
      <line num="1601" count="0" type="stmt"/>
      <line num="1608" count="0" type="cond" truecount="0" falsecount="5"/>
      <line num="1609" count="0" type="stmt"/>
      <line num="1616" count="0" type="cond" truecount="0" falsecount="2"/>
      <line num="1617" count="0" type="stmt"/>
      <line num="1627" count="0" type="stmt"/>
      <line num="1636" count="0" type="stmt"/>
      <line num="1637" count="0" type="stmt"/>
      <line num="1638" count="0" type="stmt"/>
      <line num="1639" count="0" type="stmt"/>
      <line num="1641" count="0" type="cond" truecount="0" falsecount="4"/>
      <line num="1642" count="0" type="stmt"/>
      <line num="1643" count="0" type="stmt"/>
      <line num="1644" count="0" type="stmt"/>
      <line num="1646" count="0" type="stmt"/>
      <line num="1648" count="0" type="cond" truecount="0" falsecount="2"/>
      <line num="1649" count="0" type="stmt"/>
      <line num="1650" count="0" type="stmt"/>
      <line num="1651" count="0" type="stmt"/>
      <line num="1652" count="0" type="stmt"/>
      <line num="1655" count="0" type="cond" truecount="0" falsecount="4"/>
      <line num="1656" count="0" type="stmt"/>
      <line num="1657" count="0" type="stmt"/>
      <line num="1660" count="0" type="cond" truecount="0" falsecount="4"/>
      <line num="1661" count="0" type="stmt"/>
      <line num="1662" count="0" type="stmt"/>
      <line num="1665" count="0" type="cond" truecount="0" falsecount="4"/>
      <line num="1666" count="0" type="stmt"/>
      <line num="1667" count="0" type="stmt"/>
      <line num="1672" count="0" type="cond" truecount="0" falsecount="2"/>
      <line num="1673" count="0" type="stmt"/>
      <line num="1682" count="0" type="stmt"/>
      <line num="1695" count="0" type="stmt"/>
      <line num="1711" count="0" type="stmt"/>
      <line num="1719" count="1" type="stmt"/>
      <line num="1720" count="0" type="stmt"/>
      <line num="1721" count="0" type="stmt"/>
      <line num="1722" count="0" type="stmt"/>
      <line num="1724" count="0" type="stmt"/>
      <line num="1729" count="0" type="cond" truecount="0" falsecount="2"/>
      <line num="1730" count="0" type="cond" truecount="0" falsecount="2"/>
      <line num="1732" count="0" type="stmt"/>
      <line num="1755" count="0" type="stmt"/>
      <line num="1762" count="1" type="stmt"/>
      <line num="1763" count="0" type="stmt"/>
      <line num="1764" count="0" type="cond" truecount="0" falsecount="2"/>
      <line num="1765" count="0" type="stmt"/>
      <line num="1768" count="0" type="stmt"/>
      <line num="1775" count="0" type="cond" truecount="0" falsecount="2"/>
      <line num="1776" count="0" type="stmt"/>
      <line num="1783" count="0" type="cond" truecount="0" falsecount="4"/>
      <line num="1784" count="0" type="stmt"/>
      <line num="1790" count="0" type="stmt"/>
      <line num="1795" count="0" type="cond" truecount="0" falsecount="2"/>
      <line num="1798" count="0" type="cond" truecount="0" falsecount="2"/>
      <line num="1799" count="0" type="stmt"/>
      <line num="1800" count="0" type="stmt"/>
      <line num="1801" count="0" type="stmt"/>
      <line num="1802" count="0" type="stmt"/>
      <line num="1804" count="0" type="stmt"/>
      <line num="1810" count="0" type="stmt"/>
      <line num="1830" count="0" type="stmt"/>
      <line num="1842" count="1" type="stmt"/>
      <line num="1843" count="0" type="stmt"/>
      <line num="1846" count="0" type="stmt"/>
      <line num="1853" count="0" type="cond" truecount="0" falsecount="2"/>
      <line num="1854" count="0" type="stmt"/>
      <line num="1861" count="0" type="cond" truecount="0" falsecount="4"/>
      <line num="1862" count="0" type="stmt"/>
      <line num="1869" count="0" type="stmt"/>
      <line num="1877" count="0" type="stmt"/>
      <line num="1885" count="0" type="stmt"/>
      <line num="1897" count="0" type="stmt"/>
      <line num="1911" count="0" type="stmt"/>
      <line num="1917" count="0" type="stmt"/>
      <line num="1918" count="0" type="stmt"/>
      <line num="1922" count="0" type="stmt"/>
      <line num="1933" count="1" type="stmt"/>
      <line num="1934" count="0" type="stmt"/>
      <line num="1935" count="0" type="cond" truecount="0" falsecount="2"/>
      <line num="1936" count="0" type="stmt"/>
      <line num="1939" count="0" type="stmt"/>
      <line num="1946" count="0" type="cond" truecount="0" falsecount="2"/>
      <line num="1947" count="0" type="stmt"/>
      <line num="1954" count="0" type="cond" truecount="0" falsecount="4"/>
      <line num="1955" count="0" type="stmt"/>
      <line num="1962" count="0" type="stmt"/>
      <line num="1969" count="0" type="stmt"/>
      <line num="1975" count="0" type="cond" truecount="0" falsecount="2"/>
      <line num="1976" count="0" type="stmt"/>
      <line num="1979" count="0" type="stmt"/>
      <line num="1999" count="0" type="stmt"/>
      <line num="2005" count="0" type="stmt"/>
      <line num="2020" count="1" type="stmt"/>
      <line num="2021" count="0" type="stmt"/>
      <line num="2024" count="0" type="stmt"/>
      <line num="2044" count="0" type="cond" truecount="0" falsecount="2"/>
      <line num="2045" count="0" type="stmt"/>
      <line num="2052" count="0" type="cond" truecount="0" falsecount="4"/>
      <line num="2053" count="0" type="stmt"/>
      <line num="2060" count="0" type="stmt"/>
      <line num="2080" count="0" type="stmt"/>
      <line num="2092" count="0" type="stmt"/>
      <line num="2093" count="0" type="stmt"/>
      <line num="2094" count="0" type="stmt"/>
      <line num="2098" count="0" type="stmt"/>
      <line num="2106" count="0" type="stmt"/>
      <line num="2133" count="1" type="stmt"/>
      <line num="2134" count="0" type="stmt"/>
      <line num="2136" count="0" type="stmt"/>
      <line num="2146" count="0" type="cond" truecount="0" falsecount="2"/>
      <line num="2147" count="0" type="stmt"/>
      <line num="2154" count="0" type="cond" truecount="0" falsecount="4"/>
      <line num="2155" count="0" type="stmt"/>
      <line num="2161" count="0" type="cond" truecount="0" falsecount="2"/>
      <line num="2162" count="0" type="stmt"/>
      <line num="2169" count="0" type="stmt"/>
      <line num="2174" count="0" type="stmt"/>
      <line num="2183" count="1" type="stmt"/>
      <line num="2184" count="0" type="stmt"/>
      <line num="2185" count="0" type="stmt"/>
      <line num="2188" count="0" type="stmt"/>
      <line num="2206" count="0" type="stmt"/>
      <line num="2209" count="0" type="stmt"/>
      <line num="2218" count="0" type="stmt"/>
      <line num="2233" count="0" type="stmt"/>
      <line num="2234" count="0" type="stmt"/>
      <line num="2235" count="0" type="cond" truecount="0" falsecount="2"/>
      <line num="2236" count="0" type="stmt"/>
      <line num="2239" count="0" type="stmt"/>
      <line num="2240" count="0" type="stmt"/>
      <line num="2241" count="0" type="cond" truecount="0" falsecount="2"/>
      <line num="2242" count="0" type="stmt"/>
      <line num="2245" count="0" type="stmt"/>
      <line num="2248" count="0" type="stmt"/>
      <line num="2249" count="0" type="cond" truecount="0" falsecount="2"/>
      <line num="2250" count="0" type="cond" truecount="0" falsecount="2"/>
      <line num="2252" count="0" type="stmt"/>
      <line num="2253" count="0" type="stmt"/>
      <line num="2254" count="0" type="stmt"/>
      <line num="2260" count="0" type="stmt"/>
      <line num="2273" count="0" type="stmt"/>
      <line num="2275" count="0" type="stmt"/>
      <line num="2289" count="0" type="stmt"/>
      <line num="2295" count="1" type="stmt"/>
      <line num="2296" count="0" type="stmt"/>
      <line num="2297" count="0" type="stmt"/>
      <line num="2300" count="0" type="stmt"/>
      <line num="2304" count="0" type="cond" truecount="0" falsecount="2"/>
      <line num="2305" count="0" type="stmt"/>
      <line num="2309" count="0" type="cond" truecount="0" falsecount="4"/>
      <line num="2310" count="0" type="stmt"/>
      <line num="2314" count="0" type="cond" truecount="0" falsecount="2"/>
      <line num="2315" count="0" type="stmt"/>
      <line num="2319" count="0" type="cond" truecount="0" falsecount="4"/>
      <line num="2320" count="0" type="stmt"/>
      <line num="2323" count="0" type="stmt"/>
      <line num="2340" count="0" type="stmt"/>
      <line num="2348" count="1" type="stmt"/>
      <line num="2349" count="0" type="stmt"/>
      <line num="2350" count="0" type="stmt"/>
      <line num="2352" count="0" type="stmt"/>
      <line num="2357" count="0" type="cond" truecount="0" falsecount="2"/>
      <line num="2358" count="0" type="stmt"/>
      <line num="2361" count="0" type="stmt"/>
      <line num="2371" count="0" type="stmt"/>
      <line num="2378" count="1" type="stmt"/>
      <line num="2379" count="0" type="stmt"/>
      <line num="2380" count="0" type="stmt"/>
      <line num="2382" count="0" type="stmt"/>
      <line num="2387" count="0" type="cond" truecount="0" falsecount="2"/>
      <line num="2388" count="0" type="stmt"/>
      <line num="2392" count="0" type="cond" truecount="0" falsecount="4"/>
      <line num="2393" count="0" type="stmt"/>
      <line num="2396" count="0" type="stmt"/>
      <line num="2401" count="0" type="stmt"/>
      <line num="2408" count="1" type="stmt"/>
      <line num="2409" count="0" type="stmt"/>
      <line num="2410" count="0" type="stmt"/>
      <line num="2411" count="0" type="stmt"/>
      <line num="2413" count="0" type="stmt"/>
      <line num="2415" count="0" type="cond" truecount="0" falsecount="2"/>
      <line num="2416" count="0" type="stmt"/>
      <line num="2419" count="0" type="cond" truecount="0" falsecount="2"/>
      <line num="2420" count="0" type="stmt"/>
      <line num="2423" count="0" type="cond" truecount="0" falsecount="2"/>
      <line num="2424" count="0" type="stmt"/>
      <line num="2428" count="0" type="stmt"/>
      <line num="2430" count="0" type="cond" truecount="0" falsecount="2"/>
      <line num="2431" count="0" type="stmt"/>
      <line num="2432" count="0" type="stmt"/>
      <line num="2433" count="0" type="stmt"/>
      <line num="2436" count="0" type="stmt"/>
      <line num="2437" count="0" type="stmt"/>
      <line num="2438" count="0" type="stmt"/>
      <line num="2440" count="0" type="stmt"/>
      <line num="2476" count="0" type="stmt"/>
      <line num="2477" count="0" type="stmt"/>
      <line num="2478" count="0" type="cond" truecount="0" falsecount="2"/>
      <line num="2479" count="0" type="stmt"/>
      <line num="2486" count="0" type="stmt"/>
      <line num="2487" count="0" type="stmt"/>
      <line num="2488" count="0" type="stmt"/>
      <line num="2494" count="0" type="stmt"/>
      <line num="2497" count="0" type="stmt"/>
      <line num="2500" count="0" type="stmt"/>
      <line num="2502" count="0" type="stmt"/>
      <line num="2504" count="0" type="stmt"/>
      <line num="2505" count="0" type="cond" truecount="0" falsecount="4"/>
      <line num="2510" count="0" type="stmt"/>
      <line num="2511" count="0" type="cond" truecount="0" falsecount="3"/>
      <line num="2512" count="0" type="cond" truecount="0" falsecount="2"/>
      <line num="2514" count="0" type="cond" truecount="0" falsecount="2"/>
      <line num="2515" count="0" type="stmt"/>
      <line num="2516" count="0" type="stmt"/>
      <line num="2518" count="0" type="cond" truecount="0" falsecount="2"/>
      <line num="2519" count="0" type="stmt"/>
      <line num="2525" count="0" type="cond" truecount="0" falsecount="2"/>
      <line num="2526" count="0" type="cond" truecount="0" falsecount="2"/>
      <line num="2527" count="0" type="cond" truecount="0" falsecount="2"/>
      <line num="2528" count="0" type="stmt"/>
      <line num="2531" count="0" type="cond" truecount="0" falsecount="2"/>
      <line num="2532" count="0" type="stmt"/>
      <line num="2534" count="0" type="cond" truecount="0" falsecount="2"/>
      <line num="2535" count="0" type="cond" truecount="0" falsecount="3"/>
      <line num="2537" count="0" type="cond" truecount="0" falsecount="4"/>
      <line num="2538" count="0" type="cond" truecount="0" falsecount="2"/>
      <line num="2540" count="0" type="stmt"/>
      <line num="2541" count="0" type="cond" truecount="0" falsecount="2"/>
      <line num="2544" count="0" type="cond" truecount="0" falsecount="2"/>
      <line num="2546" count="0" type="cond" truecount="0" falsecount="2"/>
      <line num="2555" count="0" type="stmt"/>
      <line num="2557" count="0" type="cond" truecount="0" falsecount="2"/>
      <line num="2567" count="0" type="cond" truecount="0" falsecount="2"/>
      <line num="2568" count="0" type="stmt"/>
      <line num="2589" count="0" type="cond" truecount="0" falsecount="2"/>
      <line num="2590" count="0" type="cond" truecount="0" falsecount="2"/>
      <line num="2591" count="0" type="stmt"/>
      <line num="2595" count="0" type="stmt"/>
      <line num="2602" count="1" type="stmt"/>
      <line num="2603" count="0" type="stmt"/>
      <line num="2604" count="0" type="stmt"/>
      <line num="2606" count="0" type="stmt"/>
      <line num="2607" count="0" type="cond" truecount="0" falsecount="2"/>
      <line num="2610" count="0" type="stmt"/>
      <line num="2616" count="0" type="stmt"/>
    </file>
    <file name="anomaliController.js" path="D:\project\MyTelU-V2\MyTelUV2\backend\controllers\anomaliController.js">
      <metrics statements="141" coveredstatements="88" conditionals="106" coveredconditionals="53" methods="13" coveredmethods="7"/>
      <line num="1" count="1" type="stmt"/>
      <line num="2" count="1" type="stmt"/>
      <line num="3" count="1" type="stmt"/>
      <line num="4" count="1" type="stmt"/>
      <line num="5" count="1" type="stmt"/>
      <line num="6" count="1" type="stmt"/>
      <line num="10" count="1" type="cond" truecount="2" falsecount="0"/>
      <line num="11" count="1" type="cond" truecount="2" falsecount="0"/>
      <line num="14" count="1" type="stmt"/>
      <line num="24" count="1" type="stmt"/>
      <line num="25" count="3" type="stmt"/>
      <line num="26" count="3" type="stmt"/>
      <line num="27" count="3" type="stmt"/>
      <line num="30" count="3" type="stmt"/>
      <line num="35" count="3" type="cond" truecount="2" falsecount="0"/>
      <line num="36" count="1" type="stmt"/>
      <line num="43" count="2" type="cond" truecount="4" falsecount="0"/>
      <line num="44" count="1" type="stmt"/>
      <line num="51" count="1" type="stmt"/>
      <line num="82" count="1" type="cond" truecount="1" falsecount="1"/>
      <line num="83" count="0" type="stmt"/>
      <line num="89" count="1" type="stmt"/>
      <line num="90" count="1" type="stmt"/>
      <line num="92" count="1" type="stmt"/>
      <line num="94" count="1" type="stmt"/>
      <line num="95" count="1" type="stmt"/>
      <line num="96" count="1" type="stmt"/>
      <line num="99" count="1" type="cond" truecount="1" falsecount="1"/>
      <line num="101" count="0" type="stmt"/>
      <line num="103" count="1" type="stmt"/>
      <line num="105" count="1" type="stmt"/>
      <line num="106" count="1" type="stmt"/>
      <line num="107" count="1" type="stmt"/>
      <line num="110" count="1" type="cond" truecount="1" falsecount="1"/>
      <line num="112" count="0" type="stmt"/>
      <line num="114" count="1" type="stmt"/>
      <line num="116" count="1" type="stmt"/>
      <line num="119" count="1" type="stmt"/>
      <line num="120" count="1" type="stmt"/>
      <line num="121" count="1" type="cond" truecount="2" falsecount="0"/>
      <line num="124" count="1" type="stmt"/>
      <line num="125" count="2" type="stmt"/>
      <line num="126" count="2" type="stmt"/>
      <line num="127" count="2" type="cond" truecount="2" falsecount="0"/>
      <line num="128" count="2" type="cond" truecount="1" falsecount="1"/>
      <line num="130" count="2" type="cond" truecount="2" falsecount="0"/>
      <line num="131" count="1" type="cond" truecount="1" falsecount="1"/>
      <line num="132" count="1" type="stmt"/>
      <line num="143" count="1" type="stmt"/>
      <line num="144" count="1" type="stmt"/>
      <line num="145" count="1" type="stmt"/>
      <line num="146" count="1" type="cond" truecount="2" falsecount="0"/>
      <line num="149" count="1" type="stmt"/>
      <line num="150" count="1" type="stmt"/>
      <line num="151" count="1" type="cond" truecount="1" falsecount="1"/>
      <line num="152" count="0" type="stmt"/>
      <line num="153" count="0" type="cond" truecount="0" falsecount="2"/>
      <line num="157" count="1" type="stmt"/>
      <line num="158" count="0" type="stmt"/>
      <line num="159" count="0" type="stmt"/>
      <line num="160" count="0" type="cond" truecount="0" falsecount="2"/>
      <line num="161" count="0" type="stmt"/>
      <line num="162" count="0" type="cond" truecount="0" falsecount="2"/>
      <line num="164" count="0" type="cond" truecount="0" falsecount="2"/>
      <line num="165" count="0" type="cond" truecount="0" falsecount="2"/>
      <line num="166" count="0" type="stmt"/>
      <line num="177" count="1" type="stmt"/>
      <line num="187" count="1" type="cond" truecount="3" falsecount="1"/>
      <line num="188" count="1" type="stmt"/>
      <line num="197" count="1" type="stmt"/>
      <line num="203" count="1" type="cond" truecount="1" falsecount="1"/>
      <line num="204" count="1" type="stmt"/>
      <line num="213" count="1" type="stmt"/>
      <line num="216" count="1" type="cond" truecount="1" falsecount="1"/>
      <line num="217" count="0" type="stmt"/>
      <line num="218" count="0" type="stmt"/>
      <line num="220" count="0" type="stmt"/>
      <line num="230" count="1" type="stmt"/>
      <line num="231" count="1" type="stmt"/>
      <line num="233" count="1" type="stmt"/>
      <line num="242" count="0" type="stmt"/>
      <line num="243" count="0" type="stmt"/>
      <line num="255" count="1" type="stmt"/>
      <line num="256" count="0" type="stmt"/>
      <line num="257" count="0" type="stmt"/>
      <line num="258" count="0" type="stmt"/>
      <line num="261" count="0" type="stmt"/>
      <line num="263" count="0" type="cond" truecount="0" falsecount="2"/>
      <line num="264" count="0" type="stmt"/>
      <line num="267" count="0" type="cond" truecount="0" falsecount="4"/>
      <line num="268" count="0" type="stmt"/>
      <line num="272" count="0" type="stmt"/>
      <line num="291" count="0" type="stmt"/>
      <line num="302" count="1" type="stmt"/>
      <line num="303" count="3" type="stmt"/>
      <line num="304" count="3" type="stmt"/>
      <line num="305" count="3" type="stmt"/>
      <line num="306" count="3" type="stmt"/>
      <line num="309" count="3" type="cond" truecount="4" falsecount="0"/>
      <line num="310" count="1" type="stmt"/>
      <line num="317" count="2" type="stmt"/>
      <line num="327" count="2" type="cond" truecount="2" falsecount="0"/>
      <line num="328" count="1" type="stmt"/>
      <line num="335" count="1" type="cond" truecount="3" falsecount="1"/>
      <line num="336" count="0" type="stmt"/>
      <line num="343" count="1" type="stmt"/>
      <line num="344" count="1" type="cond" truecount="1" falsecount="1"/>
      <line num="345" count="1" type="stmt"/>
      <line num="346" count="1" type="cond" truecount="1" falsecount="1"/>
      <line num="347" count="1" type="stmt"/>
      <line num="350" count="1" type="cond" truecount="1" falsecount="1"/>
      <line num="351" count="1" type="cond" truecount="1" falsecount="1"/>
      <line num="354" count="1" type="stmt"/>
      <line num="359" count="1" type="stmt"/>
      <line num="371" count="1" type="stmt"/>
      <line num="372" count="0" type="stmt"/>
      <line num="373" count="0" type="stmt"/>
      <line num="375" count="0" type="cond" truecount="0" falsecount="2"/>
      <line num="376" count="0" type="stmt"/>
      <line num="382" count="0" type="stmt"/>
      <line num="393" count="1" type="stmt"/>
      <line num="394" count="0" type="stmt"/>
      <line num="395" count="0" type="stmt"/>
      <line num="398" count="0" type="stmt"/>
      <line num="402" count="0" type="stmt"/>
      <line num="410" count="0" type="stmt"/>
      <line num="426" count="1" type="stmt"/>
      <line num="427" count="0" type="stmt"/>
      <line num="429" count="0" type="stmt"/>
      <line num="430" count="0" type="cond" truecount="0" falsecount="2"/>
      <line num="431" count="0" type="stmt"/>
      <line num="432" count="0" type="cond" truecount="0" falsecount="5"/>
      <line num="433" count="0" type="stmt"/>
      <line num="438" count="0" type="stmt"/>
      <line num="445" count="0" type="cond" truecount="0" falsecount="2"/>
      <line num="446" count="0" type="stmt"/>
      <line num="447" count="0" type="cond" truecount="0" falsecount="5"/>
      <line num="448" count="0" type="stmt"/>
      <line num="453" count="0" type="stmt"/>
      <line num="460" count="0" type="stmt"/>
      <line num="465" count="0" type="stmt"/>
    </file>
    <file name="authController.js" path="D:\project\MyTelU-V2\MyTelUV2\backend\controllers\authController.js">
      <metrics statements="200" coveredstatements="74" conditionals="110" coveredconditionals="23" methods="18" coveredmethods="6"/>
      <line num="1" count="1" type="stmt"/>
      <line num="2" count="1" type="stmt"/>
      <line num="3" count="1" type="stmt"/>
      <line num="4" count="1" type="stmt"/>
      <line num="5" count="1" type="stmt"/>
      <line num="6" count="1" type="stmt"/>
      <line num="7" count="1" type="stmt"/>
      <line num="9" count="1" type="stmt"/>
      <line num="10" count="2" type="stmt"/>
      <line num="14" count="2" type="stmt"/>
      <line num="15" count="2" type="cond" truecount="1" falsecount="1"/>
      <line num="17" count="2" type="stmt"/>
      <line num="23" count="2" type="cond" truecount="2" falsecount="0"/>
      <line num="24" count="1" type="stmt"/>
      <line num="27" count="1" type="cond" truecount="1" falsecount="1"/>
      <line num="28" count="0" type="stmt"/>
      <line num="34" count="0" type="cond" truecount="0" falsecount="2"/>
      <line num="35" count="0" type="stmt"/>
      <line num="39" count="1" type="stmt"/>
      <line num="40" count="1" type="stmt"/>
      <line num="49" count="1" type="cond" truecount="1" falsecount="1"/>
      <line num="50" count="1" type="stmt"/>
      <line num="61" count="0" type="stmt"/>
      <line num="62" count="0" type="stmt"/>
      <line num="66" count="1" type="stmt"/>
      <line num="67" count="3" type="stmt"/>
      <line num="69" count="3" type="stmt"/>
      <line num="75" count="3" type="cond" truecount="2" falsecount="0"/>
      <line num="76" count="1" type="stmt"/>
      <line num="79" count="2" type="stmt"/>
      <line num="80" count="2" type="cond" truecount="2" falsecount="0"/>
      <line num="81" count="1" type="stmt"/>
      <line num="85" count="1" type="stmt"/>
      <line num="88" count="1" type="stmt"/>
      <line num="89" count="1" type="stmt"/>
      <line num="90" count="1" type="stmt"/>
      <line num="93" count="1" type="stmt"/>
      <line num="101" count="1" type="stmt"/>
      <line num="115" count="1" type="stmt"/>
      <line num="116" count="1" type="stmt"/>
      <line num="117" count="1" type="stmt"/>
      <line num="130" count="1" type="stmt"/>
      <line num="131" count="1" type="stmt"/>
      <line num="132" count="1" type="stmt"/>
      <line num="135" count="1" type="stmt"/>
      <line num="141" count="1" type="cond" truecount="1" falsecount="1"/>
      <line num="142" count="0" type="stmt"/>
      <line num="150" count="1" type="stmt"/>
      <line num="156" count="1" type="stmt"/>
      <line num="157" count="0" type="stmt"/>
      <line num="159" count="0" type="cond" truecount="0" falsecount="2"/>
      <line num="160" count="0" type="stmt"/>
      <line num="164" count="0" type="stmt"/>
      <line num="169" count="0" type="cond" truecount="0" falsecount="2"/>
      <line num="170" count="0" type="stmt"/>
      <line num="174" count="0" type="cond" truecount="0" falsecount="2"/>
      <line num="175" count="0" type="stmt"/>
      <line num="176" count="0" type="stmt"/>
      <line num="180" count="0" type="cond" truecount="0" falsecount="2"/>
      <line num="181" count="0" type="stmt"/>
      <line num="185" count="0" type="stmt"/>
      <line num="188" count="0" type="stmt"/>
      <line num="189" count="0" type="stmt"/>
      <line num="190" count="0" type="stmt"/>
      <line num="192" count="0" type="stmt"/>
      <line num="203" count="0" type="stmt"/>
      <line num="213" count="1" type="stmt"/>
      <line num="222" count="0" type="stmt"/>
      <line num="225" count="0" type="stmt"/>
      <line num="227" count="0" type="cond" truecount="0" falsecount="2"/>
      <line num="228" count="0" type="stmt"/>
      <line num="229" count="0" type="cond" truecount="0" falsecount="2"/>
      <line num="230" count="0" type="stmt"/>
      <line num="234" count="0" type="cond" truecount="0" falsecount="4"/>
      <line num="235" count="0" type="stmt"/>
      <line num="239" count="0" type="cond" truecount="0" falsecount="2"/>
      <line num="240" count="0" type="stmt"/>
      <line num="247" count="0" type="stmt"/>
      <line num="248" count="0" type="cond" truecount="0" falsecount="2"/>
      <line num="249" count="0" type="cond" truecount="0" falsecount="2"/>
      <line num="252" count="0" type="stmt"/>
      <line num="253" count="0" type="stmt"/>
      <line num="254" count="0" type="stmt"/>
      <line num="257" count="0" type="stmt"/>
      <line num="260" count="0" type="stmt"/>
      <line num="287" count="0" type="stmt"/>
      <line num="295" count="0" type="stmt"/>
      <line num="297" count="0" type="stmt"/>
      <line num="314" count="1" type="stmt"/>
      <line num="315" count="0" type="stmt"/>
      <line num="316" count="0" type="stmt"/>
      <line num="318" count="0" type="cond" truecount="0" falsecount="4"/>
      <line num="319" count="0" type="stmt"/>
      <line num="325" count="0" type="stmt"/>
      <line num="336" count="0" type="stmt"/>
      <line num="343" count="1" type="stmt"/>
      <line num="344" count="3" type="stmt"/>
      <line num="345" count="3" type="stmt"/>
      <line num="347" count="3" type="cond" truecount="3" falsecount="1"/>
      <line num="348" count="0" type="stmt"/>
      <line num="354" count="3" type="cond" truecount="2" falsecount="0"/>
      <line num="355" count="1" type="stmt"/>
      <line num="362" count="2" type="stmt"/>
      <line num="367" count="2" type="stmt"/>
      <line num="368" count="2" type="cond" truecount="2" falsecount="0"/>
      <line num="369" count="1" type="stmt"/>
      <line num="376" count="1" type="stmt"/>
      <line num="377" count="1" type="stmt"/>
      <line num="382" count="1" type="stmt"/>
      <line num="389" count="1" type="stmt"/>
      <line num="390" count="0" type="stmt"/>
      <line num="392" count="0" type="cond" truecount="0" falsecount="4"/>
      <line num="393" count="0" type="stmt"/>
      <line num="399" count="0" type="cond" truecount="0" falsecount="2"/>
      <line num="400" count="0" type="stmt"/>
      <line num="407" count="0" type="stmt"/>
      <line num="411" count="0" type="cond" truecount="0" falsecount="4"/>
      <line num="412" count="0" type="stmt"/>
      <line num="419" count="0" type="stmt"/>
      <line num="420" count="0" type="stmt"/>
      <line num="426" count="0" type="stmt"/>
      <line num="434" count="0" type="stmt"/>
      <line num="440" count="1" type="stmt"/>
      <line num="441" count="0" type="stmt"/>
      <line num="442" count="0" type="stmt"/>
      <line num="444" count="0" type="stmt"/>
      <line num="445" count="0" type="cond" truecount="0" falsecount="4"/>
      <line num="446" count="0" type="stmt"/>
      <line num="450" count="0" type="cond" truecount="0" falsecount="2"/>
      <line num="451" count="0" type="stmt"/>
      <line num="454" count="0" type="stmt"/>
      <line num="470" count="0" type="stmt"/>
      <line num="472" count="0" type="stmt"/>
      <line num="480" count="0" type="stmt"/>
      <line num="486" count="1" type="stmt"/>
      <line num="487" count="0" type="stmt"/>
      <line num="488" count="0" type="stmt"/>
      <line num="490" count="0" type="stmt"/>
      <line num="491" count="0" type="cond" truecount="0" falsecount="4"/>
      <line num="492" count="0" type="stmt"/>
      <line num="495" count="0" type="stmt"/>
      <line num="509" count="0" type="stmt"/>
      <line num="511" count="0" type="stmt"/>
      <line num="519" count="0" type="stmt"/>
      <line num="526" count="1" type="stmt"/>
      <line num="527" count="2" type="stmt"/>
      <line num="528" count="2" type="stmt"/>
      <line num="530" count="2" type="cond" truecount="4" falsecount="0"/>
      <line num="531" count="1" type="stmt"/>
      <line num="537" count="1" type="stmt"/>
      <line num="542" count="1" type="stmt"/>
      <line num="548" count="1" type="stmt"/>
      <line num="549" count="0" type="stmt"/>
      <line num="550" count="0" type="stmt"/>
      <line num="552" count="0" type="cond" truecount="0" falsecount="2"/>
      <line num="553" count="0" type="stmt"/>
      <line num="559" count="0" type="stmt"/>
      <line num="565" count="0" type="stmt"/>
      <line num="572" count="1" type="stmt"/>
      <line num="574" count="1" type="stmt"/>
      <line num="575" count="0" type="stmt"/>
      <line num="576" count="0" type="stmt"/>
      <line num="578" count="0" type="cond" truecount="0" falsecount="2"/>
      <line num="579" count="0" type="stmt"/>
      <line num="585" count="0" type="stmt"/>
      <line num="586" count="0" type="stmt"/>
      <line num="593" count="0" type="stmt"/>
      <line num="599" count="0" type="stmt"/>
      <line num="605" count="0" type="stmt"/>
      <line num="612" count="1" type="stmt"/>
      <line num="614" count="1" type="stmt"/>
      <line num="615" count="0" type="stmt"/>
      <line num="618" count="0" type="stmt"/>
      <line num="628" count="0" type="cond" truecount="0" falsecount="2"/>
      <line num="630" count="0" type="stmt"/>
      <line num="637" count="0" type="stmt"/>
      <line num="643" count="0" type="stmt"/>
      <line num="644" count="0" type="stmt"/>
      <line num="647" count="0" type="cond" truecount="0" falsecount="2"/>
      <line num="648" count="0" type="stmt"/>
      <line num="649" count="0" type="stmt"/>
      <line num="651" count="0" type="stmt"/>
      <line num="652" count="0" type="stmt"/>
      <line num="653" count="0" type="stmt"/>
      <line num="654" count="0" type="stmt"/>
      <line num="656" count="0" type="stmt"/>
      <line num="664" count="0" type="cond" truecount="0" falsecount="2"/>
      <line num="667" count="0" type="stmt"/>
      <line num="669" count="0" type="stmt"/>
      <line num="674" count="1" type="stmt"/>
      <line num="675" count="0" type="stmt"/>
      <line num="677" count="0" type="stmt"/>
      <line num="682" count="0" type="cond" truecount="0" falsecount="5"/>
      <line num="683" count="0" type="stmt"/>
      <line num="689" count="0" type="cond" truecount="0" falsecount="2"/>
      <line num="690" count="0" type="stmt"/>
      <line num="696" count="0" type="stmt"/>
      <line num="698" count="0" type="stmt"/>
      <line num="709" count="0" type="stmt"/>
      <line num="717" count="0" type="stmt"/>
    </file>
    <file name="biometrikController.js" path="D:\project\MyTelU-V2\MyTelUV2\backend\controllers\biometrikController.js">
      <metrics statements="243" coveredstatements="110" conditionals="168" coveredconditionals="78" methods="16" coveredmethods="7"/>
      <line num="1" count="1" type="stmt"/>
      <line num="2" count="1" type="stmt"/>
      <line num="3" count="1" type="stmt"/>
      <line num="4" count="1" type="stmt"/>
      <line num="5" count="1" type="stmt"/>
      <line num="6" count="1" type="stmt"/>
      <line num="7" count="1" type="stmt"/>
      <line num="8" count="1" type="stmt"/>
      <line num="9" count="1" type="stmt"/>
      <line num="10" count="1" type="stmt"/>
      <line num="12" count="1" type="cond" truecount="2" falsecount="0"/>
      <line num="13" count="1" type="stmt"/>
      <line num="16" count="1" type="stmt"/>
      <line num="21" count="1" type="stmt"/>
      <line num="27" count="1" type="stmt"/>
      <line num="31" count="0" type="cond" truecount="0" falsecount="2"/>
      <line num="34" count="0" type="stmt"/>
      <line num="43" count="1" type="stmt"/>
      <line num="44" count="12" type="stmt"/>
      <line num="45" count="12" type="stmt"/>
      <line num="46" count="12" type="stmt"/>
      <line num="61" count="11" type="stmt"/>
      <line num="63" count="1" type="stmt"/>
      <line num="67" count="1" type="cond" truecount="5" falsecount="1"/>
      <line num="68" count="0" type="stmt"/>
      <line num="72" count="1" type="stmt"/>
      <line num="84" count="7" type="cond" truecount="4" falsecount="1"/>
      <line num="85" count="7" type="stmt"/>
      <line num="86" count="7" type="stmt"/>
      <line num="87" count="7" type="stmt"/>
      <line num="88" count="7" type="stmt"/>
      <line num="89" count="21" type="stmt"/>
      <line num="90" count="21" type="stmt"/>
      <line num="91" count="21" type="stmt"/>
      <line num="93" count="7" type="cond" truecount="3" falsecount="1"/>
      <line num="94" count="7" type="stmt"/>
      <line num="102" count="1" type="stmt"/>
      <line num="103" count="0" type="stmt"/>
      <line num="104" count="0" type="stmt"/>
      <line num="106" count="0" type="stmt"/>
      <line num="121" count="1" type="stmt"/>
      <line num="122" count="0" type="stmt"/>
      <line num="124" count="0" type="cond" truecount="0" falsecount="2"/>
      <line num="125" count="0" type="stmt"/>
      <line num="131" count="0" type="cond" truecount="0" falsecount="2"/>
      <line num="132" count="0" type="stmt"/>
      <line num="139" count="0" type="stmt"/>
      <line num="143" count="0" type="cond" truecount="0" falsecount="2"/>
      <line num="144" count="0" type="stmt"/>
      <line num="151" count="0" type="stmt"/>
      <line num="155" count="0" type="cond" truecount="0" falsecount="4"/>
      <line num="156" count="0" type="stmt"/>
      <line num="163" count="0" type="stmt"/>
      <line num="165" count="0" type="stmt"/>
      <line num="166" count="0" type="stmt"/>
      <line num="171" count="0" type="stmt"/>
      <line num="173" count="0" type="cond" truecount="0" falsecount="2"/>
      <line num="174" count="0" type="stmt"/>
      <line num="181" count="0" type="stmt"/>
      <line num="182" count="0" type="stmt"/>
      <line num="188" count="0" type="stmt"/>
      <line num="191" count="0" type="stmt"/>
      <line num="207" count="0" type="stmt"/>
      <line num="210" count="0" type="stmt"/>
      <line num="218" count="0" type="stmt"/>
      <line num="232" count="0" type="stmt"/>
      <line num="241" count="1" type="stmt"/>
      <line num="242" count="0" type="stmt"/>
      <line num="244" count="0" type="stmt"/>
      <line num="248" count="0" type="cond" truecount="0" falsecount="4"/>
      <line num="249" count="0" type="stmt"/>
      <line num="256" count="0" type="stmt"/>
      <line num="262" count="0" type="stmt"/>
      <line num="265" count="0" type="stmt"/>
      <line num="279" count="0" type="stmt"/>
      <line num="290" count="1" type="stmt"/>
      <line num="291" count="0" type="stmt"/>
      <line num="293" count="0" type="cond" truecount="0" falsecount="2"/>
      <line num="294" count="0" type="stmt"/>
      <line num="300" count="0" type="stmt"/>
      <line num="304" count="0" type="cond" truecount="0" falsecount="4"/>
      <line num="305" count="0" type="stmt"/>
      <line num="311" count="0" type="stmt"/>
      <line num="313" count="0" type="stmt"/>
      <line num="314" count="0" type="stmt"/>
      <line num="319" count="0" type="stmt"/>
      <line num="321" count="0" type="cond" truecount="0" falsecount="2"/>
      <line num="322" count="0" type="stmt"/>
      <line num="329" count="0" type="stmt"/>
      <line num="330" count="0" type="stmt"/>
      <line num="338" count="0" type="stmt"/>
      <line num="348" count="0" type="stmt"/>
      <line num="351" count="0" type="stmt"/>
      <line num="359" count="0" type="stmt"/>
      <line num="372" count="0" type="stmt"/>
      <line num="381" count="1" type="stmt"/>
      <line num="382" count="0" type="cond" truecount="0" falsecount="2"/>
      <line num="383" count="0" type="stmt"/>
      <line num="389" count="0" type="stmt"/>
      <line num="391" count="0" type="stmt"/>
      <line num="392" count="0" type="stmt"/>
      <line num="397" count="0" type="stmt"/>
      <line num="399" count="0" type="cond" truecount="0" falsecount="2"/>
      <line num="400" count="0" type="stmt"/>
      <line num="409" count="0" type="stmt"/>
      <line num="414" count="0" type="cond" truecount="0" falsecount="2"/>
      <line num="415" count="0" type="stmt"/>
      <line num="421" count="0" type="cond" truecount="0" falsecount="2"/>
      <line num="422" count="0" type="stmt"/>
      <line num="425" count="0" type="stmt"/>
      <line num="426" count="0" type="cond" truecount="0" falsecount="2"/>
      <line num="429" count="0" type="cond" truecount="0" falsecount="2"/>
      <line num="431" count="0" type="cond" truecount="0" falsecount="2"/>
      <line num="435" count="0" type="stmt"/>
      <line num="443" count="0" type="stmt"/>
      <line num="445" count="0" type="stmt"/>
      <line num="448" count="0" type="cond" truecount="0" falsecount="2"/>
      <line num="449" count="0" type="stmt"/>
      <line num="452" count="0" type="cond" truecount="0" falsecount="2"/>
      <line num="453" count="0" type="stmt"/>
      <line num="455" count="0" type="stmt"/>
      <line num="473" count="0" type="stmt"/>
      <line num="482" count="0" type="stmt"/>
      <line num="491" count="1" type="stmt"/>
      <line num="492" count="0" type="stmt"/>
      <line num="494" count="0" type="cond" truecount="0" falsecount="2"/>
      <line num="495" count="0" type="stmt"/>
      <line num="501" count="0" type="stmt"/>
      <line num="503" count="0" type="stmt"/>
      <line num="504" count="0" type="stmt"/>
      <line num="509" count="0" type="stmt"/>
      <line num="511" count="0" type="cond" truecount="0" falsecount="2"/>
      <line num="512" count="0" type="stmt"/>
      <line num="519" count="0" type="stmt"/>
      <line num="521" count="0" type="cond" truecount="0" falsecount="2"/>
      <line num="522" count="0" type="stmt"/>
      <line num="534" count="0" type="stmt"/>
      <line num="535" count="0" type="stmt"/>
      <line num="536" count="0" type="stmt"/>
      <line num="537" count="0" type="stmt"/>
      <line num="539" count="0" type="stmt"/>
      <line num="540" count="0" type="stmt"/>
      <line num="544" count="0" type="cond" truecount="0" falsecount="2"/>
      <line num="545" count="0" type="stmt"/>
      <line num="546" count="0" type="stmt"/>
      <line num="550" count="0" type="cond" truecount="0" falsecount="2"/>
      <line num="551" count="0" type="stmt"/>
      <line num="552" count="0" type="stmt"/>
      <line num="569" count="0" type="stmt"/>
      <line num="581" count="0" type="stmt"/>
      <line num="589" count="2" type="stmt"/>
      <line num="590" count="8" type="stmt"/>
      <line num="591" count="2" type="stmt"/>
      <line num="592" count="2" type="stmt"/>
      <line num="594" count="2" type="stmt"/>
      <line num="599" count="2" type="stmt"/>
      <line num="600" count="2" type="stmt"/>
      <line num="608" count="1" type="stmt"/>
      <line num="609" count="21" type="stmt"/>
      <line num="610" count="21" type="stmt"/>
      <line num="612" count="21" type="cond" truecount="2" falsecount="0"/>
      <line num="614" count="21" type="cond" truecount="2" falsecount="0"/>
      <line num="615" count="2" type="stmt"/>
      <line num="621" count="19" type="stmt"/>
      <line num="622" count="19" type="cond" truecount="4" falsecount="0"/>
      <line num="623" count="1" type="stmt"/>
      <line num="631" count="18" type="stmt"/>
      <line num="632" count="18" type="stmt"/>
      <line num="633" count="18" type="cond" truecount="2" falsecount="0"/>
      <line num="641" count="6" type="stmt"/>
      <line num="647" count="12" type="cond" truecount="1" falsecount="1"/>
      <line num="648" count="0" type="stmt"/>
      <line num="654" count="12" type="cond" truecount="1" falsecount="1"/>
      <line num="658" count="0" type="stmt"/>
      <line num="665" count="12" type="stmt"/>
      <line num="667" count="12" type="stmt"/>
      <line num="668" count="12" type="stmt"/>
      <line num="672" count="12" type="stmt"/>
      <line num="674" count="11" type="cond" truecount="2" falsecount="0"/>
      <line num="675" count="2" type="stmt"/>
      <line num="682" count="9" type="stmt"/>
      <line num="684" count="9" type="cond" truecount="4" falsecount="0"/>
      <line num="685" count="2" type="stmt"/>
      <line num="693" count="7" type="stmt"/>
      <line num="697" count="7" type="stmt"/>
      <line num="702" count="7" type="cond" truecount="2" falsecount="0"/>
      <line num="703" count="1" type="stmt"/>
      <line num="711" count="6" type="stmt"/>
      <line num="720" count="6" type="cond" truecount="2" falsecount="0"/>
      <line num="721" count="1" type="stmt"/>
      <line num="727" count="6" type="stmt"/>
      <line num="730" count="5" type="stmt"/>
      <line num="731" count="5" type="stmt"/>
      <line num="738" count="5" type="stmt"/>
      <line num="740" count="5" type="stmt"/>
      <line num="752" count="5" type="cond" truecount="2" falsecount="0"/>
      <line num="753" count="1" type="stmt"/>
      <line num="761" count="4" type="stmt"/>
      <line num="769" count="4" type="cond" truecount="2" falsecount="0"/>
      <line num="770" count="1" type="stmt"/>
      <line num="780" count="3" type="cond" truecount="2" falsecount="0"/>
      <line num="785" count="2" type="stmt"/>
      <line num="791" count="2" type="stmt"/>
      <line num="794" count="2" type="cond" truecount="2" falsecount="0"/>
      <line num="795" count="1" type="stmt"/>
      <line num="798" count="1" type="stmt"/>
      <line num="806" count="2" type="stmt"/>
      <line num="815" count="2" type="stmt"/>
      <line num="816" count="2" type="stmt"/>
      <line num="817" count="2" type="stmt"/>
      <line num="818" count="2" type="stmt"/>
      <line num="820" count="2" type="cond" truecount="3" falsecount="1"/>
      <line num="821" count="0" type="stmt"/>
      <line num="822" count="0" type="stmt"/>
      <line num="823" count="0" type="stmt"/>
      <line num="826" count="0" type="stmt"/>
      <line num="828" count="0" type="cond" truecount="0" falsecount="2"/>
      <line num="829" count="0" type="stmt"/>
      <line num="830" count="0" type="stmt"/>
      <line num="831" count="0" type="stmt"/>
      <line num="832" count="0" type="stmt"/>
      <line num="835" count="0" type="cond" truecount="0" falsecount="4"/>
      <line num="836" count="0" type="stmt"/>
      <line num="837" count="0" type="stmt"/>
      <line num="840" count="0" type="cond" truecount="0" falsecount="4"/>
      <line num="841" count="0" type="stmt"/>
      <line num="842" count="0" type="stmt"/>
      <line num="845" count="0" type="cond" truecount="0" falsecount="4"/>
      <line num="846" count="0" type="stmt"/>
      <line num="847" count="0" type="stmt"/>
      <line num="852" count="2" type="cond" truecount="1" falsecount="1"/>
      <line num="853" count="0" type="stmt"/>
      <line num="863" count="2" type="stmt"/>
      <line num="864" count="2" type="stmt"/>
      <line num="865" count="2" type="stmt"/>
      <line num="866" count="2" type="stmt"/>
      <line num="872" count="2" type="stmt"/>
      <line num="874" count="0" type="stmt"/>
      <line num="879" count="2" type="stmt"/>
      <line num="893" count="2" type="stmt"/>
      <line num="903" count="2" type="stmt"/>
      <line num="911" count="2" type="stmt"/>
      <line num="927" count="1" type="stmt"/>
    </file>
    <file name="kendaraanController.js" path="D:\project\MyTelU-V2\MyTelUV2\backend\controllers\kendaraanController.js">
      <metrics statements="147" coveredstatements="91" conditionals="74" coveredconditionals="42" methods="12" coveredmethods="4"/>
      <line num="1" count="1" type="stmt"/>
      <line num="2" count="1" type="stmt"/>
      <line num="3" count="1" type="stmt"/>
      <line num="4" count="1" type="stmt"/>
      <line num="5" count="1" type="stmt"/>
      <line num="7" count="1" type="stmt"/>
      <line num="8" count="5" type="stmt"/>
      <line num="10" count="5" type="stmt"/>
      <line num="13" count="5" type="cond" truecount="1" falsecount="1"/>
      <line num="14" count="5" type="cond" truecount="1" falsecount="1"/>
      <line num="15" count="5" type="stmt"/>
      <line num="18" count="5" type="cond" truecount="4" falsecount="0"/>
      <line num="19" count="1" type="stmt"/>
      <line num="26" count="4" type="cond" truecount="2" falsecount="0"/>
      <line num="27" count="1" type="stmt"/>
      <line num="34" count="3" type="stmt"/>
      <line num="38" count="3" type="cond" truecount="2" falsecount="0"/>
      <line num="39" count="1" type="stmt"/>
      <line num="46" count="2" type="cond" truecount="2" falsecount="0"/>
      <line num="47" count="2" type="stmt"/>
      <line num="57" count="2" type="cond" truecount="1" falsecount="1"/>
      <line num="58" count="0" type="stmt"/>
      <line num="65" count="2" type="stmt"/>
      <line num="66" count="2" type="stmt"/>
      <line num="67" count="6" type="stmt"/>
      <line num="68" count="6" type="stmt"/>
      <line num="74" count="6" type="stmt"/>
      <line num="76" count="0" type="stmt"/>
      <line num="85" count="2" type="stmt"/>
      <line num="86" count="2" type="stmt"/>
      <line num="92" count="2" type="stmt"/>
      <line num="94" count="0" type="stmt"/>
      <line num="101" count="2" type="stmt"/>
      <line num="102" count="2" type="stmt"/>
      <line num="114" count="1" type="stmt"/>
      <line num="121" count="1" type="stmt"/>
      <line num="122" count="3" type="stmt"/>
      <line num="123" count="3" type="cond" truecount="1" falsecount="1"/>
      <line num="125" count="0" type="stmt"/>
      <line num="128" count="1" type="stmt"/>
      <line num="129" count="1" type="cond" truecount="1" falsecount="1"/>
      <line num="131" count="0" type="stmt"/>
      <line num="134" count="1" type="stmt"/>
      <line num="141" count="1" type="stmt"/>
      <line num="142" count="0" type="stmt"/>
      <line num="163" count="0" type="stmt"/>
      <line num="166" count="1" type="stmt"/>
      <line num="167" count="1" type="stmt"/>
      <line num="168" count="1" type="stmt"/>
      <line num="169" count="1" type="stmt"/>
      <line num="171" count="1" type="stmt"/>
      <line num="174" count="1" type="cond" truecount="3" falsecount="1"/>
      <line num="175" count="0" type="stmt"/>
      <line num="179" count="1" type="stmt"/>
      <line num="188" count="1" type="stmt"/>
      <line num="191" count="1" type="stmt"/>
      <line num="192" count="4" type="stmt"/>
      <line num="193" count="4" type="stmt"/>
      <line num="196" count="4" type="cond" truecount="2" falsecount="0"/>
      <line num="197" count="1" type="stmt"/>
      <line num="200" count="3" type="cond" truecount="2" falsecount="0"/>
      <line num="201" count="1" type="stmt"/>
      <line num="205" count="2" type="cond" truecount="4" falsecount="0"/>
      <line num="206" count="1" type="stmt"/>
      <line num="215" count="1" type="stmt"/>
      <line num="216" count="1" type="stmt"/>
      <line num="220" count="1" type="cond" truecount="1" falsecount="1"/>
      <line num="221" count="1" type="stmt"/>
      <line num="229" count="0" type="stmt"/>
      <line num="232" count="1" type="stmt"/>
      <line num="235" count="1" type="stmt"/>
      <line num="245" count="1" type="stmt"/>
      <line num="246" count="1" type="stmt"/>
      <line num="250" count="1" type="cond" truecount="1" falsecount="1"/>
      <line num="251" count="1" type="stmt"/>
      <line num="259" count="0" type="stmt"/>
      <line num="262" count="1" type="stmt"/>
      <line num="265" count="1" type="stmt"/>
      <line num="266" count="0" type="stmt"/>
      <line num="267" count="0" type="stmt"/>
      <line num="269" count="0" type="stmt"/>
      <line num="274" count="0" type="cond" truecount="0" falsecount="2"/>
      <line num="275" count="0" type="stmt"/>
      <line num="278" count="0" type="cond" truecount="0" falsecount="2"/>
      <line num="279" count="0" type="stmt"/>
      <line num="293" count="0" type="stmt"/>
      <line num="295" count="0" type="stmt"/>
      <line num="314" count="0" type="stmt"/>
      <line num="322" count="1" type="stmt"/>
      <line num="323" count="0" type="stmt"/>
      <line num="324" count="0" type="stmt"/>
      <line num="326" count="0" type="stmt"/>
      <line num="332" count="0" type="stmt"/>
      <line num="341" count="1" type="stmt"/>
      <line num="342" count="0" type="stmt"/>
      <line num="363" count="0" type="stmt"/>
      <line num="371" count="1" type="stmt"/>
      <line num="372" count="3" type="stmt"/>
      <line num="374" count="3" type="cond" truecount="4" falsecount="0"/>
      <line num="375" count="1" type="stmt"/>
      <line num="381" count="2" type="stmt"/>
      <line num="385" count="2" type="cond" truecount="1" falsecount="1"/>
      <line num="386" count="0" type="stmt"/>
      <line num="393" count="2" type="cond" truecount="4" falsecount="0"/>
      <line num="394" count="1" type="stmt"/>
      <line num="404" count="1" type="stmt"/>
      <line num="405" count="1" type="stmt"/>
      <line num="409" count="1" type="cond" truecount="1" falsecount="1"/>
      <line num="410" count="1" type="stmt"/>
      <line num="418" count="0" type="stmt"/>
      <line num="421" count="1" type="stmt"/>
      <line num="424" count="1" type="cond" truecount="1" falsecount="1"/>
      <line num="425" count="0" type="stmt"/>
      <line num="431" count="1" type="stmt"/>
      <line num="441" count="1" type="stmt"/>
      <line num="442" count="1" type="stmt"/>
      <line num="446" count="1" type="cond" truecount="1" falsecount="1"/>
      <line num="447" count="1" type="stmt"/>
      <line num="455" count="0" type="stmt"/>
      <line num="458" count="1" type="stmt"/>
      <line num="465" count="1" type="stmt"/>
      <line num="466" count="0" type="stmt"/>
      <line num="467" count="0" type="stmt"/>
      <line num="469" count="0" type="stmt"/>
      <line num="473" count="0" type="cond" truecount="0" falsecount="2"/>
      <line num="474" count="0" type="stmt"/>
      <line num="477" count="0" type="cond" truecount="0" falsecount="2"/>
      <line num="478" count="0" type="stmt"/>
      <line num="481" count="0" type="cond" truecount="0" falsecount="2"/>
      <line num="482" count="0" type="cond" truecount="0" falsecount="2"/>
      <line num="483" count="0" type="stmt"/>
      <line num="485" count="0" type="stmt"/>
      <line num="491" count="0" type="cond" truecount="0" falsecount="2"/>
      <line num="492" count="0" type="cond" truecount="0" falsecount="2"/>
      <line num="493" count="0" type="stmt"/>
      <line num="496" count="0" type="stmt"/>
      <line num="497" count="0" type="stmt"/>
      <line num="498" count="0" type="stmt"/>
      <line num="499" count="0" type="stmt"/>
      <line num="501" count="0" type="stmt"/>
      <line num="504" count="0" type="stmt"/>
      <line num="507" count="0" type="cond" truecount="0" falsecount="2"/>
      <line num="508" count="0" type="stmt"/>
      <line num="509" count="0" type="stmt"/>
      <line num="512" count="0" type="stmt"/>
      <line num="515" count="0" type="stmt"/>
      <line num="520" count="0" type="stmt"/>
    </file>
    <file name="laporanController.js" path="D:\project\MyTelU-V2\MyTelUV2\backend\controllers\laporanController.js">
      <metrics statements="313" coveredstatements="0" conditionals="102" coveredconditionals="0" methods="33" coveredmethods="0"/>
      <line num="1" count="0" type="stmt"/>
      <line num="2" count="0" type="stmt"/>
      <line num="3" count="0" type="stmt"/>
      <line num="4" count="0" type="stmt"/>
      <line num="5" count="0" type="stmt"/>
      <line num="6" count="0" type="stmt"/>
      <line num="11" count="0" type="cond" truecount="0" falsecount="1"/>
      <line num="12" count="0" type="stmt"/>
      <line num="13" count="0" type="cond" truecount="0" falsecount="4"/>
      <line num="14" count="0" type="stmt"/>
      <line num="15" count="0" type="stmt"/>
      <line num="16" count="0" type="stmt"/>
      <line num="18" count="0" type="stmt"/>
      <line num="24" count="0" type="stmt"/>
      <line num="25" count="0" type="cond" truecount="0" falsecount="4"/>
      <line num="26" count="0" type="stmt"/>
      <line num="27" count="0" type="cond" truecount="0" falsecount="4"/>
      <line num="28" count="0" type="stmt"/>
      <line num="30" count="0" type="stmt"/>
      <line num="36" count="0" type="stmt"/>
      <line num="54" count="0" type="cond" truecount="0" falsecount="1"/>
      <line num="55" count="0" type="stmt"/>
      <line num="56" count="0" type="stmt"/>
      <line num="57" count="0" type="stmt"/>
      <line num="58" count="0" type="stmt"/>
      <line num="61" count="0" type="stmt"/>
      <line num="62" count="0" type="stmt"/>
      <line num="63" count="0" type="stmt"/>
      <line num="66" count="0" type="cond" truecount="0" falsecount="2"/>
      <line num="67" count="0" type="stmt"/>
      <line num="70" count="0" type="stmt"/>
      <line num="75" count="0" type="stmt"/>
      <line num="80" count="0" type="stmt"/>
      <line num="87" count="0" type="stmt"/>
      <line num="88" count="0" type="stmt"/>
      <line num="89" count="0" type="stmt"/>
      <line num="94" count="0" type="stmt"/>
      <line num="97" count="0" type="stmt"/>
      <line num="98" count="0" type="stmt"/>
      <line num="99" count="0" type="stmt"/>
      <line num="101" count="0" type="stmt"/>
      <line num="104" count="0" type="stmt"/>
      <line num="105" count="0" type="stmt"/>
      <line num="109" count="0" type="stmt"/>
      <line num="112" count="0" type="stmt"/>
      <line num="118" count="0" type="cond" truecount="0" falsecount="2"/>
      <line num="119" count="0" type="stmt"/>
      <line num="125" count="0" type="stmt"/>
      <line num="131" count="0" type="cond" truecount="0" falsecount="1"/>
      <line num="132" count="0" type="stmt"/>
      <line num="133" count="0" type="stmt"/>
      <line num="134" count="0" type="stmt"/>
      <line num="135" count="0" type="stmt"/>
      <line num="138" count="0" type="stmt"/>
      <line num="139" count="0" type="stmt"/>
      <line num="144" count="0" type="stmt"/>
      <line num="147" count="0" type="stmt"/>
      <line num="152" count="0" type="stmt"/>
      <line num="156" count="0" type="stmt"/>
      <line num="157" count="0" type="stmt"/>
      <line num="163" count="0" type="cond" truecount="0" falsecount="1"/>
      <line num="164" count="0" type="stmt"/>
      <line num="165" count="0" type="stmt"/>
      <line num="166" count="0" type="cond" truecount="0" falsecount="2"/>
      <line num="167" count="0" type="stmt"/>
      <line num="168" count="0" type="stmt"/>
      <line num="169" count="0" type="stmt"/>
      <line num="171" count="0" type="stmt"/>
      <line num="177" count="0" type="stmt"/>
      <line num="178" count="0" type="stmt"/>
      <line num="180" count="0" type="stmt"/>
      <line num="181" count="0" type="stmt"/>
      <line num="184" count="0" type="stmt"/>
      <line num="185" count="0" type="stmt"/>
      <line num="187" count="0" type="stmt"/>
      <line num="190" count="0" type="stmt"/>
      <line num="191" count="0" type="stmt"/>
      <line num="195" count="0" type="stmt"/>
      <line num="198" count="0" type="stmt"/>
      <line num="204" count="0" type="stmt"/>
      <line num="210" count="0" type="stmt"/>
      <line num="216" count="0" type="stmt"/>
      <line num="217" count="0" type="stmt"/>
      <line num="218" count="0" type="stmt"/>
      <line num="219" count="0" type="stmt"/>
      <line num="222" count="0" type="stmt"/>
      <line num="234" count="0" type="cond" truecount="0" falsecount="2"/>
      <line num="235" count="0" type="stmt"/>
      <line num="239" count="0" type="cond" truecount="0" falsecount="4"/>
      <line num="240" count="0" type="stmt"/>
      <line num="244" count="0" type="stmt"/>
      <line num="256" count="0" type="stmt"/>
      <line num="257" count="0" type="stmt"/>
      <line num="258" count="0" type="stmt"/>
      <line num="262" count="0" type="stmt"/>
      <line num="263" count="0" type="stmt"/>
      <line num="264" count="0" type="cond" truecount="0" falsecount="2"/>
      <line num="268" count="0" type="stmt"/>
      <line num="271" count="0" type="stmt"/>
      <line num="272" count="0" type="stmt"/>
      <line num="274" count="0" type="stmt"/>
      <line num="277" count="0" type="stmt"/>
      <line num="281" count="0" type="stmt"/>
      <line num="284" count="0" type="stmt"/>
      <line num="291" count="0" type="stmt"/>
      <line num="292" count="0" type="stmt"/>
      <line num="293" count="0" type="cond" truecount="0" falsecount="2"/>
      <line num="294" count="0" type="cond" truecount="0" falsecount="2"/>
      <line num="296" count="0" type="stmt"/>
      <line num="306" count="0" type="stmt"/>
      <line num="312" count="0" type="stmt"/>
      <line num="321" count="0" type="stmt"/>
      <line num="323" count="0" type="stmt"/>
      <line num="326" count="0" type="cond" truecount="0" falsecount="2"/>
      <line num="327" count="0" type="cond" truecount="0" falsecount="4"/>
      <line num="328" count="0" type="stmt"/>
      <line num="329" count="0" type="cond" truecount="0" falsecount="2"/>
      <line num="330" count="0" type="stmt"/>
      <line num="337" count="0" type="stmt"/>
      <line num="339" count="0" type="stmt"/>
      <line num="345" count="0" type="stmt"/>
      <line num="346" count="0" type="stmt"/>
      <line num="347" count="0" type="stmt"/>
      <line num="348" count="0" type="stmt"/>
      <line num="351" count="0" type="stmt"/>
      <line num="359" count="0" type="cond" truecount="0" falsecount="2"/>
      <line num="360" count="0" type="stmt"/>
      <line num="363" count="0" type="cond" truecount="0" falsecount="4"/>
      <line num="364" count="0" type="stmt"/>
      <line num="368" count="0" type="stmt"/>
      <line num="384" count="0" type="stmt"/>
      <line num="385" count="0" type="stmt"/>
      <line num="386" count="0" type="stmt"/>
      <line num="390" count="0" type="stmt"/>
      <line num="392" count="0" type="stmt"/>
      <line num="393" count="0" type="stmt"/>
      <line num="395" count="0" type="stmt"/>
      <line num="397" count="0" type="stmt"/>
      <line num="400" count="0" type="stmt"/>
      <line num="403" count="0" type="cond" truecount="0" falsecount="2"/>
      <line num="405" count="0" type="stmt"/>
      <line num="406" count="0" type="stmt"/>
      <line num="407" count="0" type="stmt"/>
      <line num="410" count="0" type="stmt"/>
      <line num="411" count="0" type="stmt"/>
      <line num="413" count="0" type="stmt"/>
      <line num="414" count="0" type="stmt"/>
      <line num="420" count="0" type="stmt"/>
      <line num="421" count="0" type="stmt"/>
      <line num="422" count="0" type="stmt"/>
      <line num="423" count="0" type="cond" truecount="0" falsecount="2"/>
[...]
      <line num="217" count="0" type="stmt"/>
      <line num="232" count="0" type="stmt"/>
      <line num="240" count="1" type="stmt"/>
      <line num="241" count="3" type="stmt"/>
      <line num="242" count="3" type="stmt"/>
      <line num="244" count="3" type="cond" truecount="2" falsecount="0"/>
      <line num="245" count="1" type="stmt"/>
      <line num="252" count="2" type="stmt"/>
      <line num="259" count="2" type="cond" truecount="1" falsecount="1"/>
      <line num="260" count="0" type="stmt"/>
      <line num="267" count="2" type="cond" truecount="2" falsecount="0"/>
      <line num="268" count="1" type="stmt"/>
      <line num="276" count="1" type="cond" truecount="1" falsecount="1"/>
      <line num="277" count="0" type="stmt"/>
      <line num="284" count="2" type="cond" truecount="2" falsecount="0"/>
      <line num="285" count="1" type="cond" truecount="3" falsecount="1"/>
      <line num="286" count="0" type="stmt"/>
      <line num="293" count="2" type="cond" truecount="2" falsecount="2"/>
      <line num="294" count="2" type="cond" truecount="3" falsecount="1"/>
      <line num="295" count="0" type="stmt"/>
      <line num="300" count="2" type="stmt"/>
      <line num="301" count="2" type="stmt"/>
      <line num="302" count="2" type="cond" truecount="4" falsecount="1"/>
      <line num="303" count="0" type="stmt"/>
      <line num="308" count="2" type="cond" truecount="5" falsecount="0"/>
      <line num="309" count="1" type="stmt"/>
      <line num="317" count="1" type="stmt"/>
      <line num="318" count="1" type="cond" truecount="1" falsecount="1"/>
      <line num="319" count="1" type="cond" truecount="1" falsecount="1"/>
      <line num="321" count="1" type="cond" truecount="1" falsecount="1"/>
      <line num="322" count="1" type="stmt"/>
      <line num="329" count="1" type="cond" truecount="3" falsecount="1"/>
      <line num="330" count="1" type="stmt"/>
      <line num="337" count="0" type="stmt"/>
      <line num="345" count="1" type="stmt"/>
      <line num="357" count="1" type="stmt"/>
      <line num="365" count="1" type="stmt"/>
      <line num="366" count="0" type="stmt"/>
      <line num="369" count="0" type="stmt"/>
      <line num="375" count="0" type="cond" truecount="0" falsecount="2"/>
      <line num="376" count="0" type="stmt"/>
      <line num="383" count="0" type="stmt"/>
      <line num="389" count="0" type="stmt"/>
      <line num="398" count="1" type="stmt"/>
      <line num="399" count="8" type="stmt"/>
      <line num="402" count="8" type="stmt"/>
      <line num="403" count="8" type="stmt"/>
      <line num="404" count="8" type="stmt"/>
      <line num="407" count="8" type="stmt"/>
      <line num="408" count="8" type="cond" truecount="1" falsecount="1"/>
      <line num="409" count="8" type="cond" truecount="1" falsecount="1"/>
      <line num="412" count="8" type="stmt"/>
      <line num="413" count="8" type="cond" truecount="2" falsecount="0"/>
      <line num="414" count="1" type="stmt"/>
      <line num="422" count="7" type="stmt"/>
      <line num="423" count="7" type="stmt"/>
      <line num="425" count="7" type="cond" truecount="3" falsecount="1"/>
      <line num="426" count="0" type="stmt"/>
      <line num="427" count="0" type="stmt"/>
      <line num="428" count="0" type="stmt"/>
      <line num="433" count="0" type="stmt"/>
      <line num="437" count="0" type="cond" truecount="0" falsecount="2"/>
      <line num="438" count="0" type="stmt"/>
      <line num="441" count="0" type="stmt"/>
      <line num="442" count="0" type="stmt"/>
      <line num="448" count="0" type="cond" truecount="0" falsecount="4"/>
      <line num="449" count="0" type="stmt"/>
      <line num="450" count="0" type="stmt"/>
      <line num="452" count="0" type="stmt"/>
      <line num="453" count="0" type="stmt"/>
      <line num="456" count="0" type="stmt"/>
      <line num="457" count="0" type="stmt"/>
      <line num="458" count="0" type="stmt"/>
      <line num="463" count="7" type="cond" truecount="5" falsecount="0"/>
      <line num="464" count="1" type="stmt"/>
      <line num="472" count="6" type="stmt"/>
      <line num="475" count="6" type="stmt"/>
      <line num="484" count="6" type="cond" truecount="2" falsecount="0"/>
      <line num="485" count="1" type="stmt"/>
      <line num="493" count="5" type="stmt"/>
      <line num="498" count="5" type="cond" truecount="1" falsecount="1"/>
      <line num="499" count="0" type="stmt"/>
      <line num="506" count="5" type="stmt"/>
      <line num="509" count="5" type="stmt"/>
      <line num="510" count="2" type="cond" truecount="1" falsecount="1"/>
      <line num="511" count="0" type="stmt"/>
      <line num="512" count="0" type="stmt"/>
      <line num="520" count="0" type="stmt"/>
      <line num="524" count="0" type="stmt"/>
      <line num="527" count="0" type="cond" truecount="0" falsecount="4"/>
      <line num="528" count="0" type="stmt"/>
      <line num="531" count="0" type="stmt"/>
      <line num="537" count="5" type="stmt"/>
      <line num="538" count="2" type="stmt"/>
      <line num="539" count="2" type="cond" truecount="1" falsecount="1"/>
      <line num="540" count="0" type="stmt"/>
      <line num="541" count="0" type="stmt"/>
      <line num="542" count="0" type="stmt"/>
      <line num="550" count="0" type="stmt"/>
      <line num="557" count="0" type="stmt"/>
      <line num="559" count="0" type="stmt"/>
      <line num="560" count="0" type="stmt"/>
      <line num="563" count="2" type="stmt"/>
      <line num="568" count="5" type="cond" truecount="2" falsecount="0"/>
      <line num="570" count="3" type="stmt"/>
      <line num="575" count="3" type="cond" truecount="4" falsecount="0"/>
      <line num="576" count="1" type="stmt"/>
      <line num="584" count="2" type="stmt"/>
      <line num="585" count="2" type="stmt"/>
      <line num="593" count="2" type="cond" truecount="2" falsecount="0"/>
      <line num="594" count="1" type="stmt"/>
      <line num="601" count="1" type="stmt"/>
      <line num="613" count="1" type="stmt"/>
      <line num="614" count="1" type="stmt"/>
      <line num="616" count="1" type="stmt"/>
      <line num="619" count="1" type="cond" truecount="1" falsecount="1"/>
      <line num="620" count="1" type="stmt"/>
      <line num="625" count="0" type="stmt"/>
      <line num="629" count="1" type="stmt"/>
      <line num="630" count="1" type="cond" truecount="1" falsecount="1"/>
      <line num="631" count="0" type="stmt"/>
      <line num="638" count="1" type="stmt"/>
      <line num="651" count="2" type="cond" truecount="1" falsecount="1"/>
      <line num="653" count="2" type="stmt"/>
      <line num="661" count="2" type="cond" truecount="4" falsecount="0"/>
      <line num="662" count="1" type="stmt"/>
      <line num="670" count="1" type="stmt"/>
      <line num="688" count="1" type="stmt"/>
      <line num="689" count="1" type="stmt"/>
      <line num="692" count="1" type="cond" truecount="1" falsecount="1"/>
      <line num="693" count="1" type="stmt"/>
      <line num="698" count="0" type="stmt"/>
      <line num="702" count="1" type="stmt"/>
      <line num="703" count="1" type="cond" truecount="1" falsecount="1"/>
      <line num="704" count="0" type="stmt"/>
      <line num="705" count="0" type="stmt"/>
      <line num="712" count="1" type="stmt"/>
      <line num="725" count="0" type="stmt"/>
      <line num="733" count="1" type="stmt"/>
      <line num="734" count="0" type="stmt"/>
      <line num="735" count="0" type="stmt"/>
      <line num="739" count="0" type="stmt"/>
      <line num="751" count="0" type="cond" truecount="0" falsecount="2"/>
      <line num="753" count="0" type="stmt"/>
      <line num="759" count="0" type="stmt"/>
      <line num="760" count="0" type="cond" truecount="0" falsecount="2"/>
      <line num="762" count="0" type="stmt"/>
      <line num="766" count="0" type="cond" truecount="0" falsecount="2"/>
      <line num="767" count="0" type="stmt"/>
      <line num="775" count="0" type="stmt"/>
      <line num="784" count="1" type="stmt"/>
      <line num="785" count="2" type="stmt"/>
      <line num="787" count="2" type="stmt"/>
      <line num="788" count="2" type="cond" truecount="2" falsecount="0"/>
      <line num="789" count="2" type="cond" truecount="4" falsecount="0"/>
      <line num="790" count="1" type="stmt"/>
      <line num="791" count="1" type="cond" truecount="1" falsecount="1"/>
      <line num="792" count="1" type="cond" truecount="1" falsecount="1"/>
      <line num="795" count="2" type="stmt"/>
      <line num="805" count="2" type="cond" truecount="2" falsecount="0"/>
      <line num="806" count="1" type="stmt"/>
      <line num="812" count="1" type="stmt"/>
      <line num="814" count="1" type="stmt"/>
      <line num="816" count="1" type="cond" truecount="1" falsecount="1"/>
      <line num="817" count="1" type="cond" truecount="1" falsecount="1"/>
      <line num="818" count="1" type="cond" truecount="1" falsecount="1"/>
      <line num="819" count="1" type="cond" truecount="1" falsecount="1"/>
      <line num="820" count="1" type="cond" truecount="1" falsecount="1"/>
      <line num="821" count="1" type="cond" truecount="1" falsecount="1"/>
      <line num="822" count="1" type="cond" truecount="1" falsecount="1"/>
      <line num="823" count="1" type="cond" truecount="1" falsecount="1"/>
      <line num="826" count="1" type="stmt"/>
      <line num="827" count="1" type="stmt"/>
      <line num="829" count="1" type="stmt"/>
      <line num="830" count="1" type="stmt"/>
      <line num="831" count="1" type="stmt"/>
      <line num="832" count="1" type="stmt"/>
      <line num="837" count="1" type="stmt"/>
      <line num="838" count="4" type="stmt"/>
      <line num="839" count="4" type="stmt"/>
      <line num="840" count="4" type="stmt"/>
      <line num="842" count="4" type="cond" truecount="4" falsecount="0"/>
      <line num="843" count="1" type="stmt"/>
      <line num="849" count="3" type="stmt"/>
      <line num="850" count="3" type="stmt"/>
      <line num="853" count="3" type="stmt"/>
      <line num="857" count="3" type="cond" truecount="1" falsecount="1"/>
      <line num="858" count="0" type="stmt"/>
      <line num="860" count="3" type="stmt"/>
      <line num="863" count="3" type="stmt"/>
      <line num="868" count="3" type="cond" truecount="2" falsecount="0"/>
      <line num="869" count="1" type="stmt"/>
      <line num="875" count="2" type="cond" truecount="2" falsecount="0"/>
      <line num="876" count="1" type="stmt"/>
      <line num="882" count="1" type="cond" truecount="1" falsecount="1"/>
      <line num="883" count="0" type="stmt"/>
      <line num="888" count="1" type="cond" truecount="1" falsecount="1"/>
      <line num="889" count="1" type="stmt"/>
      <line num="894" count="0" type="stmt"/>
      <line num="900" count="2" type="stmt"/>
      <line num="912" count="2" type="stmt"/>
      <line num="913" count="2" type="cond" truecount="1" falsecount="1"/>
      <line num="914" count="2" type="stmt"/>
      <line num="917" count="2" type="stmt"/>
      <line num="924" count="2" type="stmt"/>
      <line num="937" count="1" type="stmt"/>
      <line num="938" count="0" type="stmt"/>
      <line num="939" count="0" type="stmt"/>
      <line num="943" count="0" type="stmt"/>
      <line num="955" count="0" type="cond" truecount="0" falsecount="2"/>
      <line num="957" count="0" type="stmt"/>
      <line num="962" count="0" type="stmt"/>
    </file>
    <file name="postController.js" path="D:\project\MyTelU-V2\MyTelUV2\backend\controllers\postController.js">
      <metrics statements="158" coveredstatements="77" conditionals="100" coveredconditionals="35" methods="17" coveredmethods="7"/>
      <line num="1" count="1" type="stmt"/>
      <line num="2" count="1" type="stmt"/>
      <line num="3" count="1" type="stmt"/>
      <line num="4" count="1" type="stmt"/>
      <line num="5" count="1" type="stmt"/>
      <line num="6" count="1" type="stmt"/>
      <line num="11" count="1" type="stmt"/>
      <line num="12" count="1" type="stmt"/>
      <line num="13" count="1" type="stmt"/>
      <line num="15" count="1" type="stmt"/>
      <line num="50" count="2" type="stmt"/>
      <line num="59" count="1" type="stmt"/>
      <line num="67" count="1" type="stmt"/>
      <line num="68" count="0" type="stmt"/>
      <line num="69" count="0" type="stmt"/>
      <line num="71" count="0" type="stmt"/>
      <line num="111" count="0" type="cond" truecount="0" falsecount="2"/>
      <line num="112" count="0" type="stmt"/>
      <line num="118" count="0" type="stmt"/>
      <line num="132" count="1" type="stmt"/>
      <line num="133" count="2" type="stmt"/>
      <line num="134" count="2" type="stmt"/>
      <line num="136" count="2" type="cond" truecount="4" falsecount="0"/>
      <line num="137" count="1" type="stmt"/>
      <line num="144" count="1" type="stmt"/>
      <line num="145" count="1" type="cond" truecount="1" falsecount="1"/>
      <line num="146" count="0" type="stmt"/>
      <line num="153" count="1" type="stmt"/>
      <line num="154" count="1" type="cond" truecount="3" falsecount="1"/>
      <line num="155" count="1" type="cond" truecount="1" falsecount="1"/>
      <line num="157" count="1" type="stmt"/>
      <line num="158" count="1" type="stmt"/>
      <line num="159" count="1" type="stmt"/>
      <line num="165" count="1" type="stmt"/>
      <line num="167" count="0" type="stmt"/>
      <line num="175" count="1" type="stmt"/>
      <line num="196" count="1" type="stmt"/>
      <line num="209" count="1" type="stmt"/>
      <line num="210" count="0" type="stmt"/>
      <line num="211" count="0" type="stmt"/>
      <line num="212" count="0" type="stmt"/>
      <line num="214" count="0" type="stmt"/>
      <line num="221" count="0" type="cond" truecount="0" falsecount="2"/>
      <line num="222" count="0" type="stmt"/>
      <line num="228" count="0" type="cond" truecount="0" falsecount="2"/>
      <line num="229" count="0" type="stmt"/>
      <line num="236" count="0" type="cond" truecount="0" falsecount="4"/>
      <line num="237" count="0" type="stmt"/>
      <line num="238" count="0" type="cond" truecount="0" falsecount="2"/>
      <line num="239" count="0" type="stmt"/>
      <line num="247" count="0" type="stmt"/>
      <line num="248" count="0" type="stmt"/>
      <line num="250" count="0" type="cond" truecount="0" falsecount="2"/>
      <line num="251" count="0" type="stmt"/>
      <line num="252" count="0" type="stmt"/>
      <line num="253" count="0" type="cond" truecount="0" falsecount="2"/>
      <line num="254" count="0" type="stmt"/>
      <line num="256" count="0" type="stmt"/>
      <line num="257" count="0" type="stmt"/>
      <line num="258" count="0" type="cond" truecount="0" falsecount="2"/>
      <line num="259" count="0" type="stmt"/>
      <line num="262" count="0" type="stmt"/>
      <line num="266" count="0" type="stmt"/>
      <line num="267" count="0" type="cond" truecount="0" falsecount="2"/>
      <line num="268" count="0" type="stmt"/>
      <line num="269" count="0" type="cond" truecount="0" falsecount="2"/>
      <line num="270" count="0" type="stmt"/>
      <line num="273" count="0" type="stmt"/>
      <line num="277" count="0" type="stmt"/>
      <line num="281" count="0" type="cond" truecount="0" falsecount="4"/>
      <line num="282" count="0" type="stmt"/>
      <line num="283" count="0" type="cond" truecount="0" falsecount="2"/>
      <line num="285" count="0" type="stmt"/>
      <line num="286" count="0" type="stmt"/>
      <line num="287" count="0" type="stmt"/>
      <line num="293" count="0" type="stmt"/>
      <line num="295" count="0" type="stmt"/>
      <line num="303" count="0" type="stmt"/>
      <line num="324" count="0" type="stmt"/>
      <line num="332" count="1" type="stmt"/>
      <line num="333" count="2" type="stmt"/>
      <line num="334" count="2" type="stmt"/>
      <line num="335" count="2" type="stmt"/>
      <line num="337" count="2" type="stmt"/>
      <line num="344" count="2" type="cond" truecount="1" falsecount="1"/>
      <line num="345" count="0" type="stmt"/>
      <line num="352" count="2" type="cond" truecount="4" falsecount="0"/>
      <line num="353" count="1" type="stmt"/>
      <line num="360" count="1" type="cond" truecount="3" falsecount="1"/>
      <line num="361" count="1" type="stmt"/>
      <line num="362" count="1" type="cond" truecount="1" falsecount="1"/>
      <line num="363" count="1" type="stmt"/>
      <line num="368" count="1" type="stmt"/>
      <line num="373" count="1" type="stmt"/>
      <line num="382" count="1" type="stmt"/>
      <line num="383" count="2" type="stmt"/>
      <line num="384" count="2" type="stmt"/>
      <line num="386" count="2" type="stmt"/>
      <line num="393" count="2" type="cond" truecount="1" falsecount="1"/>
      <line num="394" count="0" type="stmt"/>
      <line num="401" count="2" type="stmt"/>
      <line num="411" count="2" type="cond" truecount="2" falsecount="0"/>
      <line num="413" count="1" type="stmt"/>
      <line num="416" count="1" type="stmt"/>
      <line num="419" count="1" type="stmt"/>
      <line num="425" count="1" type="stmt"/>
      <line num="428" count="1" type="cond" truecount="1" falsecount="1"/>
      <line num="430" count="1" type="stmt"/>
      <line num="432" count="1" type="cond" truecount="1" falsecount="1"/>
      <line num="433" count="1" type="stmt"/>
      <line num="434" count="0" type="stmt"/>
      <line num="437" count="0" type="stmt"/>
      <line num="442" count="2" type="stmt"/>
      <line num="446" count="2" type="stmt"/>
      <line num="459" count="1" type="stmt"/>
      <line num="460" count="0" type="stmt"/>
      <line num="461" count="0" type="cond" truecount="0" falsecount="2"/>
      <line num="462" count="0" type="stmt"/>
      <line num="464" count="0" type="stmt"/>
      <line num="471" count="0" type="cond" truecount="0" falsecount="2"/>
      <line num="472" count="0" type="stmt"/>
      <line num="478" count="0" type="stmt"/>
      <line num="505" count="0" type="stmt"/>
      <line num="518" count="1" type="stmt"/>
      <line num="519" count="1" type="stmt"/>
      <line num="520" count="1" type="stmt"/>
      <line num="521" count="1" type="stmt"/>
      <line num="523" count="1" type="cond" truecount="3" falsecount="1"/>
      <line num="524" count="0" type="stmt"/>
      <line num="531" count="1" type="stmt"/>
      <line num="532" count="1" type="cond" truecount="1" falsecount="1"/>
      <line num="533" count="0" type="stmt"/>
      <line num="539" count="1" type="stmt"/>
      <line num="546" count="1" type="cond" truecount="1" falsecount="1"/>
      <line num="547" count="0" type="stmt"/>
      <line num="553" count="1" type="stmt"/>
      <line num="571" count="1" type="cond" truecount="1" falsecount="1"/>
      <line num="572" count="1" type="stmt"/>
      <line num="573" count="0" type="stmt"/>
      <line num="576" count="1" type="stmt"/>
      <line num="584" count="1" type="stmt"/>
      <line num="585" count="0" type="stmt"/>
      <line num="586" count="0" type="stmt"/>
      <line num="587" count="0" type="stmt"/>
      <line num="589" count="0" type="stmt"/>
      <line num="597" count="0" type="cond" truecount="0" falsecount="2"/>
      <line num="598" count="0" type="stmt"/>
      <line num="605" count="0" type="cond" truecount="0" falsecount="4"/>
      <line num="606" count="0" type="stmt"/>
      <line num="612" count="0" type="stmt"/>
      <line num="617" count="0" type="stmt"/>
      <line num="624" count="1" type="stmt"/>
      <line num="625" count="0" type="stmt"/>
      <line num="626" count="0" type="cond" truecount="0" falsecount="2"/>
      <line num="627" count="0" type="stmt"/>
      <line num="629" count="0" type="stmt"/>
      <line num="663" count="0" type="stmt"/>
      <line num="670" count="0" type="stmt"/>
    </file>
  </project>
</coverage>
