<?xml version="1.0" encoding="UTF-8"?>
<coverage generated="1779422164430" clover="3.2.0">
  <project timestamp="1779422164430" name="All files">
    <metrics statements="1837" coveredstatements="579" conditionals="1160" coveredconditionals="284" methods="185" coveredmethods="48" elements="3182" coveredelements="911" complexity="0" loc="1837" ncloc="1837" packages="1" files="8" classes="8"/>
    <file name="akademikController.js" path="D:\MyTelUV2\backend\controllers\akademikController.js">
      <metrics statements="559" coveredstatements="97" conditionals="455" coveredconditionals="38" methods="55" coveredmethods="5"/>
      <line num="1" count="1" type="stmt"/>
      <line num="2" count="1" type="stmt"/>
      <line num="3" count="1" type="stmt"/>
      <line num="4" count="1" type="stmt"/>
      <line num="7" count="1" type="stmt"/>
      <line num="8" count="2" type="stmt"/>
      <line num="11" count="2" type="stmt"/>
      <line num="18" count="2" type="cond" truecount="2" falsecount="0"/>
      <line num="19" count="1" type="stmt"/>
      <line num="25" count="1" type="stmt"/>
      <line num="32" count="1" type="stmt"/>
      <line num="39" count="1" type="stmt"/>
      <line num="40" count="0" type="stmt"/>
      <line num="41" count="0" type="stmt"/>
      <line num="43" count="0" type="stmt"/>
      <line num="46" count="0" type="cond" truecount="0" falsecount="2"/>
      <line num="47" count="0" type="stmt"/>
      <line num="53" count="0" type="stmt"/>
      <line num="73" count="0" type="stmt"/>
      <line num="80" count="1" type="stmt"/>
      <line num="81" count="0" type="stmt"/>
      <line num="83" count="0" type="stmt"/>
      <line num="104" count="0" type="cond" truecount="0" falsecount="2"/>
      <line num="105" count="0" type="stmt"/>
      <line num="111" count="0" type="stmt"/>
      <line num="117" count="1" type="stmt"/>
      <line num="118" count="0" type="stmt"/>
      <line num="119" count="0" type="stmt"/>
      <line num="121" count="0" type="stmt"/>
      <line num="128" count="0" type="cond" truecount="0" falsecount="2"/>
      <line num="129" count="0" type="stmt"/>
      <line num="136" count="0" type="cond" truecount="0" falsecount="4"/>
      <line num="137" count="0" type="stmt"/>
      <line num="145" count="0" type="cond" truecount="0" falsecount="2"/>
      <line num="146" count="0" type="stmt"/>
      <line num="153" count="0" type="stmt"/>
      <line num="161" count="0" type="stmt"/>
      <line num="168" count="1" type="stmt"/>
      <line num="169" count="2" type="stmt"/>
      <line num="171" count="2" type="stmt"/>
      <line num="183" count="2" type="cond" truecount="1" falsecount="1"/>
      <line num="184" count="0" type="stmt"/>
      <line num="191" count="2" type="cond" truecount="2" falsecount="0"/>
      <line num="192" count="1" type="stmt"/>
      <line num="198" count="1" type="stmt"/>
      <line num="203" count="1" type="stmt"/>
      <line num="211" count="1" type="stmt"/>
      <line num="212" count="3" type="stmt"/>
      <line num="215" count="3" type="stmt"/>
      <line num="222" count="3" type="cond" truecount="1" falsecount="1"/>
      <line num="223" count="0" type="stmt"/>
      <line num="230" count="3" type="stmt"/>
      <line num="238" count="3" type="cond" truecount="1" falsecount="1"/>
      <line num="239" count="0" type="stmt"/>
      <line num="246" count="3" type="cond" truecount="2" falsecount="2"/>
      <line num="247" count="0" type="stmt"/>
      <line num="254" count="3" type="stmt"/>
      <line num="255" count="3" type="cond" truecount="4" falsecount="0"/>
      <line num="256" count="1" type="stmt"/>
      <line num="263" count="2" type="stmt"/>
      <line num="275" count="2" type="cond" truecount="2" falsecount="0"/>
      <line num="276" count="1" type="stmt"/>
      <line num="283" count="1" type="stmt"/>
      <line num="286" count="1" type="cond" truecount="1" falsecount="1"/>
      <line num="287" count="1" type="cond" truecount="1" falsecount="1"/>
      <line num="289" count="1" type="stmt"/>
      <line num="307" count="1" type="stmt"/>
      <line num="321" count="1" type="stmt"/>
      <line num="328" count="1" type="stmt"/>
      <line num="329" count="0" type="stmt"/>
      <line num="330" count="0" type="stmt"/>
      <line num="332" count="0" type="stmt"/>
      <line num="334" count="0" type="cond" truecount="0" falsecount="2"/>
      <line num="335" count="0" type="cond" truecount="0" falsecount="2"/>
      <line num="336" count="0" type="cond" truecount="0" falsecount="2"/>
      <line num="338" count="0" type="stmt"/>
      <line num="365" count="0" type="stmt"/>
      <line num="373" count="1" type="stmt"/>
      <line num="374" count="0" type="stmt"/>
      <line num="375" count="0" type="stmt"/>
      <line num="378" count="0" type="stmt"/>
      <line num="379" count="0" type="cond" truecount="0" falsecount="2"/>
      <line num="380" count="0" type="stmt"/>
      <line num="383" count="0" type="stmt"/>
      <line num="384" count="0" type="stmt"/>
      <line num="385" count="0" type="stmt"/>
      <line num="386" count="0" type="stmt"/>
      <line num="388" count="0" type="stmt"/>
      <line num="400" count="0" type="stmt"/>
      <line num="402" count="0" type="stmt"/>
      <line num="403" count="0" type="stmt"/>
      <line num="406" count="0" type="stmt"/>
      <line num="417" count="0" type="stmt"/>
      <line num="418" count="0" type="cond" truecount="0" falsecount="2"/>
      <line num="419" count="0" type="stmt"/>
      <line num="425" count="0" type="cond" truecount="0" falsecount="2"/>
      <line num="426" count="0" type="stmt"/>
      <line num="430" count="0" type="stmt"/>
      <line num="433" count="0" type="stmt"/>
      <line num="490" count="0" type="stmt"/>
      <line num="491" count="0" type="stmt"/>
      <line num="492" count="0" type="cond" truecount="0" falsecount="2"/>
      <line num="493" count="0" type="stmt"/>
      <line num="500" count="0" type="stmt"/>
      <line num="501" count="0" type="stmt"/>
      <line num="503" count="0" type="stmt"/>
      <line num="510" count="0" type="stmt"/>
      <line num="511" count="0" type="cond" truecount="0" falsecount="2"/>
      <line num="517" count="0" type="stmt"/>
      <line num="518" count="0" type="cond" truecount="0" falsecount="4"/>
      <line num="531" count="0" type="stmt"/>
      <line num="532" count="0" type="stmt"/>
      <line num="533" count="0" type="cond" truecount="0" falsecount="2"/>
      <line num="535" count="0" type="cond" truecount="0" falsecount="4"/>
      <line num="536" count="0" type="stmt"/>
      <line num="537" count="0" type="stmt"/>
      <line num="542" count="0" type="stmt"/>
      <line num="543" count="0" type="cond" truecount="0" falsecount="2"/>
      <line num="548" count="0" type="cond" truecount="0" falsecount="2"/>
      <line num="549" count="0" type="cond" truecount="0" falsecount="2"/>
      <line num="550" count="0" type="stmt"/>
      <line num="553" count="0" type="cond" truecount="0" falsecount="5"/>
      <line num="554" count="0" type="stmt"/>
      <line num="555" count="0" type="cond" truecount="0" falsecount="2"/>
      <line num="557" count="0" type="cond" truecount="0" falsecount="2"/>
      <line num="579" count="0" type="cond" truecount="0" falsecount="2"/>
      <line num="583" count="0" type="stmt"/>
      <line num="612" count="0" type="stmt"/>
      <line num="613" count="0" type="cond" truecount="0" falsecount="2"/>
      <line num="615" count="0" type="stmt"/>
      <line num="618" count="0" type="stmt"/>
      <line num="619" count="0" type="stmt"/>
      <line num="620" count="0" type="cond" truecount="0" falsecount="2"/>
      <line num="622" count="0" type="cond" truecount="0" falsecount="2"/>
      <line num="624" count="0" type="cond" truecount="0" falsecount="4"/>
      <line num="625" count="0" type="cond" truecount="0" falsecount="4"/>
      <line num="626" count="0" type="stmt"/>
      <line num="630" count="0" type="cond" truecount="0" falsecount="4"/>
      <line num="631" count="0" type="stmt"/>
      <line num="635" count="0" type="stmt"/>
      <line num="637" count="0" type="stmt"/>
      <line num="650" count="1" type="stmt"/>
      <line num="651" count="0" type="stmt"/>
      <line num="653" count="0" type="stmt"/>
      <line num="683" count="0" type="stmt"/>
      <line num="689" count="1" type="stmt"/>
      <line num="690" count="0" type="stmt"/>
      <line num="692" count="0" type="stmt"/>
      <line num="721" count="0" type="cond" truecount="0" falsecount="2"/>
      <line num="722" count="0" type="stmt"/>
      <line num="729" count="0" type="cond" truecount="0" falsecount="4"/>
      <line num="730" count="0" type="stmt"/>
      <line num="736" count="0" type="stmt"/>
      <line num="742" count="1" type="stmt"/>
      <line num="743" count="0" type="stmt"/>
      <line num="744" count="0" type="stmt"/>
      <line num="746" count="0" type="stmt"/>
      <line num="753" count="0" type="cond" truecount="0" falsecount="2"/>
      <line num="754" count="0" type="stmt"/>
      <line num="761" count="0" type="cond" truecount="0" falsecount="4"/>
      <line num="762" count="0" type="stmt"/>
      <line num="769" count="0" type="cond" truecount="0" falsecount="2"/>
      <line num="770" count="0" type="stmt"/>
      <line num="777" count="0" type="cond" truecount="0" falsecount="2"/>
      <line num="778" count="0" type="stmt"/>
      <line num="786" count="0" type="cond" truecount="0" falsecount="2"/>
      <line num="787" count="0" type="stmt"/>
      <line num="795" count="0" type="cond" truecount="0" falsecount="2"/>
      <line num="796" count="0" type="stmt"/>
      <line num="804" count="0" type="stmt"/>
      <line num="805" count="0" type="cond" truecount="0" falsecount="6"/>
      <line num="806" count="0" type="stmt"/>
      <line num="813" count="0" type="stmt"/>
      <line num="814" count="0" type="cond" truecount="0" falsecount="2"/>
      <line num="815" count="0" type="cond" truecount="0" falsecount="2"/>
      <line num="816" count="0" type="cond" truecount="0" falsecount="2"/>
      <line num="817" count="0" type="cond" truecount="0" falsecount="2"/>
      <line num="818" count="0" type="cond" truecount="0" falsecount="2"/>
      <line num="821" count="0" type="cond" truecount="0" falsecount="4"/>
      <line num="822" count="0" type="cond" truecount="0" falsecount="2"/>
      <line num="823" count="0" type="cond" truecount="0" falsecount="2"/>
      <line num="824" count="0" type="cond" truecount="0" falsecount="2"/>
      <line num="827" count="0" type="stmt"/>
      <line num="840" count="0" type="cond" truecount="0" falsecount="2"/>
      <line num="841" count="0" type="stmt"/>
      <line num="849" count="0" type="cond" truecount="0" falsecount="4"/>
      <line num="850" count="0" type="stmt"/>
      <line num="857" count="0" type="cond" truecount="0" falsecount="2"/>
      <line num="858" count="0" type="stmt"/>
      <line num="864" count="0" type="cond" truecount="0" falsecount="2"/>
      <line num="865" count="0" type="stmt"/>
      <line num="874" count="0" type="cond" truecount="0" falsecount="2"/>
      <line num="875" count="0" type="stmt"/>
      <line num="882" count="0" type="stmt"/>
      <line num="896" count="0" type="stmt"/>
      <line num="903" count="1" type="stmt"/>
      <line num="905" count="0" type="cond" truecount="0" falsecount="2"/>
      <line num="906" count="0" type="stmt"/>
      <line num="913" count="0" type="stmt"/>
      <line num="919" count="0" type="stmt"/>
      <line num="928" count="1" type="stmt"/>
      <line num="929" count="0" type="stmt"/>
      <line num="931" count="0" type="stmt"/>
      <line num="938" count="0" type="cond" truecount="0" falsecount="2"/>
      <line num="939" count="0" type="stmt"/>
      <line num="946" count="0" type="cond" truecount="0" falsecount="4"/>
      <line num="947" count="0" type="stmt"/>
      <line num="954" count="0" type="stmt"/>
      <line num="968" count="0" type="stmt"/>
      <line num="976" count="1" type="stmt"/>
      <line num="977" count="3" type="stmt"/>
      <line num="978" count="3" type="stmt"/>
      <line num="981" count="3" type="stmt"/>
      <line num="991" count="3" type="cond" truecount="1" falsecount="1"/>
      <line num="992" count="0" type="stmt"/>
      <line num="999" count="3" type="stmt"/>
      <line num="1006" count="3" type="cond" truecount="2" falsecount="0"/>
      <line num="1007" count="1" type="stmt"/>
      <line num="1014" count="2" type="cond" truecount="1" falsecount="1"/>
      <line num="1016" count="2" type="stmt"/>
      <line num="1021" count="2" type="stmt"/>
      <line num="1022" count="2" type="stmt"/>
      <line num="1024" count="2" type="cond" truecount="4" falsecount="0"/>
      <line num="1025" count="1" type="stmt"/>
      <line num="1041" count="1" type="cond" truecount="1" falsecount="1"/>
      <line num="1042" count="1" type="stmt"/>
      <line num="1051" count="1" type="stmt"/>
      <line num="1061" count="1" type="cond" truecount="2" falsecount="2"/>
      <line num="1062" count="0" type="stmt"/>
      <line num="1069" count="1" type="cond" truecount="2" falsecount="2"/>
      <line num="1070" count="0" type="stmt"/>
      <line num="1081" count="0" type="stmt"/>
      <line num="1103" count="0" type="stmt"/>
      <line num="1111" count="1" type="stmt"/>
      <line num="1131" count="1" type="stmt"/>
      <line num="1138" count="1" type="stmt"/>
      <line num="1139" count="2" type="stmt"/>
      <line num="1140" count="2" type="stmt"/>
      <line num="1143" count="2" type="stmt"/>
      <line num="1150" count="2" type="cond" truecount="1" falsecount="1"/>
      <line num="1151" count="2" type="stmt"/>
      <line num="1152" count="2" type="cond" truecount="2" falsecount="0"/>
      <line num="1153" count="1" type="stmt"/>
      <line num="1160" count="1" type="stmt"/>
      <line num="1169" count="1" type="cond" truecount="3" falsecount="1"/>
      <line num="1170" count="0" type="stmt"/>
      <line num="1176" count="1" type="stmt"/>
      <line num="1186" count="1" type="stmt"/>
      <line num="1192" count="1" type="stmt"/>
      <line num="1193" count="0" type="stmt"/>
      <line num="1195" count="0" type="stmt"/>
      <line num="1220" count="0" type="stmt"/>
      <line num="1226" count="1" type="stmt"/>
      <line num="1227" count="0" type="stmt"/>
      <line num="1230" count="0" type="stmt"/>
      <line num="1237" count="0" type="cond" truecount="0" falsecount="2"/>
      <line num="1238" count="0" type="stmt"/>
      <line num="1245" count="0" type="cond" truecount="0" falsecount="4"/>
      <line num="1246" count="0" type="stmt"/>
      <line num="1252" count="0" type="stmt"/>
      <line num="1273" count="0" type="stmt"/>
      <line num="1281" count="1" type="stmt"/>
      <line num="1282" count="0" type="stmt"/>
      <line num="1285" count="0" type="cond" truecount="0" falsecount="4"/>
      <line num="1286" count="0" type="stmt"/>
      <line num="1293" count="0" type="cond" truecount="0" falsecount="2"/>
      <line num="1294" count="0" type="stmt"/>
      <line num="1297" count="0" type="cond" truecount="0" falsecount="2"/>
      <line num="1298" count="0" type="stmt"/>
      <line num="1305" count="0" type="stmt"/>
      <line num="1312" count="0" type="cond" truecount="0" falsecount="2"/>
      <line num="1313" count="0" type="stmt"/>
      <line num="1320" count="0" type="stmt"/>
      <line num="1327" count="0" type="stmt"/>
      <line num="1328" count="0" type="stmt"/>
      <line num="1330" count="0" type="stmt"/>
      <line num="1331" count="0" type="stmt"/>
      <line num="1332" count="0" type="stmt"/>
      <line num="1334" count="0" type="stmt"/>
      <line num="1335" count="0" type="stmt"/>
      <line num="1336" count="0" type="cond" truecount="0" falsecount="2"/>
      <line num="1337" count="0" type="cond" truecount="0" falsecount="2"/>
      <line num="1338" count="0" type="stmt"/>
      <line num="1340" count="0" type="stmt"/>
      <line num="1343" count="0" type="stmt"/>
      <line num="1350" count="0" type="stmt"/>
      <line num="1359" count="0" type="stmt"/>
      <line num="1362" count="0" type="stmt"/>
      <line num="1363" count="0" type="stmt"/>
      <line num="1366" count="0" type="cond" truecount="0" falsecount="2"/>
      <line num="1367" count="0" type="stmt"/>
      <line num="1377" count="0" type="cond" truecount="0" falsecount="2"/>
      <line num="1378" count="0" type="stmt"/>
      <line num="1379" count="0" type="stmt"/>
      <line num="1387" count="0" type="stmt"/>
      <line num="1401" count="1" type="stmt"/>
      <line num="1403" count="0" type="stmt"/>
      <line num="1404" count="0" type="stmt"/>
      <line num="1406" count="0" type="cond" truecount="0" falsecount="4"/>
      <line num="1407" count="0" type="stmt"/>
      <line num="1414" count="0" type="stmt"/>
      <line num="1421" count="0" type="cond" truecount="0" falsecount="2"/>
      <line num="1422" count="0" type="stmt"/>
      <line num="1429" count="0" type="cond" truecount="0" falsecount="4"/>
      <line num="1430" count="0" type="stmt"/>
      <line num="1437" count="0" type="stmt"/>
      <line num="1438" count="0" type="stmt"/>
      <line num="1439" count="0" type="cond" truecount="0" falsecount="2"/>
      <line num="1442" count="0" type="cond" truecount="0" falsecount="4"/>
      <line num="1443" count="0" type="cond" truecount="0" falsecount="6"/>
      <line num="1444" count="0" type="stmt"/>
      <line num="1449" count="0" type="cond" truecount="0" falsecount="4"/>
      <line num="1450" count="0" type="stmt"/>
      <line num="1458" count="0" type="stmt"/>
      <line num="1459" count="0" type="stmt"/>
      <line num="1461" count="0" type="cond" truecount="0" falsecount="5"/>
      <line num="1462" count="0" type="stmt"/>
      <line num="1469" count="0" type="cond" truecount="0" falsecount="2"/>
      <line num="1472" count="0" type="stmt"/>
      <line num="1487" count="0" type="stmt"/>
      <line num="1495" count="1" type="stmt"/>
      <line num="1496" count="0" type="stmt"/>
      <line num="1497" count="0" type="stmt"/>
      <line num="1498" count="0" type="cond" truecount="0" falsecount="2"/>
      <line num="1500" count="0" type="cond" truecount="0" falsecount="2"/>
      <line num="1501" count="0" type="stmt"/>
      <line num="1507" count="0" type="stmt"/>
      <line num="1514" count="0" type="cond" truecount="0" falsecount="2"/>
      <line num="1515" count="0" type="stmt"/>
      <line num="1521" count="0" type="cond" truecount="0" falsecount="2"/>
      <line num="1522" count="0" type="stmt"/>
      <line num="1530" count="0" type="cond" truecount="0" falsecount="2"/>
      <line num="1531" count="0" type="stmt"/>
      <line num="1538" count="0" type="stmt"/>
      <line num="1547" count="0" type="cond" truecount="0" falsecount="2"/>
      <line num="1548" count="0" type="stmt"/>
      <line num="1555" count="0" type="cond" truecount="0" falsecount="2"/>
      <line num="1556" count="0" type="stmt"/>
      <line num="1563" count="0" type="stmt"/>
      <line num="1564" count="0" type="cond" truecount="0" falsecount="4"/>
      <line num="1565" count="0" type="stmt"/>
      <line num="1571" count="0" type="stmt"/>
      <line num="1579" count="0" type="cond" truecount="0" falsecount="2"/>
      <line num="1580" count="0" type="stmt"/>
      <line num="1586" count="0" type="stmt"/>
      <line num="1587" count="0" type="stmt"/>
      <line num="1589" count="0" type="cond" truecount="0" falsecount="8"/>
      <line num="1590" count="0" type="stmt"/>
      <line num="1597" count="0" type="cond" truecount="0" falsecount="5"/>
      <line num="1598" count="0" type="stmt"/>
      <line num="1605" count="0" type="cond" truecount="0" falsecount="2"/>
      <line num="1606" count="0" type="stmt"/>
      <line num="1616" count="0" type="stmt"/>
      <line num="1625" count="0" type="cond" truecount="0" falsecount="4"/>
      <line num="1626" count="0" type="stmt"/>
      <line num="1627" count="0" type="stmt"/>
      <line num="1628" count="0" type="stmt"/>
      <line num="1630" count="0" type="stmt"/>
      <line num="1632" count="0" type="cond" truecount="0" falsecount="2"/>
      <line num="1633" count="0" type="stmt"/>
      <line num="1634" count="0" type="stmt"/>
      <line num="1637" count="0" type="cond" truecount="0" falsecount="4"/>
      <line num="1638" count="0" type="stmt"/>
      <line num="1648" count="0" type="stmt"/>
      <line num="1661" count="0" type="stmt"/>
      <line num="1677" count="0" type="stmt"/>
      <line num="1685" count="1" type="stmt"/>
      <line num="1686" count="0" type="stmt"/>
      <line num="1687" count="0" type="stmt"/>
      <line num="1688" count="0" type="stmt"/>
      <line num="1690" count="0" type="stmt"/>
      <line num="1695" count="0" type="cond" truecount="0" falsecount="2"/>
      <line num="1696" count="0" type="cond" truecount="0" falsecount="2"/>
      <line num="1698" count="0" type="stmt"/>
      <line num="1721" count="0" type="stmt"/>
      <line num="1728" count="1" type="stmt"/>
      <line num="1729" count="0" type="stmt"/>
      <line num="1730" count="0" type="cond" truecount="0" falsecount="2"/>
      <line num="1731" count="0" type="stmt"/>
      <line num="1734" count="0" type="stmt"/>
      <line num="1741" count="0" type="cond" truecount="0" falsecount="2"/>
      <line num="1742" count="0" type="stmt"/>
      <line num="1749" count="0" type="cond" truecount="0" falsecount="4"/>
      <line num="1750" count="0" type="stmt"/>
      <line num="1756" count="0" type="stmt"/>
      <line num="1761" count="0" type="cond" truecount="0" falsecount="2"/>
      <line num="1764" count="0" type="cond" truecount="0" falsecount="2"/>
      <line num="1765" count="0" type="stmt"/>
      <line num="1766" count="0" type="stmt"/>
      <line num="1767" count="0" type="stmt"/>
      <line num="1768" count="0" type="stmt"/>
      <line num="1770" count="0" type="stmt"/>
      <line num="1776" count="0" type="stmt"/>
      <line num="1796" count="0" type="stmt"/>
      <line num="1808" count="1" type="stmt"/>
      <line num="1809" count="0" type="stmt"/>
      <line num="1812" count="0" type="stmt"/>
      <line num="1819" count="0" type="cond" truecount="0" falsecount="2"/>
      <line num="1820" count="0" type="stmt"/>
      <line num="1827" count="0" type="cond" truecount="0" falsecount="4"/>
      <line num="1828" count="0" type="stmt"/>
      <line num="1835" count="0" type="stmt"/>
      <line num="1843" count="0" type="stmt"/>
      <line num="1851" count="0" type="stmt"/>
      <line num="1863" count="0" type="stmt"/>
      <line num="1877" count="0" type="stmt"/>
      <line num="1883" count="0" type="stmt"/>
      <line num="1884" count="0" type="stmt"/>
      <line num="1888" count="0" type="stmt"/>
      <line num="1899" count="1" type="stmt"/>
      <line num="1900" count="0" type="stmt"/>
      <line num="1901" count="0" type="cond" truecount="0" falsecount="2"/>
      <line num="1902" count="0" type="stmt"/>
      <line num="1905" count="0" type="stmt"/>
      <line num="1912" count="0" type="cond" truecount="0" falsecount="2"/>
      <line num="1913" count="0" type="stmt"/>
      <line num="1920" count="0" type="cond" truecount="0" falsecount="4"/>
      <line num="1921" count="0" type="stmt"/>
      <line num="1928" count="0" type="stmt"/>
      <line num="1935" count="0" type="stmt"/>
      <line num="1941" count="0" type="cond" truecount="0" falsecount="2"/>
      <line num="1942" count="0" type="stmt"/>
      <line num="1945" count="0" type="stmt"/>
      <line num="1965" count="0" type="stmt"/>
      <line num="1971" count="0" type="stmt"/>
      <line num="1986" count="1" type="stmt"/>
      <line num="1987" count="0" type="stmt"/>
      <line num="1990" count="0" type="stmt"/>
      <line num="2010" count="0" type="cond" truecount="0" falsecount="2"/>
      <line num="2011" count="0" type="stmt"/>
      <line num="2018" count="0" type="cond" truecount="0" falsecount="4"/>
      <line num="2019" count="0" type="stmt"/>
      <line num="2026" count="0" type="stmt"/>
      <line num="2046" count="0" type="stmt"/>
      <line num="2058" count="0" type="stmt"/>
      <line num="2059" count="0" type="stmt"/>
      <line num="2060" count="0" type="stmt"/>
      <line num="2064" count="0" type="stmt"/>
      <line num="2072" count="0" type="stmt"/>
      <line num="2099" count="1" type="stmt"/>
      <line num="2100" count="0" type="stmt"/>
      <line num="2102" count="0" type="stmt"/>
      <line num="2112" count="0" type="cond" truecount="0" falsecount="2"/>
      <line num="2113" count="0" type="stmt"/>
      <line num="2120" count="0" type="cond" truecount="0" falsecount="4"/>
      <line num="2121" count="0" type="stmt"/>
      <line num="2127" count="0" type="cond" truecount="0" falsecount="2"/>
      <line num="2128" count="0" type="stmt"/>
      <line num="2135" count="0" type="stmt"/>
      <line num="2140" count="0" type="stmt"/>
      <line num="2149" count="1" type="stmt"/>
      <line num="2150" count="0" type="stmt"/>
      <line num="2151" count="0" type="stmt"/>
      <line num="2154" count="0" type="stmt"/>
      <line num="2174" count="0" type="stmt"/>
      <line num="2176" count="0" type="stmt"/>
      <line num="2185" count="0" type="stmt"/>
      <line num="2199" count="0" type="stmt"/>
      <line num="2200" count="0" type="stmt"/>
      <line num="2201" count="0" type="stmt"/>
      <line num="2208" count="0" type="stmt"/>
      <line num="2216" count="0" type="stmt"/>
      <line num="2218" count="0" type="stmt"/>
      <line num="2232" count="0" type="stmt"/>
      <line num="2241" count="1" type="stmt"/>
      <line num="2242" count="0" type="stmt"/>
      <line num="2243" count="0" type="stmt"/>
      <line num="2246" count="0" type="stmt"/>
      <line num="2250" count="0" type="cond" truecount="0" falsecount="2"/>
      <line num="2251" count="0" type="stmt"/>
      <line num="2255" count="0" type="cond" truecount="0" falsecount="4"/>
      <line num="2256" count="0" type="stmt"/>
      <line num="2260" count="0" type="cond" truecount="0" falsecount="2"/>
      <line num="2261" count="0" type="stmt"/>
      <line num="2265" count="0" type="cond" truecount="0" falsecount="4"/>
      <line num="2266" count="0" type="stmt"/>
      <line num="2269" count="0" type="stmt"/>
      <line num="2286" count="0" type="stmt"/>
      <line num="2294" count="1" type="stmt"/>
      <line num="2295" count="0" type="stmt"/>
      <line num="2296" count="0" type="stmt"/>
      <line num="2298" count="0" type="stmt"/>
      <line num="2303" count="0" type="cond" truecount="0" falsecount="2"/>
      <line num="2304" count="0" type="stmt"/>
      <line num="2307" count="0" type="stmt"/>
      <line num="2317" count="0" type="stmt"/>
      <line num="2324" count="1" type="stmt"/>
      <line num="2325" count="0" type="stmt"/>
      <line num="2326" count="0" type="stmt"/>
      <line num="2328" count="0" type="stmt"/>
      <line num="2333" count="0" type="cond" truecount="0" falsecount="2"/>
      <line num="2334" count="0" type="stmt"/>
      <line num="2338" count="0" type="cond" truecount="0" falsecount="4"/>
      <line num="2339" count="0" type="stmt"/>
      <line num="2342" count="0" type="stmt"/>
      <line num="2347" count="0" type="stmt"/>
      <line num="2354" count="1" type="stmt"/>
      <line num="2355" count="0" type="stmt"/>
      <line num="2356" count="0" type="stmt"/>
      <line num="2357" count="0" type="stmt"/>
      <line num="2359" count="0" type="stmt"/>
      <line num="2361" count="0" type="cond" truecount="0" falsecount="2"/>
      <line num="2362" count="0" type="stmt"/>
      <line num="2365" count="0" type="cond" truecount="0" falsecount="2"/>
      <line num="2366" count="0" type="stmt"/>
      <line num="2369" count="0" type="cond" truecount="0" falsecount="2"/>
      <line num="2370" count="0" type="stmt"/>
      <line num="2374" count="0" type="stmt"/>
      <line num="2376" count="0" type="cond" truecount="0" falsecount="2"/>
      <line num="2377" count="0" type="stmt"/>
      <line num="2378" count="0" type="stmt"/>
      <line num="2379" count="0" type="stmt"/>
      <line num="2382" count="0" type="stmt"/>
      <line num="2383" count="0" type="stmt"/>
      <line num="2384" count="0" type="stmt"/>
      <line num="2386" count="0" type="stmt"/>
      <line num="2422" count="0" type="stmt"/>
      <line num="2423" count="0" type="stmt"/>
      <line num="2424" count="0" type="cond" truecount="0" falsecount="2"/>
      <line num="2425" count="0" type="stmt"/>
      <line num="2432" count="0" type="stmt"/>
      <line num="2433" count="0" type="stmt"/>
      <line num="2434" count="0" type="stmt"/>
      <line num="2440" count="0" type="stmt"/>
      <line num="2443" count="0" type="stmt"/>
      <line num="2446" count="0" type="stmt"/>
      <line num="2448" count="0" type="stmt"/>
      <line num="2450" count="0" type="stmt"/>
      <line num="2451" count="0" type="cond" truecount="0" falsecount="4"/>
      <line num="2456" count="0" type="stmt"/>
      <line num="2457" count="0" type="cond" truecount="0" falsecount="3"/>
      <line num="2458" count="0" type="cond" truecount="0" falsecount="2"/>
      <line num="2460" count="0" type="cond" truecount="0" falsecount="2"/>
      <line num="2461" count="0" type="stmt"/>
      <line num="2462" count="0" type="stmt"/>
      <line num="2464" count="0" type="cond" truecount="0" falsecount="2"/>
      <line num="2465" count="0" type="stmt"/>
      <line num="2471" count="0" type="cond" truecount="0" falsecount="2"/>
      <line num="2472" count="0" type="cond" truecount="0" falsecount="2"/>
      <line num="2473" count="0" type="cond" truecount="0" falsecount="2"/>
      <line num="2474" count="0" type="stmt"/>
      <line num="2477" count="0" type="cond" truecount="0" falsecount="2"/>
      <line num="2478" count="0" type="stmt"/>
      <line num="2480" count="0" type="cond" truecount="0" falsecount="2"/>
      <line num="2481" count="0" type="cond" truecount="0" falsecount="3"/>
      <line num="2483" count="0" type="cond" truecount="0" falsecount="4"/>
      <line num="2484" count="0" type="cond" truecount="0" falsecount="2"/>
      <line num="2486" count="0" type="stmt"/>
      <line num="2487" count="0" type="cond" truecount="0" falsecount="2"/>
      <line num="2490" count="0" type="cond" truecount="0" falsecount="2"/>
      <line num="2492" count="0" type="cond" truecount="0" falsecount="2"/>
      <line num="2501" count="0" type="stmt"/>
      <line num="2503" count="0" type="cond" truecount="0" falsecount="2"/>
      <line num="2513" count="0" type="cond" truecount="0" falsecount="2"/>
      <line num="2514" count="0" type="stmt"/>
      <line num="2535" count="0" type="cond" truecount="0" falsecount="2"/>
      <line num="2536" count="0" type="cond" truecount="0" falsecount="2"/>
      <line num="2537" count="0" type="stmt"/>
      <line num="2541" count="0" type="stmt"/>
    </file>
    <file name="anomaliController.js" path="D:\MyTelUV2\backend\controllers\anomaliController.js">
      <metrics statements="73" coveredstatements="57" conditionals="62" coveredconditionals="40" methods="7" coveredmethods="6"/>
      <line num="1" count="1" type="stmt"/>
      <line num="2" count="1" type="stmt"/>
      <line num="3" count="1" type="stmt"/>
      <line num="4" count="1" type="stmt"/>
      <line num="8" count="1" type="cond" truecount="2" falsecount="0"/>
      <line num="15" count="1" type="stmt"/>
      <line num="16" count="4" type="stmt"/>
      <line num="17" count="4" type="cond" truecount="1" falsecount="0"/>
      <line num="18" count="4" type="stmt"/>
      <line num="19" count="4" type="stmt"/>
      <line num="22" count="4" type="stmt"/>
      <line num="23" count="4" type="cond" truecount="5" falsecount="0"/>
      <line num="24" count="1" type="stmt"/>
      <line num="31" count="3" type="stmt"/>
      <line num="36" count="3" type="cond" truecount="2" falsecount="0"/>
      <line num="37" count="1" type="stmt"/>
      <line num="44" count="2" type="cond" truecount="4" falsecount="0"/>
      <line num="45" count="1" type="stmt"/>
      <line num="52" count="1" type="stmt"/>
      <line num="93" count="1" type="cond" truecount="1" falsecount="1"/>
      <line num="94" count="0" type="stmt"/>
      <line num="100" count="1" type="stmt"/>
      <line num="103" count="1" type="stmt"/>
      <line num="106" count="2" type="stmt"/>
      <line num="110" count="1" type="stmt"/>
      <line num="115" count="1" type="stmt"/>
      <line num="122" count="1" type="stmt"/>
      <line num="124" count="1" type="stmt"/>
      <line num="125" count="1" type="stmt"/>
      <line num="127" count="1" type="stmt"/>
      <line num="130" count="1" type="stmt"/>
      <line num="140" count="1" type="cond" truecount="3" falsecount="1"/>
      <line num="142" count="1" type="stmt"/>
      <line num="151" count="1" type="stmt"/>
      <line num="157" count="1" type="cond" truecount="1" falsecount="1"/>
      <line num="158" count="1" type="stmt"/>
      <line num="170" count="1" type="stmt"/>
      <line num="179" count="0" type="stmt"/>
      <line num="182" count="0" type="cond" truecount="0" falsecount="2"/>
      <line num="183" count="0" type="stmt"/>
      <line num="189" count="0" type="stmt"/>
      <line num="201" count="1" type="stmt"/>
      <line num="202" count="0" type="stmt"/>
      <line num="203" count="0" type="stmt"/>
      <line num="204" count="0" type="stmt"/>
      <line num="207" count="0" type="stmt"/>
      <line num="209" count="0" type="cond" truecount="0" falsecount="2"/>
      <line num="210" count="0" type="stmt"/>
      <line num="213" count="0" type="cond" truecount="0" falsecount="4"/>
      <line num="214" count="0" type="stmt"/>
      <line num="218" count="0" type="stmt"/>
      <line num="237" count="0" type="stmt"/>
      <line num="248" count="1" type="stmt"/>
      <line num="249" count="3" type="stmt"/>
      <line num="250" count="3" type="stmt"/>
      <line num="251" count="3" type="stmt"/>
      <line num="252" count="3" type="stmt"/>
      <line num="255" count="3" type="cond" truecount="4" falsecount="0"/>
      <line num="256" count="1" type="stmt"/>
      <line num="263" count="2" type="stmt"/>
      <line num="273" count="2" type="cond" truecount="2" falsecount="0"/>
      <line num="274" count="1" type="stmt"/>
      <line num="281" count="1" type="cond" truecount="3" falsecount="1"/>
      <line num="282" count="0" type="stmt"/>
      <line num="289" count="1" type="stmt"/>
      <line num="290" count="1" type="cond" truecount="1" falsecount="1"/>
      <line num="291" count="1" type="stmt"/>
      <line num="292" count="1" type="cond" truecount="1" falsecount="1"/>
      <line num="293" count="1" type="stmt"/>
      <line num="296" count="1" type="cond" truecount="1" falsecount="1"/>
      <line num="297" count="1" type="cond" truecount="1" falsecount="1"/>
      <line num="300" count="1" type="stmt"/>
      <line num="305" count="1" type="stmt"/>
    </file>
    <file name="authController.js" path="D:\MyTelUV2\backend\controllers\authController.js">
      <metrics statements="199" coveredstatements="75" conditionals="110" coveredconditionals="23" methods="18" coveredmethods="6"/>
      <line num="1" count="1" type="stmt"/>
      <line num="2" count="1" type="stmt"/>
      <line num="3" count="1" type="stmt"/>
      <line num="4" count="1" type="stmt"/>
      <line num="5" count="1" type="stmt"/>
      <line num="6" count="1" type="stmt"/>
      <line num="8" count="1" type="stmt"/>
      <line num="9" count="2" type="stmt"/>
      <line num="13" count="2" type="stmt"/>
      <line num="14" count="2" type="cond" truecount="1" falsecount="1"/>
      <line num="16" count="2" type="stmt"/>
      <line num="22" count="2" type="cond" truecount="2" falsecount="0"/>
      <line num="23" count="1" type="stmt"/>
      <line num="26" count="1" type="cond" truecount="1" falsecount="1"/>
      <line num="27" count="0" type="stmt"/>
      <line num="33" count="0" type="cond" truecount="0" falsecount="2"/>
      <line num="34" count="0" type="stmt"/>
      <line num="38" count="1" type="stmt"/>
      <line num="39" count="1" type="stmt"/>
      <line num="48" count="1" type="cond" truecount="1" falsecount="1"/>
      <line num="49" count="1" type="stmt"/>
      <line num="60" count="0" type="stmt"/>
      <line num="61" count="0" type="stmt"/>
      <line num="65" count="1" type="stmt"/>
      <line num="66" count="3" type="stmt"/>
      <line num="68" count="3" type="stmt"/>
      <line num="74" count="3" type="cond" truecount="2" falsecount="0"/>
      <line num="75" count="1" type="stmt"/>
      <line num="78" count="2" type="stmt"/>
      <line num="79" count="2" type="cond" truecount="2" falsecount="0"/>
      <line num="80" count="1" type="stmt"/>
      <line num="84" count="1" type="stmt"/>
      <line num="87" count="1" type="stmt"/>
      <line num="88" count="1" type="stmt"/>
      <line num="89" count="1" type="stmt"/>
      <line num="90" count="1" type="stmt"/>
      <line num="93" count="1" type="stmt"/>
      <line num="101" count="1" type="stmt"/>
      <line num="115" count="1" type="stmt"/>
      <line num="116" count="1" type="stmt"/>
      <line num="117" count="1" type="stmt"/>
      <line num="129" count="1" type="stmt"/>
      <line num="130" count="1" type="stmt"/>
      <line num="131" count="1" type="stmt"/>
      <line num="134" count="1" type="stmt"/>
      <line num="140" count="1" type="cond" truecount="1" falsecount="1"/>
      <line num="141" count="0" type="stmt"/>
      <line num="149" count="1" type="stmt"/>
      <line num="155" count="1" type="stmt"/>
      <line num="156" count="0" type="stmt"/>
      <line num="158" count="0" type="cond" truecount="0" falsecount="2"/>
      <line num="159" count="0" type="stmt"/>
      <line num="163" count="0" type="stmt"/>
      <line num="168" count="0" type="cond" truecount="0" falsecount="2"/>
      <line num="169" count="0" type="stmt"/>
      <line num="173" count="0" type="cond" truecount="0" falsecount="2"/>
      <line num="174" count="0" type="stmt"/>
      <line num="175" count="0" type="stmt"/>
      <line num="179" count="0" type="cond" truecount="0" falsecount="2"/>
      <line num="180" count="0" type="stmt"/>
      <line num="184" count="0" type="stmt"/>
      <line num="187" count="0" type="stmt"/>
      <line num="188" count="0" type="stmt"/>
      <line num="189" count="0" type="stmt"/>
      <line num="190" count="0" type="stmt"/>
      <line num="192" count="0" type="stmt"/>
      <line num="203" count="0" type="stmt"/>
      <line num="213" count="1" type="stmt"/>
      <line num="222" count="0" type="stmt"/>
      <line num="225" count="0" type="stmt"/>
      <line num="227" count="0" type="cond" truecount="0" falsecount="2"/>
      <line num="228" count="0" type="stmt"/>
      <line num="229" count="0" type="cond" truecount="0" falsecount="2"/>
      <line num="230" count="0" type="stmt"/>
      <line num="234" count="0" type="cond" truecount="0" falsecount="4"/>
      <line num="235" count="0" type="stmt"/>
      <line num="239" count="0" type="cond" truecount="0" falsecount="2"/>
      <line num="240" count="0" type="stmt"/>
      <line num="247" count="0" type="stmt"/>
      <line num="248" count="0" type="cond" truecount="0" falsecount="2"/>
      <line num="249" count="0" type="cond" truecount="0" falsecount="2"/>
      <line num="252" count="0" type="stmt"/>
      <line num="253" count="0" type="stmt"/>
      <line num="254" count="0" type="stmt"/>
      <line num="257" count="0" type="stmt"/>
      <line num="260" count="0" type="stmt"/>
      <line num="287" count="0" type="stmt"/>
      <line num="295" count="0" type="stmt"/>
      <line num="297" count="0" type="stmt"/>
      <line num="314" count="1" type="stmt"/>
      <line num="315" count="0" type="stmt"/>
      <line num="316" count="0" type="stmt"/>
      <line num="318" count="0" type="cond" truecount="0" falsecount="4"/>
      <line num="319" count="0" type="stmt"/>
      <line num="325" count="0" type="stmt"/>
      <line num="336" count="0" type="stmt"/>
      <line num="343" count="1" type="stmt"/>
      <line num="344" count="3" type="stmt"/>
      <line num="345" count="3" type="stmt"/>
      <line num="347" count="3" type="cond" truecount="3" falsecount="1"/>
      <line num="348" count="0" type="stmt"/>
      <line num="354" count="3" type="cond" truecount="2" falsecount="0"/>
      <line num="355" count="1" type="stmt"/>
      <line num="362" count="2" type="stmt"/>
      <line num="367" count="2" type="stmt"/>
      <line num="368" count="2" type="cond" truecount="2" falsecount="0"/>
      <line num="369" count="1" type="stmt"/>
      <line num="376" count="1" type="stmt"/>
      <line num="377" count="1" type="stmt"/>
      <line num="382" count="1" type="stmt"/>
      <line num="389" count="1" type="stmt"/>
      <line num="390" count="0" type="stmt"/>
      <line num="392" count="0" type="cond" truecount="0" falsecount="4"/>
      <line num="393" count="0" type="stmt"/>
      <line num="399" count="0" type="cond" truecount="0" falsecount="2"/>
      <line num="400" count="0" type="stmt"/>
      <line num="407" count="0" type="stmt"/>
      <line num="411" count="0" type="cond" truecount="0" falsecount="4"/>
      <line num="412" count="0" type="stmt"/>
      <line num="419" count="0" type="stmt"/>
      <line num="420" count="0" type="stmt"/>
      <line num="426" count="0" type="stmt"/>
      <line num="434" count="0" type="stmt"/>
      <line num="440" count="1" type="stmt"/>
      <line num="441" count="0" type="stmt"/>
      <line num="442" count="0" type="stmt"/>
      <line num="444" count="0" type="stmt"/>
      <line num="445" count="0" type="cond" truecount="0" falsecount="4"/>
      <line num="446" count="0" type="stmt"/>
      <line num="450" count="0" type="cond" truecount="0" falsecount="2"/>
      <line num="451" count="0" type="stmt"/>
      <line num="454" count="0" type="stmt"/>
      <line num="470" count="0" type="stmt"/>
      <line num="472" count="0" type="stmt"/>
      <line num="480" count="0" type="stmt"/>
      <line num="486" count="1" type="stmt"/>
      <line num="487" count="0" type="stmt"/>
      <line num="488" count="0" type="stmt"/>
      <line num="490" count="0" type="stmt"/>
      <line num="491" count="0" type="cond" truecount="0" falsecount="4"/>
      <line num="492" count="0" type="stmt"/>
      <line num="495" count="0" type="stmt"/>
      <line num="509" count="0" type="stmt"/>
      <line num="511" count="0" type="stmt"/>
      <line num="519" count="0" type="stmt"/>
      <line num="526" count="1" type="stmt"/>
      <line num="527" count="2" type="stmt"/>
      <line num="528" count="2" type="stmt"/>
      <line num="530" count="2" type="cond" truecount="4" falsecount="0"/>
      <line num="531" count="1" type="stmt"/>
      <line num="537" count="1" type="stmt"/>
      <line num="542" count="1" type="stmt"/>
      <line num="548" count="1" type="stmt"/>
      <line num="549" count="0" type="stmt"/>
      <line num="550" count="0" type="stmt"/>
      <line num="552" count="0" type="cond" truecount="0" falsecount="2"/>
      <line num="553" count="0" type="stmt"/>
      <line num="559" count="0" type="stmt"/>
      <line num="565" count="0" type="stmt"/>
      <line num="572" count="1" type="stmt"/>
      <line num="574" count="1" type="stmt"/>
      <line num="575" count="0" type="stmt"/>
      <line num="576" count="0" type="stmt"/>
      <line num="578" count="0" type="cond" truecount="0" falsecount="2"/>
      <line num="579" count="0" type="stmt"/>
      <line num="585" count="0" type="stmt"/>
      <line num="586" count="0" type="stmt"/>
      <line num="593" count="0" type="stmt"/>
      <line num="599" count="0" type="stmt"/>
      <line num="605" count="0" type="stmt"/>
      <line num="612" count="1" type="stmt"/>
      <line num="613" count="1" type="stmt"/>
      <line num="615" count="1" type="stmt"/>
      <line num="616" count="0" type="stmt"/>
      <line num="619" count="0" type="stmt"/>
      <line num="629" count="0" type="cond" truecount="0" falsecount="2"/>
      <line num="631" count="0" type="stmt"/>
      <line num="638" count="0" type="stmt"/>
      <line num="644" count="0" type="stmt"/>
      <line num="645" count="0" type="stmt"/>
      <line num="646" count="0" type="cond" truecount="0" falsecount="2"/>
      <line num="647" count="0" type="stmt"/>
      <line num="648" count="0" type="stmt"/>
      <line num="649" count="0" type="stmt"/>
      <line num="651" count="0" type="stmt"/>
      <line num="659" count="0" type="cond" truecount="0" falsecount="2"/>
      <line num="662" count="0" type="stmt"/>
      <line num="664" count="0" type="stmt"/>
      <line num="669" count="1" type="stmt"/>
      <line num="670" count="0" type="stmt"/>
      <line num="672" count="0" type="stmt"/>
      <line num="677" count="0" type="cond" truecount="0" falsecount="5"/>
      <line num="678" count="0" type="stmt"/>
      <line num="684" count="0" type="cond" truecount="0" falsecount="2"/>
      <line num="685" count="0" type="stmt"/>
      <line num="691" count="0" type="stmt"/>
      <line num="693" count="0" type="stmt"/>
      <line num="704" count="0" type="stmt"/>
      <line num="712" count="0" type="stmt"/>
    </file>
    <file name="biometrikController.js" path="D:\MyTelUV2\backend\controllers\biometrikController.js">
      <metrics statements="202" coveredstatements="77" conditionals="136" coveredconditionals="54" methods="15" coveredmethods="5"/>
      <line num="1" count="1" type="stmt"/>
      <line num="2" count="1" type="stmt"/>
      <line num="3" count="1" type="stmt"/>
      <line num="4" count="1" type="stmt"/>
      <line num="5" count="1" type="stmt"/>
      <line num="6" count="1" type="stmt"/>
      <line num="7" count="1" type="stmt"/>
      <line num="8" count="1" type="stmt"/>
      <line num="9" count="1" type="stmt"/>
      <line num="13" count="1" type="cond" truecount="2" falsecount="0"/>
      <line num="14" count="1" type="cond" truecount="2" falsecount="0"/>
      <line num="15" count="1" type="cond" truecount="2" falsecount="0"/>
      <line num="18" count="1" type="stmt"/>
      <line num="22" count="0" type="cond" truecount="0" falsecount="2"/>
      <line num="25" count="0" type="stmt"/>
      <line num="32" count="1" type="stmt"/>
      <line num="33" count="19" type="stmt"/>
      <line num="34" count="19" type="stmt"/>
      <line num="40" count="18" type="stmt"/>
      <line num="42" count="1" type="cond" truecount="2" falsecount="0"/>
      <line num="43" count="1" type="cond" truecount="2" falsecount="0"/>
      <line num="51" count="0" type="cond" truecount="0" falsecount="5"/>
      <line num="52" count="0" type="stmt"/>
      <line num="53" count="0" type="stmt"/>
      <line num="54" count="0" type="stmt"/>
      <line num="55" count="0" type="stmt"/>
      <line num="56" count="0" type="stmt"/>
      <line num="57" count="0" type="stmt"/>
      <line num="58" count="0" type="stmt"/>
      <line num="60" count="0" type="cond" truecount="0" falsecount="4"/>
      <line num="61" count="0" type="stmt"/>
      <line num="69" count="1" type="stmt"/>
      <line num="70" count="0" type="stmt"/>
      <line num="72" count="0" type="cond" truecount="0" falsecount="2"/>
      <line num="73" count="0" type="stmt"/>
      <line num="79" count="0" type="cond" truecount="0" falsecount="2"/>
      <line num="80" count="0" type="stmt"/>
      <line num="87" count="0" type="stmt"/>
      <line num="91" count="0" type="cond" truecount="0" falsecount="2"/>
      <line num="92" count="0" type="stmt"/>
      <line num="99" count="0" type="stmt"/>
      <line num="103" count="0" type="cond" truecount="0" falsecount="4"/>
      <line num="104" count="0" type="stmt"/>
      <line num="110" count="0" type="stmt"/>
      <line num="112" count="0" type="stmt"/>
      <line num="113" count="0" type="stmt"/>
      <line num="118" count="0" type="stmt"/>
      <line num="120" count="0" type="cond" truecount="0" falsecount="2"/>
      <line num="121" count="0" type="stmt"/>
      <line num="128" count="0" type="stmt"/>
      <line num="136" count="0" type="stmt"/>
      <line num="152" count="0" type="stmt"/>
      <line num="155" count="0" type="stmt"/>
      <line num="163" count="0" type="stmt"/>
      <line num="176" count="0" type="stmt"/>
      <line num="185" count="1" type="stmt"/>
      <line num="186" count="0" type="stmt"/>
      <line num="188" count="0" type="stmt"/>
      <line num="192" count="0" type="cond" truecount="0" falsecount="4"/>
      <line num="193" count="0" type="stmt"/>
      <line num="200" count="0" type="stmt"/>
      <line num="206" count="0" type="stmt"/>
      <line num="209" count="0" type="stmt"/>
      <line num="223" count="0" type="stmt"/>
      <line num="234" count="1" type="stmt"/>
      <line num="235" count="0" type="stmt"/>
      <line num="237" count="0" type="cond" truecount="0" falsecount="2"/>
      <line num="238" count="0" type="stmt"/>
      <line num="244" count="0" type="stmt"/>
      <line num="248" count="0" type="cond" truecount="0" falsecount="4"/>
      <line num="249" count="0" type="stmt"/>
      <line num="255" count="0" type="stmt"/>
      <line num="257" count="0" type="stmt"/>
      <line num="258" count="0" type="stmt"/>
      <line num="263" count="0" type="stmt"/>
      <line num="265" count="0" type="cond" truecount="0" falsecount="2"/>
      <line num="266" count="0" type="stmt"/>
      <line num="273" count="0" type="stmt"/>
      <line num="287" count="0" type="stmt"/>
      <line num="297" count="0" type="stmt"/>
      <line num="300" count="0" type="stmt"/>
      <line num="308" count="0" type="stmt"/>
      <line num="321" count="0" type="stmt"/>
      <line num="330" count="1" type="stmt"/>
      <line num="331" count="0" type="cond" truecount="0" falsecount="2"/>
      <line num="332" count="0" type="stmt"/>
      <line num="338" count="0" type="stmt"/>
      <line num="340" count="0" type="stmt"/>
      <line num="341" count="0" type="stmt"/>
      <line num="346" count="0" type="stmt"/>
      <line num="348" count="0" type="cond" truecount="0" falsecount="2"/>
      <line num="349" count="0" type="stmt"/>
      <line num="358" count="0" type="stmt"/>
      <line num="363" count="0" type="cond" truecount="0" falsecount="2"/>
      <line num="364" count="0" type="stmt"/>
      <line num="370" count="0" type="cond" truecount="0" falsecount="2"/>
      <line num="371" count="0" type="stmt"/>
      <line num="374" count="0" type="stmt"/>
      <line num="375" count="0" type="stmt"/>
      <line num="378" count="0" type="cond" truecount="0" falsecount="2"/>
      <line num="379" count="0" type="cond" truecount="0" falsecount="2"/>
      <line num="383" count="0" type="stmt"/>
      <line num="391" count="0" type="stmt"/>
      <line num="393" count="0" type="stmt"/>
      <line num="396" count="0" type="cond" truecount="0" falsecount="2"/>
      <line num="397" count="0" type="stmt"/>
      <line num="400" count="0" type="cond" truecount="0" falsecount="2"/>
      <line num="401" count="0" type="stmt"/>
      <line num="403" count="0" type="stmt"/>
      <line num="416" count="0" type="stmt"/>
      <line num="425" count="0" type="stmt"/>
      <line num="434" count="1" type="stmt"/>
      <line num="435" count="0" type="stmt"/>
      <line num="437" count="0" type="cond" truecount="0" falsecount="2"/>
      <line num="438" count="0" type="stmt"/>
      <line num="444" count="0" type="stmt"/>
      <line num="446" count="0" type="stmt"/>
      <line num="447" count="0" type="stmt"/>
      <line num="452" count="0" type="stmt"/>
      <line num="454" count="0" type="cond" truecount="0" falsecount="2"/>
      <line num="455" count="0" type="stmt"/>
      <line num="462" count="0" type="stmt"/>
      <line num="464" count="0" type="cond" truecount="0" falsecount="2"/>
      <line num="465" count="0" type="stmt"/>
      <line num="477" count="0" type="stmt"/>
      <line num="478" count="0" type="stmt"/>
      <line num="479" count="0" type="stmt"/>
      <line num="480" count="0" type="stmt"/>
      <line num="482" count="0" type="stmt"/>
      <line num="483" count="0" type="stmt"/>
      <line num="484" count="0" type="cond" truecount="0" falsecount="2"/>
      <line num="485" count="0" type="stmt"/>
      <line num="486" count="0" type="stmt"/>
      <line num="490" count="0" type="cond" truecount="0" falsecount="2"/>
      <line num="491" count="0" type="stmt"/>
      <line num="492" count="0" type="stmt"/>
      <line num="504" count="0" type="stmt"/>
      <line num="516" count="0" type="stmt"/>
      <line num="524" count="2" type="stmt"/>
      <line num="525" count="8" type="stmt"/>
      <line num="526" count="2" type="stmt"/>
      <line num="527" count="2" type="stmt"/>
      <line num="529" count="2" type="stmt"/>
      <line num="532" count="2" type="stmt"/>
      <line num="533" count="2" type="stmt"/>
      <line num="541" count="1" type="stmt"/>
      <line num="542" count="20" type="stmt"/>
      <line num="543" count="20" type="stmt"/>
      <line num="544" count="20" type="cond" truecount="2" falsecount="0"/>
      <line num="546" count="20" type="cond" truecount="1" falsecount="1"/>
      <line num="547" count="0" type="stmt"/>
      <line num="553" count="20" type="cond" truecount="1" falsecount="1"/>
      <line num="554" count="0" type="stmt"/>
      <line num="560" count="20" type="cond" truecount="2" falsecount="0"/>
      <line num="561" count="2" type="stmt"/>
      <line num="568" count="18" type="stmt"/>
      <line num="569" count="18" type="stmt"/>
      <line num="570" count="18" type="cond" truecount="8" falsecount="0"/>
      <line num="571" count="6" type="stmt"/>
      <line num="577" count="12" type="stmt"/>
      <line num="579" count="12" type="stmt"/>
      <line num="580" count="12" type="stmt"/>
      <line num="585" count="12" type="stmt"/>
      <line num="587" count="11" type="cond" truecount="2" falsecount="0"/>
      <line num="588" count="2" type="stmt"/>
      <line num="595" count="9" type="stmt"/>
      <line num="600" count="9" type="cond" truecount="4" falsecount="0"/>
      <line num="601" count="2" type="stmt"/>
      <line num="608" count="7" type="stmt"/>
      <line num="613" count="7" type="cond" truecount="2" falsecount="0"/>
      <line num="614" count="1" type="stmt"/>
      <line num="622" count="6" type="stmt"/>
      <line num="631" count="6" type="cond" truecount="2" falsecount="0"/>
      <line num="632" count="1" type="stmt"/>
      <line num="638" count="6" type="stmt"/>
      <line num="641" count="5" type="stmt"/>
      <line num="642" count="5" type="stmt"/>
      <line num="661" count="5" type="cond" truecount="2" falsecount="0"/>
      <line num="662" count="1" type="stmt"/>
      <line num="669" count="4" type="stmt"/>
      <line num="677" count="4" type="cond" truecount="2" falsecount="0"/>
      <line num="678" count="1" type="stmt"/>
      <line num="686" count="3" type="cond" truecount="5" falsecount="0"/>
      <line num="687" count="2" type="stmt"/>
      <line num="688" count="2" type="cond" truecount="2" falsecount="0"/>
      <line num="689" count="1" type="stmt"/>
      <line num="699" count="2" type="stmt"/>
      <line num="708" count="2" type="cond" truecount="3" falsecount="1"/>
      <line num="709" count="0" type="stmt"/>
      <line num="710" count="0" type="stmt"/>
      <line num="711" count="0" type="stmt"/>
      <line num="713" count="0" type="stmt"/>
      <line num="715" count="0" type="cond" truecount="0" falsecount="2"/>
      <line num="716" count="0" type="stmt"/>
      <line num="717" count="0" type="stmt"/>
      <line num="720" count="0" type="cond" truecount="0" falsecount="4"/>
      <line num="721" count="0" type="stmt"/>
      <line num="732" count="2" type="stmt"/>
      <line num="745" count="2" type="stmt"/>
      <line num="755" count="2" type="stmt"/>
      <line num="763" count="2" type="stmt"/>
      <line num="777" count="1" type="stmt"/>
    </file>
    <file name="kendaraanController.js" path="D:\MyTelUV2\backend\controllers\kendaraanController.js">
      <metrics statements="123" coveredstatements="75" conditionals="52" coveredconditionals="28" methods="12" coveredmethods="4"/>
      <line num="1" count="1" type="stmt"/>
      <line num="2" count="1" type="stmt"/>
      <line num="3" count="1" type="stmt"/>
      <line num="4" count="1" type="stmt"/>
      <line num="5" count="1" type="stmt"/>
      <line num="7" count="1" type="stmt"/>
      <line num="8" count="5" type="stmt"/>
      <line num="10" count="5" type="stmt"/>
      <line num="13" count="5" type="cond" truecount="1" falsecount="1"/>
      <line num="14" count="5" type="cond" truecount="1" falsecount="1"/>
      <line num="15" count="5" type="stmt"/>
      <line num="18" count="5" type="cond" truecount="4" falsecount="0"/>
      <line num="19" count="1" type="stmt"/>
      <line num="26" count="4" type="cond" truecount="2" falsecount="0"/>
      <line num="27" count="1" type="stmt"/>
      <line num="34" count="3" type="stmt"/>
      <line num="38" count="3" type="cond" truecount="2" falsecount="0"/>
      <line num="39" count="1" type="stmt"/>
      <line num="46" count="2" type="cond" truecount="2" falsecount="0"/>
      <line num="47" count="2" type="stmt"/>
      <line num="51" count="2" type="cond" truecount="1" falsecount="1"/>
      <line num="52" count="0" type="stmt"/>
      <line num="59" count="2" type="stmt"/>
      <line num="60" count="2" type="stmt"/>
      <line num="61" count="6" type="stmt"/>
      <line num="62" count="6" type="stmt"/>
      <line num="68" count="6" type="stmt"/>
      <line num="70" count="0" type="stmt"/>
      <line num="79" count="2" type="stmt"/>
      <line num="80" count="2" type="stmt"/>
      <line num="86" count="2" type="stmt"/>
      <line num="88" count="0" type="stmt"/>
      <line num="95" count="2" type="stmt"/>
      <line num="96" count="2" type="stmt"/>
      <line num="108" count="1" type="stmt"/>
      <line num="115" count="1" type="stmt"/>
      <line num="116" count="3" type="stmt"/>
      <line num="117" count="3" type="cond" truecount="1" falsecount="1"/>
      <line num="119" count="0" type="stmt"/>
      <line num="122" count="1" type="stmt"/>
      <line num="123" count="1" type="cond" truecount="1" falsecount="1"/>
      <line num="125" count="0" type="stmt"/>
      <line num="128" count="1" type="stmt"/>
      <line num="135" count="1" type="stmt"/>
      <line num="136" count="0" type="stmt"/>
      <line num="157" count="0" type="stmt"/>
      <line num="160" count="1" type="stmt"/>
      <line num="161" count="1" type="stmt"/>
      <line num="162" count="1" type="stmt"/>
      <line num="165" count="1" type="cond" truecount="1" falsecount="1"/>
      <line num="166" count="0" type="stmt"/>
      <line num="169" count="1" type="stmt"/>
      <line num="173" count="1" type="stmt"/>
      <line num="176" count="1" type="stmt"/>
      <line num="177" count="3" type="stmt"/>
      <line num="178" count="3" type="stmt"/>
      <line num="181" count="3" type="cond" truecount="2" falsecount="0"/>
      <line num="182" count="1" type="stmt"/>
      <line num="185" count="2" type="cond" truecount="2" falsecount="0"/>
      <line num="186" count="1" type="stmt"/>
      <line num="189" count="1" type="stmt"/>
      <line num="198" count="1" type="stmt"/>
      <line num="199" count="1" type="stmt"/>
      <line num="203" count="1" type="cond" truecount="1" falsecount="1"/>
      <line num="204" count="1" type="stmt"/>
      <line num="212" count="0" type="stmt"/>
      <line num="215" count="1" type="stmt"/>
      <line num="218" count="1" type="stmt"/>
      <line num="219" count="0" type="stmt"/>
      <line num="220" count="0" type="stmt"/>
      <line num="222" count="0" type="stmt"/>
      <line num="241" count="0" type="stmt"/>
      <line num="249" count="1" type="stmt"/>
      <line num="250" count="0" type="stmt"/>
      <line num="251" count="0" type="stmt"/>
      <line num="253" count="0" type="stmt"/>
      <line num="259" count="0" type="stmt"/>
      <line num="268" count="1" type="stmt"/>
      <line num="269" count="0" type="stmt"/>
      <line num="290" count="0" type="stmt"/>
      <line num="298" count="1" type="stmt"/>
      <line num="299" count="2" type="stmt"/>
      <line num="301" count="2" type="cond" truecount="4" falsecount="0"/>
      <line num="302" count="1" type="stmt"/>
      <line num="308" count="1" type="stmt"/>
      <line num="312" count="1" type="cond" truecount="1" falsecount="1"/>
      <line num="313" count="0" type="stmt"/>
      <line num="319" count="1" type="cond" truecount="1" falsecount="1"/>
      <line num="320" count="0" type="stmt"/>
      <line num="326" count="1" type="stmt"/>
      <line num="336" count="1" type="stmt"/>
      <line num="337" count="1" type="stmt"/>
      <line num="341" count="1" type="cond" truecount="1" falsecount="1"/>
      <line num="342" count="1" type="stmt"/>
      <line num="350" count="0" type="stmt"/>
      <line num="353" count="1" type="stmt"/>
      <line num="360" count="1" type="stmt"/>
      <line num="361" count="0" type="stmt"/>
      <line num="362" count="0" type="stmt"/>
      <line num="364" count="0" type="stmt"/>
      <line num="368" count="0" type="cond" truecount="0" falsecount="2"/>
      <line num="369" count="0" type="stmt"/>
      <line num="372" count="0" type="cond" truecount="0" falsecount="2"/>
      <line num="373" count="0" type="stmt"/>
      <line num="376" count="0" type="cond" truecount="0" falsecount="2"/>
      <line num="377" count="0" type="cond" truecount="0" falsecount="2"/>
      <line num="378" count="0" type="stmt"/>
      <line num="380" count="0" type="stmt"/>
      <line num="386" count="0" type="cond" truecount="0" falsecount="2"/>
      <line num="387" count="0" type="cond" truecount="0" falsecount="2"/>
      <line num="388" count="0" type="stmt"/>
      <line num="391" count="0" type="stmt"/>
      <line num="392" count="0" type="stmt"/>
      <line num="393" count="0" type="stmt"/>
      <line num="394" count="0" type="stmt"/>
      <line num="396" count="0" type="stmt"/>
      <line num="399" count="0" type="stmt"/>
      <line num="402" count="0" type="cond" truecount="0" falsecount="2"/>
      <line num="403" count="0" type="stmt"/>
      <line num="404" count="0" type="stmt"/>
      <line num="407" count="0" type="stmt"/>
      <line num="410" count="0" type="stmt"/>
      <line num="415" count="0" type="stmt"/>
    </file>
    <file name="laporanController.js" path="D:\MyTelUV2\backend\controllers\laporanController.js">
      <metrics statements="313" coveredstatements="0" conditionals="102" coveredconditionals="0" methods="33" coveredmethods="0"/>
      <line num="1" count="0" type="stmt"/>
      <line num="2" count="0" type="stmt"/>
      <line num="3" count="0" type="stmt"/>
      <line num="4" count="0" type="stmt"/>
      <line num="5" count="0" type="stmt"/>
      <line num="6" count="0" type="stmt"/>
      <line num="11" count="0" type="cond" truecount="0" falsecount="1"/>
      <line num="12" count="0" type="stmt"/>
      <line num="13" count="0" type="cond" truecount="0" falsecount="4"/>
      <line num="14" count="0" type="stmt"/>
      <line num="15" count="0" type="stmt"/>
      <line num="16" count="0" type="stmt"/>
      <line num="18" count="0" type="stmt"/>
      <line num="24" count="0" type="stmt"/>
      <line num="25" count="0" type="cond" truecount="0" falsecount="4"/>
      <line num="26" count="0" type="stmt"/>
      <line num="27" count="0" type="cond" truecount="0" falsecount="4"/>
      <line num="28" count="0" type="stmt"/>
      <line num="30" count="0" type="stmt"/>
      <line num="36" count="0" type="stmt"/>
      <line num="54" count="0" type="cond" truecount="0" falsecount="1"/>
      <line num="55" count="0" type="stmt"/>
      <line num="56" count="0" type="stmt"/>
      <line num="57" count="0" type="stmt"/>
      <line num="58" count="0" type="stmt"/>
      <line num="61" count="0" type="stmt"/>
      <line num="62" count="0" type="stmt"/>
      <line num="63" count="0" type="stmt"/>
      <line num="66" count="0" type="cond" truecount="0" falsecount="2"/>
      <line num="67" count="0" type="stmt"/>
      <line num="70" count="0" type="stmt"/>
      <line num="75" count="0" type="stmt"/>
      <line num="80" count="0" type="stmt"/>
      <line num="87" count="0" type="stmt"/>
      <line num="88" count="0" type="stmt"/>
      <line num="89" count="0" type="stmt"/>
      <line num="94" count="0" type="stmt"/>
      <line num="97" count="0" type="stmt"/>
      <line num="98" count="0" type="stmt"/>
      <line num="99" count="0" type="stmt"/>
      <line num="101" count="0" type="stmt"/>
      <line num="104" count="0" type="stmt"/>
      <line num="105" count="0" type="stmt"/>
      <line num="109" count="0" type="stmt"/>
      <line num="112" count="0" type="stmt"/>
      <line num="118" count="0" type="cond" truecount="0" falsecount="2"/>
      <line num="119" count="0" type="stmt"/>
      <line num="125" count="0" type="stmt"/>
      <line num="131" count="0" type="cond" truecount="0" falsecount="1"/>
      <line num="132" count="0" type="stmt"/>
      <line num="133" count="0" type="stmt"/>
      <line num="134" count="0" type="stmt"/>
      <line num="135" count="0" type="stmt"/>
      <line num="138" count="0" type="stmt"/>
      <line num="139" count="0" type="stmt"/>
      <line num="144" count="0" type="stmt"/>
      <line num="147" count="0" type="stmt"/>
      <line num="152" count="0" type="stmt"/>
      <line num="156" count="0" type="stmt"/>
      <line num="157" count="0" type="stmt"/>
      <line num="163" count="0" type="cond" truecount="0" falsecount="1"/>
      <line num="164" count="0" type="stmt"/>
      <line num="165" count="0" type="stmt"/>
      <line num="166" count="0" type="cond" truecount="0" falsecount="2"/>
      <line num="167" count="0" type="stmt"/>
      <line num="168" count="0" type="stmt"/>
      <line num="169" count="0" type="stmt"/>
      <line num="171" count="0" type="stmt"/>
      <line num="177" count="0" type="stmt"/>
      <line num="178" count="0" type="stmt"/>
      <line num="180" count="0" type="stmt"/>
      <line num="181" count="0" type="stmt"/>
      <line num="184" count="0" type="stmt"/>
      <line num="185" count="0" type="stmt"/>
      <line num="187" count="0" type="stmt"/>
      <line num="190" count="0" type="stmt"/>
      <line num="191" count="0" type="stmt"/>
      <line num="195" count="0" type="stmt"/>
      <line num="198" count="0" type="stmt"/>
      <line num="204" count="0" type="stmt"/>
      <line num="210" count="0" type="stmt"/>
      <line num="216" count="0" type="stmt"/>
      <line num="217" count="0" type="stmt"/>
      <line num="218" count="0" type="stmt"/>
      <line num="219" count="0" type="stmt"/>
      <line num="222" count="0" type="stmt"/>
      <line num="234" count="0" type="cond" truecount="0" falsecount="2"/>
      <line num="235" count="0" type="stmt"/>
      <line num="239" count="0" type="cond" truecount="0" falsecount="4"/>
      <line num="240" count="0" type="stmt"/>
      <line num="244" count="0" type="stmt"/>
      <line num="256" count="0" type="stmt"/>
      <line num="257" count="0" type="stmt"/>
      <line num="258" count="0" type="stmt"/>
      <line num="262" count="0" type="stmt"/>
      <line num="263" count="0" type="stmt"/>
      <line num="264" count="0" type="cond" truecount="0" falsecount="2"/>
      <line num="268" count="0" type="stmt"/>
      <line num="271" count="0" type="stmt"/>
      <line num="272" count="0" type="stmt"/>
      <line num="274" count="0" type="stmt"/>
      <line num="277" count="0" type="stmt"/>
      <line num="281" count="0" type="stmt"/>
      <line num="284" count="0" type="stmt"/>
      <line num="291" count="0" type="stmt"/>
      <line num="292" count="0" type="stmt"/>
      <line num="293" count="0" type="cond" truecount="0" falsecount="2"/>
      <line num="294" count="0" type="cond" truecount="0" falsecount="2"/>
      <line num="296" count="0" type="stmt"/>
      <line num="306" count="0" type="stmt"/>
      <line num="312" count="0" type="stmt"/>
      <line num="321" count="0" type="stmt"/>
      <line num="323" count="0" type="stmt"/>
      <line num="326" count="0" type="cond" truecount="0" falsecount="2"/>
      <line num="327" count="0" type="cond" truecount="0" falsecount="4"/>
      <line num="328" count="0" type="stmt"/>
      <line num="329" count="0" type="cond" truecount="0" falsecount="2"/>
      <line num="330" count="0" type="stmt"/>
      <line num="337" count="0" type="stmt"/>
      <line num="339" count="0" type="stmt"/>
      <line num="345" count="0" type="stmt"/>
      <line num="346" count="0" type="stmt"/>
      <line num="347" count="0" type="stmt"/>
      <line num="348" count="0" type="stmt"/>
      <line num="351" count="0" type="stmt"/>
      <line num="359" count="0" type="cond" truecount="0" falsecount="2"/>
      <line num="360" count="0" type="stmt"/>
      <line num="363" count="0" type="cond" truecount="0" falsecount="4"/>
      <line num="364" count="0" type="stmt"/>
      <line num="368" count="0" type="stmt"/>
      <line num="384" count="0" type="stmt"/>
      <line num="385" count="0" type="stmt"/>
      <line num="386" count="0" type="stmt"/>
      <line num="390" count="0" type="stmt"/>
      <line num="392" count="0" type="stmt"/>
      <line num="393" count="0" type="stmt"/>
      <line num="395" count="0" type="stmt"/>
      <line num="397" count="0" type="stmt"/>
      <line num="400" count="0" type="stmt"/>
      <line num="403" count="0" type="cond" truecount="0" falsecount="2"/>
      <line num="405" count="0" type="stmt"/>
      <line num="406" count="0" type="stmt"/>
      <line num="407" count="0" type="stmt"/>
      <line num="410" count="0" type="stmt"/>
      <line num="411" count="0" type="stmt"/>
      <line num="413" count="0" type="stmt"/>
      <line num="414" count="0" type="stmt"/>
      <line num="420" count="0" type="stmt"/>
      <line num="421" count="0" type="stmt"/>
      <line num="422" count="0" type="stmt"/>
      <line num="423" count="0" type="cond" truecount="0" falsecount="2"/>
      <line num="424" count="0" type="cond" truecount="0" falsecount="2"/>
      <line num="427" count="0" type="stmt"/>
      <line num="428" count="0" type="cond" truecount="0" falsecount="2"/>
      <line num="429" count="0" type="stmt"/>
      <line num="431" count="0" type="stmt"/>
      <line num="434" count="0" type="stmt"/>
      <line num="441" count="0" type="stmt"/>
      <line num="442" count="0" type="stmt"/>
      <line num="443" count="0" type="stmt"/>
      <line num="445" count="0" type="stmt"/>
      <line num="454" count="0" type="stmt"/>
      <line num="456" count="0" type="stmt"/>
      <line num="459" count="0" type="cond" truecount="0" falsecount="4"/>
      <line num="460" count="0" type="stmt"/>
      <line num="461" count="0" type="cond" truecount="0" falsecount="2"/>
      <line num="462" count="0" type="stmt"/>
      <line num="463" count="0" type="cond" truecount="0" falsecount="2"/>
      <line num="464" count="0" type="stmt"/>
      <line num="469" count="0" type="cond" truecount="0" falsecount="2"/>
      <line num="470" count="0" type="stmt"/>
      <line num="471" count="0" type="cond" truecount="0" falsecount="2"/>
      <line num="472" count="0" type="stmt"/>
      <line num="473" count="0" type="cond" truecount="0" falsecount="2"/>
      <line num="474" count="0" type="stmt"/>
      <line num="476" count="0" type="stmt"/>
      <line num="483" count="0" type="stmt"/>
      <line num="484" count="0" type="stmt"/>
      <line num="485" count="0" type="stmt"/>
      <line num="486" count="0" type="stmt"/>
      <line num="487" count="0" type="stmt"/>
      <line num="490" count="0" type="stmt"/>
      <line num="492" count="0" type="stmt"/>
      <line num="498" count="0" type="stmt"/>
      <line num="499" count="0" type="stmt"/>
      <line num="500" count="0" type="stmt"/>
      <line num="501" count="0" type="stmt"/>
      <line num="504" count="0" type="stmt"/>
      <line num="516" count="0" type="cond" truecount="0" falsecount="2"/>
      <line num="517" count="0" type="stmt"/>
      <line num="520" count="0" type="cond" truecount="0" falsecount="4"/>
      <line num="521" count="0" type="stmt"/>
      <line num="525" count="0" type="stmt"/>
      <line num="536" count="0" type="stmt"/>
      <line num="537" count="0" type="stmt"/>
      <line num="540" count="0" type="stmt"/>
      <line num="541" count="0" type="stmt"/>
      <line num="542" count="0" type="stmt"/>
      <line num="544" count="0" type="stmt"/>
      <line num="547" count="0" type="stmt"/>
      <line num="548" count="0" type="stmt"/>
      <line num="549" count="0" type="stmt"/>
      <line num="552" count="0" type="stmt"/>
      <line num="553" count="0" type="stmt"/>
      <line num="554" count="0" type="stmt"/>
      <line num="555" count="0" type="stmt"/>
      <line num="558" count="0" type="stmt"/>
      <line num="559" count="0" type="stmt"/>
      <line num="560" count="0" type="stmt"/>
      <line num="563" count="0" type="stmt"/>
      <line num="564" count="0" type="stmt"/>
      <line num="567" count="0" type="stmt"/>
      <line num="570" count="0" type="stmt"/>
      <line num="571" count="0" type="stmt"/>
      <line num="572" count="0" type="stmt"/>
      <line num="573" count="0" type="stmt"/>
      <line num="574" count="0" type="stmt"/>
      <line num="575" count="0" type="stmt"/>
      <line num="579" count="0" type="stmt"/>
      <line num="580" count="0" type="stmt"/>
      <line num="581" count="0" type="cond" truecount="0" falsecount="2"/>
      <line num="582" count="0" type="cond" truecount="0" falsecount="2"/>
      <line num="586" count="0" type="stmt"/>
      <line num="595" count="0" type="stmt"/>
      <line num="596" count="0" type="cond" truecount="0" falsecount="2"/>
      <line num="597" count="0" type="stmt"/>
      <line num="598" count="0" type="stmt"/>
      <line num="600" count="0" type="stmt"/>
      <line num="601" count="0" type="stmt"/>
      <line num="604" count="0" type="stmt"/>
      <line num="605" count="0" type="stmt"/>
      <line num="610" count="0" type="stmt"/>
      <line num="619" count="0" type="stmt"/>
      <line num="620" count="0" type="stmt"/>
      <line num="621" count="0" type="stmt"/>
      <line num="622" count="0" type="stmt"/>
      <line num="625" count="0" type="stmt"/>
      <line num="626" count="0" type="stmt"/>
      <line num="628" count="0" type="stmt"/>
      <line num="634" count="0" type="stmt"/>
      <line num="635" count="0" type="stmt"/>
      <line num="636" count="0" type="stmt"/>
      <line num="637" count="0" type="stmt"/>
      <line num="640" count="0" type="stmt"/>
      <line num="648" count="0" type="cond" truecount="0" falsecount="2"/>
      <line num="649" count="0" type="stmt"/>
      <line num="652" count="0" type="cond" truecount="0" falsecount="4"/>
      <line num="653" count="0" type="stmt"/>
      <line num="657" count="0" type="stmt"/>
      <line num="672" count="0" type="stmt"/>
      <line num="673" count="0" type="stmt"/>
      <line num="676" count="0" type="stmt"/>
      <line num="677" count="0" type="stmt"/>
      <line num="678" count="0" type="stmt"/>
      <line num="680" count="0" type="stmt"/>
      <line num="683" count="0" type="stmt"/>
      <line num="684" count="0" type="stmt"/>
      <line num="685" count="0" type="stmt"/>
      <line num="688" count="0" type="stmt"/>
      <line num="689" count="0" type="stmt"/>
      <line num="690" count="0" type="stmt"/>
      <line num="691" count="0" type="stmt"/>
      <line num="694" count="0" type="stmt"/>
      <line num="695" count="0" type="stmt"/>
      <line num="696" count="0" type="stmt"/>
      <line num="697" count="0" type="stmt"/>
      <line num="700" count="0" type="stmt"/>
      <line num="703" count="0" type="stmt"/>
      <line num="704" count="0" type="stmt"/>
      <line num="705" count="0" type="stmt"/>
      <line num="706" count="0" type="stmt"/>
      <line num="708" count="0" type="stmt"/>
      <line num="711" count="0" type="stmt"/>
      <line num="712" count="0" type="stmt"/>
      <line num="713" count="0" type="stmt"/>
      <line num="714" count="0" type="stmt"/>
      <line num="715" count="0" type="stmt"/>
      <line num="716" count="0" type="stmt"/>
      <line num="720" count="0" type="stmt"/>
      <line num="721" count="0" type="stmt"/>
      <line num="723" count="0" type="stmt"/>
      <line num="724" count="0" type="stmt"/>
      <line num="725" count="0" type="stmt"/>
      <line num="726" count="0" type="cond" truecount="0" falsecount="2"/>
      <line num="727" count="0" type="cond" truecount="0" falsecount="2"/>
      <line num="730" count="0" type="cond" truecount="0" falsecount="2"/>
      <line num="731" count="0" type="stmt"/>
      <line num="733" count="0" type="stmt"/>
      <line num="736" count="0" type="stmt"/>
      <line num="737" count="0" type="stmt"/>
      <line num="738" count="0" type="cond" truecount="0" falsecount="2"/>
      <line num="739" count="0" type="stmt"/>
      <line num="740" count="0" type="cond" truecount="0" falsecount="2"/>
      <line num="741" count="0" type="stmt"/>
      <line num="743" count="0" type="stmt"/>
      <line num="747" count="0" type="stmt"/>
      <line num="748" count="0" type="cond" truecount="0" falsecount="2"/>
      <line num="749" count="0" type="stmt"/>
      <line num="750" count="0" type="stmt"/>
      <line num="751" count="0" type="cond" truecount="0" falsecount="2"/>
      <line num="752" count="0" type="stmt"/>
      <line num="753" count="0" type="stmt"/>
      <line num="755" count="0" type="stmt"/>
      <line num="756" count="0" type="stmt"/>
      <line num="759" count="0" type="stmt"/>
      <line num="760" count="0" type="stmt"/>
      <line num="765" count="0" type="stmt"/>
      <line num="770" count="0" type="stmt"/>
      <line num="771" count="0" type="stmt"/>
      <line num="772" count="0" type="stmt"/>
      <line num="775" count="0" type="stmt"/>
      <line num="776" count="0" type="stmt"/>
      <line num="778" count="0" type="stmt"/>
    </file>
    <file name="parkirController.js" path="D:\MyTelUV2\backend\controllers\parkirController.js">
      <metrics statements="208" coveredstatements="120" conditionals="143" coveredconditionals="66" methods="26" coveredmethods="14"/>
      <line num="1" count="1" type="stmt"/>
      <line num="2" count="1" type="stmt"/>
      <line num="3" count="1" type="stmt"/>
      <line num="4" count="1" type="stmt"/>
      <line num="5" count="1" type="stmt"/>
      <line num="6" count="1" type="stmt"/>
      <line num="9" count="1" type="stmt"/>
      <line num="10" count="0" type="stmt"/>
      <line num="11" count="0" type="stmt"/>
      <line num="14" count="0" type="stmt"/>
      <line num="23" count="0" type="stmt"/>
      <line num="25" count="0" type="cond" truecount="0" falsecount="2"/>
      <line num="26" count="0" type="stmt"/>
      <line num="35" count="0" type="stmt"/>
      <line num="42" count="0" type="stmt"/>
      <line num="66" count="0" type="stmt"/>
      <line num="75" count="1" type="stmt"/>
      <line num="76" count="0" type="stmt"/>
      <line num="92" count="0" type="stmt"/>
      <line num="100" count="1" type="stmt"/>
      <line num="101" count="0" type="stmt"/>
      <line num="115" count="0" type="stmt"/>
      <line num="116" count="0" type="stmt"/>
      <line num="117" count="0" type="stmt"/>
      <line num="119" count="0" type="stmt"/>
      <line num="136" count="1" type="stmt"/>
      <line num="137" count="0" type="stmt"/>
      <line num="140" count="0" type="cond" truecount="0" falsecount="4"/>
      <line num="141" count="0" type="stmt"/>
      <line num="147" count="0" type="cond" truecount="0" falsecount="4"/>
      <line num="148" count="0" type="stmt"/>
      <line num="154" count="0" type="cond" truecount="0" falsecount="4"/>
      <line num="155" count="0" type="stmt"/>
      <line num="162" count="0" type="stmt"/>
      <line num="168" count="0" type="cond" truecount="0" falsecount="2"/>
      <line num="169" count="0" type="stmt"/>
      <line num="176" count="0" type="stmt"/>
      <line num="189" count="0" type="stmt"/>
      <line num="204" count="0" type="stmt"/>
      <line num="212" count="1" type="stmt"/>
      <line num="213" count="0" type="stmt"/>
      <line num="214" count="0" type="stmt"/>
      <line num="217" count="0" type="stmt"/>
      <line num="223" count="0" type="cond" truecount="0" falsecount="2"/>
      <line num="224" count="0" type="stmt"/>
      <line num="231" count="0" type="cond" truecount="0" falsecount="2"/>
      <line num="232" count="0" type="stmt"/>
      <line num="239" count="0" type="cond" truecount="0" falsecount="2"/>
      <line num="240" count="0" type="stmt"/>
      <line num="248" count="0" type="stmt"/>
      <line num="249" count="0" type="cond" truecount="0" falsecount="6"/>
      <line num="250" count="0" type="stmt"/>
      <line num="258" count="0" type="cond" truecount="0" falsecount="2"/>
      <line num="259" count="0" type="stmt"/>
      <line num="263" count="0" type="cond" truecount="0" falsecount="2"/>
      <line num="264" count="0" type="stmt"/>
      <line num="271" count="0" type="cond" truecount="0" falsecount="6"/>
      <line num="272" count="0" type="stmt"/>
      <line num="279" count="0" type="stmt"/>
      <line num="291" count="0" type="stmt"/>
      <line num="299" count="1" type="stmt"/>
      <line num="300" count="0" type="stmt"/>
      <line num="303" count="0" type="stmt"/>
      <line num="309" count="0" type="cond" truecount="0" falsecount="2"/>
      <line num="310" count="0" type="stmt"/>
      <line num="317" count="0" type="stmt"/>
      <line num="323" count="0" type="stmt"/>
      <line num="332" count="1" type="stmt"/>
      <line num="333" count="8" type="stmt"/>
      <line num="336" count="8" type="stmt"/>
      <line num="337" count="8" type="stmt"/>
      <line num="338" count="8" type="stmt"/>
      <line num="341" count="8" type="stmt"/>
      <line num="342" count="8" type="cond" truecount="1" falsecount="1"/>
      <line num="343" count="8" type="cond" truecount="1" falsecount="1"/>
      <line num="346" count="8" type="stmt"/>
      <line num="347" count="8" type="cond" truecount="2" falsecount="0"/>
      <line num="348" count="1" type="stmt"/>
      <line num="356" count="7" type="cond" truecount="5" falsecount="0"/>
      <line num="357" count="1" type="stmt"/>
      <line num="365" count="6" type="stmt"/>
      <line num="368" count="6" type="stmt"/>
      <line num="377" count="6" type="cond" truecount="2" falsecount="0"/>
      <line num="378" count="1" type="stmt"/>
      <line num="386" count="5" type="stmt"/>
      <line num="391" count="5" type="cond" truecount="1" falsecount="1"/>
      <line num="392" count="0" type="stmt"/>
      <line num="399" count="5" type="stmt"/>
      <line num="402" count="5" type="stmt"/>
      <line num="403" count="2" type="cond" truecount="1" falsecount="1"/>
      <line num="404" count="0" type="stmt"/>
      <line num="405" count="0" type="stmt"/>
      <line num="413" count="0" type="stmt"/>
      <line num="417" count="0" type="stmt"/>
      <line num="419" count="0" type="stmt"/>
      <line num="425" count="5" type="stmt"/>
      <line num="426" count="2" type="stmt"/>
      <line num="427" count="2" type="cond" truecount="1" falsecount="1"/>
      <line num="428" count="0" type="stmt"/>
      <line num="429" count="0" type="stmt"/>
      <line num="430" count="0" type="stmt"/>
      <line num="438" count="0" type="stmt"/>
      <line num="445" count="0" type="stmt"/>
      <line num="447" count="0" type="stmt"/>
      <line num="448" count="0" type="stmt"/>
      <line num="451" count="2" type="stmt"/>
      <line num="456" count="5" type="cond" truecount="2" falsecount="0"/>
      <line num="458" count="3" type="stmt"/>
      <line num="463" count="3" type="cond" truecount="4" falsecount="0"/>
      <line num="464" count="1" type="stmt"/>
      <line num="472" count="2" type="stmt"/>
      <line num="473" count="2" type="stmt"/>
      <line num="481" count="2" type="cond" truecount="2" falsecount="0"/>
      <line num="482" count="1" type="stmt"/>
      <line num="489" count="1" type="stmt"/>
      <line num="501" count="1" type="stmt"/>
      <line num="502" count="1" type="stmt"/>
      <line num="504" count="1" type="stmt"/>
      <line num="507" count="1" type="cond" truecount="1" falsecount="1"/>
      <line num="508" count="1" type="stmt"/>
      <line num="513" count="0" type="stmt"/>
      <line num="517" count="1" type="stmt"/>
      <line num="518" count="1" type="cond" truecount="1" falsecount="1"/>
      <line num="519" count="0" type="stmt"/>
      <line num="526" count="1" type="stmt"/>
      <line num="538" count="2" type="cond" truecount="1" falsecount="1"/>
      <line num="540" count="2" type="stmt"/>
      <line num="548" count="2" type="cond" truecount="4" falsecount="0"/>
      <line num="549" count="1" type="stmt"/>
      <line num="557" count="1" type="stmt"/>
      <line num="575" count="1" type="stmt"/>
      <line num="576" count="1" type="stmt"/>
      <line num="579" count="1" type="cond" truecount="1" falsecount="1"/>
      <line num="580" count="1" type="stmt"/>
      <line num="585" count="0" type="stmt"/>
      <line num="589" count="1" type="stmt"/>
      <line num="590" count="1" type="cond" truecount="1" falsecount="1"/>
      <line num="591" count="0" type="stmt"/>
      <line num="592" count="0" type="stmt"/>
      <line num="599" count="1" type="stmt"/>
      <line num="611" count="0" type="stmt"/>
      <line num="619" count="1" type="stmt"/>
      <line num="620" count="0" type="stmt"/>
      <line num="621" count="0" type="stmt"/>
      <line num="625" count="0" type="stmt"/>
      <line num="637" count="0" type="cond" truecount="0" falsecount="2"/>
      <line num="639" count="0" type="stmt"/>
      <line num="645" count="0" type="stmt"/>
      <line num="646" count="0" type="cond" truecount="0" falsecount="2"/>
      <line num="648" count="0" type="stmt"/>
      <line num="652" count="0" type="cond" truecount="0" falsecount="2"/>
      <line num="653" count="0" type="stmt"/>
      <line num="661" count="0" type="stmt"/>
      <line num="670" count="1" type="stmt"/>
      <line num="671" count="2" type="stmt"/>
      <line num="673" count="2" type="stmt"/>
      <line num="674" count="2" type="cond" truecount="2" falsecount="0"/>
      <line num="675" count="2" type="cond" truecount="4" falsecount="0"/>
      <line num="676" count="1" type="stmt"/>
      <line num="677" count="1" type="cond" truecount="1" falsecount="1"/>
      <line num="678" count="1" type="cond" truecount="1" falsecount="1"/>
      <line num="681" count="2" type="stmt"/>
      <line num="691" count="2" type="cond" truecount="2" falsecount="0"/>
      <line num="692" count="1" type="stmt"/>
      <line num="698" count="1" type="stmt"/>
      <line num="700" count="1" type="stmt"/>
      <line num="702" count="1" type="cond" truecount="1" falsecount="1"/>
      <line num="703" count="1" type="cond" truecount="1" falsecount="1"/>
      <line num="704" count="1" type="cond" truecount="1" falsecount="1"/>
      <line num="705" count="1" type="cond" truecount="1" falsecount="1"/>
      <line num="706" count="1" type="cond" truecount="1" falsecount="1"/>
      <line num="707" count="1" type="cond" truecount="1" falsecount="1"/>
      <line num="708" count="1" type="cond" truecount="1" falsecount="1"/>
      <line num="709" count="1" type="cond" truecount="1" falsecount="1"/>
      <line num="712" count="1" type="stmt"/>
      <line num="713" count="1" type="stmt"/>
      <line num="715" count="1" type="stmt"/>
      <line num="716" count="1" type="stmt"/>
      <line num="717" count="1" type="stmt"/>
      <line num="718" count="1" type="stmt"/>
      <line num="723" count="1" type="stmt"/>
      <line num="724" count="4" type="stmt"/>
      <line num="725" count="4" type="stmt"/>
      <line num="726" count="4" type="stmt"/>
      <line num="728" count="4" type="cond" truecount="4" falsecount="0"/>
      <line num="729" count="1" type="stmt"/>
      <line num="735" count="3" type="stmt"/>
      <line num="736" count="3" type="stmt"/>
      <line num="739" count="3" type="stmt"/>
      <line num="743" count="3" type="cond" truecount="1" falsecount="1"/>
      <line num="744" count="0" type="stmt"/>
      <line num="746" count="3" type="stmt"/>
      <line num="749" count="3" type="stmt"/>
      <line num="754" count="3" type="cond" truecount="2" falsecount="0"/>
      <line num="755" count="1" type="stmt"/>
      <line num="761" count="2" type="cond" truecount="2" falsecount="0"/>
      <line num="762" count="1" type="stmt"/>
      <line num="768" count="1" type="cond" truecount="1" falsecount="1"/>
      <line num="769" count="0" type="stmt"/>
      <line num="774" count="1" type="cond" truecount="1" falsecount="1"/>
      <line num="775" count="1" type="stmt"/>
      <line num="780" count="0" type="stmt"/>
      <line num="786" count="2" type="stmt"/>
      <line num="798" count="2" type="stmt"/>
      <line num="799" count="2" type="cond" truecount="1" falsecount="1"/>
      <line num="800" count="2" type="stmt"/>
      <line num="803" count="2" type="stmt"/>
      <line num="810" count="2" type="stmt"/>
    </file>
    <file name="postController.js" path="D:\MyTelUV2\backend\controllers\postController.js">
      <metrics statements="160" coveredstatements="78" conditionals="100" coveredconditionals="35" methods="19" coveredmethods="8"/>
      <line num="1" count="1" type="stmt"/>
      <line num="2" count="1" type="stmt"/>
      <line num="3" count="1" type="stmt"/>
      <line num="4" count="1" type="stmt"/>
      <line num="5" count="1" type="stmt"/>
      <line num="6" count="1" type="stmt"/>
      <line num="11" count="1" type="stmt"/>
      <line num="12" count="1" type="stmt"/>
      <line num="13" count="1" type="stmt"/>
      <line num="15" count="1" type="stmt"/>
      <line num="49" count="2" type="stmt"/>
      <line num="51" count="1" type="stmt"/>
      <line num="58" count="1" type="stmt"/>
      <line num="66" count="1" type="stmt"/>
      <line num="67" count="0" type="stmt"/>
      <line num="68" count="0" type="stmt"/>
      <line num="70" count="0" type="stmt"/>
      <line num="109" count="0" type="cond" truecount="0" falsecount="2"/>
      <line num="110" count="0" type="stmt"/>
      <line num="116" count="0" type="stmt"/>
      <line num="120" count="0" type="stmt"/>
      <line num="130" count="1" type="stmt"/>
      <line num="131" count="2" type="stmt"/>
      <line num="132" count="2" type="stmt"/>
      <line num="134" count="2" type="cond" truecount="4" falsecount="0"/>
      <line num="135" count="1" type="stmt"/>
      <line num="142" count="1" type="stmt"/>
      <line num="143" count="1" type="cond" truecount="1" falsecount="1"/>
      <line num="144" count="0" type="stmt"/>
      <line num="151" count="1" type="stmt"/>
      <line num="152" count="1" type="cond" truecount="3" falsecount="1"/>
      <line num="153" count="1" type="cond" truecount="1" falsecount="1"/>
      <line num="155" count="1" type="stmt"/>
      <line num="156" count="1" type="stmt"/>
      <line num="157" count="1" type="stmt"/>
      <line num="163" count="1" type="stmt"/>
      <line num="165" count="0" type="stmt"/>
      <line num="173" count="1" type="stmt"/>
      <line num="194" count="1" type="stmt"/>
      <line num="207" count="1" type="stmt"/>
      <line num="208" count="0" type="stmt"/>
      <line num="209" count="0" type="stmt"/>
      <line num="210" count="0" type="stmt"/>
      <line num="212" count="0" type="stmt"/>
      <line num="219" count="0" type="cond" truecount="0" falsecount="2"/>
      <line num="220" count="0" type="stmt"/>
      <line num="226" count="0" type="cond" truecount="0" falsecount="2"/>
      <line num="227" count="0" type="stmt"/>
      <line num="234" count="0" type="cond" truecount="0" falsecount="4"/>
      <line num="235" count="0" type="stmt"/>
      <line num="236" count="0" type="cond" truecount="0" falsecount="2"/>
      <line num="237" count="0" type="stmt"/>
      <line num="245" count="0" type="stmt"/>
      <line num="246" count="0" type="stmt"/>
      <line num="248" count="0" type="cond" truecount="0" falsecount="2"/>
      <line num="249" count="0" type="stmt"/>
      <line num="250" count="0" type="stmt"/>
      <line num="251" count="0" type="cond" truecount="0" falsecount="2"/>
      <line num="252" count="0" type="stmt"/>
      <line num="254" count="0" type="stmt"/>
      <line num="255" count="0" type="stmt"/>
      <line num="256" count="0" type="cond" truecount="0" falsecount="2"/>
      <line num="257" count="0" type="stmt"/>
      <line num="260" count="0" type="stmt"/>
      <line num="264" count="0" type="stmt"/>
      <line num="265" count="0" type="cond" truecount="0" falsecount="2"/>
      <line num="266" count="0" type="stmt"/>
      <line num="267" count="0" type="cond" truecount="0" falsecount="2"/>
      <line num="268" count="0" type="stmt"/>
      <line num="271" count="0" type="stmt"/>
      <line num="275" count="0" type="stmt"/>
      <line num="279" count="0" type="cond" truecount="0" falsecount="4"/>
      <line num="280" count="0" type="stmt"/>
      <line num="281" count="0" type="cond" truecount="0" falsecount="2"/>
      <line num="283" count="0" type="stmt"/>
      <line num="284" count="0" type="stmt"/>
      <line num="285" count="0" type="stmt"/>
      <line num="291" count="0" type="stmt"/>
      <line num="293" count="0" type="stmt"/>
      <line num="301" count="0" type="stmt"/>
      <line num="322" count="0" type="stmt"/>
      <line num="330" count="1" type="stmt"/>
      <line num="331" count="2" type="stmt"/>
      <line num="332" count="2" type="stmt"/>
      <line num="333" count="2" type="stmt"/>
      <line num="335" count="2" type="stmt"/>
      <line num="342" count="2" type="cond" truecount="1" falsecount="1"/>
      <line num="343" count="0" type="stmt"/>
      <line num="350" count="2" type="cond" truecount="4" falsecount="0"/>
      <line num="351" count="1" type="stmt"/>
      <line num="358" count="1" type="cond" truecount="3" falsecount="1"/>
      <line num="359" count="1" type="stmt"/>
      <line num="360" count="1" type="cond" truecount="1" falsecount="1"/>
      <line num="361" count="1" type="stmt"/>
      <line num="366" count="1" type="stmt"/>
      <line num="371" count="1" type="stmt"/>
      <line num="380" count="1" type="stmt"/>
      <line num="381" count="2" type="stmt"/>
      <line num="382" count="2" type="stmt"/>
      <line num="384" count="2" type="stmt"/>
      <line num="391" count="2" type="cond" truecount="1" falsecount="1"/>
      <line num="392" count="0" type="stmt"/>
      <line num="399" count="2" type="stmt"/>
      <line num="409" count="2" type="cond" truecount="2" falsecount="0"/>
      <line num="411" count="1" type="stmt"/>
      <line num="414" count="1" type="stmt"/>
      <line num="417" count="1" type="stmt"/>
      <line num="423" count="1" type="stmt"/>
      <line num="426" count="1" type="cond" truecount="1" falsecount="1"/>
      <line num="428" count="1" type="stmt"/>
      <line num="430" count="1" type="cond" truecount="1" falsecount="1"/>
      <line num="431" count="1" type="stmt"/>
      <line num="432" count="0" type="stmt"/>
      <line num="435" count="0" type="stmt"/>
      <line num="440" count="2" type="stmt"/>
      <line num="444" count="2" type="stmt"/>
      <line num="457" count="1" type="stmt"/>
      <line num="458" count="0" type="stmt"/>
      <line num="459" count="0" type="cond" truecount="0" falsecount="2"/>
      <line num="460" count="0" type="stmt"/>
      <line num="462" count="0" type="stmt"/>
      <line num="469" count="0" type="cond" truecount="0" falsecount="2"/>
      <line num="470" count="0" type="stmt"/>
      <line num="476" count="0" type="stmt"/>
      <line num="503" count="0" type="stmt"/>
      <line num="516" count="1" type="stmt"/>
      <line num="517" count="1" type="stmt"/>
      <line num="518" count="1" type="stmt"/>
      <line num="519" count="1" type="stmt"/>
      <line num="521" count="1" type="cond" truecount="3" falsecount="1"/>
      <line num="522" count="0" type="stmt"/>
      <line num="529" count="1" type="stmt"/>
      <line num="530" count="1" type="cond" truecount="1" falsecount="1"/>
      <line num="531" count="0" type="stmt"/>
      <line num="537" count="1" type="stmt"/>
      <line num="544" count="1" type="cond" truecount="1" falsecount="1"/>
      <line num="545" count="0" type="stmt"/>
      <line num="551" count="1" type="stmt"/>
      <line num="569" count="1" type="cond" truecount="1" falsecount="1"/>
      <line num="570" count="1" type="stmt"/>
      <line num="571" count="0" type="stmt"/>
      <line num="574" count="1" type="stmt"/>
      <line num="582" count="1" type="stmt"/>
      <line num="583" count="0" type="stmt"/>
      <line num="584" count="0" type="stmt"/>
      <line num="585" count="0" type="stmt"/>
      <line num="587" count="0" type="stmt"/>
      <line num="595" count="0" type="cond" truecount="0" falsecount="2"/>
      <line num="596" count="0" type="stmt"/>
      <line num="603" count="0" type="cond" truecount="0" falsecount="4"/>
      <line num="604" count="0" type="stmt"/>
      <line num="610" count="0" type="stmt"/>
      <line num="615" count="0" type="stmt"/>
      <line num="622" count="1" type="stmt"/>
      <line num="623" count="0" type="stmt"/>
      <line num="624" count="0" type="cond" truecount="0" falsecount="2"/>
      <line num="625" count="0" type="stmt"/>
      <line num="627" count="0" type="stmt"/>
      <line num="661" count="0" type="stmt"/>
      <line num="668" count="0" type="stmt"/>
    </file>
  </project>
</coverage>
