{"D:\\MyTelUV2\\backend\\controllers\\akademikController.js": {"path":"D:\\MyTelUV2\\backend\\controllers\\akademikController.js","statementMap":{"0":{"start":{"line":1,"column":21},"end":{"line":1,"column":53}},"1":{"start":{"line":2,"column":15},"end":{"line":2,"column":41}},"2":{"start":{"line":3,"column":19},"end":{"line":3,"column":49}},"3":{"start":{"line":4,"column":99},"end":{"line":4,"column":134}},"4":{"start":{"line":7,"column":0},"end":{"line":37,"column":3}},"5":{"start":{"line":8,"column":49},"end":{"line":8,"column":57}},"6":{"start":{"line":11,"column":31},"end":{"line":16,"column":6}},"7":{"start":{"line":18,"column":4},"end":{"line":23,"column":5}},"8":{"start":{"line":19,"column":8},"end":{"line":22,"column":11}},"9":{"start":{"line":25,"column":23},"end":{"line":30,"column":6}},"10":{"start":{"line":32,"column":4},"end":{"line":36,"column":7}},"11":{"start":{"line":39,"column":0},"end":{"line":78,"column":3}},"12":{"start":{"line":40,"column":23},"end":{"line":40,"column":32}},"13":{"start":{"line":41,"column":34},"end":{"line":41,"column":60}},"14":{"start":{"line":43,"column":18},"end":{"line":43,"column":37}},"15":{"start":{"line":46,"column":4},"end":{"line":51,"column":5}},"16":{"start":{"line":47,"column":8},"end":{"line":50,"column":10}},"17":{"start":{"line":53,"column":32},"end":{"line":71,"column":6}},"18":{"start":{"line":73,"column":4},"end":{"line":77,"column":7}},"19":{"start":{"line":80,"column":0},"end":{"line":115,"column":3}},"20":{"start":{"line":81,"column":19},"end":{"line":81,"column":29}},"21":{"start":{"line":83,"column":23},"end":{"line":102,"column":6}},"22":{"start":{"line":104,"column":4},"end":{"line":109,"column":5}},"23":{"start":{"line":105,"column":8},"end":{"line":108,"column":11}},"24":{"start":{"line":111,"column":4},"end":{"line":114,"column":7}},"25":{"start":{"line":117,"column":0},"end":{"line":166,"column":3}},"26":{"start":{"line":118,"column":19},"end":{"line":118,"column":29}},"27":{"start":{"line":119,"column":49},"end":{"line":119,"column":57}},"28":{"start":{"line":121,"column":23},"end":{"line":126,"column":6}},"29":{"start":{"line":128,"column":4},"end":{"line":133,"column":5}},"30":{"start":{"line":129,"column":8},"end":{"line":132,"column":11}},"31":{"start":{"line":136,"column":4},"end":{"line":151,"column":5}},"32":{"start":{"line":137,"column":29},"end":{"line":143,"column":10}},"33":{"start":{"line":145,"column":8},"end":{"line":150,"column":9}},"34":{"start":{"line":146,"column":12},"end":{"line":149,"column":15}},"35":{"start":{"line":153,"column":30},"end":{"line":159,"column":6}},"36":{"start":{"line":161,"column":4},"end":{"line":165,"column":7}},"37":{"start":{"line":168,"column":0},"end":{"line":207,"column":3}},"38":{"start":{"line":169,"column":19},"end":{"line":169,"column":29}},"39":{"start":{"line":171,"column":23},"end":{"line":181,"column":6}},"40":{"start":{"line":183,"column":4},"end":{"line":188,"column":5}},"41":{"start":{"line":184,"column":8},"end":{"line":187,"column":11}},"42":{"start":{"line":191,"column":4},"end":{"line":196,"column":5}},"43":{"start":{"line":192,"column":8},"end":{"line":195,"column":11}},"44":{"start":{"line":198,"column":4},"end":{"line":201,"column":7}},"45":{"start":{"line":203,"column":4},"end":{"line":206,"column":7}},"46":{"start":{"line":211,"column":0},"end":{"line":326,"column":3}},"47":{"start":{"line":212,"column":86},"end":{"line":212,"column":94}},"48":{"start":{"line":215,"column":23},"end":{"line":220,"column":6}},"49":{"start":{"line":222,"column":4},"end":{"line":227,"column":5}},"50":{"start":{"line":223,"column":8},"end":{"line":226,"column":11}},"51":{"start":{"line":230,"column":18},"end":{"line":236,"column":6}},"52":{"start":{"line":238,"column":4},"end":{"line":243,"column":5}},"53":{"start":{"line":239,"column":8},"end":{"line":242,"column":11}},"54":{"start":{"line":246,"column":4},"end":{"line":251,"column":5}},"55":{"start":{"line":247,"column":8},"end":{"line":250,"column":11}},"56":{"start":{"line":254,"column":22},"end":{"line":254,"column":68}},"57":{"start":{"line":255,"column":4},"end":{"line":260,"column":5}},"58":{"start":{"line":256,"column":8},"end":{"line":259,"column":11}},"59":{"start":{"line":263,"column":29},"end":{"line":273,"column":5}},"60":{"start":{"line":275,"column":4},"end":{"line":280,"column":5}},"61":{"start":{"line":276,"column":8},"end":{"line":279,"column":11}},"62":{"start":{"line":283,"column":27},"end":{"line":285,"column":6}},"63":{"start":{"line":286,"column":29},"end":{"line":286,"column":79}},"64":{"start":{"line":287,"column":28},"end":{"line":287,"column":82}},"65":{"start":{"line":289,"column":25},"end":{"line":304,"column":5}},"66":{"start":{"line":307,"column":25},"end":{"line":319,"column":6}},"67":{"start":{"line":321,"column":4},"end":{"line":325,"column":7}},"68":{"start":{"line":328,"column":0},"end":{"line":370,"column":3}},"69":{"start":{"line":329,"column":49},"end":{"line":329,"column":58}},"70":{"start":{"line":330,"column":34},"end":{"line":330,"column":60}},"71":{"start":{"line":332,"column":18},"end":{"line":332,"column":37}},"72":{"start":{"line":334,"column":4},"end":{"line":334,"column":69}},"73":{"start":{"line":334,"column":23},"end":{"line":334,"column":69}},"74":{"start":{"line":335,"column":4},"end":{"line":335,"column":54}},"75":{"start":{"line":335,"column":18},"end":{"line":335,"column":54}},"76":{"start":{"line":336,"column":4},"end":{"line":336,"column":76}},"77":{"start":{"line":336,"column":17},"end":{"line":336,"column":76}},"78":{"start":{"line":338,"column":27},"end":{"line":363,"column":6}},"79":{"start":{"line":365,"column":4},"end":{"line":369,"column":7}},"80":{"start":{"line":373,"column":0},"end":{"line":648,"column":3}},"81":{"start":{"line":374,"column":19},"end":{"line":374,"column":35}},"82":{"start":{"line":375,"column":21},"end":{"line":375,"column":34}},"83":{"start":{"line":378,"column":16},"end":{"line":378,"column":26}},"84":{"start":{"line":379,"column":23},"end":{"line":379,"column":60}},"85":{"start":{"line":380,"column":24},"end":{"line":380,"column":54}},"86":{"start":{"line":383,"column":23},"end":{"line":383,"column":36}},"87":{"start":{"line":384,"column":4},"end":{"line":384,"column":36}},"88":{"start":{"line":385,"column":21},"end":{"line":385,"column":34}},"89":{"start":{"line":386,"column":4},"end":{"line":386,"column":39}},"90":{"start":{"line":388,"column":29},"end":{"line":398,"column":6}},"91":{"start":{"line":400,"column":30},"end":{"line":400,"column":67}},"92":{"start":{"line":400,"column":56},"end":{"line":400,"column":66}},"93":{"start":{"line":402,"column":4},"end":{"line":402,"column":95}},"94":{"start":{"line":403,"column":4},"end":{"line":403,"column":100}},"95":{"start":{"line":406,"column":22},"end":{"line":412,"column":5}},"96":{"start":{"line":417,"column":23},"end":{"line":417,"column":25}},"97":{"start":{"line":418,"column":4},"end":{"line":427,"column":5}},"98":{"start":{"line":419,"column":8},"end":{"line":424,"column":10}},"99":{"start":{"line":425,"column":11},"end":{"line":427,"column":5}},"100":{"start":{"line":426,"column":8},"end":{"line":426,"column":37}},"101":{"start":{"line":430,"column":4},"end":{"line":430,"column":43}},"102":{"start":{"line":433,"column":21},"end":{"line":487,"column":6}},"103":{"start":{"line":490,"column":21},"end":{"line":490,"column":50}},"104":{"start":{"line":490,"column":39},"end":{"line":490,"column":49}},"105":{"start":{"line":491,"column":19},"end":{"line":491,"column":21}},"106":{"start":{"line":492,"column":4},"end":{"line":498,"column":5}},"107":{"start":{"line":493,"column":8},"end":{"line":497,"column":10}},"108":{"start":{"line":500,"column":20},"end":{"line":500,"column":29}},"109":{"start":{"line":501,"column":4},"end":{"line":507,"column":7}},"110":{"start":{"line":503,"column":8},"end":{"line":506,"column":11}},"111":{"start":{"line":510,"column":29},"end":{"line":603,"column":6}},"112":{"start":{"line":511,"column":33},"end":{"line":511,"column":74}},"113":{"start":{"line":517,"column":23},"end":{"line":517,"column":27}},"114":{"start":{"line":518,"column":8},"end":{"line":540,"column":9}},"115":{"start":{"line":531,"column":12},"end":{"line":539,"column":13}},"116":{"start":{"line":532,"column":36},"end":{"line":532,"column":88}},"117":{"start":{"line":533,"column":37},"end":{"line":533,"column":116}},"118":{"start":{"line":535,"column":16},"end":{"line":538,"column":17}},"119":{"start":{"line":536,"column":20},"end":{"line":536,"column":33}},"120":{"start":{"line":537,"column":20},"end":{"line":537,"column":26}},"121":{"start":{"line":542,"column":28},"end":{"line":542,"column":38}},"122":{"start":{"line":543,"column":25},"end":{"line":543,"column":54}},"123":{"start":{"line":548,"column":30},"end":{"line":548,"column":63}},"124":{"start":{"line":549,"column":33},"end":{"line":549,"column":72}},"125":{"start":{"line":550,"column":29},"end":{"line":550,"column":38}},"126":{"start":{"line":553,"column":8},"end":{"line":581,"column":9}},"127":{"start":{"line":554,"column":33},"end":{"line":554,"column":93}},"128":{"start":{"line":555,"column":12},"end":{"line":580,"column":13}},"129":{"start":{"line":557,"column":16},"end":{"line":557,"column":89}},"130":{"start":{"line":557,"column":46},"end":{"line":557,"column":89}},"131":{"start":{"line":579,"column":16},"end":{"line":579,"column":84}},"132":{"start":{"line":579,"column":44},"end":{"line":579,"column":84}},"133":{"start":{"line":583,"column":8},"end":{"line":602,"column":10}},"134":{"start":{"line":612,"column":24},"end":{"line":633,"column":6}},"135":{"start":{"line":613,"column":8},"end":{"line":616,"column":9}},"136":{"start":{"line":615,"column":12},"end":{"line":615,"column":41}},"137":{"start":{"line":618,"column":18},"end":{"line":618,"column":28}},"138":{"start":{"line":619,"column":28},"end":{"line":619,"column":80}},"139":{"start":{"line":620,"column":29},"end":{"line":620,"column":108}},"140":{"start":{"line":622,"column":8},"end":{"line":632,"column":9}},"141":{"start":{"line":624,"column":12},"end":{"line":624,"column":66}},"142":{"start":{"line":624,"column":53},"end":{"line":624,"column":66}},"143":{"start":{"line":625,"column":12},"end":{"line":625,"column":73}},"144":{"start":{"line":625,"column":60},"end":{"line":625,"column":73}},"145":{"start":{"line":626,"column":12},"end":{"line":626,"column":24}},"146":{"start":{"line":630,"column":12},"end":{"line":630,"column":73}},"147":{"start":{"line":630,"column":61},"end":{"line":630,"column":73}},"148":{"start":{"line":631,"column":12},"end":{"line":631,"column":25}},"149":{"start":{"line":635,"column":21},"end":{"line":635,"column":89}},"150":{"start":{"line":637,"column":4},"end":{"line":647,"column":7}},"151":{"start":{"line":650,"column":0},"end":{"line":687,"column":3}},"152":{"start":{"line":651,"column":21},"end":{"line":651,"column":37}},"153":{"start":{"line":653,"column":18},"end":{"line":681,"column":6}},"154":{"start":{"line":683,"column":4},"end":{"line":686,"column":7}},"155":{"start":{"line":689,"column":0},"end":{"line":740,"column":3}},"156":{"start":{"line":690,"column":19},"end":{"line":690,"column":29}},"157":{"start":{"line":692,"column":18},"end":{"line":719,"column":6}},"158":{"start":{"line":721,"column":4},"end":{"line":726,"column":5}},"159":{"start":{"line":722,"column":8},"end":{"line":725,"column":11}},"160":{"start":{"line":729,"column":4},"end":{"line":734,"column":5}},"161":{"start":{"line":730,"column":8},"end":{"line":733,"column":11}},"162":{"start":{"line":736,"column":4},"end":{"line":739,"column":7}},"163":{"start":{"line":742,"column":0},"end":{"line":901,"column":3}},"164":{"start":{"line":743,"column":19},"end":{"line":743,"column":29}},"165":{"start":{"line":744,"column":92},"end":{"line":744,"column":100}},"166":{"start":{"line":746,"column":18},"end":{"line":751,"column":6}},"167":{"start":{"line":753,"column":4},"end":{"line":758,"column":5}},"168":{"start":{"line":754,"column":8},"end":{"line":757,"column":11}},"169":{"start":{"line":761,"column":4},"end":{"line":766,"column":5}},"170":{"start":{"line":762,"column":8},"end":{"line":765,"column":11}},"171":{"start":{"line":769,"column":4},"end":{"line":783,"column":5}},"172":{"start":{"line":770,"column":27},"end":{"line":775,"column":10}},"173":{"start":{"line":777,"column":8},"end":{"line":782,"column":9}},"174":{"start":{"line":778,"column":12},"end":{"line":781,"column":15}},"175":{"start":{"line":786,"column":4},"end":{"line":801,"column":5}},"176":{"start":{"line":787,"column":22},"end":{"line":793,"column":10}},"177":{"start":{"line":795,"column":8},"end":{"line":800,"column":9}},"178":{"start":{"line":796,"column":12},"end":{"line":799,"column":15}},"179":{"start":{"line":804,"column":22},"end":{"line":804,"column":68}},"180":{"start":{"line":805,"column":4},"end":{"line":810,"column":5}},"181":{"start":{"line":806,"column":8},"end":{"line":809,"column":11}},"182":{"start":{"line":813,"column":23},"end":{"line":813,"column":25}},"183":{"start":{"line":814,"column":4},"end":{"line":814,"column":74}},"184":{"start":{"line":814,"column":23},"end":{"line":814,"column":74}},"185":{"start":{"line":815,"column":4},"end":{"line":815,"column":59}},"186":{"start":{"line":815,"column":18},"end":{"line":815,"column":59}},"187":{"start":{"line":816,"column":4},"end":{"line":816,"column":62}},"188":{"start":{"line":816,"column":20},"end":{"line":816,"column":62}},"189":{"start":{"line":817,"column":4},"end":{"line":817,"column":53}},"190":{"start":{"line":817,"column":17},"end":{"line":817,"column":53}},"191":{"start":{"line":818,"column":4},"end":{"line":818,"column":47}},"192":{"start":{"line":818,"column":14},"end":{"line":818,"column":47}},"193":{"start":{"line":821,"column":4},"end":{"line":846,"column":5}},"194":{"start":{"line":822,"column":28},"end":{"line":822,"column":45}},"195":{"start":{"line":823,"column":31},"end":{"line":823,"column":51}},"196":{"start":{"line":824,"column":30},"end":{"line":824,"column":76}},"197":{"start":{"line":827,"column":33},"end":{"line":838,"column":9}},"198":{"start":{"line":840,"column":8},"end":{"line":845,"column":9}},"199":{"start":{"line":841,"column":12},"end":{"line":844,"column":15}},"200":{"start":{"line":849,"column":4},"end":{"line":871,"column":5}},"201":{"start":{"line":850,"column":8},"end":{"line":856,"column":10}},"202":{"start":{"line":857,"column":11},"end":{"line":871,"column":5}},"203":{"start":{"line":858,"column":8},"end":{"line":863,"column":10}},"204":{"start":{"line":864,"column":11},"end":{"line":871,"column":5}},"205":{"start":{"line":865,"column":8},"end":{"line":870,"column":10}},"206":{"start":{"line":874,"column":4},"end":{"line":879,"column":5}},"207":{"start":{"line":875,"column":8},"end":{"line":878,"column":11}},"208":{"start":{"line":882,"column":25},"end":{"line":894,"column":6}},"209":{"start":{"line":896,"column":4},"end":{"line":900,"column":7}},"210":{"start":{"line":903,"column":0},"end":{"line":926,"column":3}},"211":{"start":{"line":905,"column":4},"end":{"line":910,"column":5}},"212":{"start":{"line":906,"column":8},"end":{"line":909,"column":11}},"213":{"start":{"line":913,"column":19},"end":{"line":917,"column":5}},"214":{"start":{"line":919,"column":4},"end":{"line":925,"column":7}},"215":{"start":{"line":928,"column":0},"end":{"line":972,"column":3}},"216":{"start":{"line":929,"column":19},"end":{"line":929,"column":29}},"217":{"start":{"line":931,"column":18},"end":{"line":936,"column":6}},"218":{"start":{"line":938,"column":4},"end":{"line":943,"column":5}},"219":{"start":{"line":939,"column":8},"end":{"line":942,"column":11}},"220":{"start":{"line":946,"column":4},"end":{"line":951,"column":5}},"221":{"start":{"line":947,"column":8},"end":{"line":950,"column":11}},"222":{"start":{"line":954,"column":4},"end":{"line":966,"column":7}},"223":{"start":{"line":968,"column":4},"end":{"line":971,"column":7}},"224":{"start":{"line":976,"column":0},"end":{"line":1136,"column":3}},"225":{"start":{"line":977,"column":25},"end":{"line":977,"column":33}},"226":{"start":{"line":978,"column":25},"end":{"line":978,"column":41}},"227":{"start":{"line":981,"column":18},"end":{"line":989,"column":6}},"228":{"start":{"line":991,"column":4},"end":{"line":996,"column":5}},"229":{"start":{"line":992,"column":8},"end":{"line":995,"column":11}},"230":{"start":{"line":999,"column":33},"end":{"line":1004,"column":6}},"231":{"start":{"line":1006,"column":4},"end":{"line":1011,"column":5}},"232":{"start":{"line":1007,"column":8},"end":{"line":1010,"column":11}},"233":{"start":{"line":1014,"column":4},"end":{"line":1048,"column":5}},"234":{"start":{"line":1016,"column":31},"end":{"line":1020,"column":9}},"235":{"start":{"line":1021,"column":31},"end":{"line":1021,"column":59}},"236":{"start":{"line":1022,"column":34},"end":{"line":1022,"column":65}},"237":{"start":{"line":1024,"column":8},"end":{"line":1047,"column":9}},"238":{"start":{"line":1025,"column":39},"end":{"line":1039,"column":13}},"239":{"start":{"line":1041,"column":12},"end":{"line":1046,"column":13}},"240":{"start":{"line":1042,"column":16},"end":{"line":1045,"column":19}},"241":{"start":{"line":1051,"column":28},"end":{"line":1058,"column":6}},"242":{"start":{"line":1061,"column":4},"end":{"line":1066,"column":5}},"243":{"start":{"line":1062,"column":8},"end":{"line":1065,"column":11}},"244":{"start":{"line":1069,"column":4},"end":{"line":1108,"column":5}},"245":{"start":{"line":1070,"column":25},"end":{"line":1078,"column":10}},"246":{"start":{"line":1081,"column":37},"end":{"line":1101,"column":10}},"247":{"start":{"line":1103,"column":8},"end":{"line":1107,"column":11}},"248":{"start":{"line":1111,"column":20},"end":{"line":1129,"column":6}},"249":{"start":{"line":1131,"column":4},"end":{"line":1135,"column":7}},"250":{"start":{"line":1138,"column":0},"end":{"line":1190,"column":3}},"251":{"start":{"line":1139,"column":19},"end":{"line":1139,"column":29}},"252":{"start":{"line":1140,"column":25},"end":{"line":1140,"column":41}},"253":{"start":{"line":1143,"column":27},"end":{"line":1148,"column":6}},"254":{"start":{"line":1150,"column":4},"end":{"line":1158,"column":5}},"255":{"start":{"line":1151,"column":20},"end":{"line":1151,"column":30}},"256":{"start":{"line":1152,"column":8},"end":{"line":1157,"column":9}},"257":{"start":{"line":1153,"column":12},"end":{"line":1156,"column":15}},"258":{"start":{"line":1160,"column":20},"end":{"line":1167,"column":6}},"259":{"start":{"line":1169,"column":4},"end":{"line":1174,"column":5}},"260":{"start":{"line":1170,"column":8},"end":{"line":1173,"column":11}},"261":{"start":{"line":1176,"column":4},"end":{"line":1184,"column":7}},"262":{"start":{"line":1186,"column":4},"end":{"line":1189,"column":7}},"263":{"start":{"line":1192,"column":0},"end":{"line":1224,"column":3}},"264":{"start":{"line":1193,"column":25},"end":{"line":1193,"column":41}},"265":{"start":{"line":1195,"column":25},"end":{"line":1218,"column":6}},"266":{"start":{"line":1220,"column":4},"end":{"line":1223,"column":7}},"267":{"start":{"line":1226,"column":0},"end":{"line":1277,"column":3}},"268":{"start":{"line":1227,"column":19},"end":{"line":1227,"column":29}},"269":{"start":{"line":1230,"column":18},"end":{"line":1235,"column":6}},"270":{"start":{"line":1237,"column":4},"end":{"line":1242,"column":5}},"271":{"start":{"line":1238,"column":8},"end":{"line":1241,"column":11}},"272":{"start":{"line":1245,"column":4},"end":{"line":1250,"column":5}},"273":{"start":{"line":1246,"column":8},"end":{"line":1249,"column":11}},"274":{"start":{"line":1252,"column":20},"end":{"line":1271,"column":6}},"275":{"start":{"line":1273,"column":4},"end":{"line":1276,"column":7}},"276":{"start":{"line":1281,"column":0},"end":{"line":1397,"column":3}},"277":{"start":{"line":1282,"column":39},"end":{"line":1282,"column":47}},"278":{"start":{"line":1285,"column":4},"end":{"line":1290,"column":5}},"279":{"start":{"line":1286,"column":8},"end":{"line":1289,"column":11}},"280":{"start":{"line":1293,"column":25},"end":{"line":1295,"column":34}},"281":{"start":{"line":1294,"column":33},"end":{"line":1294,"column":45}},"282":{"start":{"line":1297,"column":4},"end":{"line":1302,"column":5}},"283":{"start":{"line":1298,"column":8},"end":{"line":1301,"column":11}},"284":{"start":{"line":1305,"column":18},"end":{"line":1310,"column":6}},"285":{"start":{"line":1312,"column":4},"end":{"line":1317,"column":5}},"286":{"start":{"line":1313,"column":8},"end":{"line":1316,"column":11}},"287":{"start":{"line":1320,"column":32},"end":{"line":1325,"column":6}},"288":{"start":{"line":1327,"column":24},"end":{"line":1327,"column":33}},"289":{"start":{"line":1328,"column":4},"end":{"line":1328,"column":73}},"290":{"start":{"line":1328,"column":37},"end":{"line":1328,"column":71}},"291":{"start":{"line":1330,"column":21},"end":{"line":1330,"column":23}},"292":{"start":{"line":1331,"column":22},"end":{"line":1331,"column":24}},"293":{"start":{"line":1332,"column":28},"end":{"line":1332,"column":30}},"294":{"start":{"line":1334,"column":4},"end":{"line":1345,"column":5}},"295":{"start":{"line":1335,"column":27},"end":{"line":1335,"column":46}},"296":{"start":{"line":1336,"column":8},"end":{"line":1344,"column":9}},"297":{"start":{"line":1337,"column":12},"end":{"line":1341,"column":13}},"298":{"start":{"line":1338,"column":16},"end":{"line":1338,"column":35}},"299":{"start":{"line":1340,"column":16},"end":{"line":1340,"column":41}},"300":{"start":{"line":1343,"column":12},"end":{"line":1343,"column":30}},"301":{"start":{"line":1350,"column":26},"end":{"line":1357,"column":6}},"302":{"start":{"line":1359,"column":28},"end":{"line":1359,"column":70}},"303":{"start":{"line":1359,"column":59},"end":{"line":1359,"column":68}},"304":{"start":{"line":1362,"column":26},"end":{"line":1362,"column":72}},"305":{"start":{"line":1362,"column":48},"end":{"line":1362,"column":71}},"306":{"start":{"line":1363,"column":27},"end":{"line":1363,"column":74}},"307":{"start":{"line":1363,"column":50},"end":{"line":1363,"column":73}},"308":{"start":{"line":1366,"column":4},"end":{"line":1374,"column":5}},"309":{"start":{"line":1367,"column":8},"end":{"line":1373,"column":11}},"310":{"start":{"line":1377,"column":4},"end":{"line":1385,"column":5}},"311":{"start":{"line":1378,"column":8},"end":{"line":1384,"column":11}},"312":{"start":{"line":1379,"column":43},"end":{"line":1382,"column":13}},"313":{"start":{"line":1387,"column":4},"end":{"line":1396,"column":7}},"314":{"start":{"line":1401,"column":0},"end":{"line":1493,"column":3}},"315":{"start":{"line":1403,"column":90},"end":{"line":1403,"column":98}},"316":{"start":{"line":1404,"column":20},"end":{"line":1404,"column":36}},"317":{"start":{"line":1406,"column":4},"end":{"line":1411,"column":5}},"318":{"start":{"line":1407,"column":8},"end":{"line":1410,"column":11}},"319":{"start":{"line":1414,"column":18},"end":{"line":1419,"column":6}},"320":{"start":{"line":1421,"column":4},"end":{"line":1426,"column":5}},"321":{"start":{"line":1422,"column":8},"end":{"line":1425,"column":11}},"322":{"start":{"line":1429,"column":4},"end":{"line":1434,"column":5}},"323":{"start":{"line":1430,"column":8},"end":{"line":1433,"column":11}},"324":{"start":{"line":1437,"column":14},"end":{"line":1437,"column":34}},"325":{"start":{"line":1438,"column":14},"end":{"line":1438,"column":35}},"326":{"start":{"line":1439,"column":17},"end":{"line":1439,"column":61}},"327":{"start":{"line":1442,"column":4},"end":{"line":1455,"column":5}},"328":{"start":{"line":1443,"column":8},"end":{"line":1448,"column":9}},"329":{"start":{"line":1444,"column":12},"end":{"line":1447,"column":15}},"330":{"start":{"line":1449,"column":8},"end":{"line":1454,"column":9}},"331":{"start":{"line":1450,"column":12},"end":{"line":1453,"column":15}},"332":{"start":{"line":1458,"column":22},"end":{"line":1458,"column":37}},"333":{"start":{"line":1459,"column":24},"end":{"line":1459,"column":41}},"334":{"start":{"line":1461,"column":4},"end":{"line":1466,"column":5}},"335":{"start":{"line":1462,"column":8},"end":{"line":1465,"column":11}},"336":{"start":{"line":1469,"column":25},"end":{"line":1469,"column":83}},"337":{"start":{"line":1472,"column":17},"end":{"line":1485,"column":6}},"338":{"start":{"line":1487,"column":4},"end":{"line":1491,"column":7}},"339":{"start":{"line":1495,"column":0},"end":{"line":1682,"column":3}},"340":{"start":{"line":1496,"column":63},"end":{"line":1496,"column":71}},"341":{"start":{"line":1497,"column":20},"end":{"line":1497,"column":36}},"342":{"start":{"line":1498,"column":19},"end":{"line":1498,"column":93}},"343":{"start":{"line":1500,"column":4},"end":{"line":1505,"column":5}},"344":{"start":{"line":1501,"column":8},"end":{"line":1504,"column":11}},"345":{"start":{"line":1507,"column":18},"end":{"line":1512,"column":6}},"346":{"start":{"line":1514,"column":4},"end":{"line":1519,"column":5}},"347":{"start":{"line":1515,"column":8},"end":{"line":1518,"column":11}},"348":{"start":{"line":1521,"column":4},"end":{"line":1536,"column":5}},"349":{"start":{"line":1522,"column":24},"end":{"line":1528,"column":10}},"350":{"start":{"line":1530,"column":8},"end":{"line":1535,"column":9}},"351":{"start":{"line":1531,"column":12},"end":{"line":1534,"column":15}},"352":{"start":{"line":1538,"column":17},"end":{"line":1545,"column":6}},"353":{"start":{"line":1547,"column":4},"end":{"line":1552,"column":5}},"354":{"start":{"line":1548,"column":8},"end":{"line":1551,"column":11}},"355":{"start":{"line":1555,"column":4},"end":{"line":1561,"column":5}},"356":{"start":{"line":1556,"column":8},"end":{"line":1560,"column":11}},"357":{"start":{"line":1563,"column":16},"end":{"line":1563,"column":26}},"358":{"start":{"line":1564,"column":4},"end":{"line":1569,"column":5}},"359":{"start":{"line":1565,"column":8},"end":{"line":1568,"column":11}},"360":{"start":{"line":1571,"column":28},"end":{"line":1577,"column":6}},"361":{"start":{"line":1579,"column":4},"end":{"line":1584,"column":5}},"362":{"start":{"line":1580,"column":8},"end":{"line":1583,"column":11}},"363":{"start":{"line":1586,"column":16},"end":{"line":1586,"column":36}},"364":{"start":{"line":1587,"column":16},"end":{"line":1587,"column":37}},"365":{"start":{"line":1589,"column":4},"end":{"line":1594,"column":5}},"366":{"start":{"line":1590,"column":8},"end":{"line":1593,"column":11}},"367":{"start":{"line":1597,"column":4},"end":{"line":1613,"column":5}},"368":{"start":{"line":1598,"column":25},"end":{"line":1603,"column":9}},"369":{"start":{"line":1605,"column":8},"end":{"line":1612,"column":9}},"370":{"start":{"line":1606,"column":12},"end":{"line":1611,"column":15}},"371":{"start":{"line":1616,"column":24},"end":{"line":1623,"column":5}},"372":{"start":{"line":1625,"column":4},"end":{"line":1646,"column":5}},"373":{"start":{"line":1626,"column":24},"end":{"line":1626,"column":54}},"374":{"start":{"line":1627,"column":24},"end":{"line":1627,"column":54}},"375":{"start":{"line":1628,"column":25},"end":{"line":1628,"column":59}},"376":{"start":{"line":1630,"column":32},"end":{"line":1630,"column":83}},"377":{"start":{"line":1632,"column":8},"end":{"line":1645,"column":9}},"378":{"start":{"line":1633,"column":31},"end":{"line":1633,"column":76}},"379":{"start":{"line":1634,"column":29},"end":{"line":1634,"column":57}},"380":{"start":{"line":1637,"column":12},"end":{"line":1644,"column":13}},"381":{"start":{"line":1638,"column":16},"end":{"line":1643,"column":19}},"382":{"start":{"line":1648,"column":4},"end":{"line":1659,"column":6}},"383":{"start":{"line":1661,"column":20},"end":{"line":1675,"column":6}},"384":{"start":{"line":1677,"column":4},"end":{"line":1681,"column":7}},"385":{"start":{"line":1685,"column":0},"end":{"line":1726,"column":3}},"386":{"start":{"line":1686,"column":20},"end":{"line":1686,"column":36}},"387":{"start":{"line":1687,"column":39},"end":{"line":1687,"column":48}},"388":{"start":{"line":1688,"column":34},"end":{"line":1688,"column":60}},"389":{"start":{"line":1690,"column":18},"end":{"line":1693,"column":5}},"390":{"start":{"line":1695,"column":4},"end":{"line":1695,"column":54}},"391":{"start":{"line":1695,"column":18},"end":{"line":1695,"column":54}},"392":{"start":{"line":1696,"column":4},"end":{"line":1696,"column":56}},"393":{"start":{"line":1696,"column":22},"end":{"line":1696,"column":56}},"394":{"start":{"line":1698,"column":29},"end":{"line":1719,"column":6}},"395":{"start":{"line":1721,"column":4},"end":{"line":1725,"column":7}},"396":{"start":{"line":1728,"column":0},"end":{"line":1806,"column":3}},"397":{"start":{"line":1729,"column":19},"end":{"line":1729,"column":29}},"398":{"start":{"line":1730,"column":57},"end":{"line":1730,"column":66}},"399":{"start":{"line":1731,"column":17},"end":{"line":1731,"column":55}},"400":{"start":{"line":1734,"column":18},"end":{"line":1739,"column":6}},"401":{"start":{"line":1741,"column":4},"end":{"line":1746,"column":5}},"402":{"start":{"line":1742,"column":8},"end":{"line":1745,"column":11}},"403":{"start":{"line":1749,"column":4},"end":{"line":1754,"column":5}},"404":{"start":{"line":1750,"column":8},"end":{"line":1753,"column":11}},"405":{"start":{"line":1756,"column":18},"end":{"line":1759,"column":5}},"406":{"start":{"line":1761,"column":4},"end":{"line":1761,"column":56}},"407":{"start":{"line":1761,"column":22},"end":{"line":1761,"column":56}},"408":{"start":{"line":1764,"column":4},"end":{"line":1774,"column":5}},"409":{"start":{"line":1765,"column":27},"end":{"line":1765,"column":41}},"410":{"start":{"line":1766,"column":8},"end":{"line":1766,"column":40}},"411":{"start":{"line":1767,"column":25},"end":{"line":1767,"column":45}},"412":{"start":{"line":1768,"column":8},"end":{"line":1768,"column":49}},"413":{"start":{"line":1770,"column":8},"end":{"line":1773,"column":10}},"414":{"start":{"line":1776,"column":29},"end":{"line":1794,"column":6}},"415":{"start":{"line":1796,"column":4},"end":{"line":1805,"column":7}},"416":{"start":{"line":1808,"column":0},"end":{"line":1892,"column":3}},"417":{"start":{"line":1809,"column":19},"end":{"line":1809,"column":29}},"418":{"start":{"line":1812,"column":18},"end":{"line":1817,"column":6}},"419":{"start":{"line":1819,"column":4},"end":{"line":1824,"column":5}},"420":{"start":{"line":1820,"column":8},"end":{"line":1823,"column":11}},"421":{"start":{"line":1827,"column":4},"end":{"line":1832,"column":5}},"422":{"start":{"line":1828,"column":8},"end":{"line":1831,"column":11}},"423":{"start":{"line":1835,"column":25},"end":{"line":1840,"column":6}},"424":{"start":{"line":1843,"column":25},"end":{"line":1848,"column":6}},"425":{"start":{"line":1851,"column":26},"end":{"line":1860,"column":6}},"426":{"start":{"line":1863,"column":32},"end":{"line":1875,"column":6}},"427":{"start":{"line":1877,"column":4},"end":{"line":1891,"column":7}},"428":{"start":{"line":1883,"column":16},"end":{"line":1883,"column":64}},"429":{"start":{"line":1884,"column":16},"end":{"line":1884,"column":27}},"430":{"start":{"line":1888,"column":61},"end":{"line":1888,"column":89}},"431":{"start":{"line":1899,"column":0},"end":{"line":1981,"column":3}},"432":{"start":{"line":1900,"column":19},"end":{"line":1900,"column":29}},"433":{"start":{"line":1901,"column":45},"end":{"line":1901,"column":54}},"434":{"start":{"line":1902,"column":17},"end":{"line":1902,"column":55}},"435":{"start":{"line":1905,"column":18},"end":{"line":1910,"column":6}},"436":{"start":{"line":1912,"column":4},"end":{"line":1917,"column":5}},"437":{"start":{"line":1913,"column":8},"end":{"line":1916,"column":11}},"438":{"start":{"line":1920,"column":4},"end":{"line":1925,"column":5}},"439":{"start":{"line":1921,"column":8},"end":{"line":1924,"column":11}},"440":{"start":{"line":1928,"column":25},"end":{"line":1933,"column":6}},"441":{"start":{"line":1935,"column":18},"end":{"line":1938,"column":5}},"442":{"start":{"line":1941,"column":4},"end":{"line":1943,"column":5}},"443":{"start":{"line":1942,"column":8},"end":{"line":1942,"column":41}},"444":{"start":{"line":1945,"column":30},"end":{"line":1962,"column":6}},"445":{"start":{"line":1965,"column":26},"end":{"line":1969,"column":7}},"446":{"start":{"line":1965,"column":48},"end":{"line":1969,"column":5}},"447":{"start":{"line":1971,"column":4},"end":{"line":1980,"column":7}},"448":{"start":{"line":1986,"column":0},"end":{"line":2094,"column":3}},"449":{"start":{"line":1987,"column":19},"end":{"line":1987,"column":29}},"450":{"start":{"line":1990,"column":17},"end":{"line":2008,"column":6}},"451":{"start":{"line":2010,"column":4},"end":{"line":2015,"column":5}},"452":{"start":{"line":2011,"column":8},"end":{"line":2014,"column":11}},"453":{"start":{"line":2018,"column":4},"end":{"line":2023,"column":5}},"454":{"start":{"line":2019,"column":8},"end":{"line":2022,"column":11}},"455":{"start":{"line":2026,"column":24},"end":{"line":2043,"column":6}},"456":{"start":{"line":2046,"column":27},"end":{"line":2055,"column":6}},"457":{"start":{"line":2058,"column":23},"end":{"line":2058,"column":32}},"458":{"start":{"line":2059,"column":4},"end":{"line":2061,"column":7}},"459":{"start":{"line":2060,"column":8},"end":{"line":2060,"column":47}},"460":{"start":{"line":2064,"column":30},"end":{"line":2070,"column":7}},"461":{"start":{"line":2064,"column":52},"end":{"line":2070,"column":5}},"462":{"start":{"line":2072,"column":4},"end":{"line":2093,"column":7}},"463":{"start":{"line":2099,"column":0},"end":{"line":2144,"column":3}},"464":{"start":{"line":2100,"column":19},"end":{"line":2100,"column":29}},"465":{"start":{"line":2102,"column":17},"end":{"line":2110,"column":6}},"466":{"start":{"line":2112,"column":4},"end":{"line":2117,"column":5}},"467":{"start":{"line":2113,"column":8},"end":{"line":2116,"column":11}},"468":{"start":{"line":2120,"column":4},"end":{"line":2125,"column":5}},"469":{"start":{"line":2121,"column":8},"end":{"line":2124,"column":11}},"470":{"start":{"line":2127,"column":4},"end":{"line":2132,"column":5}},"471":{"start":{"line":2128,"column":8},"end":{"line":2131,"column":11}},"472":{"start":{"line":2135,"column":4},"end":{"line":2138,"column":7}},"473":{"start":{"line":2140,"column":4},"end":{"line":2143,"column":7}},"474":{"start":{"line":2149,"column":0},"end":{"line":2236,"column":3}},"475":{"start":{"line":2150,"column":20},"end":{"line":2150,"column":36}},"476":{"start":{"line":2151,"column":25},"end":{"line":2151,"column":34}},"477":{"start":{"line":2154,"column":28},"end":{"line":2171,"column":6}},"478":{"start":{"line":2174,"column":19},"end":{"line":2230,"column":7}},"479":{"start":{"line":2176,"column":24},"end":{"line":2182,"column":10}},"480":{"start":{"line":2185,"column":28},"end":{"line":2196,"column":10}},"481":{"start":{"line":2199,"column":27},"end":{"line":2199,"column":36}},"482":{"start":{"line":2200,"column":8},"end":{"line":2205,"column":11}},"483":{"start":{"line":2201,"column":12},"end":{"line":2204,"column":15}},"484":{"start":{"line":2208,"column":25},"end":{"line":2214,"column":11}},"485":{"start":{"line":2208,"column":46},"end":{"line":2214,"column":9}},"486":{"start":{"line":2216,"column":27},"end":{"line":2216,"column":63}},"487":{"start":{"line":2216,"column":48},"end":{"line":2216,"column":55}},"488":{"start":{"line":2218,"column":8},"end":{"line":2229,"column":10}},"489":{"start":{"line":2232,"column":4},"end":{"line":2235,"column":7}},"490":{"start":{"line":2241,"column":0},"end":{"line":2291,"column":3}},"491":{"start":{"line":2242,"column":85},"end":{"line":2242,"column":93}},"492":{"start":{"line":2243,"column":19},"end":{"line":2243,"column":35}},"493":{"start":{"line":2246,"column":18},"end":{"line":2248,"column":6}},"494":{"start":{"line":2250,"column":4},"end":{"line":2252,"column":5}},"495":{"start":{"line":2251,"column":8},"end":{"line":2251,"column":91}},"496":{"start":{"line":2255,"column":4},"end":{"line":2257,"column":5}},"497":{"start":{"line":2256,"column":8},"end":{"line":2256,"column":115}},"498":{"start":{"line":2260,"column":4},"end":{"line":2262,"column":5}},"499":{"start":{"line":2261,"column":8},"end":{"line":2261,"column":106}},"500":{"start":{"line":2265,"column":4},"end":{"line":2267,"column":5}},"501":{"start":{"line":2266,"column":8},"end":{"line":2266,"column":121}},"502":{"start":{"line":2269,"column":28},"end":{"line":2284,"column":6}},"503":{"start":{"line":2286,"column":4},"end":{"line":2290,"column":7}},"504":{"start":{"line":2294,"column":0},"end":{"line":2321,"column":3}},"505":{"start":{"line":2295,"column":19},"end":{"line":2295,"column":29}},"506":{"start":{"line":2296,"column":25},"end":{"line":2296,"column":34}},"507":{"start":{"line":2298,"column":18},"end":{"line":2301,"column":5}},"508":{"start":{"line":2303,"column":4},"end":{"line":2305,"column":5}},"509":{"start":{"line":2304,"column":8},"end":{"line":2304,"column":49}},"510":{"start":{"line":2307,"column":28},"end":{"line":2315,"column":6}},"511":{"start":{"line":2317,"column":4},"end":{"line":2320,"column":7}},"512":{"start":{"line":2324,"column":0},"end":{"line":2351,"column":3}},"513":{"start":{"line":2325,"column":19},"end":{"line":2325,"column":29}},"514":{"start":{"line":2326,"column":19},"end":{"line":2326,"column":35}},"515":{"start":{"line":2328,"column":28},"end":{"line":2331,"column":6}},"516":{"start":{"line":2333,"column":4},"end":{"line":2335,"column":5}},"517":{"start":{"line":2334,"column":8},"end":{"line":2334,"column":102}},"518":{"start":{"line":2338,"column":4},"end":{"line":2340,"column":5}},"519":{"start":{"line":2339,"column":8},"end":{"line":2339,"column":116}},"520":{"start":{"line":2342,"column":4},"end":{"line":2345,"column":7}},"521":{"start":{"line":2347,"column":4},"end":{"line":2350,"column":7}},"522":{"start":{"line":2354,"column":0},"end":{"line":2545,"column":3}},"523":{"start":{"line":2355,"column":19},"end":{"line":2355,"column":35}},"524":{"start":{"line":2356,"column":21},"end":{"line":2356,"column":34}},"525":{"start":{"line":2357,"column":21},"end":{"line":2357,"column":30}},"526":{"start":{"line":2359,"column":22},"end":{"line":2359,"column":41}},"527":{"start":{"line":2361,"column":4},"end":{"line":2363,"column":5}},"528":{"start":{"line":2362,"column":8},"end":{"line":2362,"column":42}},"529":{"start":{"line":2365,"column":4},"end":{"line":2371,"column":5}},"530":{"start":{"line":2366,"column":8},"end":{"line":2368,"column":10}},"531":{"start":{"line":2369,"column":11},"end":{"line":2371,"column":5}},"532":{"start":{"line":2370,"column":8},"end":{"line":2370,"column":38}},"533":{"start":{"line":2374,"column":16},"end":{"line":2374,"column":26}},"534":{"start":{"line":2376,"column":16},"end":{"line":2376,"column":33}},"535":{"start":{"line":2377,"column":24},"end":{"line":2377,"column":37}},"536":{"start":{"line":2378,"column":4},"end":{"line":2378,"column":37}},"537":{"start":{"line":2379,"column":4},"end":{"line":2379,"column":49}},"538":{"start":{"line":2382,"column":22},"end":{"line":2382,"column":43}},"539":{"start":{"line":2383,"column":4},"end":{"line":2383,"column":49}},"540":{"start":{"line":2384,"column":4},"end":{"line":2384,"column":40}},"541":{"start":{"line":2386,"column":18},"end":{"line":2419,"column":6}},"542":{"start":{"line":2422,"column":21},"end":{"line":2422,"column":47}},"543":{"start":{"line":2422,"column":36},"end":{"line":2422,"column":46}},"544":{"start":{"line":2423,"column":19},"end":{"line":2423,"column":21}},"545":{"start":{"line":2424,"column":4},"end":{"line":2430,"column":5}},"546":{"start":{"line":2425,"column":8},"end":{"line":2429,"column":10}},"547":{"start":{"line":2432,"column":20},"end":{"line":2432,"column":29}},"548":{"start":{"line":2433,"column":4},"end":{"line":2438,"column":7}},"549":{"start":{"line":2434,"column":8},"end":{"line":2437,"column":11}},"550":{"start":{"line":2440,"column":21},"end":{"line":2440,"column":89}},"551":{"start":{"line":2443,"column":20},"end":{"line":2443,"column":22}},"552":{"start":{"line":2446,"column":4},"end":{"line":2446,"column":52}},"553":{"start":{"line":2446,"column":35},"end":{"line":2446,"column":50}},"554":{"start":{"line":2448,"column":4},"end":{"line":2539,"column":7}},"555":{"start":{"line":2450,"column":23},"end":{"line":2450,"column":27}},"556":{"start":{"line":2451,"column":8},"end":{"line":2468,"column":9}},"557":{"start":{"line":2456,"column":12},"end":{"line":2467,"column":13}},"558":{"start":{"line":2457,"column":36},"end":{"line":2457,"column":137}},"559":{"start":{"line":2458,"column":35},"end":{"line":2458,"column":115}},"560":{"start":{"line":2460,"column":16},"end":{"line":2463,"column":17}},"561":{"start":{"line":2461,"column":20},"end":{"line":2461,"column":33}},"562":{"start":{"line":2462,"column":20},"end":{"line":2462,"column":26}},"563":{"start":{"line":2464,"column":16},"end":{"line":2466,"column":17}},"564":{"start":{"line":2465,"column":20},"end":{"line":2465,"column":33}},"565":{"start":{"line":2471,"column":25},"end":{"line":2471,"column":54}},"566":{"start":{"line":2472,"column":23},"end":{"line":2472,"column":56}},"567":{"start":{"line":2473,"column":26},"end":{"line":2473,"column":65}},"568":{"start":{"line":2474,"column":22},"end":{"line":2474,"column":31}},"569":{"start":{"line":2477,"column":29},"end":{"line":2477,"column":40}},"570":{"start":{"line":2478,"column":24},"end":{"line":2478,"column":28}},"571":{"start":{"line":2480,"column":8},"end":{"line":2511,"column":9}},"572":{"start":{"line":2481,"column":32},"end":{"line":2481,"column":154}},"573":{"start":{"line":2483,"column":12},"end":{"line":2505,"column":13}},"574":{"start":{"line":2484,"column":16},"end":{"line":2502,"column":17}},"575":{"start":{"line":2486,"column":36},"end":{"line":2486,"column":68}},"576":{"start":{"line":2487,"column":20},"end":{"line":2487,"column":83}},"577":{"start":{"line":2490,"column":20},"end":{"line":2490,"column":86}},"578":{"start":{"line":2490,"column":50},"end":{"line":2490,"column":86}},"579":{"start":{"line":2492,"column":20},"end":{"line":2492,"column":81}},"580":{"start":{"line":2492,"column":48},"end":{"line":2492,"column":81}},"581":{"start":{"line":2501,"column":20},"end":{"line":2501,"column":38}},"582":{"start":{"line":2503,"column":19},"end":{"line":2505,"column":13}},"583":{"start":{"line":2513,"column":8},"end":{"line":2538,"column":9}},"584":{"start":{"line":2514,"column":29},"end":{"line":2533,"column":13}},"585":{"start":{"line":2535,"column":28},"end":{"line":2535,"column":70}},"586":{"start":{"line":2536,"column":12},"end":{"line":2536,"column":57}},"587":{"start":{"line":2536,"column":35},"end":{"line":2536,"column":57}},"588":{"start":{"line":2537,"column":12},"end":{"line":2537,"column":44}},"589":{"start":{"line":2541,"column":4},"end":{"line":2544,"column":7}}},"fnMap":{"0":{"name":"(anonymous_0)","decl":{"start":{"line":7,"column":40},"end":{"line":7,"column":41}},"loc":{"start":{"line":7,"column":60},"end":{"line":37,"column":1}},"line":7},"1":{"name":"(anonymous_1)","decl":{"start":{"line":39,"column":40},"end":{"line":39,"column":41}},"loc":{"start":{"line":39,"column":60},"end":{"line":78,"column":1}},"line":39},"2":{"name":"(anonymous_2)","decl":{"start":{"line":80,"column":41},"end":{"line":80,"column":42}},"loc":{"start":{"line":80,"column":61},"end":{"line":115,"column":1}},"line":80},"3":{"name":"(anonymous_3)","decl":{"start":{"line":117,"column":40},"end":{"line":117,"column":41}},"loc":{"start":{"line":117,"column":60},"end":{"line":166,"column":1}},"line":117},"4":{"name":"(anonymous_4)","decl":{"start":{"line":168,"column":40},"end":{"line":168,"column":41}},"loc":{"start":{"line":168,"column":60},"end":{"line":207,"column":1}},"line":168},"5":{"name":"(anonymous_5)","decl":{"start":{"line":211,"column":35},"end":{"line":211,"column":36}},"loc":{"start":{"line":211,"column":55},"end":{"line":326,"column":1}},"line":211},"6":{"name":"(anonymous_6)","decl":{"start":{"line":328,"column":35},"end":{"line":328,"column":36}},"loc":{"start":{"line":328,"column":55},"end":{"line":370,"column":1}},"line":328},"7":{"name":"(anonymous_7)","decl":{"start":{"line":373,"column":39},"end":{"line":373,"column":40}},"loc":{"start":{"line":373,"column":59},"end":{"line":648,"column":1}},"line":373},"8":{"name":"(anonymous_8)","decl":{"start":{"line":400,"column":51},"end":{"line":400,"column":52}},"loc":{"start":{"line":400,"column":56},"end":{"line":400,"column":66}},"line":400},"9":{"name":"(anonymous_9)","decl":{"start":{"line":490,"column":34},"end":{"line":490,"column":35}},"loc":{"start":{"line":490,"column":39},"end":{"line":490,"column":49}},"line":490},"10":{"name":"(anonymous_10)","decl":{"start":{"line":501,"column":21},"end":{"line":501,"column":22}},"loc":{"start":{"line":501,"column":26},"end":{"line":507,"column":5}},"line":501},"11":{"name":"(anonymous_11)","decl":{"start":{"line":510,"column":42},"end":{"line":510,"column":43}},"loc":{"start":{"line":510,"column":49},"end":{"line":603,"column":5}},"line":510},"12":{"name":"(anonymous_12)","decl":{"start":{"line":612,"column":48},"end":{"line":612,"column":49}},"loc":{"start":{"line":612,"column":53},"end":{"line":633,"column":5}},"line":612},"13":{"name":"(anonymous_13)","decl":{"start":{"line":650,"column":39},"end":{"line":650,"column":40}},"loc":{"start":{"line":650,"column":59},"end":{"line":687,"column":1}},"line":650},"14":{"name":"(anonymous_14)","decl":{"start":{"line":689,"column":36},"end":{"line":689,"column":37}},"loc":{"start":{"line":689,"column":56},"end":{"line":740,"column":1}},"line":689},"15":{"name":"(anonymous_15)","decl":{"start":{"line":742,"column":35},"end":{"line":742,"column":36}},"loc":{"start":{"line":742,"column":55},"end":{"line":901,"column":1}},"line":742},"16":{"name":"(anonymous_16)","decl":{"start":{"line":903,"column":38},"end":{"line":903,"column":39}},"loc":{"start":{"line":903,"column":58},"end":{"line":926,"column":1}},"line":903},"17":{"name":"(anonymous_17)","decl":{"start":{"line":928,"column":35},"end":{"line":928,"column":36}},"loc":{"start":{"line":928,"column":55},"end":{"line":972,"column":1}},"line":928},"18":{"name":"(anonymous_18)","decl":{"start":{"line":976,"column":35},"end":{"line":976,"column":36}},"loc":{"start":{"line":976,"column":55},"end":{"line":1136,"column":1}},"line":976},"19":{"name":"(anonymous_19)","decl":{"start":{"line":1138,"column":33},"end":{"line":1138,"column":34}},"loc":{"start":{"line":1138,"column":53},"end":{"line":1190,"column":1}},"line":1138},"20":{"name":"(anonymous_20)","decl":{"start":{"line":1192,"column":34},"end":{"line":1192,"column":35}},"loc":{"start":{"line":1192,"column":54},"end":{"line":1224,"column":1}},"line":1192},"21":{"name":"(anonymous_21)","decl":{"start":{"line":1226,"column":39},"end":{"line":1226,"column":40}},"loc":{"start":{"line":1226,"column":59},"end":{"line":1277,"column":1}},"line":1226},"22":{"name":"(anonymous_22)","decl":{"start":{"line":1281,"column":39},"end":{"line":1281,"column":40}},"loc":{"start":{"line":1281,"column":59},"end":{"line":1397,"column":1}},"line":1281},"23":{"name":"(anonymous_23)","decl":{"start":{"line":1294,"column":27},"end":{"line":1294,"column":28}},"loc":{"start":{"line":1294,"column":33},"end":{"line":1294,"column":45}},"line":1294},"24":{"name":"(anonymous_24)","decl":{"start":{"line":1328,"column":32},"end":{"line":1328,"column":33}},"loc":{"start":{"line":1328,"column":37},"end":{"line":1328,"column":71}},"line":1328},"25":{"name":"(anonymous_25)","decl":{"start":{"line":1359,"column":54},"end":{"line":1359,"column":55}},"loc":{"start":{"line":1359,"column":59},"end":{"line":1359,"column":68}},"line":1359},"26":{"name":"(anonymous_26)","decl":{"start":{"line":1362,"column":42},"end":{"line":1362,"column":43}},"loc":{"start":{"line":1362,"column":48},"end":{"line":1362,"column":71}},"line":1362},"27":{"name":"(anonymous_27)","decl":{"start":{"line":1363,"column":44},"end":{"line":1363,"column":45}},"loc":{"start":{"line":1363,"column":50},"end":{"line":1363,"column":73}},"line":1363},"28":{"name":"(anonymous_28)","decl":{"start":{"line":1379,"column":36},"end":{"line":1379,"column":37}},"loc":{"start":{"line":1379,"column":43},"end":{"line":1382,"column":13}},"line":1379},"29":{"name":"(anonymous_29)","decl":{"start":{"line":1401,"column":35},"end":{"line":1401,"column":36}},"loc":{"start":{"line":1401,"column":55},"end":{"line":1493,"column":1}},"line":1401},"30":{"name":"(anonymous_30)","decl":{"start":{"line":1495,"column":37},"end":{"line":1495,"column":38}},"loc":{"start":{"line":1495,"column":57},"end":{"line":1682,"column":1}},"line":1495},"31":{"name":"(anonymous_31)","decl":{"start":{"line":1685,"column":36},"end":{"line":1685,"column":37}},"loc":{"start":{"line":1685,"column":56},"end":{"line":1726,"column":1}},"line":1685},"32":{"name":"(anonymous_32)","decl":{"start":{"line":1728,"column":39},"end":{"line":1728,"column":40}},"loc":{"start":{"line":1728,"column":59},"end":{"line":1806,"column":1}},"line":1728},"33":{"name":"(anonymous_33)","decl":{"start":{"line":1808,"column":39},"end":{"line":1808,"column":40}},"loc":{"start":{"line":1808,"column":59},"end":{"line":1892,"column":1}},"line":1808},"34":{"name":"(anonymous_34)","decl":{"start":{"line":1882,"column":48},"end":{"line":1882,"column":49}},"loc":{"start":{"line":1882,"column":63},"end":{"line":1885,"column":13}},"line":1882},"35":{"name":"(anonymous_35)","decl":{"start":{"line":1888,"column":46},"end":{"line":1888,"column":47}},"loc":{"start":{"line":1888,"column":61},"end":{"line":1888,"column":89}},"line":1888},"36":{"name":"(anonymous_36)","decl":{"start":{"line":1899,"column":45},"end":{"line":1899,"column":46}},"loc":{"start":{"line":1899,"column":65},"end":{"line":1981,"column":1}},"line":1899},"37":{"name":"(anonymous_37)","decl":{"start":{"line":1965,"column":39},"end":{"line":1965,"column":40}},"loc":{"start":{"line":1965,"column":48},"end":{"line":1969,"column":5}},"line":1965},"38":{"name":"(anonymous_38)","decl":{"start":{"line":1986,"column":44},"end":{"line":1986,"column":45}},"loc":{"start":{"line":1986,"column":64},"end":{"line":2094,"column":1}},"line":1986},"39":{"name":"(anonymous_39)","decl":{"start":{"line":2059,"column":27},"end":{"line":2059,"column":28}},"loc":{"start":{"line":2059,"column":32},"end":{"line":2061,"column":5}},"line":2059},"40":{"name":"(anonymous_40)","decl":{"start":{"line":2064,"column":46},"end":{"line":2064,"column":47}},"loc":{"start":{"line":2064,"column":52},"end":{"line":2070,"column":5}},"line":2064},"41":{"name":"(anonymous_41)","decl":{"start":{"line":2099,"column":40},"end":{"line":2099,"column":41}},"loc":{"start":{"line":2099,"column":60},"end":{"line":2144,"column":1}},"line":2099},"42":{"name":"(anonymous_42)","decl":{"start":{"line":2149,"column":47},"end":{"line":2149,"column":48}},"loc":{"start":{"line":2149,"column":67},"end":{"line":2236,"column":1}},"line":2149},"43":{"name":"(anonymous_43)","decl":{"start":{"line":2174,"column":57},"end":{"line":2174,"column":58}},"loc":{"start":{"line":2174,"column":71},"end":{"line":2230,"column":5}},"line":2174},"44":{"name":"(anonymous_44)","decl":{"start":{"line":2200,"column":28},"end":{"line":2200,"column":29}},"loc":{"start":{"line":2200,"column":33},"end":{"line":2205,"column":9}},"line":2200},"45":{"name":"(anonymous_45)","decl":{"start":{"line":2208,"column":37},"end":{"line":2208,"column":38}},"loc":{"start":{"line":2208,"column":46},"end":{"line":2214,"column":9}},"line":2208},"46":{"name":"(anonymous_46)","decl":{"start":{"line":2216,"column":43},"end":{"line":2216,"column":44}},"loc":{"start":{"line":2216,"column":48},"end":{"line":2216,"column":55}},"line":2216},"47":{"name":"(anonymous_47)","decl":{"start":{"line":2241,"column":45},"end":{"line":2241,"column":46}},"loc":{"start":{"line":2241,"column":65},"end":{"line":2291,"column":1}},"line":2241},"48":{"name":"(anonymous_48)","decl":{"start":{"line":2294,"column":49},"end":{"line":2294,"column":50}},"loc":{"start":{"line":2294,"column":69},"end":{"line":2321,"column":1}},"line":2294},"49":{"name":"(anonymous_49)","decl":{"start":{"line":2324,"column":45},"end":{"line":2324,"column":46}},"loc":{"start":{"line":2324,"column":65},"end":{"line":2351,"column":1}},"line":2324},"50":{"name":"(anonymous_50)","decl":{"start":{"line":2354,"column":40},"end":{"line":2354,"column":41}},"loc":{"start":{"line":2354,"column":60},"end":{"line":2545,"column":1}},"line":2354},"51":{"name":"(anonymous_51)","decl":{"start":{"line":2422,"column":31},"end":{"line":2422,"column":32}},"loc":{"start":{"line":2422,"column":36},"end":{"line":2422,"column":46}},"line":2422},"52":{"name":"(anonymous_52)","decl":{"start":{"line":2433,"column":21},"end":{"line":2433,"column":22}},"loc":{"start":{"line":2433,"column":26},"end":{"line":2438,"column":5}},"line":2433},"53":{"name":"(anonymous_53)","decl":{"start":{"line":2446,"column":30},"end":{"line":2446,"column":31}},"loc":{"start":{"line":2446,"column":35},"end":{"line":2446,"column":50}},"line":2446},"54":{"name":"(anonymous_54)","decl":{"start":{"line":2448,"column":18},"end":{"line":2448,"column":19}},"loc":{"start":{"line":2448,"column":23},"end":{"line":2539,"column":5}},"line":2448}},"branchMap":{"0":{"loc":{"start":{"line":18,"column":4},"end":{"line":23,"column":5}},"type":"if","locations":[{"start":{"line":18,"column":4},"end":{"line":23,"column":5}},{"start":{},"end":{}}],"line":18},"1":{"loc":{"start":{"line":46,"column":4},"end":{"line":51,"column":5}},"type":"if","locations":[{"start":{"line":46,"column":4},"end":{"line":51,"column":5}},{"start":{},"end":{}}],"line":46},"2":{"loc":{"start":{"line":104,"column":4},"end":{"line":109,"column":5}},"type":"if","locations":[{"start":{"line":104,"column":4},"end":{"line":109,"column":5}},{"start":{},"end":{}}],"line":104},"3":{"loc":{"start":{"line":128,"column":4},"end":{"line":133,"column":5}},"type":"if","locations":[{"start":{"line":128,"column":4},"end":{"line":133,"column":5}},{"start":{},"end":{}}],"line":128},"4":{"loc":{"start":{"line":136,"column":4},"end":{"line":151,"column":5}},"type":"if","locations":[{"start":{"line":136,"column":4},"end":{"line":151,"column":5}},{"start":{},"end":{}}],"line":136},"5":{"loc":{"start":{"line":136,"column":8},"end":{"line":136,"column":73}},"type":"binary-expr","locations":[{"start":{"line":136,"column":8},"end":{"line":136,"column":23}},{"start":{"line":136,"column":27},"end":{"line":136,"column":73}}],"line":136},"6":{"loc":{"start":{"line":145,"column":8},"end":{"line":150,"column":9}},"type":"if","locations":[{"start":{"line":145,"column":8},"end":{"line":150,"column":9}},{"start":{},"end":{}}],"line":145},"7":{"loc":{"start":{"line":156,"column":16},"end":{"line":156,"column":78}},"type":"binary-expr","locations":[{"start":{"line":156,"column":16},"end":{"line":156,"column":31}},{"start":{"line":156,"column":35},"end":{"line":156,"column":78}}],"line":156},"8":{"loc":{"start":{"line":157,"column":16},"end":{"line":157,"column":92}},"type":"binary-expr","locations":[{"start":{"line":157,"column":16},"end":{"line":157,"column":31}},{"start":{"line":157,"column":35},"end":{"line":157,"column":92}}],"line":157},"9":{"loc":{"start":{"line":183,"column":4},"end":{"line":188,"column":5}},"type":"if","locations":[{"start":{"line":183,"column":4},"end":{"line":188,"column":5}},{"start":{},"end":{}}],"line":183},"10":{"loc":{"start":{"line":191,"column":4},"end":{"line":196,"column":5}},"type":"if","locations":[{"start":{"line":191,"column":4},"end":{"line":196,"column":5}},{"start":{},"end":{}}],"line":191},"11":{"loc":{"start":{"line":222,"column":4},"end":{"line":227,"column":5}},"type":"if","locations":[{"start":{"line":222,"column":4},"end":{"line":227,"column":5}},{"start":{},"end":{}}],"line":222},"12":{"loc":{"start":{"line":238,"column":4},"end":{"line":243,"column":5}},"type":"if","locations":[{"start":{"line":238,"column":4},"end":{"line":243,"column":5}},{"start":{},"end":{}}],"line":238},"13":{"loc":{"start":{"line":246,"column":4},"end":{"line":251,"column":5}},"type":"if","locations":[{"start":{"line":246,"column":4},"end":{"line":251,"column":5}},{"start":{},"end":{}}],"line":246},"14":{"loc":{"start":{"line":246,"column":8},"end":{"line":246,"column":76}},"type":"binary-expr","locations":[{"start":{"line":246,"column":8},"end":{"line":246,"column":33}},{"start":{"line":246,"column":37},"end":{"line":246,"column":76}}],"line":246},"15":{"loc":{"start":{"line":255,"column":4},"end":{"line":260,"column":5}},"type":"if","locations":[{"start":{"line":255,"column":4},"end":{"line":260,"column":5}},{"start":{},"end":{}}],"line":255},"16":{"loc":{"start":{"line":255,"column":8},"end":{"line":255,"column":67}},"type":"binary-expr","locations":[{"start":{"line":255,"column":8},"end":{"line":255,"column":34}},{"start":{"line":255,"column":38},"end":{"line":255,"column":67}}],"line":255},"17":{"loc":{"start":{"line":267,"column":21},"end":{"line":267,"column":64}},"type":"cond-expr","locations":[{"start":{"line":267,"column":37},"end":{"line":267,"column":60}},{"start":{"line":267,"column":63},"end":{"line":267,"column":64}}],"line":267},"18":{"loc":{"start":{"line":275,"column":4},"end":{"line":280,"column":5}},"type":"if","locations":[{"start":{"line":275,"column":4},"end":{"line":280,"column":5}},{"start":{},"end":{}}],"line":275},"19":{"loc":{"start":{"line":286,"column":29},"end":{"line":286,"column":79}},"type":"cond-expr","locations":[{"start":{"line":286,"column":46},"end":{"line":286,"column":72}},{"start":{"line":286,"column":75},"end":{"line":286,"column":79}}],"line":286},"20":{"loc":{"start":{"line":287,"column":28},"end":{"line":287,"column":82}},"type":"cond-expr","locations":[{"start":{"line":287,"column":49},"end":{"line":287,"column":77}},{"start":{"line":287,"column":80},"end":{"line":287,"column":82}}],"line":287},"21":{"loc":{"start":{"line":298,"column":14},"end":{"line":298,"column":60}},"type":"cond-expr","locations":[{"start":{"line":298,"column":30},"end":{"line":298,"column":53}},{"start":{"line":298,"column":56},"end":{"line":298,"column":60}}],"line":298},"22":{"loc":{"start":{"line":334,"column":4},"end":{"line":334,"column":69}},"type":"if","locations":[{"start":{"line":334,"column":4},"end":{"line":334,"column":69}},{"start":{},"end":{}}],"line":334},"23":{"loc":{"start":{"line":335,"column":4},"end":{"line":335,"column":54}},"type":"if","locations":[{"start":{"line":335,"column":4},"end":{"line":335,"column":54}},{"start":{},"end":{}}],"line":335},"24":{"loc":{"start":{"line":336,"column":4},"end":{"line":336,"column":76}},"type":"if","locations":[{"start":{"line":336,"column":4},"end":{"line":336,"column":76}},{"start":{},"end":{}}],"line":336},"25":{"loc":{"start":{"line":379,"column":23},"end":{"line":379,"column":60}},"type":"cond-expr","locations":[{"start":{"line":379,"column":44},"end":{"line":379,"column":45}},{"start":{"line":379,"column":48},"end":{"line":379,"column":60}}],"line":379},"26":{"loc":{"start":{"line":418,"column":4},"end":{"line":427,"column":5}},"type":"if","locations":[{"start":{"line":418,"column":4},"end":{"line":427,"column":5}},{"start":{"line":425,"column":11},"end":{"line":427,"column":5}}],"line":418},"27":{"loc":{"start":{"line":425,"column":11},"end":{"line":427,"column":5}},"type":"if","locations":[{"start":{"line":425,"column":11},"end":{"line":427,"column":5}},{"start":{},"end":{}}],"line":425},"28":{"loc":{"start":{"line":492,"column":4},"end":{"line":498,"column":5}},"type":"if","locations":[{"start":{"line":492,"column":4},"end":{"line":498,"column":5}},{"start":{},"end":{}}],"line":492},"29":{"loc":{"start":{"line":511,"column":33},"end":{"line":511,"column":74}},"type":"binary-expr","locations":[{"start":{"line":511,"column":33},"end":{"line":511,"column":46}},{"start":{"line":511,"column":50},"end":{"line":511,"column":74}}],"line":511},"30":{"loc":{"start":{"line":518,"column":8},"end":{"line":540,"column":9}},"type":"if","locations":[{"start":{"line":518,"column":8},"end":{"line":540,"column":9}},{"start":{},"end":{}}],"line":518},"31":{"loc":{"start":{"line":518,"column":12},"end":{"line":518,"column":61}},"type":"binary-expr","locations":[{"start":{"line":518,"column":12},"end":{"line":518,"column":29}},{"start":{"line":518,"column":33},"end":{"line":518,"column":61}}],"line":518},"32":{"loc":{"start":{"line":533,"column":37},"end":{"line":533,"column":116}},"type":"cond-expr","locations":[{"start":{"line":533,"column":55},"end":{"line":533,"column":108}},{"start":{"line":533,"column":111},"end":{"line":533,"column":116}}],"line":533},"33":{"loc":{"start":{"line":535,"column":16},"end":{"line":538,"column":17}},"type":"if","locations":[{"start":{"line":535,"column":16},"end":{"line":538,"column":17}},{"start":{},"end":{}}],"line":535},"34":{"loc":{"start":{"line":535,"column":20},"end":{"line":535,"column":47}},"type":"binary-expr","locations":[{"start":{"line":535,"column":20},"end":{"line":535,"column":31}},{"start":{"line":535,"column":35},"end":{"line":535,"column":47}}],"line":535},"35":{"loc":{"start":{"line":543,"column":25},"end":{"line":543,"column":54}},"type":"binary-expr","locations":[{"start":{"line":543,"column":25},"end":{"line":543,"column":48}},{"start":{"line":543,"column":52},"end":{"line":543,"column":54}}],"line":543},"36":{"loc":{"start":{"line":548,"column":30},"end":{"line":548,"column":63}},"type":"binary-expr","locations":[{"start":{"line":548,"column":30},"end":{"line":548,"column":48}},{"start":{"line":548,"column":52},"end":{"line":548,"column":63}}],"line":548},"37":{"loc":{"start":{"line":549,"column":33},"end":{"line":549,"column":72}},"type":"binary-expr","locations":[{"start":{"line":549,"column":33},"end":{"line":549,"column":54}},{"start":{"line":549,"column":58},"end":{"line":549,"column":72}}],"line":549},"38":{"loc":{"start":{"line":553,"column":8},"end":{"line":581,"column":9}},"type":"if","locations":[{"start":{"line":553,"column":8},"end":{"line":581,"column":9}},{"start":{},"end":{}}],"line":553},"39":{"loc":{"start":{"line":553,"column":12},"end":{"line":553,"column":87}},"type":"binary-expr","locations":[{"start":{"line":553,"column":12},"end":{"line":553,"column":23}},{"start":{"line":553,"column":27},"end":{"line":553,"column":61}},{"start":{"line":553,"column":65},"end":{"line":553,"column":87}}],"line":553},"40":{"loc":{"start":{"line":555,"column":12},"end":{"line":580,"column":13}},"type":"if","locations":[{"start":{"line":555,"column":12},"end":{"line":580,"column":13}},{"start":{},"end":{}}],"line":555},"41":{"loc":{"start":{"line":557,"column":16},"end":{"line":557,"column":89}},"type":"if","locations":[{"start":{"line":557,"column":16},"end":{"line":557,"column":89}},{"start":{},"end":{}}],"line":557},"42":{"loc":{"start":{"line":579,"column":16},"end":{"line":579,"column":84}},"type":"if","locations":[{"start":{"line":579,"column":16},"end":{"line":579,"column":84}},{"start":{},"end":{}}],"line":579},"43":{"loc":{"start":{"line":594,"column":33},"end":{"line":594,"column":75}},"type":"cond-expr","locations":[{"start":{"line":594,"column":52},"end":{"line":594,"column":68}},{"start":{"line":594,"column":71},"end":{"line":594,"column":75}}],"line":594},"44":{"loc":{"start":{"line":596,"column":22},"end":{"line":601,"column":20}},"type":"cond-expr","locations":[{"start":{"line":596,"column":33},"end":{"line":601,"column":13}},{"start":{"line":601,"column":16},"end":{"line":601,"column":20}}],"line":596},"45":{"loc":{"start":{"line":613,"column":8},"end":{"line":616,"column":9}},"type":"if","locations":[{"start":{"line":613,"column":8},"end":{"line":616,"column":9}},{"start":{},"end":{}}],"line":613},"46":{"loc":{"start":{"line":620,"column":29},"end":{"line":620,"column":108}},"type":"cond-expr","locations":[{"start":{"line":620,"column":47},"end":{"line":620,"column":100}},{"start":{"line":620,"column":103},"end":{"line":620,"column":108}}],"line":620},"47":{"loc":{"start":{"line":622,"column":8},"end":{"line":632,"column":9}},"type":"if","locations":[{"start":{"line":622,"column":8},"end":{"line":632,"column":9}},{"start":{"line":627,"column":15},"end":{"line":632,"column":9}}],"line":622},"48":{"loc":{"start":{"line":624,"column":12},"end":{"line":624,"column":66}},"type":"if","locations":[{"start":{"line":624,"column":12},"end":{"line":624,"column":66}},{"start":{},"end":{}}],"line":624},"49":{"loc":{"start":{"line":624,"column":16},"end":{"line":624,"column":51}},"type":"binary-expr","locations":[{"start":{"line":624,"column":16},"end":{"line":624,"column":36}},{"start":{"line":624,"column":40},"end":{"line":624,"column":51}}],"line":624},"50":{"loc":{"start":{"line":625,"column":12},"end":{"line":625,"column":73}},"type":"if","locations":[{"start":{"line":625,"column":12},"end":{"line":625,"column":73}},{"start":{},"end":{}}],"line":625},"51":{"loc":{"start":{"line":625,"column":16},"end":{"line":625,"column":58}},"type":"binary-expr","locations":[{"start":{"line":625,"column":16},"end":{"line":625,"column":43}},{"start":{"line":625,"column":47},"end":{"line":625,"column":58}}],"line":625},"52":{"loc":{"start":{"line":630,"column":12},"end":{"line":630,"column":73}},"type":"if","locations":[{"start":{"line":630,"column":12},"end":{"line":630,"column":73}},{"start":{},"end":{}}],"line":630},"53":{"loc":{"start":{"line":630,"column":16},"end":{"line":630,"column":59}},"type":"binary-expr","locations":[{"start":{"line":630,"column":16},"end":{"line":630,"column":43}},{"start":{"line":630,"column":47},"end":{"line":630,"column":59}}],"line":630},"54":{"loc":{"start":{"line":721,"column":4},"end":{"line":726,"column":5}},"type":"if","locations":[{"start":{"line":721,"column":4},"end":{"line":726,"column":5}},{"start":{},"end":{}}],"line":721},"55":{"loc":{"start":{"line":729,"column":4},"end":{"line":734,"column":5}},"type":"if","locations":[{"start":{"line":729,"column":4},"end":{"line":734,"column":5}},{"start":{},"end":{}}],"line":729},"56":{"loc":{"start":{"line":729,"column":8},"end":{"line":729,"column":72}},"type":"binary-expr","locations":[{"start":{"line":729,"column":8},"end":{"line":729,"column":33}},{"start":{"line":729,"column":37},"end":{"line":729,"column":72}}],"line":729},"57":{"loc":{"start":{"line":753,"column":4},"end":{"line":758,"column":5}},"type":"if","locations":[{"start":{"line":753,"column":4},"end":{"line":758,"column":5}},{"start":{},"end":{}}],"line":753},"58":{"loc":{"start":{"line":761,"column":4},"end":{"line":766,"column":5}},"type":"if","locations":[{"start":{"line":761,"column":4},"end":{"line":766,"column":5}},{"start":{},"end":{}}],"line":761},"59":{"loc":{"start":{"line":761,"column":8},"end":{"line":761,"column":72}},"type":"binary-expr","locations":[{"start":{"line":761,"column":8},"end":{"line":761,"column":33}},{"start":{"line":761,"column":37},"end":{"line":761,"column":72}}],"line":761},"60":{"loc":{"start":{"line":769,"column":4},"end":{"line":783,"column":5}},"type":"if","locations":[{"start":{"line":769,"column":4},"end":{"line":783,"column":5}},{"start":{},"end":{}}],"line":769},"61":{"loc":{"start":{"line":777,"column":8},"end":{"line":782,"column":9}},"type":"if","locations":[{"start":{"line":777,"column":8},"end":{"line":782,"column":9}},{"start":{},"end":{}}],"line":777},"62":{"loc":{"start":{"line":786,"column":4},"end":{"line":801,"column":5}},"type":"if","locations":[{"start":{"line":786,"column":4},"end":{"line":801,"column":5}},{"start":{},"end":{}}],"line":786},"63":{"loc":{"start":{"line":795,"column":8},"end":{"line":800,"column":9}},"type":"if","locations":[{"start":{"line":795,"column":8},"end":{"line":800,"column":9}},{"start":{},"end":{}}],"line":795},"64":{"loc":{"start":{"line":805,"column":4},"end":{"line":810,"column":5}},"type":"if","locations":[{"start":{"line":805,"column":4},"end":{"line":810,"column":5}},{"start":{},"end":{}}],"line":805},"65":{"loc":{"start":{"line":805,"column":8},"end":{"line":805,"column":100}},"type":"binary-expr","locations":[{"start":{"line":805,"column":9},"end":{"line":805,"column":18}},{"start":{"line":805,"column":22},"end":{"line":805,"column":48}},{"start":{"line":805,"column":54},"end":{"line":805,"column":66}},{"start":{"line":805,"column":70},"end":{"line":805,"column":99}}],"line":805},"66":{"loc":{"start":{"line":814,"column":4},"end":{"line":814,"column":74}},"type":"if","locations":[{"start":{"line":814,"column":4},"end":{"line":814,"column":74}},{"start":{},"end":{}}],"line":814},"67":{"loc":{"start":{"line":815,"column":4},"end":{"line":815,"column":59}},"type":"if","locations":[{"start":{"line":815,"column":4},"end":{"line":815,"column":59}},{"start":{},"end":{}}],"line":815},"68":{"loc":{"start":{"line":816,"column":4},"end":{"line":816,"column":62}},"type":"if","locations":[{"start":{"line":816,"column":4},"end":{"line":816,"column":62}},{"start":{},"end":{}}],"line":816},"69":{"loc":{"start":{"line":817,"column":4},"end":{"line":817,"column":53}},"type":"if","locations":[{"start":{"line":817,"column":4},"end":{"line":817,"column":53}},{"start":{},"end":{}}],"line":817},"70":{"loc":{"start":{"line":818,"column":4},"end":{"line":818,"column":47}},"type":"if","locations":[{"start":{"line":818,"column":4},"end":{"line":818,"column":47}},{"start":{},"end":{}}],"line":818},"71":{"loc":{"start":{"line":821,"column":4},"end":{"line":846,"column":5}},"type":"if","locations":[{"start":{"line":821,"column":4},"end":{"line":846,"column":5}},{"start":{},"end":{}}],"line":821},"72":{"loc":{"start":{"line":821,"column":8},"end":{"line":821,"column":33}},"type":"binary-expr","locations":[{"start":{"line":821,"column":8},"end":{"line":821,"column":17}},{"start":{"line":821,"column":21},"end":{"line":821,"column":33}}],"line":821},"73":{"loc":{"start":{"line":822,"column":28},"end":{"line":822,"column":45}},"type":"binary-expr","locations":[{"start":{"line":822,"column":28},"end":{"line":822,"column":37}},{"start":{"line":822,"column":41},"end":{"line":822,"column":45}}],"line":822},"74":{"loc":{"start":{"line":823,"column":31},"end":{"line":823,"column":51}},"type":"binary-expr","locations":[{"start":{"line":823,"column":31},"end":{"line":823,"column":43}},{"start":{"line":823,"column":47},"end":{"line":823,"column":51}}],"line":823},"75":{"loc":{"start":{"line":824,"column":30},"end":{"line":824,"column":76}},"type":"cond-expr","locations":[{"start":{"line":824,"column":41},"end":{"line":824,"column":59}},{"start":{"line":824,"column":62},"end":{"line":824,"column":76}}],"line":824},"76":{"loc":{"start":{"line":832,"column":25},"end":{"line":832,"column":59}},"type":"cond-expr","locations":[{"start":{"line":832,"column":32},"end":{"line":832,"column":46}},{"start":{"line":832,"column":49},"end":{"line":832,"column":59}}],"line":832},"77":{"loc":{"start":{"line":840,"column":8},"end":{"line":845,"column":9}},"type":"if","locations":[{"start":{"line":840,"column":8},"end":{"line":845,"column":9}},{"start":{},"end":{}}],"line":840},"78":{"loc":{"start":{"line":849,"column":4},"end":{"line":871,"column":5}},"type":"if","locations":[{"start":{"line":849,"column":4},"end":{"line":871,"column":5}},{"start":{"line":857,"column":11},"end":{"line":871,"column":5}}],"line":849},"79":{"loc":{"start":{"line":849,"column":8},"end":{"line":849,"column":33}},"type":"binary-expr","locations":[{"start":{"line":849,"column":8},"end":{"line":849,"column":17}},{"start":{"line":849,"column":21},"end":{"line":849,"column":33}}],"line":849},"80":{"loc":{"start":{"line":857,"column":11},"end":{"line":871,"column":5}},"type":"if","locations":[{"start":{"line":857,"column":11},"end":{"line":871,"column":5}},{"start":{"line":864,"column":11},"end":{"line":871,"column":5}}],"line":857},"81":{"loc":{"start":{"line":864,"column":11},"end":{"line":871,"column":5}},"type":"if","locations":[{"start":{"line":864,"column":11},"end":{"line":871,"column":5}},{"start":{},"end":{}}],"line":864},"82":{"loc":{"start":{"line":874,"column":4},"end":{"line":879,"column":5}},"type":"if","locations":[{"start":{"line":874,"column":4},"end":{"line":879,"column":5}},{"start":{},"end":{}}],"line":874},"83":{"loc":{"start":{"line":905,"column":4},"end":{"line":910,"column":5}},"type":"if","locations":[{"start":{"line":905,"column":4},"end":{"line":910,"column":5}},{"start":{},"end":{}}],"line":905},"84":{"loc":{"start":{"line":938,"column":4},"end":{"line":943,"column":5}},"type":"if","locations":[{"start":{"line":938,"column":4},"end":{"line":943,"column":5}},{"start":{},"end":{}}],"line":938},"85":{"loc":{"start":{"line":946,"column":4},"end":{"line":951,"column":5}},"type":"if","locations":[{"start":{"line":946,"column":4},"end":{"line":951,"column":5}},{"start":{},"end":{}}],"line":946},"86":{"loc":{"start":{"line":946,"column":8},"end":{"line":946,"column":72}},"type":"binary-expr","locations":[{"start":{"line":946,"column":8},"end":{"line":946,"column":33}},{"start":{"line":946,"column":37},"end":{"line":946,"column":72}}],"line":946},"87":{"loc":{"start":{"line":991,"column":4},"end":{"line":996,"column":5}},"type":"if","locations":[{"start":{"line":991,"column":4},"end":{"line":996,"column":5}},{"start":{},"end":{}}],"line":991},"88":{"loc":{"start":{"line":1006,"column":4},"end":{"line":1011,"column":5}},"type":"if","locations":[{"start":{"line":1006,"column":4},"end":{"line":1011,"column":5}},{"start":{},"end":{}}],"line":1006},"89":{"loc":{"start":{"line":1014,"column":4},"end":{"line":1048,"column":5}},"type":"if","locations":[{"start":{"line":1014,"column":4},"end":{"line":1048,"column":5}},{"start":{},"end":{}}],"line":1014},"90":{"loc":{"start":{"line":1024,"column":8},"end":{"line":1047,"column":9}},"type":"if","locations":[{"start":{"line":1024,"column":8},"end":{"line":1047,"column":9}},{"start":{},"end":{}}],"line":1024},"91":{"loc":{"start":{"line":1024,"column":12},"end":{"line":1024,"column":47}},"type":"binary-expr","locations":[{"start":{"line":1024,"column":12},"end":{"line":1024,"column":26}},{"start":{"line":1024,"column":30},"end":{"line":1024,"column":47}}],"line":1024},"92":{"loc":{"start":{"line":1041,"column":12},"end":{"line":1046,"column":13}},"type":"if","locations":[{"start":{"line":1041,"column":12},"end":{"line":1046,"column":13}},{"start":{},"end":{}}],"line":1041},"93":{"loc":{"start":{"line":1061,"column":4},"end":{"line":1066,"column":5}},"type":"if","locations":[{"start":{"line":1061,"column":4},"end":{"line":1066,"column":5}},{"start":{},"end":{}}],"line":1061},"94":{"loc":{"start":{"line":1061,"column":8},"end":{"line":1061,"column":53}},"type":"binary-expr","locations":[{"start":{"line":1061,"column":8},"end":{"line":1061,"column":23}},{"start":{"line":1061,"column":27},"end":{"line":1061,"column":53}}],"line":1061},"95":{"loc":{"start":{"line":1069,"column":4},"end":{"line":1108,"column":5}},"type":"if","locations":[{"start":{"line":1069,"column":4},"end":{"line":1108,"column":5}},{"start":{},"end":{}}],"line":1069},"96":{"loc":{"start":{"line":1069,"column":8},"end":{"line":1069,"column":52}},"type":"binary-expr","locations":[{"start":{"line":1069,"column":8},"end":{"line":1069,"column":23}},{"start":{"line":1069,"column":27},"end":{"line":1069,"column":52}}],"line":1069},"97":{"loc":{"start":{"line":1150,"column":4},"end":{"line":1158,"column":5}},"type":"if","locations":[{"start":{"line":1150,"column":4},"end":{"line":1158,"column":5}},{"start":{},"end":{}}],"line":1150},"98":{"loc":{"start":{"line":1152,"column":8},"end":{"line":1157,"column":9}},"type":"if","locations":[{"start":{"line":1152,"column":8},"end":{"line":1157,"column":9}},{"start":{},"end":{}}],"line":1152},"99":{"loc":{"start":{"line":1169,"column":4},"end":{"line":1174,"column":5}},"type":"if","locations":[{"start":{"line":1169,"column":4},"end":{"line":1174,"column":5}},{"start":{},"end":{}}],"line":1169},"100":{"loc":{"start":{"line":1169,"column":8},"end":{"line":1169,"column":37}},"type":"binary-expr","locations":[{"start":{"line":1169,"column":8},"end":{"line":1169,"column":16}},{"start":{"line":1169,"column":20},"end":{"line":1169,"column":37}}],"line":1169},"101":{"loc":{"start":{"line":1237,"column":4},"end":{"line":1242,"column":5}},"type":"if","locations":[{"start":{"line":1237,"column":4},"end":{"line":1242,"column":5}},{"start":{},"end":{}}],"line":1237},"102":{"loc":{"start":{"line":1245,"column":4},"end":{"line":1250,"column":5}},"type":"if","locations":[{"start":{"line":1245,"column":4},"end":{"line":1250,"column":5}},{"start":{},"end":{}}],"line":1245},"103":{"loc":{"start":{"line":1245,"column":8},"end":{"line":1245,"column":72}},"type":"binary-expr","locations":[{"start":{"line":1245,"column":8},"end":{"line":1245,"column":33}},{"start":{"line":1245,"column":37},"end":{"line":1245,"column":72}}],"line":1245},"104":{"loc":{"start":{"line":1285,"column":4},"end":{"line":1290,"column":5}},"type":"if","locations":[{"start":{"line":1285,"column":4},"end":{"line":1290,"column":5}},{"start":{},"end":{}}],"line":1285},"105":{"loc":{"start":{"line":1285,"column":8},"end":{"line":1285,"column":34}},"type":"binary-expr","locations":[{"start":{"line":1285,"column":8},"end":{"line":1285,"column":17}},{"start":{"line":1285,"column":21},"end":{"line":1285,"column":34}}],"line":1285},"106":{"loc":{"start":{"line":1293,"column":25},"end":{"line":1295,"column":34}},"type":"cond-expr","locations":[{"start":{"line":1294,"column":10},"end":{"line":1294,"column":46}},{"start":{"line":1295,"column":10},"end":{"line":1295,"column":34}}],"line":1293},"107":{"loc":{"start":{"line":1297,"column":4},"end":{"line":1302,"column":5}},"type":"if","locations":[{"start":{"line":1297,"column":4},"end":{"line":1302,"column":5}},{"start":{},"end":{}}],"line":1297},"108":{"loc":{"start":{"line":1312,"column":4},"end":{"line":1317,"column":5}},"type":"if","locations":[{"start":{"line":1312,"column":4},"end":{"line":1317,"column":5}},{"start":{},"end":{}}],"line":1312},"109":{"loc":{"start":{"line":1336,"column":8},"end":{"line":1344,"column":9}},"type":"if","locations":[{"start":{"line":1336,"column":8},"end":{"line":1344,"column":9}},{"start":{"line":1342,"column":15},"end":{"line":1344,"column":9}}],"line":1336},"110":{"loc":{"start":{"line":1337,"column":12},"end":{"line":1341,"column":13}},"type":"if","locations":[{"start":{"line":1337,"column":12},"end":{"line":1341,"column":13}},{"start":{"line":1339,"column":19},"end":{"line":1341,"column":13}}],"line":1337},"111":{"loc":{"start":{"line":1366,"column":4},"end":{"line":1374,"column":5}},"type":"if","locations":[{"start":{"line":1366,"column":4},"end":{"line":1374,"column":5}},{"start":{},"end":{}}],"line":1366},"112":{"loc":{"start":{"line":1377,"column":4},"end":{"line":1385,"column":5}},"type":"if","locations":[{"start":{"line":1377,"column":4},"end":{"line":1385,"column":5}},{"start":{},"end":{}}],"line":1377},"113":{"loc":{"start":{"line":1406,"column":4},"end":{"line":1411,"column":5}},"type":"if","locations":[{"start":{"line":1406,"column":4},"end":{"line":1411,"column":5}},{"start":{},"end":{}}],"line":1406},"114":{"loc":{"start":{"line":1406,"column":8},"end":{"line":1406,"column":62}},"type":"binary-expr","locations":[{"start":{"line":1406,"column":8},"end":{"line":1406,"column":33}},{"start":{"line":1406,"column":37},"end":{"line":1406,"column":62}}],"line":1406},"115":{"loc":{"start":{"line":1421,"column":4},"end":{"line":1426,"column":5}},"type":"if","locations":[{"start":{"line":1421,"column":4},"end":{"line":1426,"column":5}},{"start":{},"end":{}}],"line":1421},"116":{"loc":{"start":{"line":1429,"column":4},"end":{"line":1434,"column":5}},"type":"if","locations":[{"start":{"line":1429,"column":4},"end":{"line":1434,"column":5}},{"start":{},"end":{}}],"line":1429},"117":{"loc":{"start":{"line":1429,"column":8},"end":{"line":1429,"column":72}},"type":"binary-expr","locations":[{"start":{"line":1429,"column":8},"end":{"line":1429,"column":33}},{"start":{"line":1429,"column":37},"end":{"line":1429,"column":72}}],"line":1429},"118":{"loc":{"start":{"line":1439,"column":17},"end":{"line":1439,"column":61}},"type":"cond-expr","locations":[{"start":{"line":1439,"column":32},"end":{"line":1439,"column":54}},{"start":{"line":1439,"column":57},"end":{"line":14
[...]
ine":460,"column":17},"end":{"line":460,"column":55}},"122":{"start":{"line":462,"column":17},"end":{"line":467,"column":6}},"123":{"start":{"line":469,"column":4},"end":{"line":474,"column":5}},"124":{"start":{"line":470,"column":8},"end":{"line":473,"column":11}},"125":{"start":{"line":476,"column":30},"end":{"line":501,"column":6}},"126":{"start":{"line":503,"column":4},"end":{"line":512,"column":7}},"127":{"start":{"line":516,"column":0},"end":{"line":579,"column":3}},"128":{"start":{"line":517,"column":19},"end":{"line":517,"column":29}},"129":{"start":{"line":518,"column":24},"end":{"line":518,"column":32}},"130":{"start":{"line":519,"column":19},"end":{"line":519,"column":35}},"131":{"start":{"line":521,"column":4},"end":{"line":526,"column":5}},"132":{"start":{"line":522,"column":8},"end":{"line":525,"column":11}},"133":{"start":{"line":529,"column":29},"end":{"line":529,"column":59}},"134":{"start":{"line":530,"column":4},"end":{"line":535,"column":5}},"135":{"start":{"line":531,"column":8},"end":{"line":534,"column":11}},"136":{"start":{"line":537,"column":17},"end":{"line":542,"column":6}},"137":{"start":{"line":544,"column":4},"end":{"line":549,"column":5}},"138":{"start":{"line":545,"column":8},"end":{"line":548,"column":11}},"139":{"start":{"line":551,"column":20},"end":{"line":566,"column":6}},"140":{"start":{"line":569,"column":4},"end":{"line":572,"column":5}},"141":{"start":{"line":570,"column":8},"end":{"line":571,"column":96}},"142":{"start":{"line":571,"column":26},"end":{"line":571,"column":94}},"143":{"start":{"line":574,"column":4},"end":{"line":578,"column":7}},"144":{"start":{"line":582,"column":0},"end":{"line":619,"column":3}},"145":{"start":{"line":583,"column":30},"end":{"line":583,"column":40}},"146":{"start":{"line":584,"column":19},"end":{"line":584,"column":35}},"147":{"start":{"line":585,"column":21},"end":{"line":585,"column":34}},"148":{"start":{"line":587,"column":20},"end":{"line":593,"column":6}},"149":{"start":{"line":595,"column":4},"end":{"line":600,"column":5}},"150":{"start":{"line":596,"column":8},"end":{"line":599,"column":11}},"151":{"start":{"line":603,"column":4},"end":{"line":608,"column":5}},"152":{"start":{"line":604,"column":8},"end":{"line":607,"column":11}},"153":{"start":{"line":610,"column":4},"end":{"line":613,"column":7}},"154":{"start":{"line":615,"column":4},"end":{"line":618,"column":7}},"155":{"start":{"line":622,"column":0},"end":{"line":678,"column":3}},"156":{"start":{"line":623,"column":19},"end":{"line":623,"column":35}},"157":{"start":{"line":624,"column":37},"end":{"line":624,"column":46}},"158":{"start":{"line":625,"column":17},"end":{"line":625,"column":55}},"159":{"start":{"line":627,"column":27},"end":{"line":659,"column":6}},"160":{"start":{"line":661,"column":28},"end":{"line":666,"column":7}},"161":{"start":{"line":661,"column":47},"end":{"line":666,"column":5}},"162":{"start":{"line":668,"column":4},"end":{"line":677,"column":7}}},"fnMap":{"0":{"name":"(anonymous_0)","decl":{"start":{"line":11,"column":35},"end":{"line":11,"column":36}},"loc":{"start":{"line":11,"column":55},"end":{"line":63,"column":1}},"line":11},"1":{"name":"(anonymous_1)","decl":{"start":{"line":49,"column":42},"end":{"line":49,"column":43}},"loc":{"start":{"line":49,"column":51},"end":{"line":56,"column":5}},"line":49},"2":{"name":"(anonymous_2)","decl":{"start":{"line":51,"column":33},"end":{"line":51,"column":34}},"loc":{"start":{"line":51,"column":41},"end":{"line":51,"column":64}},"line":51},"3":{"name":"(anonymous_3)","decl":{"start":{"line":66,"column":35},"end":{"line":66,"column":36}},"loc":{"start":{"line":66,"column":55},"end":{"line":127,"column":1}},"line":66},"4":{"name":"(anonymous_4)","decl":{"start":{"line":120,"column":37},"end":{"line":120,"column":38}},"loc":{"start":{"line":120,"column":45},"end":{"line":120,"column":68}},"line":120},"5":{"name":"(anonymous_5)","decl":{"start":{"line":130,"column":34},"end":{"line":130,"column":35}},"loc":{"start":{"line":130,"column":54},"end":{"line":204,"column":1}},"line":130},"6":{"name":"(anonymous_6)","decl":{"start":{"line":207,"column":34},"end":{"line":207,"column":35}},"loc":{"start":{"line":207,"column":54},"end":{"line":327,"column":1}},"line":207},"7":{"name":"(anonymous_7)","decl":{"start":{"line":275,"column":39},"end":{"line":275,"column":40}},"loc":{"start":{"line":275,"column":46},"end":{"line":275,"column":74}},"line":275},"8":{"name":"(anonymous_8)","decl":{"start":{"line":330,"column":34},"end":{"line":330,"column":35}},"loc":{"start":{"line":330,"column":54},"end":{"line":375,"column":1}},"line":330},"9":{"name":"(anonymous_9)","decl":{"start":{"line":380,"column":34},"end":{"line":380,"column":35}},"loc":{"start":{"line":380,"column":54},"end":{"line":452,"column":1}},"line":380},"10":{"name":"(anonymous_10)","decl":{"start":{"line":429,"column":22},"end":{"line":429,"column":23}},"loc":{"start":{"line":429,"column":30},"end":{"line":434,"column":17}},"line":429},"11":{"name":"(anonymous_11)","decl":{"start":{"line":432,"column":35},"end":{"line":432,"column":36}},"loc":{"start":{"line":432,"column":42},"end":{"line":432,"column":107}},"line":432},"12":{"name":"(anonymous_12)","decl":{"start":{"line":435,"column":23},"end":{"line":435,"column":24}},"loc":{"start":{"line":435,"column":30},"end":{"line":435,"column":102}},"line":435},"13":{"name":"(anonymous_13)","decl":{"start":{"line":457,"column":35},"end":{"line":457,"column":36}},"loc":{"start":{"line":457,"column":55},"end":{"line":513,"column":1}},"line":457},"14":{"name":"(anonymous_14)","decl":{"start":{"line":516,"column":34},"end":{"line":516,"column":35}},"loc":{"start":{"line":516,"column":54},"end":{"line":579,"column":1}},"line":516},"15":{"name":"(anonymous_15)","decl":{"start":{"line":571,"column":19},"end":{"line":571,"column":20}},"loc":{"start":{"line":571,"column":26},"end":{"line":571,"column":94}},"line":571},"16":{"name":"(anonymous_16)","decl":{"start":{"line":582,"column":37},"end":{"line":582,"column":38}},"loc":{"start":{"line":582,"column":57},"end":{"line":619,"column":1}},"line":582},"17":{"name":"(anonymous_17)","decl":{"start":{"line":622,"column":34},"end":{"line":622,"column":35}},"loc":{"start":{"line":622,"column":54},"end":{"line":678,"column":1}},"line":622},"18":{"name":"(anonymous_18)","decl":{"start":{"line":661,"column":38},"end":{"line":661,"column":39}},"loc":{"start":{"line":661,"column":47},"end":{"line":666,"column":5}},"line":661}},"branchMap":{"0":{"loc":{"start":{"line":109,"column":4},"end":{"line":114,"column":5}},"type":"if","locations":[{"start":{"line":109,"column":4},"end":{"line":114,"column":5}},{"start":{},"end":{}}],"line":109},"1":{"loc":{"start":{"line":134,"column":4},"end":{"line":139,"column":5}},"type":"if","locations":[{"start":{"line":134,"column":4},"end":{"line":139,"column":5}},{"start":{},"end":{}}],"line":134},"2":{"loc":{"start":{"line":134,"column":8},"end":{"line":134,"column":41}},"type":"binary-expr","locations":[{"start":{"line":134,"column":8},"end":{"line":134,"column":16}},{"start":{"line":134,"column":20},"end":{"line":134,"column":41}}],"line":134},"3":{"loc":{"start":{"line":143,"column":4},"end":{"line":148,"column":5}},"type":"if","locations":[{"start":{"line":143,"column":4},"end":{"line":148,"column":5}},{"start":{},"end":{}}],"line":143},"4":{"loc":{"start":{"line":152,"column":4},"end":{"line":171,"column":5}},"type":"if","locations":[{"start":{"line":152,"column":4},"end":{"line":171,"column":5}},{"start":{},"end":{}}],"line":152},"5":{"loc":{"start":{"line":152,"column":8},"end":{"line":152,"column":36}},"type":"binary-expr","locations":[{"start":{"line":152,"column":8},"end":{"line":152,"column":17}},{"start":{"line":152,"column":21},"end":{"line":152,"column":36}}],"line":152},"6":{"loc":{"start":{"line":153,"column":27},"end":{"line":153,"column":95}},"type":"cond-expr","locations":[{"start":{"line":153,"column":60},"end":{"line":153,"column":75}},{"start":{"line":153,"column":78},"end":{"line":153,"column":95}}],"line":153},"7":{"loc":{"start":{"line":178,"column":22},"end":{"line":178,"column":60}},"type":"cond-expr","locations":[{"start":{"line":178,"column":33},"end":{"line":178,"column":53}},{"start":{"line":178,"column":56},"end":{"line":178,"column":60}}],"line":178},"8":{"loc":{"start":{"line":179,"column":23},"end":{"line":179,"column":63}},"type":"cond-expr","locations":[{"start":{"line":179,"column":35},"end":{"line":179,"column":56}},{"start":{"line":179,"column":59},"end":{"line":179,"column":63}}],"line":179},"9":{"loc":{"start":{"line":180,"column":27},"end":{"line":180,"column":48}},"type":"binary-expr","locations":[{"start":{"line":180,"column":27},"end":{"line":180,"column":40}},{"start":{"line":180,"column":44},"end":{"line":180,"column":48}}],"line":180},"10":{"loc":{"start":{"line":219,"column":4},"end":{"line":224,"column":5}},"type":"if","locations":[{"start":{"line":219,"column":4},"end":{"line":224,"column":5}},{"start":{},"end":{}}],"line":219},"11":{"loc":{"start":{"line":226,"column":4},"end":{"line":231,"column":5}},"type":"if","locations":[{"start":{"line":226,"column":4},"end":{"line":231,"column":5}},{"start":{},"end":{}}],"line":226},"12":{"loc":{"start":{"line":234,"column":4},"end":{"line":242,"column":5}},"type":"if","locations":[{"start":{"line":234,"column":4},"end":{"line":242,"column":5}},{"start":{},"end":{}}],"line":234},"13":{"loc":{"start":{"line":234,"column":8},"end":{"line":234,"column":40}},"type":"binary-expr","locations":[{"start":{"line":234,"column":8},"end":{"line":234,"column":15}},{"start":{"line":234,"column":19},"end":{"line":234,"column":40}}],"line":234},"14":{"loc":{"start":{"line":236,"column":8},"end":{"line":241,"column":9}},"type":"if","locations":[{"start":{"line":236,"column":8},"end":{"line":241,"column":9}},{"start":{},"end":{}}],"line":236},"15":{"loc":{"start":{"line":248,"column":4},"end":{"line":276,"column":5}},"type":"if","locations":[{"start":{"line":248,"column":4},"end":{"line":276,"column":5}},{"start":{},"end":{}}],"line":248},"16":{"loc":{"start":{"line":251,"column":8},"end":{"line":262,"column":9}},"type":"if","locations":[{"start":{"line":251,"column":8},"end":{"line":262,"column":9}},{"start":{"line":253,"column":15},"end":{"line":262,"column":9}}],"line":251},"17":{"loc":{"start":{"line":256,"column":16},"end":{"line":258,"column":17}},"type":"if","locations":[{"start":{"line":256,"column":16},"end":{"line":258,"column":17}},{"start":{},"end":{}}],"line":256},"18":{"loc":{"start":{"line":265,"column":12},"end":{"line":273,"column":13}},"type":"if","locations":[{"start":{"line":265,"column":12},"end":{"line":273,"column":13}},{"start":{},"end":{}}],"line":265},"19":{"loc":{"start":{"line":267,"column":20},"end":{"line":269,"column":21}},"type":"if","locations":[{"start":{"line":267,"column":20},"end":{"line":269,"column":21}},{"start":{},"end":{}}],"line":267},"20":{"loc":{"start":{"line":279,"column":4},"end":{"line":299,"column":5}},"type":"if","locations":[{"start":{"line":279,"column":4},"end":{"line":299,"column":5}},{"start":{},"end":{}}],"line":279},"21":{"loc":{"start":{"line":279,"column":8},"end":{"line":279,"column":36}},"type":"binary-expr","locations":[{"start":{"line":279,"column":8},"end":{"line":279,"column":17}},{"start":{"line":279,"column":21},"end":{"line":279,"column":36}}],"line":279},"22":{"loc":{"start":{"line":281,"column":27},"end":{"line":281,"column":95}},"type":"cond-expr","locations":[{"start":{"line":281,"column":60},"end":{"line":281,"column":75}},{"start":{"line":281,"column":78},"end":{"line":281,"column":95}}],"line":281},"23":{"loc":{"start":{"line":304,"column":21},"end":{"line":304,"column":57}},"type":"cond-expr","locations":[{"start":{"line":304,"column":31},"end":{"line":304,"column":45}},{"start":{"line":304,"column":48},"end":{"line":304,"column":57}}],"line":304},"24":{"loc":{"start":{"line":305,"column":22},"end":{"line":305,"column":79}},"type":"cond-expr","locations":[{"start":{"line":305,"column":47},"end":{"line":305,"column":67}},{"start":{"line":305,"column":70},"end":{"line":305,"column":79}}],"line":305},"25":{"loc":{"start":{"line":306,"column":23},"end":{"line":306,"column":82}},"type":"cond-expr","locations":[{"start":{"line":306,"column":49},"end":{"line":306,"column":70}},{"start":{"line":306,"column":73},"end":{"line":306,"column":82}}],"line":306},"26":{"loc":{"start":{"line":307,"column":27},"end":{"line":307,"column":82}},"type":"cond-expr","locations":[{"start":{"line":307,"column":57},"end":{"line":307,"column":70}},{"start":{"line":307,"column":73},"end":{"line":307,"column":82}}],"line":307},"27":{"loc":{"start":{"line":308,"column":19},"end":{"line":308,"column":61}},"type":"cond-expr","locations":[{"start":{"line":308,"column":39},"end":{"line":308,"column":49}},{"start":{"line":308,"column":52},"end":{"line":308,"column":61}}],"line":308},"28":{"loc":{"start":{"line":342,"column":4},"end":{"line":347,"column":5}},"type":"if","locations":[{"start":{"line":342,"column":4},"end":{"line":347,"column":5}},{"start":{},"end":{}}],"line":342},"29":{"loc":{"start":{"line":350,"column":4},"end":{"line":355,"column":5}},"type":"if","locations":[{"start":{"line":350,"column":4},"end":{"line":355,"column":5}},{"start":{},"end":{}}],"line":350},"30":{"loc":{"start":{"line":350,"column":8},"end":{"line":350,"column":55}},"type":"binary-expr","locations":[{"start":{"line":350,"column":8},"end":{"line":350,"column":31}},{"start":{"line":350,"column":35},"end":{"line":350,"column":55}}],"line":350},"31":{"loc":{"start":{"line":358,"column":4},"end":{"line":364,"column":5}},"type":"if","locations":[{"start":{"line":358,"column":4},"end":{"line":364,"column":5}},{"start":{},"end":{}}],"line":358},"32":{"loc":{"start":{"line":358,"column":8},"end":{"line":358,"column":43}},"type":"binary-expr","locations":[{"start":{"line":358,"column":8},"end":{"line":358,"column":18}},{"start":{"line":358,"column":22},"end":{"line":358,"column":43}}],"line":358},"33":{"loc":{"start":{"line":360,"column":12},"end":{"line":362,"column":13}},"type":"if","locations":[{"start":{"line":360,"column":12},"end":{"line":362,"column":13}},{"start":{},"end":{}}],"line":360},"34":{"loc":{"start":{"line":391,"column":4},"end":{"line":396,"column":5}},"type":"if","locations":[{"start":{"line":391,"column":4},"end":{"line":396,"column":5}},{"start":{},"end":{}}],"line":391},"35":{"loc":{"start":{"line":409,"column":4},"end":{"line":437,"column":5}},"type":"if","locations":[{"start":{"line":409,"column":4},"end":{"line":437,"column":5}},{"start":{"line":415,"column":11},"end":{"line":437,"column":5}}],"line":409},"36":{"loc":{"start":{"line":426,"column":8},"end":{"line":436,"column":9}},"type":"if","locations":[{"start":{"line":426,"column":8},"end":{"line":436,"column":9}},{"start":{},"end":{}}],"line":426},"37":{"loc":{"start":{"line":430,"column":20},"end":{"line":433,"column":21}},"type":"if","locations":[{"start":{"line":430,"column":20},"end":{"line":433,"column":21}},{"start":{},"end":{}}],"line":430},"38":{"loc":{"start":{"line":446,"column":17},"end":{"line":446,"column":56}},"type":"cond-expr","locations":[{"start":{"line":446,"column":27},"end":{"line":446,"column":39}},{"start":{"line":446,"column":42},"end":{"line":446,"column":56}}],"line":446},"39":{"loc":{"start":{"line":459,"column":12},"end":{"line":459,"column":20}},"type":"default-arg","locations":[{"start":{"line":459,"column":19},"end":{"line":459,"column":20}}],"line":459},"40":{"loc":{"start":{"line":459,"column":22},"end":{"line":459,"column":32}},"type":"default-arg","locations":[{"start":{"line":459,"column":30},"end":{"line":459,"column":32}}],"line":459},"41":{"loc":{"start":{"line":469,"column":4},"end":{"line":474,"column":5}},"type":"if","locations":[{"start":{"line":469,"column":4},"end":{"line":474,"column":5}},{"start":{},"end":{}}],"line":469},"42":{"loc":{"start":{"line":521,"column":4},"end":{"line":526,"column":5}},"type":"if","locations":[{"start":{"line":521,"column":4},"end":{"line":526,"column":5}},{"start":{},"end":{}}],"line":521},"43":{"loc":{"start":{"line":521,"column":8},"end":{"line":521,"column":41}},"type":"binary-expr","locations":[{"start":{"line":521,"column":8},"end":{"line":521,"column":16}},{"start":{"line":521,"column":20},"end":{"line":521,"column":41}}],"line":521},"44":{"loc":{"start":{"line":530,"column":4},"end":{"line":535,"column":5}},"type":"if","locations":[{"start":{"line":530,"column":4},"end":{"line":535,"column":5}},{"start":{},"end":{}}],"line":530},"45":{"loc":{"start":{"line":544,"column":4},"end":{"line":549,"column":5}},"type":"if","locations":[{"start":{"line":544,"column":4},"end":{"line":549,"column":5}},{"start":{},"end":{}}],"line":544},"46":{"loc":{"start":{"line":569,"column":4},"end":{"line":572,"column":5}},"type":"if","locations":[{"start":{"line":569,"column":4},"end":{"line":572,"column":5}},{"start":{},"end":{}}],"line":569},"47":{"loc":{"start":{"line":595,"column":4},"end":{"line":600,"column":5}},"type":"if","locations":[{"start":{"line":595,"column":4},"end":{"line":600,"column":5}},{"start":{},"end":{}}],"line":595},"48":{"loc":{"start":{"line":603,"column":4},"end":{"line":608,"column":5}},"type":"if","locations":[{"start":{"line":603,"column":4},"end":{"line":608,"column":5}},{"start":{},"end":{}}],"line":603},"49":{"loc":{"start":{"line":603,"column":8},"end":{"line":603,"column":58}},"type":"binary-expr","locations":[{"start":{"line":603,"column":8},"end":{"line":603,"column":34}},{"start":{"line":603,"column":38},"end":{"line":603,"column":58}}],"line":603},"50":{"loc":{"start":{"line":624,"column":12},"end":{"line":624,"column":20}},"type":"default-arg","locations":[{"start":{"line":624,"column":19},"end":{"line":624,"column":20}}],"line":624},"51":{"loc":{"start":{"line":624,"column":22},"end":{"line":624,"column":32}},"type":"default-arg","locations":[{"start":{"line":624,"column":30},"end":{"line":624,"column":32}}],"line":624}},"s":{"0":1,"1":1,"2":1,"3":1,"4":1,"5":1,"6":1,"7":1,"8":1,"9":1,"10":1,"11":2,"12":1,"13":1,"14":1,"15":0,"16":0,"17":0,"18":0,"19":0,"20":0,"21":0,"22":1,"23":2,"24":2,"25":2,"26":1,"27":1,"28":1,"29":0,"30":1,"31":1,"32":1,"33":1,"34":1,"35":1,"36":1,"37":0,"38":1,"39":1,"40":1,"41":0,"42":0,"43":0,"44":0,"45":0,"46":0,"47":0,"48":0,"49":0,"50":0,"51":0,"52":0,"53":0,"54":0,"55":0,"56":0,"57":0,"58":0,"59":0,"60":0,"61":0,"62":0,"63":0,"64":0,"65":0,"66":0,"67":0,"68":0,"69":0,"70":0,"71":0,"72":0,"73":0,"74":0,"75":0,"76":0,"77":0,"78":0,"79":0,"80":0,"81":0,"82":0,"83":1,"84":2,"85":2,"86":2,"87":2,"88":2,"89":0,"90":2,"91":1,"92":1,"93":1,"94":1,"95":1,"96":1,"97":1,"98":1,"99":2,"100":2,"101":2,"102":2,"103":0,"104":2,"105":2,"106":1,"107":1,"108":1,"109":1,"110":1,"111":1,"112":1,"113":1,"114":0,"115":0,"116":2,"117":2,"118":1,"119":0,"120":0,"121":0,"122":0,"123":0,"124":0,"125":0,"126":0,"127":1,"128":1,"129":1,"130":1,"131":1,"132":0,"133":1,"134":1,"135":0,"136":1,"137":1,"138":0,"139":1,"140":1,"141":1,"142":0,"143":1,"144":1,"145":0,"146":0,"147":0,"148":0,"149":0,"150":0,"151":0,"152":0,"153":0,"154":0,"155":1,"156":0,"157":0,"158":0,"159":0,"160":0,"161":0,"162":0},"f":{"0":1,"1":2,"2":1,"3":0,"4":0,"5":2,"6":0,"7":0,"8":2,"9":2,"10":1,"11":0,"12":0,"13":0,"14":1,"15":0,"16":0,"17":0,"18":0},"b":{"0":[0,0],"1":[1,1],"2":[2,1],"3":[0,1],"4":[1,0],"5":[1,1],"6":[1,0],"7":[0,1],"8":[0,1],"9":[1,1],"10":[0,0],"11":[0,0],"12":[0,0],"13":[0,0],"14":[0,0],"15":[0,0],"16":[0,0],"17":[0,0],"18":[0,0],"19":[0,0],"20":[0,0],"21":[0,0],"22":[0,0],"23":[0,0],"24":[0,0],"25":[0,0],"26":[0,0],"27":[0,0],"28":[0,2],"29":[1,1],"30":[2,1],"31":[1,0],"32":[1,1],"33":[1,0],"34":[0,2],"35":[1,1],"36":[1,0],"37":[1,0],"38":[1,1],"39":[0],"40":[0],"41":[0,0],"42":[0,1],"43":[1,1],"44":[0,1],"45":[0,1],"46":[1,0],"47":[0,0],"48":[0,0],"49":[0,0],"50":[0],"51":[0]},"_coverageSchema":"1a1c01bbd47fc00a2c39e90264f33305004495a9","hash":"6c6480759640fe53d49195144b011f56e7e6f0f0"}
}
