{"D:\\project\\MyTelU-V2\\MyTelUV2\\backend\\controllers\\akademikController.js": {"path":"D:\\project\\MyTelU-V2\\MyTelUV2\\backend\\controllers\\akademikController.js","statementMap":{"0":{"start":{"line":1,"column":21},"end":{"line":1,"column":53}},"1":{"start":{"line":2,"column":15},"end":{"line":2,"column":41}},"2":{"start":{"line":3,"column":19},"end":{"line":3,"column":49}},"3":{"start":{"line":4,"column":99},"end":{"line":4,"column":134}},"4":{"start":{"line":5,"column":36},"end":{"line":5,"column":64}},"5":{"start":{"line":8,"column":0},"end":{"line":38,"column":3}},"6":{"start":{"line":9,"column":49},"end":{"line":9,"column":57}},"7":{"start":{"line":12,"column":31},"end":{"line":17,"column":6}},"8":{"start":{"line":19,"column":4},"end":{"line":24,"column":5}},"9":{"start":{"line":20,"column":8},"end":{"line":23,"column":11}},"10":{"start":{"line":26,"column":23},"end":{"line":31,"column":6}},"11":{"start":{"line":33,"column":4},"end":{"line":37,"column":7}},"12":{"start":{"line":40,"column":0},"end":{"line":79,"column":3}},"13":{"start":{"line":41,"column":23},"end":{"line":41,"column":32}},"14":{"start":{"line":42,"column":34},"end":{"line":42,"column":60}},"15":{"start":{"line":44,"column":18},"end":{"line":44,"column":37}},"16":{"start":{"line":47,"column":4},"end":{"line":52,"column":5}},"17":{"start":{"line":48,"column":8},"end":{"line":51,"column":10}},"18":{"start":{"line":54,"column":32},"end":{"line":72,"column":6}},"19":{"start":{"line":74,"column":4},"end":{"line":78,"column":7}},"20":{"start":{"line":81,"column":0},"end":{"line":116,"column":3}},"21":{"start":{"line":82,"column":19},"end":{"line":82,"column":29}},"22":{"start":{"line":84,"column":23},"end":{"line":103,"column":6}},"23":{"start":{"line":105,"column":4},"end":{"line":110,"column":5}},"24":{"start":{"line":106,"column":8},"end":{"line":109,"column":11}},"25":{"start":{"line":112,"column":4},"end":{"line":115,"column":7}},"26":{"start":{"line":118,"column":0},"end":{"line":167,"column":3}},"27":{"start":{"line":119,"column":19},"end":{"line":119,"column":29}},"28":{"start":{"line":120,"column":49},"end":{"line":120,"column":57}},"29":{"start":{"line":122,"column":23},"end":{"line":127,"column":6}},"30":{"start":{"line":129,"column":4},"end":{"line":134,"column":5}},"31":{"start":{"line":130,"column":8},"end":{"line":133,"column":11}},"32":{"start":{"line":137,"column":4},"end":{"line":152,"column":5}},"33":{"start":{"line":138,"column":29},"end":{"line":144,"column":10}},"34":{"start":{"line":146,"column":8},"end":{"line":151,"column":9}},"35":{"start":{"line":147,"column":12},"end":{"line":150,"column":15}},"36":{"start":{"line":154,"column":30},"end":{"line":160,"column":6}},"37":{"start":{"line":162,"column":4},"end":{"line":166,"column":7}},"38":{"start":{"line":169,"column":0},"end":{"line":208,"column":3}},"39":{"start":{"line":170,"column":19},"end":{"line":170,"column":29}},"40":{"start":{"line":172,"column":23},"end":{"line":182,"column":6}},"41":{"start":{"line":184,"column":4},"end":{"line":189,"column":5}},"42":{"start":{"line":185,"column":8},"end":{"line":188,"column":11}},"43":{"start":{"line":192,"column":4},"end":{"line":197,"column":5}},"44":{"start":{"line":193,"column":8},"end":{"line":196,"column":11}},"45":{"start":{"line":199,"column":4},"end":{"line":202,"column":7}},"46":{"start":{"line":204,"column":4},"end":{"line":207,"column":7}},"47":{"start":{"line":212,"column":0},"end":{"line":327,"column":3}},"48":{"start":{"line":213,"column":86},"end":{"line":213,"column":94}},"49":{"start":{"line":216,"column":23},"end":{"line":221,"column":6}},"50":{"start":{"line":223,"column":4},"end":{"line":228,"column":5}},"51":{"start":{"line":224,"column":8},"end":{"line":227,"column":11}},"52":{"start":{"line":231,"column":18},"end":{"line":237,"column":6}},"53":{"start":{"line":239,"column":4},"end":{"line":244,"column":5}},"54":{"start":{"line":240,"column":8},"end":{"line":243,"column":11}},"55":{"start":{"line":247,"column":4},"end":{"line":252,"column":5}},"56":{"start":{"line":248,"column":8},"end":{"line":251,"column":11}},"57":{"start":{"line":255,"column":22},"end":{"line":255,"column":68}},"58":{"start":{"line":256,"column":4},"end":{"line":261,"column":5}},"59":{"start":{"line":257,"column":8},"end":{"line":260,"column":11}},"60":{"start":{"line":264,"column":29},"end":{"line":274,"column":5}},"61":{"start":{"line":276,"column":4},"end":{"line":281,"column":5}},"62":{"start":{"line":277,"column":8},"end":{"line":280,"column":11}},"63":{"start":{"line":284,"column":27},"end":{"line":286,"column":6}},"64":{"start":{"line":287,"column":29},"end":{"line":287,"column":79}},"65":{"start":{"line":288,"column":28},"end":{"line":288,"column":82}},"66":{"start":{"line":290,"column":25},"end":{"line":305,"column":5}},"67":{"start":{"line":308,"column":25},"end":{"line":320,"column":6}},"68":{"start":{"line":322,"column":4},"end":{"line":326,"column":7}},"69":{"start":{"line":329,"column":0},"end":{"line":371,"column":3}},"70":{"start":{"line":330,"column":49},"end":{"line":330,"column":58}},"71":{"start":{"line":331,"column":34},"end":{"line":331,"column":60}},"72":{"start":{"line":333,"column":18},"end":{"line":333,"column":37}},"73":{"start":{"line":335,"column":4},"end":{"line":335,"column":69}},"74":{"start":{"line":335,"column":23},"end":{"line":335,"column":69}},"75":{"start":{"line":336,"column":4},"end":{"line":336,"column":54}},"76":{"start":{"line":336,"column":18},"end":{"line":336,"column":54}},"77":{"start":{"line":337,"column":4},"end":{"line":337,"column":76}},"78":{"start":{"line":337,"column":17},"end":{"line":337,"column":76}},"79":{"start":{"line":339,"column":27},"end":{"line":364,"column":6}},"80":{"start":{"line":366,"column":4},"end":{"line":370,"column":7}},"81":{"start":{"line":374,"column":0},"end":{"line":649,"column":3}},"82":{"start":{"line":375,"column":19},"end":{"line":375,"column":35}},"83":{"start":{"line":376,"column":21},"end":{"line":376,"column":34}},"84":{"start":{"line":379,"column":16},"end":{"line":379,"column":26}},"85":{"start":{"line":380,"column":23},"end":{"line":380,"column":60}},"86":{"start":{"line":381,"column":24},"end":{"line":381,"column":54}},"87":{"start":{"line":384,"column":23},"end":{"line":384,"column":36}},"88":{"start":{"line":385,"column":4},"end":{"line":385,"column":36}},"89":{"start":{"line":386,"column":21},"end":{"line":386,"column":34}},"90":{"start":{"line":387,"column":4},"end":{"line":387,"column":39}},"91":{"start":{"line":389,"column":29},"end":{"line":399,"column":6}},"92":{"start":{"line":401,"column":30},"end":{"line":401,"column":67}},"93":{"start":{"line":401,"column":56},"end":{"line":401,"column":66}},"94":{"start":{"line":403,"column":4},"end":{"line":403,"column":95}},"95":{"start":{"line":404,"column":4},"end":{"line":404,"column":100}},"96":{"start":{"line":407,"column":22},"end":{"line":413,"column":5}},"97":{"start":{"line":418,"column":23},"end":{"line":418,"column":25}},"98":{"start":{"line":419,"column":4},"end":{"line":428,"column":5}},"99":{"start":{"line":420,"column":8},"end":{"line":425,"column":10}},"100":{"start":{"line":426,"column":11},"end":{"line":428,"column":5}},"101":{"start":{"line":427,"column":8},"end":{"line":427,"column":37}},"102":{"start":{"line":431,"column":4},"end":{"line":431,"column":43}},"103":{"start":{"line":434,"column":21},"end":{"line":488,"column":6}},"104":{"start":{"line":491,"column":21},"end":{"line":491,"column":50}},"105":{"start":{"line":491,"column":39},"end":{"line":491,"column":49}},"106":{"start":{"line":492,"column":19},"end":{"line":492,"column":21}},"107":{"start":{"line":493,"column":4},"end":{"line":499,"column":5}},"108":{"start":{"line":494,"column":8},"end":{"line":498,"column":10}},"109":{"start":{"line":501,"column":20},"end":{"line":501,"column":29}},"110":{"start":{"line":502,"column":4},"end":{"line":508,"column":7}},"111":{"start":{"line":504,"column":8},"end":{"line":507,"column":11}},"112":{"start":{"line":511,"column":29},"end":{"line":604,"column":6}},"113":{"start":{"line":512,"column":33},"end":{"line":512,"column":74}},"114":{"start":{"line":518,"column":23},"end":{"line":518,"column":27}},"115":{"start":{"line":519,"column":8},"end":{"line":541,"column":9}},"116":{"start":{"line":532,"column":12},"end":{"line":540,"column":13}},"117":{"start":{"line":533,"column":36},"end":{"line":533,"column":88}},"118":{"start":{"line":534,"column":37},"end":{"line":534,"column":116}},"119":{"start":{"line":536,"column":16},"end":{"line":539,"column":17}},"120":{"start":{"line":537,"column":20},"end":{"line":537,"column":33}},"121":{"start":{"line":538,"column":20},"end":{"line":538,"column":26}},"122":{"start":{"line":543,"column":28},"end":{"line":543,"column":38}},"123":{"start":{"line":544,"column":25},"end":{"line":544,"column":54}},"124":{"start":{"line":549,"column":30},"end":{"line":549,"column":63}},"125":{"start":{"line":550,"column":33},"end":{"line":550,"column":72}},"126":{"start":{"line":551,"column":29},"end":{"line":551,"column":38}},"127":{"start":{"line":554,"column":8},"end":{"line":582,"column":9}},"128":{"start":{"line":555,"column":33},"end":{"line":555,"column":93}},"129":{"start":{"line":556,"column":12},"end":{"line":581,"column":13}},"130":{"start":{"line":558,"column":16},"end":{"line":558,"column":89}},"131":{"start":{"line":558,"column":46},"end":{"line":558,"column":89}},"132":{"start":{"line":580,"column":16},"end":{"line":580,"column":84}},"133":{"start":{"line":580,"column":44},"end":{"line":580,"column":84}},"134":{"start":{"line":584,"column":8},"end":{"line":603,"column":10}},"135":{"start":{"line":613,"column":24},"end":{"line":634,"column":6}},"136":{"start":{"line":614,"column":8},"end":{"line":617,"column":9}},"137":{"start":{"line":616,"column":12},"end":{"line":616,"column":41}},"138":{"start":{"line":619,"column":18},"end":{"line":619,"column":28}},"139":{"start":{"line":620,"column":28},"end":{"line":620,"column":80}},"140":{"start":{"line":621,"column":29},"end":{"line":621,"column":108}},"141":{"start":{"line":623,"column":8},"end":{"line":633,"column":9}},"142":{"start":{"line":625,"column":12},"end":{"line":625,"column":66}},"143":{"start":{"line":625,"column":53},"end":{"line":625,"column":66}},"144":{"start":{"line":626,"column":12},"end":{"line":626,"column":73}},"145":{"start":{"line":626,"column":60},"end":{"line":626,"column":73}},"146":{"start":{"line":627,"column":12},"end":{"line":627,"column":24}},"147":{"start":{"line":631,"column":12},"end":{"line":631,"column":73}},"148":{"start":{"line":631,"column":61},"end":{"line":631,"column":73}},"149":{"start":{"line":632,"column":12},"end":{"line":632,"column":25}},"150":{"start":{"line":636,"column":21},"end":{"line":636,"column":89}},"151":{"start":{"line":638,"column":4},"end":{"line":648,"column":7}},"152":{"start":{"line":651,"column":0},"end":{"line":688,"column":3}},"153":{"start":{"line":652,"column":21},"end":{"line":652,"column":37}},"154":{"start":{"line":654,"column":18},"end":{"line":682,"column":6}},"155":{"start":{"line":684,"column":4},"end":{"line":687,"column":7}},"156":{"start":{"line":690,"column":0},"end":{"line":741,"column":3}},"157":{"start":{"line":691,"column":19},"end":{"line":691,"column":29}},"158":{"start":{"line":693,"column":18},"end":{"line":720,"column":6}},"159":{"start":{"line":722,"column":4},"end":{"line":727,"column":5}},"160":{"start":{"line":723,"column":8},"end":{"line":726,"column":11}},"161":{"start":{"line":730,"column":4},"end":{"line":735,"column":5}},"162":{"start":{"line":731,"column":8},"end":{"line":734,"column":11}},"163":{"start":{"line":737,"column":4},"end":{"line":740,"column":7}},"164":{"start":{"line":743,"column":0},"end":{"line":902,"column":3}},"165":{"start":{"line":744,"column":19},"end":{"line":744,"column":29}},"166":{"start":{"line":745,"column":92},"end":{"line":745,"column":100}},"167":{"start":{"line":747,"column":18},"end":{"line":752,"column":6}},"168":{"start":{"line":754,"column":4},"end":{"line":759,"column":5}},"169":{"start":{"line":755,"column":8},"end":{"line":758,"column":11}},"170":{"start":{"line":762,"column":4},"end":{"line":767,"column":5}},"171":{"start":{"line":763,"column":8},"end":{"line":766,"column":11}},"172":{"start":{"line":770,"column":4},"end":{"line":784,"column":5}},"173":{"start":{"line":771,"column":27},"end":{"line":776,"column":10}},"174":{"start":{"line":778,"column":8},"end":{"line":783,"column":9}},"175":{"start":{"line":779,"column":12},"end":{"line":782,"column":15}},"176":{"start":{"line":787,"column":4},"end":{"line":802,"column":5}},"177":{"start":{"line":788,"column":22},"end":{"line":794,"column":10}},"178":{"start":{"line":796,"column":8},"end":{"line":801,"column":9}},"179":{"start":{"line":797,"column":12},"end":{"line":800,"column":15}},"180":{"start":{"line":805,"column":22},"end":{"line":805,"column":68}},"181":{"start":{"line":806,"column":4},"end":{"line":811,"column":5}},"182":{"start":{"line":807,"column":8},"end":{"line":810,"column":11}},"183":{"start":{"line":814,"column":23},"end":{"line":814,"column":25}},"184":{"start":{"line":815,"column":4},"end":{"line":815,"column":74}},"185":{"start":{"line":815,"column":23},"end":{"line":815,"column":74}},"186":{"start":{"line":816,"column":4},"end":{"line":816,"column":59}},"187":{"start":{"line":816,"column":18},"end":{"line":816,"column":59}},"188":{"start":{"line":817,"column":4},"end":{"line":817,"column":62}},"189":{"start":{"line":817,"column":20},"end":{"line":817,"column":62}},"190":{"start":{"line":818,"column":4},"end":{"line":818,"column":53}},"191":{"start":{"line":818,"column":17},"end":{"line":818,"column":53}},"192":{"start":{"line":819,"column":4},"end":{"line":819,"column":47}},"193":{"start":{"line":819,"column":14},"end":{"line":819,"column":47}},"194":{"start":{"line":822,"column":4},"end":{"line":847,"column":5}},"195":{"start":{"line":823,"column":28},"end":{"line":823,"column":45}},"196":{"start":{"line":824,"column":31},"end":{"line":824,"column":51}},"197":{"start":{"line":825,"column":30},"end":{"line":825,"column":76}},"198":{"start":{"line":828,"column":33},"end":{"line":839,"column":9}},"199":{"start":{"line":841,"column":8},"end":{"line":846,"column":9}},"200":{"start":{"line":842,"column":12},"end":{"line":845,"column":15}},"201":{"start":{"line":850,"column":4},"end":{"line":872,"column":5}},"202":{"start":{"line":851,"column":8},"end":{"line":857,"column":10}},"203":{"start":{"line":858,"column":11},"end":{"line":872,"column":5}},"204":{"start":{"line":859,"column":8},"end":{"line":864,"column":10}},"205":{"start":{"line":865,"column":11},"end":{"line":872,"column":5}},"206":{"start":{"line":866,"column":8},"end":{"line":871,"column":10}},"207":{"start":{"line":875,"column":4},"end":{"line":880,"column":5}},"208":{"start":{"line":876,"column":8},"end":{"line":879,"column":11}},"209":{"start":{"line":883,"column":25},"end":{"line":895,"column":6}},"210":{"start":{"line":897,"column":4},"end":{"line":901,"column":7}},"211":{"start":{"line":904,"column":0},"end":{"line":927,"column":3}},"212":{"start":{"line":906,"column":4},"end":{"line":911,"column":5}},"213":{"start":{"line":907,"column":8},"end":{"line":910,"column":11}},"214":{"start":{"line":914,"column":19},"end":{"line":918,"column":5}},"215":{"start":{"line":920,"column":4},"end":{"line":926,"column":7}},"216":{"start":{"line":929,"column":0},"end":{"line":973,"column":3}},"217":{"start":{"line":930,"column":19},"end":{"line":930,"column":29}},"218":{"start":{"line":932,"column":18},"end":{"line":937,"column":6}},"219":{"start":{"line":939,"column":4},"end":{"line":944,"column":5}},"220":{"start":{"line":940,"column":8},"end":{"line":943,"column":11}},"221":{"start":{"line":947,"column":4},"end":{"line":952,"column":5}},"222":{"start":{"line":948,"column":8},"end":{"line":951,"column":11}},"223":{"start":{"line":955,"column":4},"end":{"line":967,"column":7}},"224":{"start":{"line":969,"column":4},"end":{"line":972,"column":7}},"225":{"start":{"line":977,"column":0},"end":{"line":1137,"column":3}},"226":{"start":{"line":978,"column":25},"end":{"line":978,"column":33}},"227":{"start":{"line":979,"column":25},"end":{"line":979,"column":41}},"228":{"start":{"line":982,"column":18},"end":{"line":990,"column":6}},"229":{"start":{"line":992,"column":4},"end":{"line":997,"column":5}},"230":{"start":{"line":993,"column":8},"end":{"line":996,"column":11}},"231":{"start":{"line":1000,"column":33},"end":{"line":1005,"column":6}},"232":{"start":{"line":1007,"column":4},"end":{"line":1012,"column":5}},"233":{"start":{"line":1008,"column":8},"end":{"line":1011,"column":11}},"234":{"start":{"line":1015,"column":4},"end":{"line":1049,"column":5}},"235":{"start":{"line":1017,"column":31},"end":{"line":1021,"column":9}},"236":{"start":{"line":1022,"column":31},"end":{"line":1022,"column":59}},"237":{"start":{"line":1023,"column":34},"end":{"line":1023,"column":65}},"238":{"start":{"line":1025,"column":8},"end":{"line":1048,"column":9}},"239":{"start":{"line":1026,"column":39},"end":{"line":1040,"column":13}},"240":{"start":{"line":1042,"column":12},"end":{"line":1047,"column":13}},"241":{"start":{"line":1043,"column":16},"end":{"line":1046,"column":19}},"242":{"start":{"line":1052,"column":28},"end":{"line":1059,"column":6}},"243":{"start":{"line":1062,"column":4},"end":{"line":1067,"column":5}},"244":{"start":{"line":1063,"column":8},"end":{"line":1066,"column":11}},"245":{"start":{"line":1070,"column":4},"end":{"line":1109,"column":5}},"246":{"start":{"line":1071,"column":25},"end":{"line":1079,"column":10}},"247":{"start":{"line":1082,"column":37},"end":{"line":1102,"column":10}},"248":{"start":{"line":1104,"column":8},"end":{"line":1108,"column":11}},"249":{"start":{"line":1112,"column":20},"end":{"line":1130,"column":6}},"250":{"start":{"line":1132,"column":4},"end":{"line":1136,"column":7}},"251":{"start":{"line":1139,"column":0},"end":{"line":1191,"column":3}},"252":{"start":{"line":1140,"column":19},"end":{"line":1140,"column":29}},"253":{"start":{"line":1141,"column":25},"end":{"line":1141,"column":41}},"254":{"start":{"line":1144,"column":27},"end":{"line":1149,"column":6}},"255":{"start":{"line":1151,"column":4},"end":{"line":1159,"column":5}},"256":{"start":{"line":1152,"column":20},"end":{"line":1152,"column":30}},"257":{"start":{"line":1153,"column":8},"end":{"line":1158,"column":9}},"258":{"start":{"line":1154,"column":12},"end":{"line":1157,"column":15}},"259":{"start":{"line":1161,"column":20},"end":{"line":1168,"column":6}},"260":{"start":{"line":1170,"column":4},"end":{"line":1175,"column":5}},"261":{"start":{"line":1171,"column":8},"end":{"line":1174,"column":11}},"262":{"start":{"line":1177,"column":4},"end":{"line":1185,"column":7}},"263":{"start":{"line":1187,"column":4},"end":{"line":1190,"column":7}},"264":{"start":{"line":1193,"column":0},"end":{"line":1225,"column":3}},"265":{"start":{"line":1194,"column":25},"end":{"line":1194,"column":41}},"266":{"start":{"line":1196,"column":25},"end":{"line":1219,"column":6}},"267":{"start":{"line":1221,"column":4},"end":{"line":1224,"column":7}},"268":{"start":{"line":1227,"column":0},"end":{"line":1278,"column":3}},"269":{"start":{"line":1228,"column":19},"end":{"line":1228,"column":29}},"270":{"start":{"line":1231,"column":18},"end":{"line":1236,"column":6}},"271":{"start":{"line":1238,"column":4},"end":{"line":1243,"column":5}},"272":{"start":{"line":1239,"column":8},"end":{"line":1242,"column":11}},"273":{"start":{"line":1246,"column":4},"end":{"line":1251,"column":5}},"274":{"start":{"line":1247,"column":8},"end":{"line":1250,"column":11}},"275":{"start":{"line":1253,"column":20},"end":{"line":1272,"column":6}},"276":{"start":{"line":1274,"column":4},"end":{"line":1277,"column":7}},"277":{"start":{"line":1282,"column":0},"end":{"line":1398,"column":3}},"278":{"start":{"line":1283,"column":39},"end":{"line":1283,"column":47}},"279":{"start":{"line":1286,"column":4},"end":{"line":1291,"column":5}},"280":{"start":{"line":1287,"column":8},"end":{"line":1290,"column":11}},"281":{"start":{"line":1294,"column":25},"end":{"line":1296,"column":34}},"282":{"start":{"line":1295,"column":33},"end":{"line":1295,"column":45}},"283":{"start":{"line":1298,"column":4},"end":{"line":1303,"column":5}},"284":{"start":{"line":1299,"column":8},"end":{"line":1302,"column":11}},"285":{"start":{"line":1306,"column":18},"end":{"line":1311,"column":6}},"286":{"start":{"line":1313,"column":4},"end":{"line":1318,"column":5}},"287":{"start":{"line":1314,"column":8},"end":{"line":1317,"column":11}},"288":{"start":{"line":1321,"column":32},"end":{"line":1326,"column":6}},"289":{"start":{"line":1328,"column":24},"end":{"line":1328,"column":33}},"290":{"start":{"line":1329,"column":4},"end":{"line":1329,"column":73}},"291":{"start":{"line":1329,"column":37},"end":{"line":1329,"column":71}},"292":{"start":{"line":1331,"column":21},"end":{"line":1331,"column":23}},"293":{"start":{"line":1332,"column":22},"end":{"line":1332,"column":24}},"294":{"start":{"line":1333,"column":28},"end":{"line":1333,"column":30}},"295":{"start":{"line":1335,"column":4},"end":{"line":1346,"column":5}},"296":{"start":{"line":1336,"column":27},"end":{"line":1336,"column":46}},"297":{"start":{"line":1337,"column":8},"end":{"line":1345,"column":9}},"298":{"start":{"line":1338,"column":12},"end":{"line":1342,"column":13}},"299":{"start":{"line":1339,"column":16},"end":{"line":1339,"column":35}},"300":{"start":{"line":1341,"column":16},"end":{"line":1341,"column":41}},"301":{"start":{"line":1344,"column":12},"end":{"line":1344,"column":30}},"302":{"start":{"line":1351,"column":26},"end":{"line":1358,"column":6}},"303":{"start":{"line":1360,"column":28},"end":{"line":1360,"column":70}},"304":{"start":{"line":1360,"column":59},"end":{"line":1360,"column":68}},"305":{"start":{"line":1363,"column":26},"end":{"line":1363,"column":72}},"306":{"start":{"line":1363,"column":48},"end":{"line":1363,"column":71}},"307":{"start":{"line":1364,"column":27},"end":{"line":1364,"column":74}},"308":{"start":{"line":1364,"column":50},"end":{"line":1364,"column":73}},"309":{"start":{"line":1367,"column":4},"end":{"line":1375,"column":5}},"310":{"start":{"line":1368,"column":8},"end":{"line":1374,"column":11}},"311":{"start":{"line":1378,"column":4},"end":{"line":1386,"column":5}},"312":{"start":{"line":1379,"column":8},"end":{"line":1385,"column":11}},"313":{"start":{"line":1380,"column":43},"end":{"line":1383,"column":13}},"314":{"start":{"line":1388,"column":4},"end":{"line":1397,"column":7}},"315":{"start":{"line":1402,"column":0},"end":{"line":1504,"column":3}},"316":{"start":{"line":1404,"column":90},"end":{"line":1404,"column":98}},"317":{"start":{"line":1405,"column":20},"end":{"line":1405,"column":36}},"318":{"start":{"line":1407,"column":4},"end":{"line":1412,"column":5}},"319":{"start":{"line":1408,"column":8},"end":{"line":1411,"column":11}},"320":{"start":{"line":1415,"column":18},"end":{"line":1423,"column":6}},"321":{"start":{"line":1425,"column":4},"end":{"line":1430,"column":5}},"322":{"start":{"line":1426,"column":8},"end":{"line":1429,"column":11}},"323":{"start":{"line":1433,"column":4},"end":{"line":1438,"column":5}},"324":{"start":{"line":1434,"column":8},"end":{"line":1437,"column":11}},"325":{"start":{"line":1441,"column":14},"end":{"line":1441,"column":34}},"326":{"start":{"line":1442,"column":14},"end":{"line":1442,"column":35}},"327":{"start":{"line":1443,"column":17},"end":{"line":1443,"column":61}},"328":{"start":{"line":1446,"column":4},"end":{"line":1459,"column":5}},"329":{"start":{"line":1447,"column":8},"end":{"line":1452,"column":9}},"330":{"start":{"line":1448,"column":12},"end":{"line":1451,"column":15}},"331":{"start":{"line":1453,"column":8},"end":{"line":1458,"column":9}},"332":{"start":{"line":1454,"column":12},"end":{"line":1457,"column":15}},"333":{"start":{"line":1462,"column":22},"end":{"line":1462,"column":37}},"334":{"start":{"line":1463,"column":24},"end":{"line":1463,"column":41}},"335":{"start":{"line":1465,"column":4},"end":{"line":1470,"column":5}},"336":{"start":{"line":1466,"column":8},"end":{"line":1469,"column":11}},"337":{"start":{"line":1473,"column":25},"end":{"line":1473,"column":83}},"338":{"start":{"line":1476,"column":17},"end":{"line":1489,"column":6}},"339":{"start":{"line":1492,"column":4},"end":{"line":1496,"column":89}},"340":{"start":{"line":1496,"column":19},"end":{"line":1496,"column":87}},"341":{"start":{"line":1498,"column":4},"end":{"line":1502,"column":7}},"342":{"start":{"line":1506,"column":0},"end":{"line":1716,"column":3}},"343":{"start":{"line":1507,"column":63},"end":{"line":1507,"column":71}},"344":{"start":{"line":1508,"column":20},"end":{"line":1508,"column":36}},"345":{"start":{"line":1509,"column":19},"end":{"line":1509,"column":93}},"346":{"start":{"line":1511,"column":4},"end":{"line":1516,"column":5}},"347":{"start":{"line":1512,"column":8},"end":{"line":1515,"column":11}},"348":{"start":{"line":1518,"column":18},"end":{"line":1523,"column":6}},"349":{"start":{"line":1525,"column":4},"end":{"line":1530,"column":5}},"350":{"start":{"line":1526,"column":8},"end":{"line":1529,"column":11}},"351":{"start":{"line":1532,"column":4},"end":{"line":1547,"column":5}},"352":{"start":{"line":1533,"column":24},"end":{"line":1539,"column":10}},"353":{"start":{"line":1541,"column":8},"end":{"line":1546,"column":9}},"354":{"start":{"line":1542,"column":12},"end":{"line":1545,"column":15}},"355":{"start":{"line":1549,"column":17},"end":{"line":1556,"column":6}},"356":{"start":{"line":1558,"column":4},"end":{"line":1563,"column":5}},"357":{"start":{"line":1559,"column":8},"end":{"line":1562,"column":11}},"358":{"start":{"line":1566,"column":4},"end":{"line":1572,"column":5}},"359":{"start":{"line":1567,"column":8},"end":{"line":1571,"column":11}},"360":{"start":{"line":1574,"column":16},"end":{"line":1574,"column":26}},"361":{"start":{"line":1575,"column":4},"end":{"line":1580,"column":5}},"362":{"start":{"line":1576,"column":8},"end":{"line":1579,"column":11}},"363":{"start":{"line":1582,"column":28},"end":{"line":1588,"column":6}},"364":{"start":{"line":1590,"column":4},"end":{"line":1595,"column":5}},"365":{"start":{"line":1591,"column":8},"end":{"line":1594,"column":11}},"366":{"start":{"line":1597,"column":16},"end":{"line":1597,"column":36}},"367":{"start":{"line":1598,"column":16},"end":{"line":1598,"column":37}},"368":{"start":{"line":1600,"column":4},"end":{"line":1605,"column":5}},"369":{"start":{"line":1601,"column":8},"end":{"line":1604,"column":11}},"370":{"start":{"line":1608,"column":4},"end":{"line":1624,"column":5}},"371":{"start":{"line":1609,"column":25},"end":{"line":1614,"column":9}},"372":{"start":{"line":1616,"column":8},"end":{"line":1623,"column":9}},"373":{"start":{"line":1617,"column":12},"end":{"line":1622,"column":15}},"374":{"start":{"line":1627,"column":24},"end":{"line":1634,"column":5}},"375":{"start":{"line":1636,"column":27},"end":{"line":1636,"column":30}},"376":{"start":{"line":1637,"column":27},"end":{"line":1637,"column":29}},"377":{"start":{"line":1638,"column":29},"end":{"line":1638,"column":30}},"378":{"start":{"line":1639,"column":35},"end":{"line":1639,"column":36}},"379":{"start":{"line":1641,"column":4},"end":{"line":1670,"column":5}},"380":{"start":{"line":1642,"column":24},"end":{"line":1642,"column":54}},"381":{"start":{"line":1643,"column":24},"end":{"line":1643,"column":54}},"382":{"start":{"line":1644,"column":25},"end":{"line":1644,"column":59}},"383":{"start":{"line":1646,"column":32},"end":{"line":1646,"column":83}},"384":{"start":{"line":1648,"column":8},"end":{"line":1669,"column":9}},"385":{"start":{"line":1649,"column":31},"end":{"line":1649,"column":76}},"386":{"start":{"line":1650,"column":29},"end":{"line":1650,"column":57}},"387":{"start":{"line":1651,"column":12},"end":{"line":1651,"column":60}},"388":{"start":{"line":1652,"column":12},"end":{"line":1652,"column":62}},"389":{"start":{"line":1655,"column":12},"end":{"line":1668,"column":13}},"390":{"start":{"line":1656,"column":16},"end":{"line":1656,"column":37}},"391":{"start":{"line":1657,"column":16},"end":{"line":1657,"column":100}},"392":{"start":{"line":1660,"column":17},"end":{"line":1668,"column":13}},"393":{"start":{"line":1661,"column":16},"end":{"line":1661,"column":39}},"394":{"start":{"line":1662,"column":16},"end":{"line":1662,"column":95}},"395":{"start":{"line":1665,"column":17},"end":{"line":1668,"column":13}},"396":{"start":{"line":1666,"column":16},"end":{"line":1666,"column":39}},"397":{"start":{"line":1667,"column":16},"end":{"line":1667,"column":72}},"398":{"start":{"line":1672,"column":4},"end":{"line":1680,"column":5}},"399":{"start":{"line":1673,"column":8},"end":{"line":1679,"column":11}},"400":{"start":{"line":1682,"column":4},"end":{"line":1693,"column":6}},"401":{"start":{"line":1695,"column":20},"end":{"line":1709,"column":6}},"402":{"start":{"line":1711,"column":4},"end":{"line":1715,"column":7}},"403":{"start":{"line":1719,"column":0},"end":{"line":1760,"column":3}},"404":{"start":{"line":1720,"column":20},"end":{"line":1720,"column":36}},"405":{"start":{"line":1721,"column":39},"end":{"line":1721,"column":48}},"406":{"start":{"line":1722,"column":34},"end":{"line":1722,"column":60}},"407":{"start":{"line":1724,"column":18},"end":{"line":1727,"column":5}},"408":{"start":{"line":1729,"column":4},"end":{"line":1729,"column":54}},"409":{"start":{"line":1729,"column":18},"end":{"line":1729,"column":54}},"410":{"start":{"line":1730,"column":4},"end":{"line":1730,"column":56}},"411":{"start":{"line":1730,"column":22},"end":{"line":1730,"column":56}},"412":{"start":{"line":1732,"column":29},"end":{"line":1753,"column":6}},"413":{"start":{"line":1755,"column":4},"end":{"line":1759,"column":7}},"414":{"start":{"line":1762,"column":0},"end":{"line":1840,"column":3}},"415":{"start":{"line":1763,"column":19},"end":{"line":1763,"column":29}},"416":{"start":{"line":1764,"column":57},"end":{"line":1764,"column":66}},"417":{"start":{"line":1765,"column":17},"end":{"line":1765,"column":55}},"418":{"start":{"line":1768,"column":18},"end":{"line":1773,"column":6}},"419":{"start":{"line":1775,"column":4},"end":{"line":1780,"column":5}},"420":{"start":{"line":1776,"column":8},"end":{"line":1779,"column":11}},"421":{"start":{"line":1783,"column":4},"end":{"line":1788,"column":5}},"422":{"start":{"line":1784,"column":8},"end":{"line":1787,"column":11}},"423":{"start":{"line":1790,"column":18},"end":{"line":1793,"column":5}},"424":{"start":{"line":1795,"column":4},"end":{"line":1795,"column":56}},"425":{"start":{"line":1795,"column":22},"end":{"line":1795,"column":56}},"426":{"start":{"line":1798,"column":4},"end":{"line":1808,"column":5}},"427":{"start":{"line":1799,"column":27},"end":{"line":1799,"column":41}},"428":{"start":{"line":1800,"column":8},"end":{"line":1800,"column":40}},"429":{"start":{"line":1801,"column":25},"end":{"line":1801,"column":45}},"430":{"start":{"line":1802,"column":8},"end":{"line":1802,"column":49}},"431":{"start":{"line":1804,"column":8},"end":{"line":1807,"column":10}},"432":{"start":{"line":1810,"column":29},"end":{"line":1828,"column":6}},"433":{"start":{"line":1830,"column":4},"end":{"line":1839,"column":7}},"434":{"start":{"line":1842,"column":0},"end":{"line":1926,"column":3}},"435":{"start":{"line":1843,"column":19},"end":{"line":1843,"column":29}},"436":{"start":{"line":1846,"column":18},"end":{"line":1851,"column":6}},"437":{"start":{"line":1853,"column":4},"end":{"line":1858,"column":5}},"438":{"start":{"line":1854,"column":8},"end":{"line":1857,"column":11}},"439":{"start":{"line":1861,"column":4},"end":{"line":1866,"column":5}},"440":{"start":{"line":1862,"column":8},"end":{"line":1865,"column":11}},"441":{"start":{"line":1869,"column":25},"end":{"line":1874,"column":6}},"442":{"start":{"line":1877,"column":25},"end":{"line":1882,"column":6}},"443":{"start":{"line":1885,"column":26},"end":{"line":1894,"column":6}},"444":{"start":{"line":1897,"column":32},"end":{"line":1909,"column":6}},"445":{"start":{"line":1911,"column":4},"end":{"line":1925,"column":7}},"446":{"start":{"line":1917,"column":16},"end":{"line":1917,"column":64}},"447":{"start":{"line":1918,"column":16},"end":{"line":1918,"column":27}},"448":{"start":{"line":1922,"column":61},"end":{"line":1922,"column":89}},"449":{"start":{"line":1933,"column":0},"end":{"line":2015,"column":3}},"450":{"start":{"line":1934,"column":19},"end":{"line":1934,"column":29}},"451":{"start":{"line":1935,"column":45},"end":{"line":1935,"column":54}},"452":{"start":{"line":1936,"column":17},"end":{"line":1936,"column":55}},"453":{"start":{"line":1939,"column":18},"end":{"line":1944,"column":6}},"454":{"start":{"line":1946,"column":4},"end":{"line":1951,"column":5}},"455":{"start":{"line":1947,"column":8},"end":{"line":1950,"column":11}},"456":{"start":{"line":1954,"column":4},"end":{"line":1959,"column":5}},"457":{"start":{"line":1955,"column":8},"end":{"line":1958,"column":11}},"458":{"start":{"line":1962,"column":25},"end":{"line":1967,"column":6}},"459":{"start":{"line":1969,"column":18},"end":{"line":1972,"column":5}},"460":{"start":{"line":1975,"column":4},"end":{"line":1977,"column":5}},"461":{"start":{"line":1976,"column":8},"end":{"line":1976,"column":41}},"462":{"start":{"line":1979,"column":30},"end":{"line":1996,"column":6}},"463":{"start":{"line":1999,"column":26},"end":{"line":2003,"column":7}},"464":{"start":{"line":1999,"column":48},"end":{"line":2003,"column":5}},"465":{"start":{"line":2005,"column":4},"end":{"line":2014,"column":7}},"466":{"start":{"line":2020,"column":0},"end":{"line":2128,"column":3}},"467":{"start":{"line":2021,"column":19},"end":{"line":2021,"column":29}},"468":{"start":{"line":2024,"column":17},"end":{"line":2042,"column":6}},"469":{"start":{"line":2044,"column":4},"end":{"line":2049,"column":5}},"470":{"start":{"line":2045,"column":8},"end":{"line":2048,"column":11}},"471":{"start":{"line":2052,"column":4},"end":{"line":2057,"column":5}},"472":{"start":{"line":2053,"column":8},"end":{"line":2056,"column":11}},"473":{"start":{"line":2060,"column":24},"end":{"line":2077,"column":6}},"474":{"start":{"line":2080,"column":27},"end":{"line":2089,"column":6}},"475":{"start":{"line":2092,"column":23},"end":{"line":2092,"column":32}},"476":{"start":{"line":2093,"column":4},"end":{"line":2095,"column":7}},"477":{"start":{"line":2094,"column":8},"end":{"line":2094,"column":47}},"478":{"start":{"line":2098,"column":30},"end":{"line":2104,"column":7}},"479":{"start":{"line":2098,"column":52},"end":{"line":2104,"column":5}},"480":{"start":{"line":2106,"column":4},"end":{"line":2127,"column":7}},"481":{"start":{"line":2133,"column":0},"end":{"line":2178,"column":3}},"482":{"start":{"line":2134,"column":19},"end":{"line":2134,"column":29}},"483":{"start":{"line":2136,"column":17},"end":{"line":2144,"column":6}},"484":{"start":{"line":2146,"column":4},"end":{"line":2151,"column":5}},"485":{"start":{"line":2147,"column":8},"end":{"line":2150,"column":11}},"486":{"start":{"line":2154,"column":4},"end":{"line":2159,"column":5}},"487":{"start":{"line":2155,"column":8},"end":{"line":2158,"column":11}},"488":{"start":{"line":2161,"column":4},"end":{"line":2166,"column":5}},"489":{"start":{"line":2162,"column":8},"end":{"line":2165,"column":11}},"490":{"start":{"line":2169,"column":4},"end":{"line":2172,"column":7}},"491":{"start":{"line":2174,"column":4},"end":{"line":2177,"column":7}},"492":{"start":{"line":2183,"column":0},"end":{"line":2290,"column":3}},"493":{"start":{"line":2184,"column":20},"end":{"line":2184,"column":36}},"494":{"start":{"line":2185,"column":25},"end":{"line":2185,"column":34}},"495":{"start":{"line":2188,"column":28},"end":{"line":2203,"column":6}},"496":{"start":{"line":2206,"column":21},"end":{"line":2206,"column":59}},"497":{"start":{"line":2206,"column":47},"end":{"line":2206,"column":58}},"498":{"start":{"line":2209,"column":20},"end":{"line":2215,"column":6}},"499":{"start":{"line":2218,"column":23},"end":{"line":2230,"column":6}},"500":{"start":{"line":2233,"column":24},"end":{"line":2233,"column":33}},"501":{"start":{"line":2234,"column":4},"end":{"line":2237,"column":7}},"502":{"start":{"line":2235,"column":8},"end":{"line":2235,"column":74}},"503":{"start":{"line":2235,"column":42},"end":{"line":2235,"column":74}},"504":{"start":{"line":2236,"column":8},"end":{"line":2236,"column":44}},"505":{"start":{"line":2239,"column":27},"end":{"line":2239,"column":36}},"506":{"start":{"line":2240,"column":4},"end":{"line":2243,"column":7}},"507":{"start":{"line":2241,"column":8},"end":{"line":2241,"column":80}},"508":{"start":{"line":2241,"column":45},"end":{"line":2241,"column":80}},"509":{"start":{"line":2242,"column":8},"end":{"line":2242,"column":47}},"510":{"start":{"line":2245,"column":16},"end":{"line":2245,"column":26}},"511":{"start":{"line":2248,"column":19},"end":{"line":2287,"column":6}},"512":{"start":{"line":2249,"column":26},"end":{"line":2249,"column":60}},"513":{"start":{"line":2250,"column":29},"end":{"line":2250,"column":66}},"514":{"start":{"line":2252,"column":27},"end":{"line":2252,"column":36}},"515":{"start":{"line":2253,"column":8},"end":{"line":2258,"column":11}},"516":{"start":{"line":2254,"column":12},"end":{"line":2257,"column":15}},"517":{"start":{"line":2260,"column":25},"end":{"line":2271,"column":11}},"518":{"start":{"line":2260,"column":48},"end":{"line":2271,"column":9}},"519":{"start":{"line":2273,"column":27},"end":{"line":2273,"column":63}},"520":{"start":{"line":2273,"column":48},"end":{"line":2273,"column":55}},"521":{"start":{"line":2275,"column":8},"end":{"line":2286,"column":10}},"522":{"start":{"line":2289,"column":4},"end":{"line":2289,"column":62}},"523":{"start":{"line":2295,"column":0},"end":{"line":2345,"column":3}},"524":{"start":{"line":2296,"column":85},"end":{"line":2296,"column":93}},"525":{"start":{"line":2297,"column":19},"end":{"line":2297,"column":35}},"526":{"start":{"line":2300,"column":18},"end":{"line":2302,"column":6}},"527":{"start":{"line":2304,"column":4},"end":{"line":2306,"column":5}},"528":{"start":{"line":2305,"column":8},"end":{"line":2305,"column":91}},"529":{"start":{"line":2309,"column":4},"end":{"line":2311,"column":5}},"530":{"start":{"line":2310,"column":8},"end":{"line":2310,"column":115}},"531":{"start":{"line":2314,"column":4},"end":{"line":2316,"column":5}},"532":{"start":{"line":2315,"column":8},"end":{"line":2315,"column":106}},"533":{"start":{"line":2319,"column":4},"end":{"line":2321,"column":5}},"534":{"start":{"line":2320,"column":8},"end":{"line":2320,"column":121}},"535":{"start":{"line":2323,"column":28},"end":{"line":2338,"column":6}},"536":{"start":{"line":2340,"column":4},"end":{"line":2344,"column":7}},"537":{"start":{"line":2348,"column":0},"end":{"line":2375,"column":3}},"538":{"start":{"line":2349,"column":19},"end":{"line":2349,"column":29}},"539":{"start":{"line":2350,"column":25},"end":{"line":2350,"column":34}},"540":{"start":{"line":2352,"column":18},"end":{"line":2355,"column":5}},"541":{"start":{"line":2357,"column":4},"end":{"line":2359,"column":5}},"542":{"start":{"line":2358,"column":8},"end":{"line":2358,"column":49}},"543":{"start":{"line":2361,"column":28},"end":{"line":2369,"column":6}},"544":{"start":{"line":2371,"column":4},"end":{"line":2374,"column":7}},"545":{"start":{"line":2378,"column":0},"end":{"line":2405,"column":3}},"546":{"start":{"line":2379,"column":19},"end":{"line":2379,"column":29}},"547":{"start":{"line":2380,"column":19},"end":{"line":2380,"column":35}},"548":{"start":{"line":2382,"column":28},"end":{"line":2385,"column":6}},"549":{"start":{"line":2387,"column":4},"end":{"line":2389,"column":5}},"550":{"start":{"line":2388,"column":8},"end":{"line":2388,"column":102}},"551":{"start":{"line":2392,"column":4},"end":{"line":2394,"column":5}},"552":{"start":{"line":2393,"column":8},"end":{"line":2393,"column":116}},"553":{"start":{"line":2396,"column":4},"end":{"line":2399,"column":7}},"554":{"start":{"line":2401,"column":4},"end":{"line":2404,"column":7}},"555":{"start":{"line":2408,"column":0},"end":{"line":2599,"column":3}},"556":{"start":{"line":2409,"column":19},"end":{"line":2409,"column":35}},"557":{"start":{"line":2410,"column":21},"end":{"line":2410,"column":34}},"558":{"start":{"line":2411,"column":21},"end":{"line":2411,"column":30}},"559":{"start":{"line":2413,"column":22},"end":{"line":2413,"column":41}},"560":{"start":{"line":2415,"column":4},"end":{"line":2417,"column":5}},"561":{"start":{"line":2416,"column":8},"end":{"line":2416,"column":42}},"562":{"start":{"line":2419,"column":4},"end":{"line":2425,"column":5}},"563":{"start":{"line":2420,"column":8},"end":{"line":2422,"column":10}},"564":{"start":{"line":2423,"column":11},"end":{"line":2425,"column":5}},"565":{"start":{"line":2424,"column":8},"end":{"line":2424,"column":38}},"566":{"start":{"line":2428,"column":16},"end":{"line":2428,"column":26}},"567":{"start":{"line":2430,"column":16},"end":{"line":2430,"column":33}},"568":{"start":{"line":2431,"column":24},"end":{"line":2431,"column":37}},"569":{"start":{"line":2432,"column":4},"end":{"line":2432,"column":37}},"570":{"start":{"line":2433,"column":4},"end":{"line":2433,"column":49}},"571":{"start":{"line":2436,"column":22},"end":{"line":2436,"column":43}},"572":{"start":{"line":2437,"column":4},"end":{"line":2437,"column":49}},"573":{"start":{"line":2438,"column":4},"end":{"line":2438,"column":40}},"574":{"start":{"line":2440,"column":18},"end":{"line":2473,"column":6}},"575":{"start":{"line":2476,"column":21},"end":{"line":2476,"column":47}},"576":{"start":{"line":2476,"column":36},"end":{"line":2476,"column":46}},"577":{"start":{"line":2477,"column":19},"end":{"line":2477,"column":21}},"578":{"start":{"line":2478,"column":4},"end":{"line":2484,"column":5}},"579":{"start":{"line":2479,"column":8},"end":{"line":2483,"column":10}},"580":{"start":{"line":2486,"column":20},"end":{"line":2486,"column":29}},"581":{"start":{"line":2487,"column":4},"end":{"line":2492,"column":7}},"582":{"start":{"line":2488,"column":8},"end":{"line":2491,"column":11}},"583":{"start":{"line":2494,"column":21},"end":{"line":2494,"column":89}},"584":{"start":{"line":2497,"column":20},"end":{"line":2497,"column":22}},"585":{"start":{"line":2500,"column":4},"end":{"line":2500,"column":52}},"586":{"start":{"line":2500,"column":35},"end":{"line":2500,"column":50}},"587":{"start":{"line":2502,"column":4},"end":{"line":2593,"column":7}},"588":{"start":{"line":2504,"column":23},"end":{"line":2504,"column":27}},"589":{"start":{"line":2505,"column":8},"end":{"line":2522,"column":9}},"590":{"start":{"line":2510,"column":12},"end":{"line":2521,"column":13}},"591":{"start":{"line":2511,"column":36},"end":{"line":2511,"column":137}},"592":{"start":{"line":2512,"column":35},"end":{"line":2512,"column":115}},"593":{"start":{"line":2514,"column":16},"end":{"line":2517,"column":17}},"594":{"start":{"line":2515,"column":20},"end":{"line":2515,"column":33}},"595":{"start":{"line":2516,"column":20},"end":{"line":2516,"column":26}},"596":{"start":{"line":2518,"column":16},"end":{"line":2520,"column":17}},"597":{"start":{"line":2519,"column":20},"end":{"line":2519,"column":33}},"598":{"start":{"line":2525,"column":25},"end":{"line":2525,"column":54}},"599":{"start":{"line":2526,"column":23},"end":{"line":2526,"column":56}},"600":{"start":{"line":2527,"column":26},"end":{"line":2527,"column":65}},"601":{"start":{"line":2528,"column":22},"end":{"line":2528,"column":31}},"602":{"start":{"line":2531,"column":29},"end":{"line":2531,"column":40}},"603":{"start":{"line":2532,"column":24},"end":{"line":2532,"column":28}},"604":{"start":{"line":2534,"column":8},"end":{"line":2565,"column":9}},"605":{"start":{"line":2535,"column":32},"end":{"line":2535,"column":154}},"606":{"start":{"line":2537,"column":12},"end":{"line":2559,"column":13}},"607":{"start":{"line":2538,"column":16},"end":{"line":2556,"column":17}},"608":{"start":{"line":2540,"column":36},"end":{"line":2540,"column":68}},"609":{"start":{"line":2541,"column":20},"end":{"line":2541,"column":83}},"610":{"start":{"line":2544,"column":20},"end":{"line":2544,"column":86}},"611":{"start":{"line":2544,"column":50},"end":{"line":2544,"column":86}},"612":{"start":{"line":2546,"column":20},"end":{"line":2546,"column":81}},"613":{"start":{"line":2546,"column":48},"end":{"line":2546,"column":81}},"614":{"start":{"line":2555,"column":20},"end":{"line":2555,"column":38}},"615":{"start":{"line":2557,"column":19},"end":{"line":2559,"column":13}},"616":{"start":{"line":2567,"column":8},"end":{"line":2592,"column":9}},"617":{"start":{"line":2568,"column":29},"end":{"line":2587,"column":13}},"618":{"start":{"line":2589,"column":28},"end":{"line":2589,"column":70}},"619":{"start":{"line":2590,"column":12},"end":{"line":2590,"column":57}},"620":{"start":{"line":2590,"column":35},"end":{"line":2590,"column":57}},"621":{"start":{"line":2591,"column":12},"end":{"line":2591,"column":44}},"622":{"start":{"line":2595,"column":4},"end":{"line":2598,"column":7}},"623":{"start":{"line":2602,"column":0},"end":{"line":2617,"column":3}},"624":{"start":{"line":2603,"column":19},"end":{"line":2603,"column":35}},"625":{"start":{"line":2604,"column":25},"end":{"line":2604,"column":34}},"626":{"start":{"line":2606,"column":18},"end":{"line":2606,"column":54}},"627":{"start":{"line":2607,"column":4},"end":{"line":2607,"column":54}},"628":{"start":{"line":2607,"column":18},"end":{"line":2607,"column":54}},"629":{"start":{"line":2610,"column":18},"end":{"line":2614,"column":6}},"630":{"start":{"line":2616,"column":4},"end":{"line":2616,"column":61}}},"fnMap":{"0":{"name":"(anonymous_0)","decl":{"start":{"line":8,"column":40},"end":{"line":8,"column":41}},"loc":{"start":{"line":8,"column":60},"end":{"line":38,"column":1}},"line":8},"1":{"name":"(anonymous_1)","decl":{"start":{"line":40,"column":40},"end":{"line":40,"column":41}},"loc":{"start":{"line":40,"column":60},"end":{"line":79,"column":1}},"line":40},"2":{"name":"(anonymous_2)","decl":{"start":{"line":81,"column":41},"end":{"line":81,"column":42}},"loc":{"start":{"line":81,"column":61},"end":{"line":116,"column":1}},"line":81},"3":{"name":"(anonymous_3)","decl":{"start":{"line":118,"column":40},"end":{"line":118,"column":41}},"loc":{"start":{"line":118,"column":60},"end":{"line":167,"column":1}},"line":118},"4":{"name":"(anonymous_4)","decl":{"start":{"line":169,"column":40},"end":{"line":169,"column":41}},"loc":{"start":{"line":169,"column":60},"end":{"line":208,"column":1}},"line":169},"5":{"name":"(anonymous_5)","decl":{"start":{"line":212,"column":35},"end":{"line":212,"column":36}},"loc":{"start":{"line":212,"column":55},"end":{"line":327,"column":1}},"line":212},"6":{"name":"(anonymous_6)","decl":{"start":{"line":329,"column":35},"end":{"line":329,"column":36}},"loc":{"start":{"line":329,"column":55},"end":{"line":371,"column":1}},"line":329},"7":{"name":"(anonymous_7)","decl":{"start":{"line":374,"column":39},"end":{"line":374,"column":40}},"loc":{"start":{"line":374,"column":59},"end":{"line":649,"column":1}},"line":374},"8":{"name":"(anonymous_8)","decl":{"start":{"line":401,"column":51},"end":{"line":401,"column":52}},"loc":{"start":{"line":401,"column":56},"end":{"line":401,"column":66}},"line":401},"9":{"name":"(anonymous_9)","decl":{"start":{"line":491,"column":34},"end":{"line":491,"column":35}},"loc":{"start":{"line":491,"column":39},"end":{"line":491,"column":49}},"line":491},"10":{"name":"(anonymous_10)","decl":{"start":{"line":502,"column":21},"end":{"line":502,"column":22}},"loc":{"start":{"line":502,"column":26},"end":{"line":508,"column":5}},"line":502},"11":{"name":"(anonymous_11)","decl":{"start":{"line":511,"column":42},"end":{"line":511,"column":43}},"loc":{"start":{"line":511,"column":49},"end":{"line":604,"column":5}},"line":511},"12":{"name":"(anonymous_12)","decl":{"start":{"line":613,"column":48},"end":{"line":613,"column":49}},"loc":{"start":{"line":613,"column":53},"end":{"line":634,"column":5}},"line":613},"13":{"name":"(anonymous_13)","decl":{"start":{"line":651,"column":39},"end":{"line":651,"column":40}},"loc":{"start":{"line":651,"column":59},"end":{"line":688,"column":1}},"line":651},"14":{"name":"(anonymous_14)","decl":{"start":{"line":690,"column":36},"end":{"line":690,"column":37}},"loc":{"start":{"line":690,"column":56},"end":{"line":741,"column":1}},"line":690},"15":{"name":"(anonymous_15)","decl":{"start":{"line":743,"column":35},"end":{"line":743,"column":36}},"loc":{"start":{"line":743,"column":55},"end":{"line":902,"column":1}},"line":743},"16":{"name":"(anonymous_16)","decl":{"start":{"line":904,"column":38},"end":{"line":904,"column":39}},"loc":{"start":{"line":904,"column":58},"end":{"line":927,"column":1}},"line":904},"17":{"name":"(anonymous_17)","decl":{"start":{"line":929,"column":35},"end":{"line":929,"column":36}},"loc":{"start":{"line":929,"column":55},"end":{"line":973,"column":1}},"line":929},"18":{"name":"(anonymous_18)","decl":{"start":{"line":977,"column":35},"end":{"line":977,"column":36}},"loc":{"start":{"line":977,"column":55},"end":{"line":1137,"column":1}},"line":977},"19":{"name":"(anonymous_19)","decl":{"start":{"line":1139,"column":33},"end":{"line":1139,"column":34}},"loc":{"start":{"line":1139,"column":53},"end":{"line":1191,"column":1}},"line":1139},"20":{"name":"(anonymous_20)","decl":{"start":{"line":1193,"column":34},"end":{"line":1193,"column":35}},"loc":{"start":{"line":1193,"column":54},"end":{"line":1225,"column":1}},"line":1193},"21":{"name":"(anonymous_21)","decl":{"start":{"line":1227,"column":39},"end":{"line":1227,"column":40}},"loc":{"start":{"line":1227,"column":59},"end":{"line":1278,"column":1}},"line":1227},"22":{"name":"(anonymous_22)","decl":{"start":{"line":1282,"column":39},"end":{"line":1282,"column":40}},"loc":{"start":{"line":1282,"column":59},"end":{"line":1398,"column":1}},"line":1282},"23":{"name":"(anonymous_23)","decl":{"start":{"line":1295,"column":27},"end":{"line":1295,"column":28}},"loc":{"start":{"line":1295,"column":33},"end":{"line":1295,"column":45}},"line":1295},"24":{"name":"(anonymous_24)","decl":{"start":{"line":1329,"column":32},"end":{"line":1329,"column":33}},"loc":{"start":{"line":1329,"column":37},"end":{"line":1329,"column":71}},"line":1329},"25":{"name":"(anonymous_25)","decl":{"start":{"line":1360,"column":54},"end":{"line":1360,"column":55}},"loc":{"start":{"line":1360,"column":59},"end":{"line":1360,"column":68}},"line":1360},"26":{"name":"(anonymous_26)","decl":{"start":{"line":1363,"column":42},"end":{"line":1363,"column":43}},"loc":{"start":{"line":1363,"column":48},"end":{"line":1363,"column":71}},"line":1363},"27":{"name":"(anonymous_27)","decl":{"start":{"line":1364,"column":44},"end":{"line":1364,"column":45}},"loc":{"start":{"line":1364,"column":50},"end":{"line":1364,"column":73}},"line":1364},"28":{"name":"(anonymous_28)","decl":{"start":{"line":1380,"column":36},"end":{"line":1380,"column":37}},"loc":{"start":{"line":1380,"column":43},"end":{"line":1383,"column":13}},"line":1380},"29":{"name":"(anonymous_29)","decl":{"start":{"line":1402,"column":35},"end":{"line":1402,"column":36}},"loc":{"start":{"line":1402,"column":55},"end":{"line":1504,"column":1}},"line":1402},"30":{"name":"(anonymous_30)","decl":{"start":{"line":1496,"column":12},"end":{"line":1496,"column":13}},"loc":{"start":{"line":1496,"column":19},"end":{"line":1496,"column":87}},"line":1496},"31":{"name":"(anonymous_31)","decl":{"start":{"line":1506,"column":37},"end":{"line":1506,"column":38}},"loc":{"start":{"line":1506,"column":57},"end":{"line":1716,"column":1}},"line":1506},"32":{"name":"(anonymous_32)","decl":{"start":{"line":1719,"column":36},"end":{"line":1719,"column":37}},"loc":{"start":{"line":1719,"column":56},"end":{"line":1760,"column":1}},"line":1719},"33":{"name":"(anonymous_33)","decl":{"start":{"line":1762,"column":39},"end":{"line":1762,"column":40}},"loc":{"start":{"line":1762,"column":59},"end":{"line":1840,"column":1}},"line":1762},"34":{"name":"(anonymous_34)","decl":{"start":{"line":1842,"column":39},"end":{"line":1842,"column":40}},"loc":{"start":{"line":1842,"column":59},"end":{"line":1926,"column":1}},"line":1842},"35":{"name":"(anonymous_35)","decl":{"start":{"line":1916,"column":48},"end":{"line":1916,"column":49}},"loc":{"start":{"line":1916,"column":63},"end":{"line":1919,"column":13}},"line":1916},"36":{"name":"(anonymous_36)","decl":{"start":{"line":1922,"column":46},"end":{"line":1922,"column":47}},"loc":{"start":{"line":1922,"column":61},"end":{"line":1922,"column":89}},"line":1922},"37":{"name":"(anonymous_37)","decl":{"start":{"line":1933,"column":45},"end":{"line":1933,"column":46}},"loc":{"start":{"line":1933,"column":65},"end":{"line":2015,"column":1}},"line":1933},"38":{"name":"(anonymous_38)","decl":{"start":{"line":1999,"column":39},"end":{"line":1999,"column":40}},"loc":{"start":{"line":1999,"column":48},"end":{"line":2003,"column":5}},"line":1999},"39":{"name":"(anonymous_39)","decl":{"start":{"line":2020,"column":44},"end":{"line":2020,"column":45}},"loc":{"start":{"line":2020,"column":64},"end":{"line":2128,"column":1}},"line":2020},"40":{"name":"(anonymous_40)","decl":{"start":{"line":2093,"column":27},"end":{"line":2093,"column":28}},"loc":{"start":{"line":2093,"column":32},"end":{"line":2095,"column":5}},"line":2093},"41":{"name":"(anonymous_41)","decl":{"start":{"line":2098,"column":46},"end":{"line":2098,"column":47}},"loc":{"start":{"line":2098,"column":52},"end":{"line":2104,"column":5}},"line":2098},"42":{"name":"(anonymous_42)","decl":{"start":{"line":2133,"column":40},"end":{"line":2133,"column":41}},"loc":{"start":{"line":2133,"column":60},"end":{"line":2178,"column":1}},"line":2133},"43":{"name":"(anonymous_43)","decl":{"start":{"line":2183,"column":47},"end":{"line":2183,"column":48}},"loc":{"start":{"line":2183,"column":67},"end":{"line":2290,"column":1}},"line":2183},"44":{"name":"(anonymous_44)","decl":{"start":{"line":2206,"column":41},"end":{"line":2206,"column":42}},"loc":{"start":{"line":2206,"column":47},"end":{"line":2206,"column":58}},"line":2206},"45":{"name":"(anonymous_45)","decl":{"start":{"line":2234,"column":20},"end":{"line":2234,"column":21}},"loc":{"start":{"line":2234,"column":25},"end":{"line":2237,"column":5}},"line":2234},"46":{"name":"(anonymous_46)","decl":{"start":{"line":2240,"column":23},"end":{"line":2240,"column":24}},"loc":{"start":{"line":2240,"column":28},"end":{"line":2243,"column":5}},"line":2240},"47":{"name":"(anonymous_47)","decl":{"start":{"line":2248,"column":39},"end":{"line":2248,"column":40}},"loc":{"start":{"line":2248,"column":45},"end":{"line":2287,"column":5}},"line":2248},"48":{"name":"(anonymous_48)","decl":{"start":{"line":2253,"column":29},"end":{"line":2253,"column":30}},"loc":{"start":{"line":2253,"column":34},"end":{"line":2258,"column":9}},"line":2253},"49":{"name":"(anonymous_49)","decl":{"start":{"line":2260,"column":39},"end":{"line":2260,"column":40}},"loc":{"start":{"line":2260,"column":48},"end":{"line":2271,"column":9}},"line":2260},"50":{"name":"(anonymous_50)","decl":{"start":{"line":2273,"column":43},"end":{"line":2273,"column":44}},"loc":{"start":{"line":2273,"column":48},"end":{"line":2273,"column":55}},"line":2273},"51":{"name":"(anonymous_51)","decl":{"start":{"line":2295,"column":45},"end":{"line":2295,"column":46}},"loc":{"start":{"line":2295,"column":65},"end":{"line":2345,"column":1}},"line":2295},"52":{"name":"(anonymous_52)","decl":{"start":{"line":2348,"column":49},"end":{"line":2348,"column":50}},"loc":{"start":{"line":2348,"column":69},"end":{"line":2375,"column":1}},"line":2348},"53":{"name":"(anonymous_53)","decl":{"start":{"line":2378,"column":45},"end":{"line":2378,"column":46}},"loc":{"start":{"line":2378,"column":65},"end":{"line":2405,"column":1}},"line":2378},"54":{"name":"(anonymous_54)","decl":{"start":{"line":2408,"column":40},"end":{"line":2408,"column":41}},"loc":{"start":{"line":2408,"column":60},"end":{"line":2599,"column":1}},"line":2408},"55":{"name":"(anonymous_55)","decl":{"start":{"line":2476,"column":31},"end":{"line":2476,"column":32}},"loc":{"start":{"line":2476,"column":36},"end":{"line":2476,"column":46}},"line":2476},"56":{"name":"(anonymous_56)","decl":{"start":{"line":2487,"column":21},"end":{"line":2487,"column":22}},"loc":{"start":{"line":2487,"column":26},"end":{"line":2492,"column":5}},"line":2487},"57":{"name":"(anonymous_57)","decl":{"start":{"line":2500,"column":30},"end":{"line":2500,"column":31}},"loc":{"start":{"line":2500,"column":35},"end":{"line":2500,"column":50}},"line":2500},"58":{"name":"(anonymous_58)","decl":{"start":{"line":2502,"column":18},"end":{"line":2502,"column":19}},"loc":{"start":{"line":2502,"column":23},"end":{"line":2593,"column":5}},"line":2502},"59":{"name":"(anonymous_59)","decl":{"start":{"line":2602,"column":41},"end":{"line":2602,"column":42}},"loc":{"start":{"line":2602,"column":61},"end":{"line":2617,"column":1}},"line":2602}},"branchMap":{"0":{"loc":{"start":{"line":19,"column":4},"end":{"line":24,"column":5}},"type":"if","locations":[{"start":{"line":19,"column":4},"end":{"line":24,"column":5}},{"start":{},"end":{}}],"line":19},"1":{"loc":{"start":{"line":47,"column":4},"end":{"line":52,"column":5}},"type":"if","locations":[{"start":{"line":47,"column":4},"end":{"line":52,"column":5}},{"start":{},"end":{}}],"line":47},"2":{"loc":{"start":{"line":105,"column":4},"end":{"line":110,"column":5}},"type":"if","locations":[{"start":{"line":105,"column":4},"end":{"line":110,"column":5}},{"start":{},"end":{}}],"line":105},"3":{"loc":{"start":{"line":129,"column":4},"end":{"line":134,"column":5}},"type":"if","locations":[{"start":{"line":129,"column":4},"end":{"line":134,"column":5}},{"start":{},"end":{}}],"line":129},"4":{"loc":{"start":{"line":137,"column":4},"end":{"line":152,"column":5}},"type":"if","locations":[{"start":{"line":137,"column":4},"end":{"line":152,"column":5}},{"start":{},"end":{}}],"line":137},"5":{"loc":{"start":{"line":137,"column":8},"end":{"line":137,"column":73}},"type":"binary-expr","locations":[{"start":{"line":137,"column":8},"end":{"line":137,"column":23}},{"start":{"line":137,"column":27},"end":{"line":137,"column":73}}],"line":137},"6":{"loc":{"start":{"line":146,"column":8},"end":{"line":151,"column":9}},"type":"if","locations":[{"start":{"line":146,"column":8},"end":{"line":151,"column":9}},{"start":{},"end":{}}],"line":146},"7":{"loc":{"start":{"line":157,"column":16},"end":{"line":157,"column":78}},"type":"binary-expr","locations":[{"start":{"line":157,"column":16},"end":{"line":157,"column":31}},{"start":{"line":157,"column":35},"end":{"line":157,"column":78}}],"line":157},"8":{"loc":{"start":{"line":158,"column":16},"end":{"line":158,"column":92}},"type":"binary-expr","locations":[{"start":{"line":158,"column":16},"end":{"line":158,"column":31}},{"start":{"line":158,"column":35},"end":{"line":158,"column":92}}],"line":158},"9":{"loc":{"start":{"line":184,"column":4},"end":{"line":189,"column":5}},"type":"if","locations":[{"start":{"line":184,"column":4},"end":{"line":189,"column":5}},{"start":{},"end":{}}],"line":184},"10":{"loc":{"start":{"line":192,"column":4},"end":{"line":197,"column":5}},"type":"if","locations":[{"start":{"line":192,"column":4},"end":{"line":197,"column":5}},{"start":{},"end":{}}],"line":192},"11":{"loc":{"start":{"line":223,"column":4},"end":{"line":228,"column":5}},"type":"if","locations":[{"start":{"line":223,"column":4},"end":{"line":228,"column":5}},{"start":{},"end":{}}],"line":223},"12":{"loc":{"start":{"line":239,"column":4},"end":{"line":244,"column":5}},"type":"if","locations":[{"start":{"line":239,"column":4},"end":{"line":244,"column":5}},{"start":{},"end":{}}],"line":239},"13":{"loc":{"start":{"line":247,"column":4},"end":{"line":252,"column":5}},"type":"if","locations":[{"start":{"line":247,"column":4},"end":{"line":252,"column":5}},{"start":{},"end":{}}],"line":247},"14":{"loc":{"start":{"line":247,"column":8},"end":{"line":247,"column":76}},"type":"binary-expr","locations":[{"start":{"line":247,"column":8},"end":{"line":247,"column":33}},{"start":{"line":247,"column":37},"end":{"line":247,"column":76}}],"line":247},"15":{"loc":{"start":{"line":256,"column":4},"end":{"line":261,"column":5}},"type":"if","locations":[{"start":{"line":256,"column":4},"end":{"line":261,"column":5}},{"start":{},"end":{}}],"line":256},"16":{"loc":{"start":{"line":256,"column":8},"end":{"line":256,"column":67}},"type":"binary-expr","locations":[{"start":{"line":256,"column":8},"end":{"line":256,"column":34}},{"start":{"line":256,"column":38},"end":{"line":256,"column":67}}],"line":256},"17":{"loc":{"start":{"line":268,"column":21},"end":{"line":268,"column":64}},"type":"cond-expr","locations":[{"start":{"line":268,"column":37},"end":{"line":268,"column":60}},{"start":{"line":268,"column":63},"end":{"line":268,"column":64}}],"line":268},"18":{"loc":{"start":{"line":276,"column":4},"end":{"line":281,"column":5}},"type":"if","locations":[{"start":{"line":276,"column":4},"end":{"line":281,"column":5}},{"start":{},"end":{}}],"line":276},"19":{"loc":{"start":{"line":287,"column":29},"end":{"line":287,"column":79}},"type":"cond-expr","locations":[{"start":{"line":287,"column":46},"end":{"line":287,"column":72}},{"start":{"line":287,"column":75},"end":{"line":287,"column":79}}],"line":287},"20":{"loc":{"start":{"line":288,"column":28},"end":{"line":288,"column":82}},"type":"cond-expr","locations":[{"start":{"line":288,"column":49},"end":{"line":288,"column":77}},{"start":{"line":288,"column":80},"end":{"line":288,"column":82}}],"line":288},"21":{"loc":{"start":{"line":299,"column":14},"end":{"line":299,"column":60}},"type":"cond-expr","locations":[{"start":{"line":299,"column":30},"end":{"line":299,"column":53}},{"start":{"line":299,"column":56},"end":{"line":299,"column":60}}],"line":299},"22":{"loc":{"start":{"line":335,"column":4},"end":{"line":335,"column":69}},"type":"if","locations":[{"start":{"line":335,"column":4},"end":{"line":335,"column":69}},{"start":{},"end":{}}],"line":335},"23":{"loc":{"start":{"line":336,"column":4},"end":{"line":336,"column":54}},"type":"if","locations":[{"start":{"line":336,"column":4},"end":{"line":336,"column":54}},{"start":{},"end":{}}],"line":336},"24":{"loc":{"start":{"line":337,"column":4},"end":{"line":337,"column":76}},"type":"if","locations":[{"start":{"line":337,"column":4},"end":{"line":337,"column":76}},{"start":{},"end":{}}],"line":337},"25":{"loc":{"start":{"line":380,"column":23},"end":{"line":380,"column":60}},"type":"cond-expr","locations":[{"start":{"line":380,"column":44},"end":{"line":380,"column":45}},{"start":{"line":380,"column":48},"end":{"line":380,"column":60}}],"line":380},"26":{"loc":{"start":{"line":419,"column":4},"end":{"line":428,"column":5}},"type":"if","locations":[{"start":{"line":419,"column":4},"end":{"line":428,"column":5}},{"start":{"line":426,"column":11},"end":{"line":428,"column":5}}],"line":419},"27":{"loc":{"start":{"line":426,"column":11},"end":{"line":428,"column":5}},"type":"if","locations":[{"start":{"line":426,"column":11},"end":{"line":428,"column":5}},{"start":{},"end":{}}],"line":426},"28":{"loc":{"start":{"line":493,"column":4},"end":{"line":499,"column":5}},"type":"if","locations":[{"start":{"line":493,"column":4},"end":{"line":499,"column":5}},{"start":{},"end":{}}],"line":493},"29":{"loc":{"start":{"line":512,"column":33},"end":{"line":512,"column":74}},"type":"binary-expr","locations":[{"start":{"line":512,"column":33},"end":{"line":512,"column":46}},{"start":{"line":512,"column":50},"end":{"line":512,"column":74}}],"line":512},"30":{"loc":{"start":{"line":519,"column":8},"end":{"line":541,"column":9}},"type":"if","locations":[{"start":{"line":519,"column":8},"end":{"line":541,"column":9}},{"start":{},"end":{}}],"line":519},"31":{"loc":{"start":{"line":519,"column":12},"end":{"line":519,"column":61}},"type":"binary-expr","locations":[{"start":{"line":519,"column":12},"end":{"line":519,"column":29}},{"start":{"line":519,"column":33},"end":{"line":519,"column":61}}],"line":519},"32":{"loc":{"start":{"line":534,"column":37},"end":{"line":534,"column":116}},"type":"cond-expr","locations":[{"start":{"line":534,"column":55},"end":{"line":534,"column":108}},{"start":{"line":534,"column":111},"end":{"line":534,"column":116}}],"line":534},"33":{"loc":{"start":{"line":536,"column":16},"end":{"line":539,"column":17}},"type":"if","locations":[{"start":{"line":536,"column":16},"end":{"line":539,"column":17}},{"start":{},"end":{}}],"line":536},"34":{"loc":{"start":{"line":536,"column":20},"end":{"line":536,"column":47}},"type":"binary-expr","locations":[{"start":{"line":536,"column":20},"end":{"line":536,"column":31}},{"start":{"line":536,"column":35},"end":{"line":536,"column":47}}],"line":536},"35":{"loc":{"start":{"line":544,"column":25},"end":{"line":544,"column":54}},"type":"binary-expr","locations":[{"start":{"line":544,"column":25},"end":{"line":544,"column":48}},{"start":{"line":544,"column":52},"end":{"line":544,"column":54}}],"line":544},"36":{"loc":{"start":{"line":549,"column":30},"end":{"line":549,"column":63}},"type":"binary-expr","locations":[{"start":{"line":549,"column":30},"end":{"line":549,"column":48}},{"start":{"line":549,"column":52},"end":{"line":549,"column":63}}],"line":549},"37":{"loc":{"start":{"line":550,"column":33},"end":{"line":550,"column":72}},"type":"binary-expr","locations":[{"start":{"line":550,"column":33},"end":{"line":550,"column":54}},{"start":{"line":550,"column":58},"end":{"line":550,"column":72}}],"line":550},"38":{"loc":{"start":{"line":554,"column":8},"end":{"line":582,"column":9}},"type":"if","locations":[{"start":{"line":554,"column":8},"end":{"line":582,"column":9}},{"start":{},"end":{}}],"line":554},"39":{"loc":{"start":{"line":554,"column":12},"end":{"line":554,"column":87}},"type":"binary-expr","locations":[{"start":{"line":554,"column":12},"end":{"line":554,"column":23}},{"start":{"line":554,"column":27},"end":{"line":554,"column":61}},{"start":{"line":554,"column":65},"end":{"line":554,"column":87}}],"line":554},"40":{"loc":{"start":{"line":556,"column":12},"end":{"line":581,"column":13}},"type":"if","locations":[{"start":{"line":556,"column":12},"end":{"line":581,"column":13}},{"start":{},"end":{}}],"line":556},"41":{"loc":{"start":{"line":558,"column":16},"end":{"line":558,"column":89}},"type":"if","locations":[{"start":{"line":558,"column":16},"end":{"line":558,"column":89}},{"start":{},"end":{}}],"line":558},"42":{"loc":{"start":{"line":580,"column":16},"end":{"line":580,"column":84}},"type":"if","locations":[{"start":{"line":580,"column":16},"end":{"line":580,"column":84}},{"start":{},"end":{}}],"line":580},"43":{"loc":{"start":{"line":595,"column":33},"end":{"line":595,"column":75}},"type":"cond-expr","locations":[{"start":{"line":595,"column":52},"end":{"line":595,"column":68}},{"start":{"line":595,"column":71},"end":{"line":595,"column":75}}],"line":595},"44":{"loc":{"start":{"line":597,"column":22},"end":{"line":602,"column":20}},"type":"cond-expr","locations":[{"start":{"line":597,"column":33},"end":{"line":602,"column":13}},{"start":{"line":602,"column":16},"end":{"line":602,"column":20}}],"line":597},"45":{"loc":{"start":{"line":614,"column":8},"end":{"line":617,"column":9}},"type":"if","locations":[{"start":{"line":614,"column":8},"end":{"line":617,"column":9}},{"start":{},"end":{}}],"line":614},"46":{"loc":{"start":{"line":621,"column":29},"end":{"line":621,"column":108}},"type":"cond-expr","locations":[{"start":{"line":621,"column":47},"end":{"line":621,"column":100}},{"start":{"line":621,"column":103},"end":{"line":621,"column":108}}],"line":621},"47":{"loc":{"start":{"line":623,"column":8},"end":{"line":633,"column":9}},"type":"if","locations":[{"start":{"line":623,"column":8},"end":{"line":633,"column":9}},{"start":{"line":628,"column":15},"end":{"line":633,"column":9}}],"line":623},"48":{"loc":{"start":{"line":625,"column":12},"end":{"line":625,"column":66}},"type":"if","locations":[{"start":{"line":625,"column":12},"end":{"line":625,"column":66}},{"start":{},"end":{}}],"line":625},"49":{"loc":{"start":{"line":625,"column":16},"end":{"line":625,"column":51}},"type":"binary-expr","locations":[{"start":{"line":625,"column":16},"end":{"line":625,"column":36}},{"start":{"line":625,"column":40},"end":{"line":625,"column":51}}],"line":625},"50":{"loc":{"start":{"line":626,"column":12},"end":{"line":626,"column":73}},"type":"if","locations":[{"start":{"line":626,"column":12},"end":{"line":626,"column":73}},{"start":{},"end":{}}],"line":626},"51":{"loc":{"start":{"line":626,"column":16},"end":{"line":626,"column":58}},"type":"binary-expr","locations":[{"start":{"line":626,"column":16},"end":{"line":626,"column":43}},{"start":{"line":626,"column":47},"end":{"line":626,"column":58}}],"line":626},"52":{"loc":{"start":{"line":631,"column":12},"end":{"line":631,"column":73}},"type":"if","locations":[{"start":{"line":631,"column":12},"end":{"line":631,"column":73}},{"start":{},"end":{}}],"line":631},"53":{"loc":{"start":{"line":631,"column":16},"end":{"line":631,"column":59}},"type":"binary-expr","locations":[{"start":{"line":631,"column":16},"end":{"line":631,"column":43}},{"start":{"line":631,"column":47},"end":{"line":631,"column":59}}],"line":631},"54":{"loc":{"start":{"line":722,"column":4},"end":{"line":727,"column":5}},"type":"if","locations":[{"start":{"line":722,"column":4},"end":{"line":727,"column":5}},{"start":{},"end":{}}],"line":722},"55":{"loc":{"start":{"line":730,"column":4},"end":{"line":735,"column":5}},"type":"if","locations":[{"start":{"line":730,"column":4},"end":{"line":735,"column":5}},{"start":{},"end":{}}],"line":730},"56":{"loc":{"start":{"line":730,"column":8},"end":{"line":730,"column":72}},"type":"binary-expr","locations":[{"start":{"line":730,"column":8},"end":{"line":730,"column":33}},{"start":{"line":730,"column":37},"end":{"line":730,"column":72}}],"line":730},"57":{"loc":{"start":{"line":754,"column":4},"end":{"line":759,"column":5}},"type":"if","locations":[{"start":{"line":754,"column":4},"end":{"line":759,"column":5}},{"start":{},"end":{}}],"line":754},"58":{"loc":{"start":{"line":762,"column":4},"end":{"line":767,"column":5}},"type":"if","locations":[{"start":{"line":762,"column":4},"end":{"line":767,"column":5}},{"start":{},"end":{}}],"line":762},"59":{"loc":{"start":{"line":762,"column":8},"end":{"line":762,"column":72}},"type":"binary-expr","locations":[{"start":{"line":762,"column":8},"end":{"line":762,"column":33}},{"start":{"line":762,"column":37},"end":{"line":762,"column":72}}],"line":762},"60":{"loc":{"start":{"line":770,"column":4},"end":{"line":784,"column":5}},"type":"if","locations":[{"start":{"line":770,"column":4},"end":{"line":784,"column":5}},{"start":{},"end":{}}],"line":770},"61":{"loc":{"start":{"line":778,"column":8},"end":{"line":783,"column":9}},"type":"if","locations":[{"start":{"line":778,"column":8},"end":{"line":783,"column":9}},{"start":{},"end":{}}],"line":778},"62":{"loc":{"start":{"line":787,"column":4},"end":{"line":802,"column":5}},"type":"if","locations":[{"start":{"line":787,"column":4},"end":{"line":802,"column":5}},{"start":{},"end":{}}],"line":787},"63":{"loc":{"start":{"line":796,"column":8},"end":{"line":801,"column":9}},"type":"if","locations":[{"start":{"line":796,"column":8},"end":{"line":801,"column":9}},{"start":{},"end":{}}],"line":796},"64":{"loc":{"start":{"line":806,"column":4},"end":{"line":811,"column":5}},"type":"if","locations":[{"start":{"line":806,"column":4},"end":{"line":811,"column":5}},{"start":{},"end":{}}],"line":806},"65":{"loc":{"start":{"line":806,"column":8},"end":{"line":806,"column":100}},"type":"binary-expr","locations":[{"start":{"line":806,"column":9},"end":{"line":806,"column":18}},{"start":{"line":806,"column":22},"end":{"line":806,"column":48}},{"start":{"line":806,"column":54},"end":{"line":806,"column":66}},{"start":{"line":806,"column":70},"end":{"line":806,"column":99}}],"line":806},"66":{"loc":{"start":{"line":815,"column":4},"end":{"line":815,"column":74}},"type":"if","locations":[{"start":{"line":815,"column":4},"end":{"line":815,"column":74}},{"start":{},"end":{}}],"line":815},"67":{"loc":{"start":{"line":816,"column":4},"end":{"line":816,"column":59}},"type":"if","locations":[{"start":{"line":816,"column":4},"end":{"line":816,"column":59}},{"start":{},"end":{}}],"line":816},"68":{"loc":{"start":{"line":817,"column":4},"end":{"line":817,"column":62}},"type":"if","locations":[{"start":{"line":817,"column":4},"end":{"line":817,"column":62}},{"start":{},"end":{}}],"line":817},"69":{"loc":{"start":{"line":818,"column":4},"end":{"line":818,"column":53}},"type":"if","locations":[{"start":{"line":818,"column":4},"end":{"line":818,"column":53}},{"start":{},"end":{}}],"line":818},"70":{"loc":{"start":{"line":819,"column":4},"end":{"line":819,"column":47}},"type":"if","locations":[{"start":{"line":819,"column":4},"end":{"line":819,"column":47}},{"start":{},"end":{}}],"line":819},"71":{"loc":{"start":{"line":822,"column":4},"end":{"line":847,"column":5}},"type":"if","locations":[{"start":{"line":822,"column":4},"end":{"line":847,"column":5}},{"start":{},"end":{}}],"line":822},"72":{"loc":{"start":{"line":822,"column":8},"end":{"line":822,"column":33}},"type":"binary-expr","locations":[{"start":{"line":822,"column":8},"end":{"line":822,"column":17}},{"start":{"line":822,"column":21},"end":{"line":822,"column":33}}],"line":822},"73":{"loc":{"start":{"line":823,"column":28},"end":{"line":823,"column":45}},"type":"binary-expr","locations":[{"start":{"line":823,"column":28},"end":{"line":823,"column":37}},{"start":{"line":823,"column":41},"end":{"line":823,"column":45}}],"line":823},"74":{"loc":{"start":{"line":824,"column":31},"end":{"line":824,"column":51}},"type":"binary-expr","locations":[{"start":{"line":824,"column":31},"end":{"line":824,"column":43}},{"start":{"line":824,"column":47},"end":{"line":824,"column":51}}],"line":824},"75":{"loc":{"start":{"line":825,"column":30},"end":{"line":825,"column":76}},"type":"cond-expr","locations":[{"start":{"line":825,"column":41},"end":{"line":825,"column":59}},{"start":{"line":825,"column":62},"end":{"line":825,"column":76}}],"line":825},"76":{"loc":{"start":{"line":833,"column":25},"end":{"line":833,"column":59}},"type":"cond-expr","locations":[{"start":{"line":833,"column":32},"end":{"line":833,"column":46}},{"start":{"line":833,"column":49},"end":{"line":833,"column":59}}],"line":833},"77":{"loc":{"start":{"line":841,"column":8},"end":{"line":846,"column":9}},"type":"if","locations":[{"start":{"line":841,"column":8},"end":{"line":846,"column":9}},{"start":{},"end":{}}],"line":841},"78":{"loc":{"start":{"line":850,"column":4},"end":{"line":872,"column":5}},"type":"if","locations":[{"start":{"line":850,"column":4},"end":{"line":872,"column":5}},{"start":{"line":858,"column":11},"end":{"line":872,"column":5}}],"line":850},"79":{"loc":{"start":{"line":850,"column":8},"end":{"line":850,"column":33}},"type":"binary-expr","locations":[{"start":{"line":850,"column":8},"end":{"line":850,"column":17}},{"start":{"line":850,"column":21},"end":{"line":850,"column":33}}],"line":850},"80":{"loc":{"start":{"line":858,"column":11},"end":{"line":872,"column":5}},"type":"if","locations":[{"start":{"line":858,"column":11},"end":{"line":872,"column":5}},{"start":{"line":865,"column":11},"end":{"line":872,"column":5}}],"line":858},"81":{"loc":{"start":{"line":865,"column":11},"end":{"line":872,"column":5}},"type":"if","locations":[{"start":{"line":865,"column":11},"end":{"line":872,"column":5}},{"start":{},"end":{}}],"line":865},"82":{"loc":{"start":{"line":875,"column":4},"end":{"line":880,"column":5}},"type":"if","locations":[{"start":{"line":875,"column":4},"end":{"line":880,"column":5}},{"start":{},"end":{}}],"line":875},"83":{"loc":{"start":{"line":906,"column":4},"end":{"line":911,"column":5}},"type":"if","locations":[{"start":{"line":906,"column":4},"end":{"line":911,"column":5}},{"start":{},"end":{}}],"line":906},"84":{"loc":{"start":{"line":939,"column":4},"end":{"line":944,"column":5}},"type":"if","locations":[{"start":{"line":939,"column":4},"end":{"line":944,"column":5}},{"start":{},"end":{}}],"line":939},"85":{"loc":{"start":{"line":947,"column":4},"end":{"line":952,"column":5}},"type":"if","locations":[{"start":{"line":947,"column":4},"end":{"line":952,"column":5}},{"start":{},"end":{}}],"line":947},"86":{"loc":{"start":{"line":947,"column":8},"end":{"line":947,"column":72}},"type":"binary-expr","locations":[{"start":{"line":947,"column":8},"end":{"line":947,"column":33}},{"start":{"line":947,"column":37},"end":{"line":947,"column":72}}],"line":947},"87":{"loc":{"start":{"line":992,"column":4},"end":{"line":997,"column":5}},"type":"if","locations":[{"start":{"line":992,"column":4},"end":{"line":997,"column":5}},{"start":{},"end":{}}],"line":992},"88":{"loc":{"start":{"line":1007,"column":4},"end":{"line":1012,"column":5}},"type":"if","locations":[{"start":{"line":1007,"column":4},"end":{"line":1012,"column":5}},{"start":{},"end":{}}],"line":1007},"89":{"loc":{"start":{"line":1015,"column":4},"end":{"line":1049,"column":5}},"type":"if","locations":[{"start":{"line":1015,"column":4},"end":{"line":1049,"column":5}},{"start":{},"end":{}}],"line":1015},"90":{"loc":{"start":{"line":1025,"column":8},"end":{"line":1048,"column":9}},"type":"if","locations":[{"start":{"line":1025,"column":8},"end":{"line":1048,"column":9}},{"start":{},"end":{}}],"line":1025},"91":{"loc":{"start":{"line":1025,"column":12},"end":{"line":1025,"column":47}},"type":"binary-expr","locations":[{"start":{"line":1025,"column":12},"end":{"line":1025,"column":26}},{"start":{"line":1025,"column":30},"end":{"line":1025,"column":47}}],"line":1025},"92":{"loc":{"start":{"line":1042,"column":12},"end":{"line":1047,"column":13}},"type":"if","locations":[{"start":{"line":1042,"column":12},"end":{"line":1047,"column":13}},{"start":{},"end":{}}],"line":1042},"93":{"loc":{"start":{"line":1062,"column":4},"end":{"line":1067,"column":5}},"type":"if","locations":[{"start":{"line":1062,"column":4},"end":{"line":1067,"column":5}},{"start":{},"end":{}}],"line":1062},"94":{"loc":{"start":{"line":1062,"column":8},"end":{"line":1062,"column":53}},"type":"binary-expr","locations":[{"start":{"line":1062,"column":8},"end":{"line":1062,"column":23}},{"start":{"line":1062,"column":27},"end":{"line":1062,"column":53}}],"line":1062},"95":{"loc":{"start":{"line":1070,"column":4},"end":{"line":1109,"column":5}},"type":"if","locations":[{"start":{"line":1070,"column":4},"end":{"line":1109,"column":5}},{"start":{},"end":{}}],"line":1070},"96":{"loc":{"start":{"line":1070,"column":8},"end":{"line":1070,"column":52}},"type":"binary-expr","locations":[{"start":{"line":1070,"column":8},"end":{"line":1070,"column":23}},{"start":{"line":1070,"column":27},"end":{"line":1070,"column":52}}],"line":1070},"97":{"loc":{"start":{"line":1151,"column":4},"end":{"line":1159,"column":5}},"type":"if","locations":[{"start":{"line":1151,"column":4},"end":{"line":1159,"column":5}},{"start":{},"end":{}}],"line":1151},"98":{"loc":{"start":{"line":1153,"column":8},"end":{"line":1158,"column":9}},"type":"if","locations":[{"start":{"line":1153,"column":8},"end":{"line":1158,"column":9}},{"start":{},"end":{}}],"line":1153},"99":{"loc":{"start":{"line":1170,"column":4},"end":{"line":1175,"column":5}},"type":"if","locations":[{"start":{"line":1170,"column":4},"end":{"line":1175,"column":5}},{"start":{},"end":{}}],"line":1170},"100":{"loc":{"start":{"line":1170,"column":8},"end":{"line":1170,"column":37}},"type":"binary-expr","locations":[{"start":{"line":1170,"column":8},"end":{"line":1170,"column":16}},{"start":{"line":1170,"column":20},"end":{"line":1170,"column":37}}],"line":1170},"101":{"loc":{"start":{"line":1238,"column":4},"end":{"line":1243,"column":5}},"type":"if","locations":[{
[...]
"line":437,"column":102}},"114":{"start":{"line":442,"column":22},"end":{"line":444,"column":6}},"115":{"start":{"line":446,"column":4},"end":{"line":453,"column":7}},"116":{"start":{"line":459,"column":0},"end":{"line":515,"column":3}},"117":{"start":{"line":460,"column":19},"end":{"line":460,"column":29}},"118":{"start":{"line":461,"column":37},"end":{"line":461,"column":46}},"119":{"start":{"line":462,"column":17},"end":{"line":462,"column":55}},"120":{"start":{"line":464,"column":17},"end":{"line":469,"column":6}},"121":{"start":{"line":471,"column":4},"end":{"line":476,"column":5}},"122":{"start":{"line":472,"column":8},"end":{"line":475,"column":11}},"123":{"start":{"line":478,"column":30},"end":{"line":503,"column":6}},"124":{"start":{"line":505,"column":4},"end":{"line":514,"column":7}},"125":{"start":{"line":518,"column":0},"end":{"line":581,"column":3}},"126":{"start":{"line":519,"column":19},"end":{"line":519,"column":29}},"127":{"start":{"line":520,"column":24},"end":{"line":520,"column":32}},"128":{"start":{"line":521,"column":19},"end":{"line":521,"column":35}},"129":{"start":{"line":523,"column":4},"end":{"line":528,"column":5}},"130":{"start":{"line":524,"column":8},"end":{"line":527,"column":11}},"131":{"start":{"line":531,"column":29},"end":{"line":531,"column":59}},"132":{"start":{"line":532,"column":4},"end":{"line":537,"column":5}},"133":{"start":{"line":533,"column":8},"end":{"line":536,"column":11}},"134":{"start":{"line":539,"column":17},"end":{"line":544,"column":6}},"135":{"start":{"line":546,"column":4},"end":{"line":551,"column":5}},"136":{"start":{"line":547,"column":8},"end":{"line":550,"column":11}},"137":{"start":{"line":553,"column":20},"end":{"line":568,"column":6}},"138":{"start":{"line":571,"column":4},"end":{"line":574,"column":5}},"139":{"start":{"line":572,"column":8},"end":{"line":573,"column":96}},"140":{"start":{"line":573,"column":26},"end":{"line":573,"column":94}},"141":{"start":{"line":576,"column":4},"end":{"line":580,"column":7}},"142":{"start":{"line":584,"column":0},"end":{"line":621,"column":3}},"143":{"start":{"line":585,"column":30},"end":{"line":585,"column":40}},"144":{"start":{"line":586,"column":19},"end":{"line":586,"column":35}},"145":{"start":{"line":587,"column":21},"end":{"line":587,"column":34}},"146":{"start":{"line":589,"column":20},"end":{"line":595,"column":6}},"147":{"start":{"line":597,"column":4},"end":{"line":602,"column":5}},"148":{"start":{"line":598,"column":8},"end":{"line":601,"column":11}},"149":{"start":{"line":605,"column":4},"end":{"line":610,"column":5}},"150":{"start":{"line":606,"column":8},"end":{"line":609,"column":11}},"151":{"start":{"line":612,"column":4},"end":{"line":615,"column":7}},"152":{"start":{"line":617,"column":4},"end":{"line":620,"column":7}},"153":{"start":{"line":624,"column":0},"end":{"line":680,"column":3}},"154":{"start":{"line":625,"column":19},"end":{"line":625,"column":35}},"155":{"start":{"line":626,"column":37},"end":{"line":626,"column":46}},"156":{"start":{"line":627,"column":17},"end":{"line":627,"column":55}},"157":{"start":{"line":629,"column":27},"end":{"line":661,"column":6}},"158":{"start":{"line":663,"column":28},"end":{"line":668,"column":7}},"159":{"start":{"line":663,"column":47},"end":{"line":668,"column":5}},"160":{"start":{"line":670,"column":4},"end":{"line":679,"column":7}}},"fnMap":{"0":{"name":"(anonymous_0)","decl":{"start":{"line":11,"column":35},"end":{"line":11,"column":36}},"loc":{"start":{"line":11,"column":55},"end":{"line":64,"column":1}},"line":11},"1":{"name":"(anonymous_1)","decl":{"start":{"line":50,"column":42},"end":{"line":50,"column":43}},"loc":{"start":{"line":50,"column":51},"end":{"line":57,"column":5}},"line":50},"2":{"name":"(anonymous_2)","decl":{"start":{"line":67,"column":35},"end":{"line":67,"column":36}},"loc":{"start":{"line":67,"column":55},"end":{"line":129,"column":1}},"line":67},"3":{"name":"(anonymous_3)","decl":{"start":{"line":132,"column":34},"end":{"line":132,"column":35}},"loc":{"start":{"line":132,"column":54},"end":{"line":206,"column":1}},"line":132},"4":{"name":"(anonymous_4)","decl":{"start":{"line":209,"column":34},"end":{"line":209,"column":35}},"loc":{"start":{"line":209,"column":54},"end":{"line":329,"column":1}},"line":209},"5":{"name":"(anonymous_5)","decl":{"start":{"line":277,"column":39},"end":{"line":277,"column":40}},"loc":{"start":{"line":277,"column":46},"end":{"line":277,"column":74}},"line":277},"6":{"name":"(anonymous_6)","decl":{"start":{"line":332,"column":34},"end":{"line":332,"column":35}},"loc":{"start":{"line":332,"column":54},"end":{"line":377,"column":1}},"line":332},"7":{"name":"(anonymous_7)","decl":{"start":{"line":382,"column":34},"end":{"line":382,"column":35}},"loc":{"start":{"line":382,"column":54},"end":{"line":454,"column":1}},"line":382},"8":{"name":"(anonymous_8)","decl":{"start":{"line":431,"column":22},"end":{"line":431,"column":23}},"loc":{"start":{"line":431,"column":30},"end":{"line":436,"column":17}},"line":431},"9":{"name":"(anonymous_9)","decl":{"start":{"line":434,"column":35},"end":{"line":434,"column":36}},"loc":{"start":{"line":434,"column":42},"end":{"line":434,"column":107}},"line":434},"10":{"name":"(anonymous_10)","decl":{"start":{"line":437,"column":23},"end":{"line":437,"column":24}},"loc":{"start":{"line":437,"column":30},"end":{"line":437,"column":102}},"line":437},"11":{"name":"(anonymous_11)","decl":{"start":{"line":459,"column":35},"end":{"line":459,"column":36}},"loc":{"start":{"line":459,"column":55},"end":{"line":515,"column":1}},"line":459},"12":{"name":"(anonymous_12)","decl":{"start":{"line":518,"column":34},"end":{"line":518,"column":35}},"loc":{"start":{"line":518,"column":54},"end":{"line":581,"column":1}},"line":518},"13":{"name":"(anonymous_13)","decl":{"start":{"line":573,"column":19},"end":{"line":573,"column":20}},"loc":{"start":{"line":573,"column":26},"end":{"line":573,"column":94}},"line":573},"14":{"name":"(anonymous_14)","decl":{"start":{"line":584,"column":37},"end":{"line":584,"column":38}},"loc":{"start":{"line":584,"column":57},"end":{"line":621,"column":1}},"line":584},"15":{"name":"(anonymous_15)","decl":{"start":{"line":624,"column":34},"end":{"line":624,"column":35}},"loc":{"start":{"line":624,"column":54},"end":{"line":680,"column":1}},"line":624},"16":{"name":"(anonymous_16)","decl":{"start":{"line":663,"column":38},"end":{"line":663,"column":39}},"loc":{"start":{"line":663,"column":47},"end":{"line":668,"column":5}},"line":663}},"branchMap":{"0":{"loc":{"start":{"line":111,"column":4},"end":{"line":116,"column":5}},"type":"if","locations":[{"start":{"line":111,"column":4},"end":{"line":116,"column":5}},{"start":{},"end":{}}],"line":111},"1":{"loc":{"start":{"line":136,"column":4},"end":{"line":141,"column":5}},"type":"if","locations":[{"start":{"line":136,"column":4},"end":{"line":141,"column":5}},{"start":{},"end":{}}],"line":136},"2":{"loc":{"start":{"line":136,"column":8},"end":{"line":136,"column":41}},"type":"binary-expr","locations":[{"start":{"line":136,"column":8},"end":{"line":136,"column":16}},{"start":{"line":136,"column":20},"end":{"line":136,"column":41}}],"line":136},"3":{"loc":{"start":{"line":145,"column":4},"end":{"line":150,"column":5}},"type":"if","locations":[{"start":{"line":145,"column":4},"end":{"line":150,"column":5}},{"start":{},"end":{}}],"line":145},"4":{"loc":{"start":{"line":154,"column":4},"end":{"line":173,"column":5}},"type":"if","locations":[{"start":{"line":154,"column":4},"end":{"line":173,"column":5}},{"start":{},"end":{}}],"line":154},"5":{"loc":{"start":{"line":154,"column":8},"end":{"line":154,"column":36}},"type":"binary-expr","locations":[{"start":{"line":154,"column":8},"end":{"line":154,"column":17}},{"start":{"line":154,"column":21},"end":{"line":154,"column":36}}],"line":154},"6":{"loc":{"start":{"line":155,"column":27},"end":{"line":155,"column":95}},"type":"cond-expr","locations":[{"start":{"line":155,"column":60},"end":{"line":155,"column":75}},{"start":{"line":155,"column":78},"end":{"line":155,"column":95}}],"line":155},"7":{"loc":{"start":{"line":180,"column":22},"end":{"line":180,"column":60}},"type":"cond-expr","locations":[{"start":{"line":180,"column":33},"end":{"line":180,"column":53}},{"start":{"line":180,"column":56},"end":{"line":180,"column":60}}],"line":180},"8":{"loc":{"start":{"line":181,"column":23},"end":{"line":181,"column":63}},"type":"cond-expr","locations":[{"start":{"line":181,"column":35},"end":{"line":181,"column":56}},{"start":{"line":181,"column":59},"end":{"line":181,"column":63}}],"line":181},"9":{"loc":{"start":{"line":182,"column":27},"end":{"line":182,"column":48}},"type":"binary-expr","locations":[{"start":{"line":182,"column":27},"end":{"line":182,"column":40}},{"start":{"line":182,"column":44},"end":{"line":182,"column":48}}],"line":182},"10":{"loc":{"start":{"line":221,"column":4},"end":{"line":226,"column":5}},"type":"if","locations":[{"start":{"line":221,"column":4},"end":{"line":226,"column":5}},{"start":{},"end":{}}],"line":221},"11":{"loc":{"start":{"line":228,"column":4},"end":{"line":233,"column":5}},"type":"if","locations":[{"start":{"line":228,"column":4},"end":{"line":233,"column":5}},{"start":{},"end":{}}],"line":228},"12":{"loc":{"start":{"line":236,"column":4},"end":{"line":244,"column":5}},"type":"if","locations":[{"start":{"line":236,"column":4},"end":{"line":244,"column":5}},{"start":{},"end":{}}],"line":236},"13":{"loc":{"start":{"line":236,"column":8},"end":{"line":236,"column":40}},"type":"binary-expr","locations":[{"start":{"line":236,"column":8},"end":{"line":236,"column":15}},{"start":{"line":236,"column":19},"end":{"line":236,"column":40}}],"line":236},"14":{"loc":{"start":{"line":238,"column":8},"end":{"line":243,"column":9}},"type":"if","locations":[{"start":{"line":238,"column":8},"end":{"line":243,"column":9}},{"start":{},"end":{}}],"line":238},"15":{"loc":{"start":{"line":250,"column":4},"end":{"line":278,"column":5}},"type":"if","locations":[{"start":{"line":250,"column":4},"end":{"line":278,"column":5}},{"start":{},"end":{}}],"line":250},"16":{"loc":{"start":{"line":253,"column":8},"end":{"line":264,"column":9}},"type":"if","locations":[{"start":{"line":253,"column":8},"end":{"line":264,"column":9}},{"start":{"line":255,"column":15},"end":{"line":264,"column":9}}],"line":253},"17":{"loc":{"start":{"line":258,"column":16},"end":{"line":260,"column":17}},"type":"if","locations":[{"start":{"line":258,"column":16},"end":{"line":260,"column":17}},{"start":{},"end":{}}],"line":258},"18":{"loc":{"start":{"line":267,"column":12},"end":{"line":275,"column":13}},"type":"if","locations":[{"start":{"line":267,"column":12},"end":{"line":275,"column":13}},{"start":{},"end":{}}],"line":267},"19":{"loc":{"start":{"line":269,"column":20},"end":{"line":271,"column":21}},"type":"if","locations":[{"start":{"line":269,"column":20},"end":{"line":271,"column":21}},{"start":{},"end":{}}],"line":269},"20":{"loc":{"start":{"line":281,"column":4},"end":{"line":301,"column":5}},"type":"if","locations":[{"start":{"line":281,"column":4},"end":{"line":301,"column":5}},{"start":{},"end":{}}],"line":281},"21":{"loc":{"start":{"line":281,"column":8},"end":{"line":281,"column":36}},"type":"binary-expr","locations":[{"start":{"line":281,"column":8},"end":{"line":281,"column":17}},{"start":{"line":281,"column":21},"end":{"line":281,"column":36}}],"line":281},"22":{"loc":{"start":{"line":283,"column":27},"end":{"line":283,"column":95}},"type":"cond-expr","locations":[{"start":{"line":283,"column":60},"end":{"line":283,"column":75}},{"start":{"line":283,"column":78},"end":{"line":283,"column":95}}],"line":283},"23":{"loc":{"start":{"line":306,"column":21},"end":{"line":306,"column":57}},"type":"cond-expr","locations":[{"start":{"line":306,"column":31},"end":{"line":306,"column":45}},{"start":{"line":306,"column":48},"end":{"line":306,"column":57}}],"line":306},"24":{"loc":{"start":{"line":307,"column":22},"end":{"line":307,"column":79}},"type":"cond-expr","locations":[{"start":{"line":307,"column":47},"end":{"line":307,"column":67}},{"start":{"line":307,"column":70},"end":{"line":307,"column":79}}],"line":307},"25":{"loc":{"start":{"line":308,"column":23},"end":{"line":308,"column":82}},"type":"cond-expr","locations":[{"start":{"line":308,"column":49},"end":{"line":308,"column":70}},{"start":{"line":308,"column":73},"end":{"line":308,"column":82}}],"line":308},"26":{"loc":{"start":{"line":309,"column":27},"end":{"line":309,"column":82}},"type":"cond-expr","locations":[{"start":{"line":309,"column":57},"end":{"line":309,"column":70}},{"start":{"line":309,"column":73},"end":{"line":309,"column":82}}],"line":309},"27":{"loc":{"start":{"line":310,"column":19},"end":{"line":310,"column":61}},"type":"cond-expr","locations":[{"start":{"line":310,"column":39},"end":{"line":310,"column":49}},{"start":{"line":310,"column":52},"end":{"line":310,"column":61}}],"line":310},"28":{"loc":{"start":{"line":344,"column":4},"end":{"line":349,"column":5}},"type":"if","locations":[{"start":{"line":344,"column":4},"end":{"line":349,"column":5}},{"start":{},"end":{}}],"line":344},"29":{"loc":{"start":{"line":352,"column":4},"end":{"line":357,"column":5}},"type":"if","locations":[{"start":{"line":352,"column":4},"end":{"line":357,"column":5}},{"start":{},"end":{}}],"line":352},"30":{"loc":{"start":{"line":352,"column":8},"end":{"line":352,"column":55}},"type":"binary-expr","locations":[{"start":{"line":352,"column":8},"end":{"line":352,"column":31}},{"start":{"line":352,"column":35},"end":{"line":352,"column":55}}],"line":352},"31":{"loc":{"start":{"line":360,"column":4},"end":{"line":366,"column":5}},"type":"if","locations":[{"start":{"line":360,"column":4},"end":{"line":366,"column":5}},{"start":{},"end":{}}],"line":360},"32":{"loc":{"start":{"line":360,"column":8},"end":{"line":360,"column":43}},"type":"binary-expr","locations":[{"start":{"line":360,"column":8},"end":{"line":360,"column":18}},{"start":{"line":360,"column":22},"end":{"line":360,"column":43}}],"line":360},"33":{"loc":{"start":{"line":362,"column":12},"end":{"line":364,"column":13}},"type":"if","locations":[{"start":{"line":362,"column":12},"end":{"line":364,"column":13}},{"start":{},"end":{}}],"line":362},"34":{"loc":{"start":{"line":393,"column":4},"end":{"line":398,"column":5}},"type":"if","locations":[{"start":{"line":393,"column":4},"end":{"line":398,"column":5}},{"start":{},"end":{}}],"line":393},"35":{"loc":{"start":{"line":411,"column":4},"end":{"line":439,"column":5}},"type":"if","locations":[{"start":{"line":411,"column":4},"end":{"line":439,"column":5}},{"start":{"line":417,"column":11},"end":{"line":439,"column":5}}],"line":411},"36":{"loc":{"start":{"line":428,"column":8},"end":{"line":438,"column":9}},"type":"if","locations":[{"start":{"line":428,"column":8},"end":{"line":438,"column":9}},{"start":{},"end":{}}],"line":428},"37":{"loc":{"start":{"line":432,"column":20},"end":{"line":435,"column":21}},"type":"if","locations":[{"start":{"line":432,"column":20},"end":{"line":435,"column":21}},{"start":{},"end":{}}],"line":432},"38":{"loc":{"start":{"line":448,"column":17},"end":{"line":448,"column":56}},"type":"cond-expr","locations":[{"start":{"line":448,"column":27},"end":{"line":448,"column":39}},{"start":{"line":448,"column":42},"end":{"line":448,"column":56}}],"line":448},"39":{"loc":{"start":{"line":461,"column":12},"end":{"line":461,"column":20}},"type":"default-arg","locations":[{"start":{"line":461,"column":19},"end":{"line":461,"column":20}}],"line":461},"40":{"loc":{"start":{"line":461,"column":22},"end":{"line":461,"column":32}},"type":"default-arg","locations":[{"start":{"line":461,"column":30},"end":{"line":461,"column":32}}],"line":461},"41":{"loc":{"start":{"line":471,"column":4},"end":{"line":476,"column":5}},"type":"if","locations":[{"start":{"line":471,"column":4},"end":{"line":476,"column":5}},{"start":{},"end":{}}],"line":471},"42":{"loc":{"start":{"line":523,"column":4},"end":{"line":528,"column":5}},"type":"if","locations":[{"start":{"line":523,"column":4},"end":{"line":528,"column":5}},{"start":{},"end":{}}],"line":523},"43":{"loc":{"start":{"line":523,"column":8},"end":{"line":523,"column":41}},"type":"binary-expr","locations":[{"start":{"line":523,"column":8},"end":{"line":523,"column":16}},{"start":{"line":523,"column":20},"end":{"line":523,"column":41}}],"line":523},"44":{"loc":{"start":{"line":532,"column":4},"end":{"line":537,"column":5}},"type":"if","locations":[{"start":{"line":532,"column":4},"end":{"line":537,"column":5}},{"start":{},"end":{}}],"line":532},"45":{"loc":{"start":{"line":546,"column":4},"end":{"line":551,"column":5}},"type":"if","locations":[{"start":{"line":546,"column":4},"end":{"line":551,"column":5}},{"start":{},"end":{}}],"line":546},"46":{"loc":{"start":{"line":571,"column":4},"end":{"line":574,"column":5}},"type":"if","locations":[{"start":{"line":571,"column":4},"end":{"line":574,"column":5}},{"start":{},"end":{}}],"line":571},"47":{"loc":{"start":{"line":597,"column":4},"end":{"line":602,"column":5}},"type":"if","locations":[{"start":{"line":597,"column":4},"end":{"line":602,"column":5}},{"start":{},"end":{}}],"line":597},"48":{"loc":{"start":{"line":605,"column":4},"end":{"line":610,"column":5}},"type":"if","locations":[{"start":{"line":605,"column":4},"end":{"line":610,"column":5}},{"start":{},"end":{}}],"line":605},"49":{"loc":{"start":{"line":605,"column":8},"end":{"line":605,"column":58}},"type":"binary-expr","locations":[{"start":{"line":605,"column":8},"end":{"line":605,"column":34}},{"start":{"line":605,"column":38},"end":{"line":605,"column":58}}],"line":605},"50":{"loc":{"start":{"line":626,"column":12},"end":{"line":626,"column":20}},"type":"default-arg","locations":[{"start":{"line":626,"column":19},"end":{"line":626,"column":20}}],"line":626},"51":{"loc":{"start":{"line":626,"column":22},"end":{"line":626,"column":32}},"type":"default-arg","locations":[{"start":{"line":626,"column":30},"end":{"line":626,"column":32}}],"line":626}},"s":{"0":1,"1":1,"2":1,"3":1,"4":1,"5":1,"6":1,"7":1,"8":1,"9":1,"10":1,"11":2,"12":1,"13":1,"14":0,"15":0,"16":0,"17":0,"18":0,"19":0,"20":1,"21":2,"22":2,"23":2,"24":1,"25":1,"26":1,"27":0,"28":1,"29":1,"30":1,"31":1,"32":1,"33":1,"34":1,"35":0,"36":1,"37":1,"38":1,"39":0,"40":0,"41":0,"42":0,"43":0,"44":0,"45":0,"46":0,"47":0,"48":0,"49":0,"50":0,"51":0,"52":0,"53":0,"54":0,"55":0,"56":0,"57":0,"58":0,"59":0,"60":0,"61":0,"62":0,"63":0,"64":0,"65":0,"66":0,"67":0,"68":0,"69":0,"70":0,"71":0,"72":0,"73":0,"74":0,"75":0,"76":0,"77":0,"78":0,"79":0,"80":0,"81":1,"82":2,"83":2,"84":2,"85":2,"86":2,"87":0,"88":2,"89":1,"90":1,"91":1,"92":1,"93":1,"94":1,"95":1,"96":1,"97":2,"98":2,"99":2,"100":2,"101":0,"102":2,"103":2,"104":1,"105":1,"106":1,"107":1,"108":1,"109":1,"110":1,"111":1,"112":0,"113":0,"114":2,"115":2,"116":1,"117":0,"118":0,"119":0,"120":0,"121":0,"122":0,"123":0,"124":0,"125":1,"126":1,"127":1,"128":1,"129":1,"130":0,"131":1,"132":1,"133":0,"134":1,"135":1,"136":0,"137":1,"138":1,"139":1,"140":0,"141":1,"142":1,"143":0,"144":0,"145":0,"146":0,"147":0,"148":0,"149":0,"150":0,"151":0,"152":0,"153":1,"154":0,"155":0,"156":0,"157":0,"158":0,"159":0,"160":0},"f":{"0":1,"1":2,"2":0,"3":2,"4":0,"5":0,"6":2,"7":2,"8":1,"9":0,"10":0,"11":0,"12":1,"13":0,"14":0,"15":0,"16":0},"b":{"0":[0,0],"1":[1,1],"2":[2,1],"3":[0,1],"4":[1,0],"5":[1,1],"6":[1,0],"7":[0,1],"8":[0,1],"9":[1,1],"10":[0,0],"11":[0,0],"12":[0,0],"13":[0,0],"14":[0,0],"15":[0,0],"16":[0,0],"17":[0,0],"18":[0,0],"19":[0,0],"20":[0,0],"21":[0,0],"22":[0,0],"23":[0,0],"24":[0,0],"25":[0,0],"26":[0,0],"27":[0,0],"28":[0,2],"29":[1,1],"30":[2,1],"31":[1,0],"32":[1,1],"33":[1,0],"34":[0,2],"35":[1,1],"36":[1,0],"37":[1,0],"38":[1,1],"39":[0],"40":[0],"41":[0,0],"42":[0,1],"43":[1,1],"44":[0,1],"45":[0,1],"46":[1,0],"47":[0,0],"48":[0,0],"49":[0,0],"50":[0],"51":[0]},"_coverageSchema":"1a1c01bbd47fc00a2c39e90264f33305004495a9","hash":"5039712ee856db298b1b8cc396260590ab8eccb3"}
}
