TN:
SF:controllers\akademikController.js
FN:7,(anonymous_0)
FN:39,(anonymous_1)
FN:80,(anonymous_2)
FN:117,(anonymous_3)
FN:168,(anonymous_4)
FN:211,(anonymous_5)
FN:328,(anonymous_6)
FN:373,(anonymous_7)
FN:400,(anonymous_8)
FN:490,(anonymous_9)
FN:501,(anonymous_10)
FN:510,(anonymous_11)
FN:612,(anonymous_12)
FN:650,(anonymous_13)
FN:689,(anonymous_14)
FN:742,(anonymous_15)
FN:903,(anonymous_16)
FN:928,(anonymous_17)
FN:976,(anonymous_18)
FN:1138,(anonymous_19)
FN:1192,(anonymous_20)
FN:1226,(anonymous_21)
FN:1281,(anonymous_22)
FN:1294,(anonymous_23)
FN:1328,(anonymous_24)
FN:1359,(anonymous_25)
FN:1362,(anonymous_26)
FN:1363,(anonymous_27)
FN:1379,(anonymous_28)
FN:1401,(anonymous_29)
FN:1495,(anonymous_30)
FN:1696,(anonymous_31)
FN:1739,(anonymous_32)
FN:1819,(anonymous_33)
FN:1893,(anonymous_34)
FN:1899,(anonymous_35)
FN:1910,(anonymous_36)
FN:1976,(anonymous_37)
FN:1997,(anonymous_38)
FN:2070,(anonymous_39)
FN:2075,(anonymous_40)
FN:2110,(anonymous_41)
FN:2160,(anonymous_42)
FN:2183,(anonymous_43)
FN:2211,(anonymous_44)
FN:2217,(anonymous_45)
FN:2225,(anonymous_46)
FN:2230,(anonymous_47)
FN:2237,(anonymous_48)
FN:2250,(anonymous_49)
FN:2272,(anonymous_50)
FN:2325,(anonymous_51)
FN:2355,(anonymous_52)
FN:2385,(anonymous_53)
FN:2453,(anonymous_54)
FN:2464,(anonymous_55)
FN:2477,(anonymous_56)
FN:2479,(anonymous_57)
FN:2579,(anonymous_58)
FNF:59
FNH:5
FNDA:2,(anonymous_0)
FNDA:0,(anonymous_1)
FNDA:0,(anonymous_2)
FNDA:0,(anonymous_3)
FNDA:2,(anonymous_4)
FNDA:3,(anonymous_5)
FNDA:0,(anonymous_6)
FNDA:0,(anonymous_7)
FNDA:0,(anonymous_8)
FNDA:0,(anonymous_9)
FNDA:0,(anonymous_10)
FNDA:0,(anonymous_11)
FNDA:0,(anonymous_12)
FNDA:0,(anonymous_13)
FNDA:0,(anonymous_14)
FNDA:0,(anonymous_15)
FNDA:0,(anonymous_16)
FNDA:0,(anonymous_17)
FNDA:3,(anonymous_18)
FNDA:2,(anonymous_19)
FNDA:0,(anonymous_20)
FNDA:0,(anonymous_21)
FNDA:0,(anonymous_22)
FNDA:0,(anonymous_23)
FNDA:0,(anonymous_24)
FNDA:0,(anonymous_25)
FNDA:0,(anonymous_26)
FNDA:0,(anonymous_27)
FNDA:0,(anonymous_28)
FNDA:0,(anonymous_29)
FNDA:0,(anonymous_30)
FNDA:0,(anonymous_31)
FNDA:0,(anonymous_32)
FNDA:0,(anonymous_33)
FNDA:0,(anonymous_34)
FNDA:0,(anonymous_35)
FNDA:0,(anonymous_36)
FNDA:0,(anonymous_37)
FNDA:0,(anonymous_38)
FNDA:0,(anonymous_39)
FNDA:0,(anonymous_40)
FNDA:0,(anonymous_41)
FNDA:0,(anonymous_42)
FNDA:0,(anonymous_43)
FNDA:0,(anonymous_44)
FNDA:0,(anonymous_45)
FNDA:0,(anonymous_46)
FNDA:0,(anonymous_47)
FNDA:0,(anonymous_48)
FNDA:0,(anonymous_49)
FNDA:0,(anonymous_50)
FNDA:0,(anonymous_51)
FNDA:0,(anonymous_52)
FNDA:0,(anonymous_53)
FNDA:0,(anonymous_54)
FNDA:0,(anonymous_55)
FNDA:0,(anonymous_56)
FNDA:0,(anonymous_57)
FNDA:0,(anonymous_58)
DA:1,1
DA:2,1
DA:3,1
DA:4,1
DA:7,1
DA:8,2
DA:11,2
DA:18,2
DA:19,1
DA:25,1
DA:32,1
DA:39,1
DA:40,0
DA:41,0
DA:43,0
DA:46,0
DA:47,0
DA:53,0
DA:73,0
DA:80,1
DA:81,0
DA:83,0
DA:104,0
DA:105,0
DA:111,0
DA:117,1
DA:118,0
DA:119,0
DA:121,0
DA:128,0
DA:129,0
DA:136,0
DA:137,0
DA:145,0
DA:146,0
DA:153,0
DA:161,0
DA:168,1
DA:169,2
DA:171,2
DA:183,2
DA:184,0
DA:191,2
DA:192,1
DA:198,1
DA:203,1
DA:211,1
DA:212,3
DA:215,3
DA:222,3
DA:223,0
DA:230,3
DA:238,3
DA:239,0
DA:246,3
DA:247,0
DA:254,3
DA:255,3
DA:256,1
DA:263,2
DA:275,2
DA:276,1
DA:283,1
DA:286,1
DA:287,1
DA:289,1
DA:307,1
DA:321,1
DA:328,1
DA:329,0
DA:330,0
DA:332,0
DA:334,0
DA:335,0
DA:336,0
DA:338,0
DA:365,0
DA:373,1
DA:374,0
DA:375,0
DA:378,0
DA:379,0
DA:380,0
DA:383,0
DA:384,0
DA:385,0
DA:386,0
DA:388,0
DA:400,0
DA:402,0
DA:403,0
DA:406,0
DA:417,0
DA:418,0
DA:419,0
DA:425,0
DA:426,0
DA:430,0
DA:433,0
DA:490,0
DA:491,0
DA:492,0
DA:493,0
DA:500,0
DA:501,0
DA:503,0
DA:510,0
DA:511,0
DA:517,0
DA:518,0
DA:531,0
DA:532,0
DA:533,0
DA:535,0
DA:536,0
DA:537,0
DA:542,0
DA:543,0
DA:548,0
DA:549,0
DA:550,0
DA:553,0
DA:554,0
DA:555,0
DA:557,0
DA:579,0
DA:583,0
DA:612,0
DA:613,0
DA:615,0
DA:618,0
DA:619,0
DA:620,0
DA:622,0
DA:624,0
DA:625,0
DA:626,0
DA:630,0
DA:631,0
DA:635,0
DA:637,0
DA:650,1
DA:651,0
DA:653,0
DA:683,0
DA:689,1
DA:690,0
DA:692,0
DA:721,0
DA:722,0
DA:729,0
DA:730,0
DA:736,0
DA:742,1
DA:743,0
DA:744,0
DA:746,0
DA:753,0
DA:754,0
DA:761,0
DA:762,0
DA:769,0
DA:770,0
DA:777,0
DA:778,0
DA:786,0
DA:787,0
DA:795,0
DA:796,0
DA:804,0
DA:805,0
DA:806,0
DA:813,0
DA:814,0
DA:815,0
DA:816,0
DA:817,0
DA:818,0
DA:821,0
DA:822,0
DA:823,0
DA:824,0
DA:827,0
DA:840,0
DA:841,0
DA:849,0
DA:850,0
DA:857,0
DA:858,0
DA:864,0
DA:865,0
DA:874,0
DA:875,0
DA:882,0
DA:896,0
DA:903,1
DA:905,0
DA:906,0
DA:913,0
DA:919,0
DA:928,1
DA:929,0
DA:931,0
DA:938,0
DA:939,0
DA:946,0
DA:947,0
DA:954,0
DA:968,0
DA:976,1
DA:977,3
DA:978,3
DA:981,3
DA:991,3
DA:992,0
DA:999,3
DA:1006,3
DA:1007,1
DA:1014,2
DA:1016,2
DA:1021,2
DA:1022,2
DA:1024,2
DA:1025,1
DA:1041,1
DA:1042,1
DA:1051,1
DA:1061,1
DA:1062,0
DA:1069,1
DA:1070,0
DA:1081,0
DA:1103,0
DA:1111,1
DA:1131,1
DA:1138,1
DA:1139,2
DA:1140,2
DA:1143,2
DA:1150,2
DA:1151,2
DA:1152,2
DA:1153,1
DA:1160,1
DA:1169,1
DA:1170,0
DA:1176,1
DA:1186,1
DA:1192,1
DA:1193,0
DA:1195,0
DA:1220,0
DA:1226,1
DA:1227,0
DA:1230,0
DA:1237,0
DA:1238,0
DA:1245,0
DA:1246,0
DA:1252,0
DA:1273,0
DA:1281,1
DA:1282,0
DA:1285,0
DA:1286,0
DA:1293,0
DA:1294,0
DA:1297,0
DA:1298,0
DA:1305,0
DA:1312,0
DA:1313,0
DA:1320,0
DA:1327,0
DA:1328,0
DA:1330,0
DA:1331,0
DA:1332,0
DA:1334,0
DA:1335,0
DA:1336,0
DA:1337,0
DA:1338,0
DA:1340,0
DA:1343,0
DA:1350,0
DA:1359,0
DA:1362,0
DA:1363,0
DA:1366,0
DA:1367,0
DA:1377,0
DA:1378,0
DA:1379,0
DA:1387,0
DA:1401,1
DA:1403,0
DA:1404,0
DA:1406,0
DA:1407,0
DA:1414,0
DA:1421,0
DA:1422,0
DA:1429,0
DA:1430,0
DA:1437,0
DA:1438,0
DA:1445,0
DA:1446,0
DA:1447,0
DA:1449,0
DA:1450,0
DA:1454,0
DA:1462,0
DA:1463,0
DA:1465,0
DA:1466,0
DA:1473,0
DA:1487,0
DA:1495,1
DA:1496,0
DA:1497,0
DA:1498,0
DA:1500,0
DA:1501,0
DA:1507,0
DA:1514,0
DA:1515,0
DA:1521,0
DA:1522,0
DA:1530,0
DA:1531,0
DA:1538,0
DA:1547,0
DA:1548,0
DA:1554,0
DA:1555,0
DA:1556,0
DA:1562,0
DA:1570,0
DA:1571,0
DA:1577,0
DA:1578,0
DA:1580,0
DA:1581,0
DA:1587,0
DA:1588,0
DA:1595,0
DA:1596,0
DA:1604,0
DA:1613,0
DA:1614,0
DA:1615,0
DA:1616,0
DA:1618,0
DA:1619,0
DA:1620,0
DA:1621,0
DA:1623,0
DA:1625,0
DA:1626,0
DA:1627,0
DA:1628,0
DA:1629,0
DA:1632,0
DA:1633,0
DA:1634,0
DA:1637,0
DA:1638,0
DA:1639,0
DA:1642,0
DA:1643,0
DA:1644,0
DA:1649,0
DA:1650,0
DA:1659,0
DA:1672,0
DA:1688,0
DA:1696,1
DA:1697,0
DA:1698,0
DA:1699,0
DA:1701,0
DA:1706,0
DA:1707,0
DA:1709,0
DA:1732,0
DA:1739,1
DA:1740,0
DA:1741,0
DA:1742,0
DA:1745,0
DA:1752,0
DA:1753,0
DA:1760,0
DA:1761,0
DA:1767,0
DA:1772,0
DA:1775,0
DA:1776,0
DA:1777,0
DA:1778,0
DA:1779,0
DA:1781,0
DA:1787,0
DA:1807,0
DA:1819,1
DA:1820,0
DA:1823,0
DA:1830,0
DA:1831,0
DA:1838,0
DA:1839,0
DA:1846,0
DA:1854,0
DA:1862,0
DA:1874,0
DA:1888,0
DA:1894,0
DA:1895,0
DA:1899,0
DA:1910,1
DA:1911,0
DA:1912,0
DA:1913,0
DA:1916,0
DA:1923,0
DA:1924,0
DA:1931,0
DA:1932,0
DA:1939,0
DA:1946,0
DA:1952,0
DA:1953,0
DA:1956,0
DA:1976,0
DA:1982,0
DA:1997,1
DA:1998,0
DA:2001,0
DA:2021,0
DA:2022,0
DA:2029,0
DA:2030,0
DA:2037,0
DA:2057,0
DA:2069,0
DA:2070,0
DA:2071,0
DA:2075,0
DA:2083,0
DA:2110,1
DA:2111,0
DA:2113,0
DA:2123,0
DA:2124,0
DA:2131,0
DA:2132,0
DA:2138,0
DA:2139,0
DA:2146,0
DA:2151,0
DA:2160,1
DA:2161,0
DA:2162,0
DA:2165,0
DA:2183,0
DA:2186,0
DA:2195,0
DA:2210,0
DA:2211,0
DA:2212,0
DA:2213,0
DA:2216,0
DA:2217,0
DA:2218,0
DA:2219,0
DA:2222,0
DA:2225,0
DA:2226,0
DA:2227,0
DA:2229,0
DA:2230,0
DA:2231,0
DA:2237,0
DA:2250,0
DA:2252,0
DA:2266,0
DA:2272,1
DA:2273,0
DA:2274,0
DA:2277,0
DA:2281,0
DA:2282,0
DA:2286,0
DA:2287,0
DA:2291,0
DA:2292,0
DA:2296,0
DA:2297,0
DA:2300,0
DA:2317,0
DA:2325,1
DA:2326,0
DA:2327,0
DA:2329,0
DA:2334,0
DA:2335,0
DA:2338,0
DA:2348,0
DA:2355,1
DA:2356,0
DA:2357,0
DA:2359,0
DA:2364,0
DA:2365,0
DA:2369,0
DA:2370,0
DA:2373,0
DA:2378,0
DA:2385,1
DA:2386,0
DA:2387,0
DA:2388,0
DA:2390,0
DA:2392,0
DA:2393,0
DA:2396,0
DA:2397,0
DA:2400,0
DA:2401,0
DA:2405,0
DA:2407,0
DA:2408,0
DA:2409,0
DA:2410,0
DA:2413,0
DA:2414,0
DA:2415,0
DA:2417,0
DA:2453,0
DA:2454,0
DA:2455,0
DA:2456,0
DA:2463,0
DA:2464,0
DA:2465,0
DA:2471,0
DA:2474,0
DA:2477,0
DA:2479,0
DA:2481,0
DA:2482,0
DA:2487,0
DA:2488,0
DA:2489,0
DA:2491,0
DA:2492,0
DA:2493,0
DA:2495,0
DA:2496,0
DA:2502,0
DA:2503,0
DA:2504,0
DA:2505,0
DA:2508,0
DA:2509,0
DA:2511,0
DA:2512,0
DA:2514,0
DA:2515,0
DA:2517,0
DA:2518,0
DA:2521,0
DA:2523,0
DA:2532,0
DA:2534,0
DA:2544,0
DA:2545,0
DA:2566,0
DA:2567,0
DA:2568,0
DA:2572,0
DA:2579,1
DA:2580,0
DA:2581,0
DA:2583,0
DA:2584,0
DA:2587,0
DA:2593,0
LF:590
LH:98
BRDA:18,0,0,1
BRDA:18,0,1,1
BRDA:46,1,0,0
BRDA:46,1,1,0
BRDA:104,2,0,0
BRDA:104,2,1,0
BRDA:128,3,0,0
BRDA:128,3,1,0
BRDA:136,4,0,0
BRDA:136,4,1,0
BRDA:136,5,0,0
BRDA:136,5,1,0
BRDA:145,6,0,0
BRDA:145,6,1,0
BRDA:156,7,0,0
BRDA:156,7,1,0
BRDA:157,8,0,0
BRDA:157,8,1,0
BRDA:183,9,0,0
BRDA:183,9,1,2
BRDA:191,10,0,1
BRDA:191,10,1,1
BRDA:222,11,0,0
BRDA:222,11,1,3
BRDA:238,12,0,0
BRDA:238,12,1,3
BRDA:246,13,0,0
BRDA:246,13,1,3
BRDA:246,14,0,3
BRDA:246,14,1,0
BRDA:255,15,0,1
BRDA:255,15,1,2
BRDA:255,16,0,3
BRDA:255,16,1,2
BRDA:267,17,0,2
BRDA:267,17,1,0
BRDA:275,18,0,1
BRDA:275,18,1,1
BRDA:286,19,0,1
BRDA:286,19,1,0
BRDA:287,20,0,0
BRDA:287,20,1,1
BRDA:298,21,0,1
BRDA:298,21,1,0
BRDA:334,22,0,0
BRDA:334,22,1,0
BRDA:335,23,0,0
BRDA:335,23,1,0
BRDA:336,24,0,0
BRDA:336,24,1,0
BRDA:379,25,0,0
BRDA:379,25,1,0
BRDA:418,26,0,0
BRDA:418,26,1,0
BRDA:425,27,0,0
BRDA:425,27,1,0
BRDA:492,28,0,0
BRDA:492,28,1,0
BRDA:511,29,0,0
BRDA:511,29,1,0
BRDA:518,30,0,0
BRDA:518,30,1,0
BRDA:518,31,0,0
BRDA:518,31,1,0
BRDA:533,32,0,0
BRDA:533,32,1,0
BRDA:535,33,0,0
BRDA:535,33,1,0
BRDA:535,34,0,0
BRDA:535,34,1,0
BRDA:543,35,0,0
BRDA:543,35,1,0
BRDA:548,36,0,0
BRDA:548,36,1,0
BRDA:549,37,0,0
BRDA:549,37,1,0
BRDA:553,38,0,0
BRDA:553,38,1,0
BRDA:553,39,0,0
BRDA:553,39,1,0
BRDA:553,39,2,0
BRDA:555,40,0,0
BRDA:555,40,1,0
BRDA:557,41,0,0
BRDA:557,41,1,0
BRDA:579,42,0,0
BRDA:579,42,1,0
BRDA:594,43,0,0
BRDA:594,43,1,0
BRDA:596,44,0,0
BRDA:596,44,1,0
BRDA:613,45,0,0
BRDA:613,45,1,0
BRDA:620,46,0,0
BRDA:620,46,1,0
BRDA:622,47,0,0
BRDA:622,47,1,0
BRDA:624,48,0,0
BRDA:624,48,1,0
BRDA:624,49,0,0
BRDA:624,49,1,0
BRDA:625,50,0,0
BRDA:625,50,1,0
BRDA:625,51,0,0
BRDA:625,51,1,0
BRDA:630,52,0,0
BRDA:630,52,1,0
BRDA:630,53,0,0
BRDA:630,53,1,0
BRDA:721,54,0,0
BRDA:721,54,1,0
BRDA:729,55,0,0
BRDA:729,55,1,0
BRDA:729,56,0,0
BRDA:729,56,1,0
BRDA:753,57,0,0
BRDA:753,57,1,0
BRDA:761,58,0,0
BRDA:761,58,1,0
BRDA:761,59,0,0
BRDA:761,59,1,0
BRDA:769,60,0,0
BRDA:769,60,1,0
BRDA:777,61,0,0
BRDA:777,61,1,0
BRDA:786,62,0,0
BRDA:786,62,1,0
BRDA:795,63,0,0
BRDA:795,63,1,0
BRDA:805,64,0,0
BRDA:805,64,1,0
BRDA:805,65,0,0
BRDA:805,65,1,0
BRDA:805,65,2,0
BRDA:805,65,3,0
BRDA:814,66,0,0
BRDA:814,66,1,0
BRDA:815,67,0,0
BRDA:815,67,1,0
BRDA:816,68,0,0
BRDA:816,68,1,0
BRDA:817,69,0,0
BRDA:817,69,1,0
BRDA:818,70,0,0
BRDA:818,70,1,0
BRDA:821,71,0,0
BRDA:821,71,1,0
BRDA:821,72,0,0
BRDA:821,72,1,0
BRDA:822,73,0,0
BRDA:822,73,1,0
BRDA:823,74,0,0
BRDA:823,74,1,0
BRDA:824,75,0,0
BRDA:824,75,1,0
BRDA:832,76,0,0
BRDA:832,76,1,0
BRDA:840,77,0,0
BRDA:840,77,1,0
BRDA:849,78,0,0
BRDA:849,78,1,0
BRDA:849,79,0,0
BRDA:849,79,1,0
BRDA:857,80,0,0
BRDA:857,80,1,0
BRDA:864,81,0,0
BRDA:864,81,1,0
BRDA:874,82,0,0
BRDA:874,82,1,0
BRDA:905,83,0,0
BRDA:905,83,1,0
BRDA:938,84,0,0
BRDA:938,84,1,0
BRDA:946,85,0,0
BRDA:946,85,1,0
BRDA:946,86,0,0
BRDA:946,86,1,0
BRDA:991,87,0,0
BRDA:991,87,1,3
BRDA:1006,88,0,1
BRDA:1006,88,1,2
BRDA:1014,89,0,2
BRDA:1014,89,1,0
BRDA:1024,90,0,1
BRDA:1024,90,1,1
BRDA:1024,91,0,2
BRDA:1024,91,1,1
BRDA:1041,92,0,1
BRDA:1041,92,1,0
BRDA:1061,93,0,0
BRDA:1061,93,1,1
BRDA:1061,94,0,1
BRDA:1061,94,1,0
BRDA:1069,95,0,0
BRDA:1069,95,1,1
BRDA:1069,96,0,1
BRDA:1069,96,1,0
BRDA:1150,97,0,2
BRDA:1150,97,1,0
BRDA:1152,98,0,1
BRDA:1152,98,1,1
BRDA:1169,99,0,0
BRDA:1169,99,1,1
BRDA:1169,100,0,1
BRDA:1169,100,1,1
BRDA:1237,101,0,0
BRDA:1237,101,1,0
BRDA:1245,102,0,0
BRDA:1245,102,1,0
BRDA:1245,103,0,0
BRDA:1245,103,1,0
BRDA:1285,104,0,0
BRDA:1285,104,1,0
BRDA:1285,105,0,0
BRDA:1285,105,1,0
BRDA:1293,106,0,0
BRDA:1293,106,1,0
BRDA:1297,107,0,0
BRDA:1297,107,1,0
BRDA:1312,108,0,0
BRDA:1312,108,1,0
BRDA:1336,109,0,0
BRDA:1336,109,1,0
BRDA:1337,110,0,0
BRDA:1337,110,1,0
BRDA:1366,111,0,0
BRDA:1366,111,1,0
BRDA:1377,112,0,0
BRDA:1377,112,1,0
BRDA:1406,113,0,0
BRDA:1406,113,1,0
BRDA:1406,114,0,0
BRDA:1406,114,1,0
BRDA:1421,115,0,0
BRDA:1421,115,1,0
BRDA:1429,116,0,0
BRDA:1429,116,1,0
BRDA:1429,117,0,0
BRDA:1429,117,1,0
BRDA:1437,118,0,0
BRDA:1437,118,1,0
BRDA:1447,119,0,0
BRDA:1447,119,1,0
BRDA:1449,120,0,0
BRDA:1449,120,1,0
BRDA:1449,121,0,0
BRDA:1449,121,1,0
BRDA:1450,122,0,0
BRDA:1450,122,1,0
BRDA:1451,123,0,0
BRDA:1451,123,1,0
BRDA:1451,123,2,0
BRDA:1451,123,3,0
BRDA:1451,123,4,0
BRDA:1451,123,5,0
BRDA:1451,123,6,0
BRDA:1451,123,7,0
BRDA:1465,124,0,0
BRDA:1465,124,1,0
BRDA:1465,125,0,0
BRDA:1465,125,1,0
BRDA:1465,125,2,0
BRDA:1477,126,0,0
BRDA:1477,126,1,0
BRDA:1478,127,0,0
BRDA:1478,127,1,0
BRDA:1498,128,0,0
BRDA:1498,128,1,0
BRDA:1500,129,0,0
BRDA:1500,129,1,0
BRDA:1514,130,0,0
BRDA:1514,130,1,0
BRDA:1521,131,0,0
BRDA:1521,131,1,0
BRDA:1530,132,0,0
BRDA:1530,132,1,0
BRDA:1547,133,0,0
BRDA:1547,133,1,0
BRDA:1555,134,0,0
BRDA:1555,134,1,0
BRDA:1555,135,0,0
BRDA:1555,135,1,0
BRDA:1570,136,0,0
BRDA:1570,136,1,0
BRDA:1580,137,0,0
BRDA:1580,137,1,0
BRDA:1580,138,0,0
BRDA:1580,138,1,0
BRDA:1580,138,2,0
BRDA:1580,138,3,0
BRDA:1580,138,4,0
BRDA:1580,138,5,0
BRDA:1587,139,0,0
BRDA:1587,139,1,0
BRDA:1587,140,0,0
BRDA:1587,140,1,0
BRDA:1587,140,2,0
BRDA:1587,140,3,0
BRDA:1595,141,0,0
BRDA:1595,141,1,0
BRDA:1618,142,0,0
BRDA:1618,142,1,0
BRDA:1618,143,0,0
BRDA:1618,143,1,0
BRDA:1625,144,0,0
BRDA:1625,144,1,0
BRDA:1632,145,0,0
BRDA:1632,145,1,0
BRDA:1632,146,0,0
BRDA:1632,146,1,0
BRDA:1637,147,0,0
BRDA:1637,147,1,0
BRDA:1637,148,0,0
BRDA:1637,148,1,0
BRDA:1642,149,0,0
BRDA:1642,149,1,0
BRDA:1642,150,0,0
BRDA:1642,150,1,0
BRDA:1649,151,0,0
BRDA:1649,151,1,0
BRDA:1653,152,0,0
BRDA:1653,152,1,0
BRDA:1706,153,0,0
BRDA:1706,153,1,0
BRDA:1707,154,0,0
BRDA:1707,154,1,0
BRDA:1741,155,0,0
BRDA:1741,156,0,0
BRDA:1752,157,0,0
BRDA:1752,157,1,0
BRDA:1760,158,0,0
BRDA:1760,158,1,0
BRDA:1760,159,0,0
BRDA:1760,159,1,0
BRDA:1772,160,0,0
BRDA:1772,160,1,0
BRDA:1775,161,0,0
BRDA:1775,161,1,0
BRDA:1830,162,0,0
BRDA:1830,162,1,0
BRDA:1838,163,0,0
BRDA:1838,163,1,0
BRDA:1838,164,0,0
BRDA:1838,164,1,0
BRDA:1898,165,0,0
BRDA:1898,165,1,0
BRDA:1912,166,0,0
BRDA:1912,167,0,0
BRDA:1923,168,0,0
BRDA:1923,168,1,0
BRDA:1931,169,0,0
BRDA:1931,169,1,0
BRDA:1931,170,0,0
BRDA:1931,170,1,0
BRDA:1952,171,0,0
BRDA:1952,171,1,0
BRDA:2021,172,0,0
BRDA:2021,172,1,0
BRDA:2029,173,0,0
BRDA:2029,173,1,0
BRDA:2029,174,0,0
BRDA:2029,174,1,0
BRDA:2080,175,0,0
BRDA:2080,175,1,0
BRDA:2099,176,0,0
BRDA:2099,176,1,0
BRDA:2123,177,0,0
BRDA:2123,177,1,0
BRDA:2131,178,0,0
BRDA:2131,178,1,0
BRDA:2131,179,0,0
BRDA:2131,179,1,0
BRDA:2138,180,0,0
BRDA:2138,180,1,0
BRDA:2169,181,0,0
BRDA:2169,181,1,0
BRDA:2212,182,0,0
BRDA:2212,182,1,0
BRDA:2218,183,0,0
BRDA:2218,183,1,0
BRDA:2226,184,0,0
BRDA:2226,184,1,0
BRDA:2227,185,0,0
BRDA:2227,185,1,0
BRDA:2244,186,0,0
BRDA:2244,186,1,0
BRDA:2244,186,2,0
BRDA:2246,187,0,0
BRDA:2246,187,1,0
BRDA:2247,188,0,0
BRDA:2247,188,1,0
BRDA:2259,189,0,0
BRDA:2259,189,1,0
BRDA:2281,190,0,0
BRDA:2281,190,1,0
BRDA:2286,191,0,0
BRDA:2286,191,1,0
BRDA:2286,192,0,0
BRDA:2286,192,1,0
BRDA:2291,193,0,0
BRDA:2291,193,1,0
BRDA:2296,194,0,0
BRDA:2296,194,1,0
BRDA:2296,195,0,0
BRDA:2296,195,1,0
BRDA:2305,196,0,0
BRDA:2305,196,1,0
BRDA:2306,197,0,0
BRDA:2306,197,1,0
BRDA:2319,198,0,0
BRDA:2319,198,1,0
BRDA:2334,199,0,0
BRDA:2334,199,1,0
BRDA:2364,200,0,0
BRDA:2364,200,1,0
BRDA:2369,201,0,0
BRDA:2369,201,1,0
BRDA:2369,202,0,0
BRDA:2369,202,1,0
BRDA:2392,203,0,0
BRDA:2392,203,1,0
BRDA:2396,204,0,0
BRDA:2396,204,1,0
BRDA:2400,205,0,0
BRDA:2400,205,1,0
BRDA:2407,206,0,0
BRDA:2407,206,1,0
BRDA:2455,207,0,0
BRDA:2455,207,1,0
BRDA:2482,208,0,0
BRDA:2482,208,1,0
BRDA:2482,209,0,0
BRDA:2482,209,1,0
BRDA:2488,210,0,0
BRDA:2488,210,1,0
BRDA:2488,210,2,0
BRDA:2489,211,0,0
BRDA:2489,211,1,0
BRDA:2491,212,0,0
BRDA:2491,212,1,0
BRDA:2495,213,0,0
BRDA:2495,213,1,0
BRDA:2502,214,0,0
BRDA:2502,214,1,0
BRDA:2503,215,0,0
BRDA:2503,215,1,0
BRDA:2504,216,0,0
BRDA:2504,216,1,0
BRDA:2508,217,0,0
BRDA:2508,217,1,0
BRDA:2511,218,0,0
BRDA:2511,218,1,0
BRDA:2512,219,0,0
BRDA:2512,219,1,0
BRDA:2512,219,2,0
BRDA:2514,220,0,0
BRDA:2514,220,1,0
BRDA:2514,221,0,0
BRDA:2514,221,1,0
BRDA:2515,222,0,0
BRDA:2515,222,1,0
BRDA:2518,223,0,0
BRDA:2518,223,1,0
BRDA:2521,224,0,0
BRDA:2521,224,1,0
BRDA:2523,225,0,0
BRDA:2523,225,1,0
BRDA:2534,226,0,0
BRDA:2534,226,1,0
BRDA:2544,227,0,0
BRDA:2544,227,1,0
BRDA:2555,228,0,0
BRDA:2555,228,1,0
BRDA:2566,229,0,0
BRDA:2566,229,1,0
BRDA:2567,230,0,0
BRDA:2567,230,1,0
BRDA:2584,231,0,0
BRDA:2584,231,1,0
BRF:479
BRH:38
end_of_record
TN:
SF:controllers\anomaliController.js
FN:24,(anonymous_0)
FN:127,(anonymous_1)
FN:131,(anonymous_2)
FN:138,(anonymous_3)
FN:164,(anonymous_4)
FN:167,(anonymous_5)
FN:193,(anonymous_6)
FN:272,(anonymous_7)
FN:319,(anonymous_8)
FN:388,(anonymous_9)
FNF:10
FNH:8
FNDA:4,(anonymous_0)
FNDA:2,(anonymous_1)
FNDA:1,(anonymous_2)
FNDA:1,(anonymous_3)
FNDA:1,(anonymous_4)
FNDA:1,(anonymous_5)
FNDA:1,(anonymous_6)
FNDA:0,(anonymous_7)
FNDA:3,(anonymous_8)
FNDA:0,(anonymous_9)
DA:1,1
DA:2,1
DA:3,1
DA:4,1
DA:5,1
DA:6,1
DA:10,1
DA:11,1
DA:14,1
DA:24,1
DA:25,4
DA:26,4
DA:27,4
DA:28,4
DA:31,4
DA:32,4
DA:33,1
DA:39,3
DA:40,3
DA:41,0
DA:48,3
DA:53,3
DA:54,1
DA:61,2
DA:62,1
DA:69,1
DA:113,1
DA:114,0
DA:120,1
DA:123,1
DA:127,2
DA:131,1
DA:141,1
DA:142,1
DA:143,1
DA:144,0
DA:145,0
DA:146,0
DA:147,0
DA:148,0
DA:149,0
DA:152,1
DA:162,1
DA:164,1
DA:166,1
DA:167,1
DA:168,1
DA:176,1
DA:181,1
DA:191,1
DA:193,1
DA:202,1
DA:208,1
DA:209,1
DA:218,1
DA:221,1
DA:222,0
DA:223,0
DA:225,0
DA:235,1
DA:236,1
DA:241,1
DA:250,0
DA:253,0
DA:254,0
DA:260,0
DA:272,1
DA:273,0
DA:274,0
DA:275,0
DA:278,0
DA:280,0
DA:281,0
DA:284,0
DA:285,0
DA:289,0
DA:308,0
DA:319,1
DA:320,3
DA:321,3
DA:322,3
DA:323,3
DA:326,3
DA:327,1
DA:334,2
DA:344,2
DA:345,1
DA:352,1
DA:353,0
DA:360,1
DA:361,1
DA:362,1
DA:363,1
DA:364,1
DA:367,1
DA:368,1
DA:371,1
DA:376,1
DA:388,1
DA:389,0
DA:390,0
DA:392,0
DA:393,0
DA:399,0
LF:104
LH:73
BRDA:10,0,0,1
BRDA:10,0,1,1
BRDA:11,1,0,1
BRDA:11,1,1,1
BRDA:15,2,0,1
BRDA:15,2,1,1
BRDA:16,3,0,1
BRDA:16,3,1,1
BRDA:26,4,0,2
BRDA:26,5,0,4
BRDA:32,6,0,1
BRDA:32,6,1,3
BRDA:32,7,0,4
BRDA:32,7,1,4
BRDA:32,7,2,4
BRDA:40,8,0,0
BRDA:40,8,1,3
BRDA:40,9,0,3
BRDA:40,9,1,3
BRDA:40,9,2,3
BRDA:53,10,0,1
BRDA:53,10,1,2
BRDA:61,11,0,1
BRDA:61,11,1,1
BRDA:61,12,0,2
BRDA:61,12,1,2
BRDA:113,13,0,0
BRDA:113,13,1,1
BRDA:124,14,0,0
BRDA:124,14,1,1
BRDA:143,15,0,0
BRDA:143,15,1,1
BRDA:144,16,0,0
BRDA:144,16,1,0
BRDA:145,17,0,0
BRDA:145,17,1,0
BRDA:146,18,0,0
BRDA:146,18,1,0
BRDA:147,19,0,0
BRDA:147,19,1,0
BRDA:171,20,0,1
BRDA:171,20,1,1
BRDA:176,21,0,1
BRDA:176,21,1,0
BRDA:191,22,0,1
BRDA:191,22,1,0
BRDA:191,23,0,1
BRDA:191,23,1,1
BRDA:197,24,0,1
BRDA:197,24,1,0
BRDA:198,25,0,1
BRDA:198,25,1,0
BRDA:208,26,0,1
BRDA:208,26,1,0
BRDA:214,27,0,1
BRDA:214,27,1,1
BRDA:214,27,2,1
BRDA:214,27,3,1
BRDA:221,28,0,0
BRDA:221,28,1,1
BRDA:243,29,0,1
BRDA:243,29,1,0
BRDA:253,30,0,0
BRDA:253,30,1,0
BRDA:262,31,0,0
BRDA:262,31,1,0
BRDA:280,32,0,0
BRDA:280,32,1,0
BRDA:284,33,0,0
BRDA:284,33,1,0
BRDA:284,34,0,0
BRDA:284,34,1,0
BRDA:326,35,0,1
BRDA:326,35,1,2
BRDA:326,36,0,3
BRDA:326,36,1,3
BRDA:344,37,0,1
BRDA:344,37,1,1
BRDA:352,38,0,0
BRDA:352,38,1,1
BRDA:352,39,0,1
BRDA:352,39,1,1
BRDA:361,40,0,1
BRDA:361,40,1,0
BRDA:363,41,0,1
BRDA:363,41,1,0
BRDA:367,42,0,1
BRDA:367,42,1,0
BRDA:368,43,0,1
BRDA:368,43,1,0
BRDA:392,44,0,0
BRDA:392,44,1,0
BRF:92
BRH:56
end_of_record
TN:
SF:controllers\authController.js
FN:9,(anonymous_0)
FN:65,(anonymous_1)
FN:114,(anonymous_2)
FN:129,(anonymous_3)
FN:155,(anonymous_4)
FN:212,(anonymous_5)
FN:286,(anonymous_6)
FN:313,(anonymous_7)
FN:342,(anonymous_8)
FN:388,(anonymous_9)
FN:439,(anonymous_10)
FN:485,(anonymous_11)
FN:525,(anonymous_12)
FN:547,(anonymous_13)
FN:573,(anonymous_14)
FN:613,(anonymous_15)
FN:642,(anonymous_16)
FN:673,(anonymous_17)
FNF:18
FNH:6
FNDA:2,(anonymous_0)
FNDA:3,(anonymous_1)
FNDA:1,(anonymous_2)
FNDA:1,(anonymous_3)
FNDA:0,(anonymous_4)
FNDA:0,(anonymous_5)
FNDA:0,(anonymous_6)
FNDA:0,(anonymous_7)
FNDA:3,(anonymous_8)
FNDA:0,(anonymous_9)
FNDA:0,(anonymous_10)
FNDA:0,(anonymous_11)
FNDA:2,(anonymous_12)
FNDA:0,(anonymous_13)
FNDA:0,(anonymous_14)
FNDA:0,(anonymous_15)
FNDA:0,(anonymous_16)
FNDA:0,(anonymous_17)
DA:1,1
DA:2,1
DA:3,1
DA:4,1
DA:5,1
DA:6,1
DA:7,1
DA:9,1
DA:10,2
DA:14,2
DA:15,2
DA:17,2
DA:22,2
DA:23,1
DA:26,1
DA:27,0
DA:33,0
DA:34,0
DA:38,1
DA:39,1
DA:48,1
DA:49,1
DA:60,0
DA:61,0
DA:65,1
DA:66,3
DA:68,3
DA:74,3
DA:75,1
DA:78,2
DA:79,2
DA:80,1
DA:84,1
DA:87,1
DA:88,1
DA:89,1
DA:92,1
DA:100,1
DA:114,1
DA:115,1
DA:116,1
DA:129,1
DA:130,1
DA:131,1
DA:134,1
DA:140,1
DA:141,0
DA:149,1
DA:155,1
DA:156,0
DA:158,0
DA:159,0
DA:163,0
DA:168,0
DA:169,0
DA:173,0
DA:174,0
DA:175,0
DA:179,0
DA:180,0
DA:184,0
DA:187,0
DA:188,0
DA:189,0
DA:191,0
DA:202,0
DA:212,1
DA:221,0
DA:224,0
DA:226,0
DA:227,0
DA:228,0
DA:229,0
DA:233,0
DA:234,0
DA:238,0
DA:239,0
DA:246,0
DA:247,0
DA:248,0
DA:251,0
DA:252,0
DA:253,0
DA:256,0
DA:259,0
DA:286,0
DA:294,0
DA:296,0
DA:313,1
DA:314,0
DA:315,0
DA:317,0
DA:318,0
DA:324,0
DA:335,0
DA:342,1
DA:343,3
DA:344,3
DA:346,3
DA:347,0
DA:353,3
DA:354,1
DA:361,2
DA:366,2
DA:367,2
DA:368,1
DA:375,1
DA:376,1
DA:381,1
DA:388,1
DA:389,0
DA:391,0
DA:392,0
DA:398,0
DA:399,0
DA:406,0
DA:410,0
DA:411,0
DA:418,0
DA:419,0
DA:425,0
DA:433,0
DA:439,1
DA:440,0
DA:441,0
DA:443,0
DA:444,0
DA:445,0
DA:449,0
DA:450,0
DA:453,0
DA:469,0
DA:471,0
DA:479,0
DA:485,1
DA:486,0
DA:487,0
DA:489,0
DA:490,0
DA:491,0
DA:494,0
DA:508,0
DA:510,0
DA:518,0
DA:525,1
DA:526,2
DA:527,2
DA:529,2
DA:530,1
DA:536,1
DA:541,1
DA:547,1
DA:548,0
DA:549,0
DA:551,0
DA:552,0
DA:558,0
DA:564,0
DA:571,1
DA:573,1
DA:574,0
DA:575,0
DA:577,0
DA:578,0
DA:584,0
DA:585,0
DA:592,0
DA:598,0
DA:604,0
DA:611,1
DA:613,1
DA:614,0
DA:617,0
DA:627,0
DA:629,0
DA:636,0
DA:642,0
DA:643,0
DA:646,0
DA:647,0
DA:648,0
DA:650,0
DA:651,0
DA:652,0
DA:653,0
DA:655,0
DA:663,0
DA:666,0
DA:668,0
DA:673,1
DA:674,0
DA:676,0
DA:681,0
DA:682,0
DA:688,0
DA:689,0
DA:695,0
DA:697,0
DA:708,0
DA:716,0
LF:200
LH:74
BRDA:15,0,0,2
BRDA:15,0,1,0
BRDA:22,1,0,1
BRDA:22,1,1,1
BRDA:26,2,0,0
BRDA:26,2,1,1
BRDA:33,3,0,0
BRDA:33,3,1,0
BRDA:45,4,0,1
BRDA:45,4,1,1
BRDA:48,5,0,1
BRDA:48,5,1,0
BRDA:74,6,0,1
BRDA:74,6,1,2
BRDA:79,7,0,1
BRDA:79,7,1,1
BRDA:140,8,0,0
BRDA:140,8,1,1
BRDA:158,9,0,0
BRDA:158,9,1,0
BRDA:168,10,0,0
BRDA:168,10,1,0
BRDA:173,11,0,0
BRDA:173,11,1,0
BRDA:179,12,0,0
BRDA:179,12,1,0
BRDA:215,13,0,0
BRDA:217,14,0,0
BRDA:218,15,0,0
BRDA:219,16,0,0
BRDA:220,17,0,0
BRDA:226,18,0,0
BRDA:226,18,1,0
BRDA:228,19,0,0
BRDA:228,19,1,0
BRDA:233,20,0,0
BRDA:233,20,1,0
BRDA:233,21,0,0
BRDA:233,21,1,0
BRDA:238,22,0,0
BRDA:238,22,1,0
BRDA:247,23,0,0
BRDA:247,23,1,0
BRDA:248,24,0,0
BRDA:248,24,1,0
BRDA:288,25,0,0
BRDA:288,25,1,0
BRDA:289,26,0,0
BRDA:289,26,1,0
BRDA:317,27,0,0
BRDA:317,27,1,0
BRDA:317,28,0,0
BRDA:317,28,1,0
BRDA:346,29,0,0
BRDA:346,29,1,3
BRDA:346,30,0,3
BRDA:346,30,1,3
BRDA:353,31,0,1
BRDA:353,31,1,2
BRDA:367,32,0,1
BRDA:367,32,1,1
BRDA:391,33,0,0
BRDA:391,33,1,0
BRDA:391,34,0,0
BRDA:391,34,1,0
BRDA:398,35,0,0
BRDA:398,35,1,0
BRDA:410,36,0,0
BRDA:410,36,1,0
BRDA:410,37,0,0
BRDA:410,37,1,0
BRDA:430,38,0,0
BRDA:430,38,1,0
BRDA:444,39,0,0
BRDA:444,39,1,0
BRDA:444,40,0,0
BRDA:444,40,1,0
BRDA:449,41,0,0
BRDA:449,41,1,0
BRDA:476,42,0,0
BRDA:476,42,1,0
BRDA:490,43,0,0
BRDA:490,43,1,0
BRDA:490,44,0,0
BRDA:490,44,1,0
BRDA:515,45,0,0
BRDA:515,45,1,0
BRDA:529,46,0,1
BRDA:529,46,1,1
BRDA:529,47,0,2
BRDA:529,47,1,1
BRDA:551,48,0,0
BRDA:551,48,1,0
BRDA:577,49,0,0
BRDA:577,49,1,0
BRDA:627,50,0,0
BRDA:627,50,1,0
BRDA:646,51,0,0
BRDA:646,51,1,0
BRDA:663,52,0,0
BRDA:663,52,1,0
BRDA:681,53,0,0
BRDA:681,53,1,0
BRDA:681,54,0,0
BRDA:681,54,1,0
BRDA:681,54,2,0
BRDA:688,55,0,0
BRDA:688,55,1,0
BRDA:713,56,0,0
BRDA:713,56,1,0
BRF:110
BRH:23
end_of_record
TN:
SF:controllers\biometrikController.js
FN:30,(anonymous_0)
FN:33,(anonymous_1)
FN:43,(anonymous_2)
FN:44,(anonymous_3)
FN:83,cosineSimilarity
FN:102,(anonymous_5)
FN:121,(anonymous_6)
FN:241,(anonymous_7)
FN:290,(anonymous_8)
FN:381,(anonymous_9)
FN:445,(anonymous_10)
FN:491,(anonymous_11)
FN:588,haversineDistance
FN:590,(anonymous_13)
FN:608,(anonymous_14)
FN:727,(anonymous_15)
FNF:16
FNH:7
FNDA:0,(anonymous_0)
FNDA:0,(anonymous_1)
FNDA:12,(anonymous_2)
FNDA:12,(anonymous_3)
FNDA:7,cosineSimilarity
FNDA:0,(anonymous_5)
FNDA:0,(anonymous_6)
FNDA:0,(anonymous_7)
FNDA:0,(anonymous_8)
FNDA:0,(anonymous_9)
FNDA:0,(anonymous_10)
FNDA:0,(anonymous_11)
FNDA:2,haversineDistance
FNDA:8,(anonymous_13)
FNDA:21,(anonymous_14)
FNDA:6,(anonymous_15)
DA:1,1
DA:2,1
DA:3,1
DA:4,1
DA:5,1
DA:6,1
DA:7,1
DA:8,1
DA:9,1
DA:10,1
DA:12,1
DA:13,1
DA:16,1
DA:21,1
DA:27,1
DA:31,0
DA:34,0
DA:43,1
DA:44,12
DA:45,12
DA:46,12
DA:61,11
DA:63,1
DA:67,1
DA:68,0
DA:72,1
DA:84,7
DA:85,7
DA:86,7
DA:87,7
DA:88,7
DA:89,21
DA:90,21
DA:91,21
DA:93,7
DA:94,7
DA:102,1
DA:103,0
DA:104,0
DA:106,0
DA:121,1
DA:122,0
DA:124,0
DA:125,0
DA:131,0
DA:132,0
DA:139,0
DA:143,0
DA:144,0
DA:151,0
DA:155,0
DA:156,0
DA:163,0
DA:165,0
DA:166,0
DA:171,0
DA:173,0
DA:174,0
DA:181,0
DA:182,0
DA:188,0
DA:191,0
DA:207,0
DA:210,0
DA:218,0
DA:232,0
DA:241,1
DA:242,0
DA:244,0
DA:248,0
DA:249,0
DA:256,0
DA:262,0
DA:265,0
DA:279,0
DA:290,1
DA:291,0
DA:293,0
DA:294,0
DA:300,0
DA:304,0
DA:305,0
DA:311,0
DA:313,0
DA:314,0
DA:319,0
DA:321,0
DA:322,0
DA:329,0
DA:330,0
DA:338,0
DA:348,0
DA:351,0
DA:359,0
DA:372,0
DA:381,1
DA:382,0
DA:383,0
DA:389,0
DA:391,0
DA:392,0
DA:397,0
DA:399,0
DA:400,0
DA:409,0
DA:414,0
DA:415,0
DA:421,0
DA:422,0
DA:425,0
DA:426,0
DA:429,0
DA:431,0
DA:435,0
DA:443,0
DA:445,0
DA:448,0
DA:449,0
DA:452,0
DA:453,0
DA:455,0
DA:473,0
DA:482,0
DA:491,1
DA:492,0
DA:494,0
DA:495,0
DA:501,0
DA:503,0
DA:504,0
DA:509,0
DA:511,0
DA:512,0
DA:519,0
DA:521,0
DA:522,0
DA:534,0
DA:535,0
DA:536,0
DA:537,0
DA:539,0
DA:540,0
DA:544,0
DA:545,0
DA:546,0
DA:550,0
DA:551,0
DA:552,0
DA:569,0
DA:581,0
DA:589,2
DA:590,8
DA:591,2
DA:592,2
DA:594,2
DA:599,2
DA:600,2
DA:608,1
DA:609,21
DA:610,21
DA:612,21
DA:614,21
DA:615,2
DA:621,19
DA:622,19
DA:623,1
DA:631,18
DA:632,18
DA:633,18
DA:641,6
DA:647,12
DA:648,0
DA:654,12
DA:658,0
DA:665,12
DA:667,12
DA:668,12
DA:672,12
DA:674,11
DA:675,2
DA:682,9
DA:684,9
DA:685,2
DA:693,7
DA:697,7
DA:702,7
DA:703,1
DA:711,6
DA:720,6
DA:721,1
DA:727,6
DA:730,5
DA:731,5
DA:738,5
DA:740,5
DA:752,5
DA:753,1
DA:761,4
DA:769,4
DA:770,1
DA:780,3
DA:785,2
DA:791,2
DA:794,2
DA:795,1
DA:798,1
DA:806,2
DA:815,2
DA:816,2
DA:817,2
DA:818,2
DA:820,2
DA:821,0
DA:822,0
DA:823,0
DA:826,0
DA:828,0
DA:829,0
DA:830,0
DA:831,0
DA:832,0
DA:835,0
DA:836,0
DA:837,0
DA:840,0
DA:841,0
DA:842,0
DA:845,0
DA:846,0
DA:847,0
DA:852,2
DA:853,0
DA:863,2
DA:864,2
DA:865,2
DA:866,2
DA:872,2
DA:874,0
DA:879,2
DA:893,2
DA:903,2
DA:911,2
DA:927,1
LF:243
LH:110
BRDA:12,0,0,1
BRDA:12,0,1,1
BRDA:14,1,0,1
BRDA:14,1,1,1
BRDA:17,2,0,1
BRDA:17,2,1,1
BRDA:22,3,0,1
BRDA:22,3,1,1
BRDA:23,4,0,1
BRDA:23,4,1,1
BRDA:31,5,0,0
BRDA:31,5,1,0
BRDA:51,6,0,12
BRDA:51,6,1,0
BRDA:54,7,0,12
BRDA:54,7,1,12
BRDA:65,8,0,1
BRDA:65,8,1,1
BRDA:67,9,0,0
BRDA:67,9,1,1
BRDA:67,10,0,1
BRDA:67,10,1,1
BRDA:67,10,2,1
BRDA:67,10,3,1
BRDA:73,11,0,1
BRDA:73,11,1,1
BRDA:84,12,0,0
BRDA:84,12,1,7
BRDA:84,13,0,7
BRDA:84,13,1,7
BRDA:84,13,2,7
BRDA:93,14,0,0
BRDA:93,14,1,7
BRDA:93,15,0,7
BRDA:93,15,1,7
BRDA:124,16,0,0
BRDA:124,16,1,0
BRDA:131,17,0,0
BRDA:131,17,1,0
BRDA:143,18,0,0
BRDA:143,18,1,0
BRDA:155,19,0,0
BRDA:155,19,1,0
BRDA:155,20,0,0
BRDA:155,20,1,0
BRDA:173,21,0,0
BRDA:173,21,1,0
BRDA:248,22,0,0
BRDA:248,22,1,0
BRDA:248,23,0,0
BRDA:248,23,1,0
BRDA:293,24,0,0
BRDA:293,24,1,0
BRDA:304,25,0,0
BRDA:304,25,1,0
BRDA:304,26,0,0
BRDA:304,26,1,0
BRDA:321,27,0,0
BRDA:321,27,1,0
BRDA:382,28,0,0
BRDA:382,28,1,0
BRDA:399,29,0,0
BRDA:399,29,1,0
BRDA:414,30,0,0
BRDA:414,30,1,0
BRDA:421,31,0,0
BRDA:421,31,1,0
BRDA:426,32,0,0
BRDA:426,32,1,0
BRDA:429,33,0,0
BRDA:429,33,1,0
BRDA:431,34,0,0
BRDA:431,34,1,0
BRDA:448,35,0,0
BRDA:448,35,1,0
BRDA:452,36,0,0
BRDA:452,36,1,0
BRDA:465,37,0,0
BRDA:465,37,1,0
BRDA:467,38,0,0
BRDA:467,38,1,0
BRDA:494,39,0,0
BRDA:494,39,1,0
BRDA:511,40,0,0
BRDA:511,40,1,0
BRDA:521,41,0,0
BRDA:521,41,1,0
BRDA:544,42,0,0
BRDA:544,42,1,0
BRDA:550,43,0,0
BRDA:550,43,1,0
BRDA:560,44,0,0
BRDA:560,44,1,0
BRDA:562,45,0,0
BRDA:562,45,1,0
BRDA:576,46,0,0
BRDA:576,46,1,0
BRDA:612,47,0,21
BRDA:612,47,1,21
BRDA:614,48,0,2
BRDA:614,48,1,19
BRDA:622,49,0,1
BRDA:622,49,1,18
BRDA:622,50,0,19
BRDA:622,50,1,18
BRDA:633,51,0,6
BRDA:633,51,1,12
BRDA:634,52,0,18
BRDA:634,52,1,17
BRDA:634,52,2,16
BRDA:634,52,3,15
BRDA:634,52,4,14
BRDA:634,52,5,13
BRDA:647,53,0,0
BRDA:647,53,1,12
BRDA:654,54,0,0
BRDA:654,54,1,12
BRDA:655,55,0,12
BRDA:655,55,1,12
BRDA:674,56,0,2
BRDA:674,56,1,9
BRDA:677,57,0,2
BRDA:677,57,1,1
BRDA:684,58,0,2
BRDA:684,58,1,7
BRDA:684,59,0,9
BRDA:684,59,1,8
BRDA:702,60,0,1
BRDA:702,60,1,6
BRDA:720,61,0,1
BRDA:720,61,1,5
BRDA:752,62,0,1
BRDA:752,62,1,4
BRDA:769,63,0,1
BRDA:769,63,1,3
BRDA:774,64,0,1
BRDA:774,64,1,0
BRDA:780,65,0,2
BRDA:780,65,1,1
BRDA:781,66,0,3
BRDA:781,66,1,2
BRDA:781,66,2,2
BRDA:794,67,0,1
BRDA:794,67,1,1
BRDA:820,68,0,0
BRDA:820,68,1,2
BRDA:820,69,0,2
BRDA:820,69,1,2
BRDA:828,70,0,0
BRDA:828,70,1,0
BRDA:835,71,0,0
BRDA:835,71,1,0
BRDA:835,72,0,0
BRDA:835,72,1,0
BRDA:840,73,0,0
BRDA:840,73,1,0
BRDA:840,74,0,0
BRDA:840,74,1,0
BRDA:845,75,0,0
BRDA:845,75,1,0
BRDA:845,76,0,0
BRDA:845,76,1,0
BRDA:852,77,0,0
BRDA:852,77,1,2
BRDA:856,78,0,0
BRDA:856,78,1,0
BRDA:917,79,0,2
BRDA:917,79,1,0
BRF:168
BRH:78
end_of_record
TN:
SF:controllers\kendaraanController.js
FN:7,(anonymous_0)
FN:135,(anonymous_1)
FN:160,(anonymous_2)
FN:176,(anonymous_3)
FN:218,(anonymous_4)
FN:249,(anonymous_5)
FN:268,(anonymous_6)
FN:297,(anonymous_7)
FN:359,(anonymous_8)
FN:398,(anonymous_9)
FN:398,(anonymous_10)
FN:406,(anonymous_11)
FNF:12
FNH:4
FNDA:5,(anonymous_0)
FNDA:0,(anonymous_1)
FNDA:1,(anonymous_2)
FNDA:3,(anonymous_3)
FNDA:0,(anonymous_4)
FNDA:0,(anonymous_5)
FNDA:0,(anonymous_6)
FNDA:2,(anonymous_7)
FNDA:0,(anonymous_8)
FNDA:0,(anonymous_9)
FNDA:0,(anonymous_10)
FNDA:0,(anonymous_11)
DA:1,1
DA:2,1
DA:3,1
DA:4,1
DA:5,1
DA:7,1
DA:8,5
DA:10,5
DA:13,5
DA:14,5
DA:15,5
DA:18,5
DA:19,1
DA:26,4
DA:27,1
DA:34,3
DA:38,3
DA:39,1
DA:46,2
DA:47,2
DA:51,2
DA:52,0
DA:59,2
DA:60,2
DA:61,6
DA:62,6
DA:68,6
DA:70,0
DA:79,2
DA:80,2
DA:86,2
DA:88,0
DA:95,2
DA:96,2
DA:108,1
DA:115,1
DA:116,3
DA:117,3
DA:119,0
DA:122,1
DA:123,1
DA:125,0
DA:128,1
DA:135,1
DA:136,0
DA:157,0
DA:160,1
DA:161,1
DA:162,1
DA:165,1
DA:166,0
DA:169,1
DA:173,1
DA:176,1
DA:177,3
DA:178,3
DA:181,3
DA:182,1
DA:185,2
DA:186,1
DA:189,1
DA:198,1
DA:199,1
DA:203,1
DA:204,1
DA:212,0
DA:215,1
DA:218,1
DA:219,0
DA:220,0
DA:222,0
DA:241,0
DA:249,1
DA:250,0
DA:251,0
DA:253,0
DA:259,0
DA:268,1
DA:269,0
DA:289,0
DA:297,1
DA:298,2
DA:300,2
DA:301,1
DA:307,1
DA:311,1
DA:312,0
DA:318,1
DA:319,0
DA:325,1
DA:335,1
DA:336,1
DA:340,1
DA:341,1
DA:349,0
DA:352,1
DA:359,1
DA:360,0
DA:361,0
DA:363,0
DA:367,0
DA:368,0
DA:371,0
DA:372,0
DA:375,0
DA:376,0
DA:377,0
DA:379,0
DA:385,0
DA:386,0
DA:387,0
DA:390,0
DA:391,0
DA:392,0
DA:393,0
DA:395,0
DA:398,0
DA:401,0
DA:402,0
DA:403,0
DA:406,0
DA:409,0
DA:414,0
LF:123
LH:75
BRDA:13,0,0,5
BRDA:13,0,1,0
BRDA:14,1,0,5
BRDA:14,1,1,0
BRDA:18,2,0,1
BRDA:18,2,1,4
BRDA:18,3,0,5
BRDA:18,3,1,5
BRDA:26,4,0,1
BRDA:26,4,1,3
BRDA:38,5,0,1
BRDA:38,5,1,2
BRDA:46,6,0,2
BRDA:46,6,1,2
BRDA:51,7,0,0
BRDA:51,7,1,2
BRDA:117,8,0,3
BRDA:117,8,1,0
BRDA:123,9,0,1
BRDA:123,9,1,0
BRDA:165,10,0,0
BRDA:165,10,1,1
BRDA:165,11,0,1
BRDA:165,11,1,1
BRDA:181,12,0,1
BRDA:181,12,1,2
BRDA:185,13,0,1
BRDA:185,13,1,1
BRDA:203,14,0,1
BRDA:203,14,1,0
BRDA:300,15,0,1
BRDA:300,15,1,1
BRDA:300,16,0,2
BRDA:300,16,1,1
BRDA:311,17,0,0
BRDA:311,17,1,1
BRDA:318,18,0,0
BRDA:318,18,1,1
BRDA:340,19,0,1
BRDA:340,19,1,0
BRDA:367,20,0,0
BRDA:367,20,1,0
BRDA:371,21,0,0
BRDA:371,21,1,0
BRDA:375,22,0,0
BRDA:375,22,1,0
BRDA:376,23,0,0
BRDA:376,23,1,0
BRDA:385,24,0,0
BRDA:385,24,1,0
BRDA:386,25,0,0
BRDA:386,25,1,0
BRDA:401,26,0,0
BRDA:401,26,1,0
BRF:54
BRH:30
end_of_record
TN:
SF:controllers\laporanController.js
FN:11,(anonymous_0)
FN:24,(anonymous_1)
FN:54,(anonymous_2)
FN:131,(anonymous_3)
FN:163,(anonymous_4)
FN:180,(anonymous_5)
FN:216,(anonymous_6)
FN:257,(anonymous_7)
FN:263,(anonymous_8)
FN:291,(anonymous_9)
FN:321,(anonymous_10)
FN:322,(anonymous_11)
FN:345,(anonymous_12)
FN:385,(anonymous_13)
FN:405,(anonymous_14)
FN:413,(anonymous_15)
FN:421,(anonymous_16)
FN:442,(anonymous_17)
FN:454,(anonymous_18)
FN:455,(anonymous_19)
FN:498,(anonymous_20)
FN:537,(anonymous_21)
FN:572,(anonymous_22)
FN:579,(anonymous_23)
FN:604,(anonymous_24)
FN:634,(anonymous_25)
FN:673,(anonymous_26)
FN:704,(anonymous_27)
FN:713,(anonymous_28)
FN:720,(anonymous_29)
FN:724,(anonymous_30)
FN:759,(anonymous_31)
FN:770,(anonymous_32)
FNF:33
FNH:0
FNDA:0,(anonymous_0)
FNDA:0,(anonymous_1)
FNDA:0,(anonymous_2)
FNDA:0,(anonymous_3)
FNDA:0,(anonymous_4)
FNDA:0,(anonymous_5)
FNDA:0,(anonymous_6)
FNDA:0,(anonymous_7)
FNDA:0,(anonymous_8)
FNDA:0,(anonymous_9)
FNDA:0,(anonymous_10)
FNDA:0,(anonymous_11)
FNDA:0,(anonymous_12)
FNDA:0,(anonymous_13)
FNDA:0,(anonymous_14)
FNDA:0,(anonymous_15)
FNDA:0,(anonymous_16)
FNDA:0,(anonymous_17)
FNDA:0,(anonymous_18)
FNDA:0,(anonymous_19)
FNDA:0,(anonymous_20)
FNDA:0,(anonymous_21)
FNDA:0,(anonymous_22)
FNDA:0,(anonymous_23)
FNDA:0,(anonymous_24)
FNDA:0,(anonymous_25)
FNDA:0,(anonymous_26)
FNDA:0,(anonymous_27)
FNDA:0,(anonymous_28)
FNDA:0,(anonymous_29)
FNDA:0,(anonymous_30)
FNDA:0,(anonymous_31)
FNDA:0,(anonymous_32)
DA:1,0
DA:2,0
DA:3,0
DA:4,0
DA:5,0
DA:6,0
DA:11,0
DA:12,0
DA:13,0
DA:14,0
DA:15,0
DA:16,0
DA:18,0
DA:24,0
DA:25,0
DA:26,0
DA:27,0
DA:28,0
DA:30,0
DA:36,0
DA:54,0
DA:55,0
DA:56,0
DA:57,0
DA:58,0
DA:61,0
DA:62,0
DA:63,0
DA:66,0
DA:67,0
DA:70,0
DA:75,0
DA:80,0
DA:87,0
DA:88,0
DA:89,0
DA:94,0
DA:97,0
DA:98,0
DA:99,0
DA:101,0
DA:104,0
DA:105,0
DA:109,0
DA:112,0
DA:118,0
DA:119,0
DA:125,0
DA:131,0
DA:132,0
DA:133,0
DA:134,0
DA:135,0
DA:138,0
DA:139,0
DA:144,0
DA:147,0
DA:152,0
DA:156,0
DA:157,0
DA:163,0
DA:164,0
DA:165,0
DA:166,0
DA:167,0
DA:168,0
DA:169,0
DA:171,0
DA:177,0
DA:178,0
DA:180,0
DA:181,0
DA:184,0
DA:185,0
DA:187,0
DA:190,0
DA:191,0
DA:195,0
DA:198,0
DA:204,0
DA:210,0
DA:216,0
DA:217,0
DA:218,0
DA:219,0
DA:222,0
DA:234,0
DA:235,0
DA:239,0
DA:240,0
DA:244,0
DA:256,0
DA:257,0
DA:258,0
DA:262,0
DA:263,0
DA:264,0
DA:268,0
DA:271,0
DA:272,0
DA:274,0
DA:277,0
DA:281,0
DA:284,0
DA:291,0
DA:292,0
DA:293,0
DA:294,0
DA:296,0
DA:306,0
DA:312,0
DA:321,0
DA:323,0
DA:326,0
DA:327,0
DA:328,0
DA:329,0
DA:330,0
DA:337,0
DA:339,0
DA:345,0
DA:346,0
DA:347,0
DA:348,0
DA:351,0
DA:359,0
DA:360,0
DA:363,0
DA:364,0
DA:368,0
DA:384,0
DA:385,0
DA:386,0
DA:390,0
DA:392,0
DA:393,0
DA:395,0
DA:397,0
DA:400,0
DA:403,0
DA:405,0
DA:406,0
DA:407,0
DA:410,0
DA:411,0
DA:413,0
DA:414,0
DA:420,0
DA:421,0
DA:422,0
DA:423,0
DA:424,0
DA:427,0
DA:428,0
DA:429,0
DA:431,0
DA:434,0
DA:441,0
DA:442,0
DA:443,0
DA:445,0
DA:454,0
DA:456,0
DA:459,0
DA:460,0
DA:461,0
DA:462,0
DA:463,0
DA:464,0
DA:469,0
DA:470,0
DA:471,0
DA:472,0
DA:473,0
DA:474,0
DA:476,0
DA:483,0
DA:484,0
DA:485,0
DA:486,0
DA:487,0
DA:490,0
DA:492,0
DA:498,0
DA:499,0
DA:500,0
DA:501,0
DA:504,0
DA:516,0
DA:517,0
DA:520,0
DA:521,0
DA:525,0
DA:536,0
DA:537,0
DA:540,0
DA:541,0
DA:542,0
DA:544,0
DA:547,0
DA:548,0
DA:549,0
DA:552,0
DA:553,0
DA:554,0
DA:555,0
DA:558,0
DA:559,0
DA:560,0
DA:563,0
DA:564,0
DA:567,0
DA:570,0
DA:571,0
DA:572,0
DA:573,0
DA:574,0
DA:575,0
DA:579,0
DA:580,0
DA:581,0
DA:582,0
DA:586,0
DA:595,0
DA:596,0
DA:597,0
DA:598,0
DA:600,0
DA:601,0
DA:604,0
DA:605,0
DA:610,0
DA:619,0
DA:620,0
DA:621,0
DA:622,0
DA:625,0
DA:626,0
DA:628,0
DA:634,0
DA:635,0
DA:636,0
DA:637,0
DA:640,0
DA:648,0
DA:649,0
DA:652,0
DA:653,0
DA:657,0
DA:672,0
DA:673,0
DA:676,0
DA:677,0
DA:678,0
DA:680,0
DA:683,0
DA:684,0
DA:685,0
DA:688,0
DA:689,0
DA:690,0
DA:691,0
DA:694,0
DA:695,0
DA:696,0
DA:697,0
DA:700,0
DA:703,0
DA:704,0
DA:705,0
DA:706,0
DA:708,0
DA:711,0
DA:712,0
DA:713,0
DA:714,0
DA:715,0
DA:716,0
DA:720,0
DA:721,0
DA:723,0
DA:724,0
DA:725,0
DA:726,0
DA:727,0
DA:730,0
DA:731,0
DA:733,0
DA:736,0
DA:737,0
DA:738,0
DA:739,0
DA:740,0
DA:741,0
DA:743,0
DA:747,0
DA:748,0
DA:749,0
DA:750,0
DA:751,0
DA:752,0
DA:753,0
DA:755,0
DA:756,0
DA:759,0
DA:760,0
DA:765,0
DA:770,0
DA:771,0
DA:772,0
DA:775,0
DA:776,0
DA:778,0
LF:313
LH:0
BRDA:11,0,0,0
BRDA:13,1,0,0
BRDA:13,1,1,0
BRDA:13,2,0,0
BRDA:13,2,1,0
BRDA:25,3,0,0
BRDA:25,3,1,0
BRDA:25,4,0,0
BRDA:25,4,1,0
BRDA:27,5,0,0
BRDA:27,5,1,0
BRDA:27,6,0,0
BRDA:27,6,1,0
BRDA:54,7,0,0
BRDA:66,8,0,0
BRDA:66,8,1,0
BRDA:118,9,0,0
BRDA:118,9,1,0
BRDA:131,10,0,0
BRDA:163,11,0,0
BRDA:166,12,0,0
BRDA:166,12,1,0
BRDA:234,13,0,0
BRDA:234,13,1,0
BRDA:239,14,0,0
BRDA:239,14,1,0
BRDA:239,15,0,0
BRDA:239,15,1,0
BRDA:264,16,0,0
BRDA:264,16,1,0
BRDA:293,17,0,0
BRDA:293,17,1,0
BRDA:294,18,0,0
BRDA:294,18,1,0
BRDA:326,19,0,0
BRDA:326,19,1,0
BRDA:327,20,0,0
BRDA:327,20,1,0
BRDA:327,21,0,0
BRDA:327,21,1,0
BRDA:329,22,0,0
BRDA:329,22,1,0
BRDA:359,23,0,0
BRDA:359,23,1,0
BRDA:363,24,0,0
BRDA:363,24,1,0
BRDA:363,25,0,0
BRDA:363,25,1,0
BRDA:403,26,0,0
BRDA:403,26,1,0
BRDA:423,27,0,0
BRDA:423,27,1,0
BRDA:424,28,0,0
BRDA:424,28,1,0
BRDA:428,29,0,0
BRDA:428,29,1,0
BRDA:459,30,0,0
BRDA:459,30,1,0
BRDA:459,31,0,0
BRDA:459,31,1,0
BRDA:461,32,0,0
BRDA:461,32,1,0
BRDA:463,33,0,0
BRDA:463,33,1,0
BRDA:469,34,0,0
BRDA:469,34,1,0
BRDA:471,35,0,0
BRDA:471,35,1,0
BRDA:473,36,0,0
BRDA:473,36,1,0
BRDA:516,37,0,0
BRDA:516,37,1,0
BRDA:520,38,0,0
BRDA:520,38,1,0
BRDA:520,39,0,0
BRDA:520,39,1,0
BRDA:581,40,0,0
BRDA:581,40,1,0
BRDA:582,41,0,0
BRDA:582,41,1,0
BRDA:596,42,0,0
BRDA:596,42,1,0
BRDA:648,43,0,0
BRDA:648,43,1,0
BRDA:652,44,0,0
BRDA:652,44,1,0
BRDA:652,45,0,0
BRDA:652,45,1,0
BRDA:726,46,0,0
BRDA:726,46,1,0
BRDA:727,47,0,0
BRDA:727,47,1,0
BRDA:730,48,0,0
BRDA:730,48,1,0
BRDA:738,49,0,0
BRDA:738,49,1,0
BRDA:740,50,0,0
BRDA:740,50,1,0
BRDA:748,51,0,0
BRDA:748,51,1,0
BRDA:751,52,0,0
BRDA:751,52,1,0
BRF:102
BRH:0
end_of_record
TN:
SF:controllers\parkirController.js
FN:21,(anonymous_0)
FN:35,(anonymous_1)
FN:87,(anonymous_2)
FN:112,(anonymous_3)
FN:127,(anonymous_4)
FN:128,(anonymous_5)
FN:148,(anonymous_6)
FN:240,(anonymous_7)
FN:365,(anonymous_8)
FN:398,(anonymous_9)
FN:436,(anonymous_10)
FN:504,(anonymous_11)
FN:532,(anonymous_12)
FN:624,(anonymous_13)
FN:694,(anonymous_14)
FN:729,(anonymous_15)
FN:780,(anonymous_16)
FN:810,(anonymous_17)
FN:812,(anonymous_18)
FN:813,(anonymous_19)
FN:814,(anonymous_20)
FN:815,(anonymous_21)
FN:816,(anonymous_22)
FN:817,(anonymous_23)
FN:818,(anonymous_24)
FN:819,(anonymous_25)
FN:833,(anonymous_26)
FNF:27
FNH:16
FNDA:0,(anonymous_0)
FNDA:0,(anonymous_1)
FNDA:0,(anonymous_2)
FNDA:0,(anonymous_3)
FNDA:0,(anonymous_4)
FNDA:0,(anonymous_5)
FNDA:1,(anonymous_6)
FNDA:3,(anonymous_7)
FNDA:0,(anonymous_8)
FNDA:8,(anonymous_9)
FNDA:0,(anonymous_10)
FNDA:2,(anonymous_11)
FNDA:2,(anonymous_12)
FNDA:0,(anonymous_13)
FNDA:0,(anonymous_14)
FNDA:0,(anonymous_15)
FNDA:2,(anonymous_16)
FNDA:1,(anonymous_17)
FNDA:1,(anonymous_18)
FNDA:1,(anonymous_19)
FNDA:1,(anonymous_20)
FNDA:1,(anonymous_21)
FNDA:1,(anonymous_22)
FNDA:1,(anonymous_23)
FNDA:1,(anonymous_24)
FNDA:1,(anonymous_25)
FNDA:4,(anonymous_26)
DA:1,1
DA:2,1
DA:3,1
DA:4,1
DA:5,1
DA:6,1
DA:7,1
DA:8,1
DA:9,1
DA:11,1
DA:12,1
DA:15,1
DA:21,1
DA:22,0
DA:23,0
DA:26,0
DA:35,0
DA:37,0
DA:38,0
DA:47,0
DA:54,0
DA:78,0
DA:87,1
DA:88,0
DA:104,0
DA:112,1
DA:113,0
DA:127,0
DA:128,0
DA:129,0
DA:131,0
DA:148,1
DA:149,1
DA:152,1
DA:153,0
DA:159,1
DA:160,1
DA:166,0
DA:167,0
DA:173,0
DA:174,0
DA:175,0
DA:176,0
DA:181,0
DA:182,0
DA:189,0
DA:196,0
DA:197,0
DA:204,0
DA:217,0
DA:232,0
DA:240,1
DA:241,3
DA:242,3
DA:244,3
DA:245,1
DA:252,2
DA:259,2
DA:260,0
DA:267,2
DA:268,1
DA:276,1
DA:277,0
DA:284,2
DA:285,1
DA:286,0
DA:293,2
DA:294,2
DA:295,0
DA:300,2
DA:301,2
DA:302,2
DA:303,0
DA:308,2
DA:309,1
DA:317,1
DA:318,1
DA:319,1
DA:321,1
DA:322,1
DA:329,1
DA:330,1
DA:337,0
DA:345,1
DA:357,1
DA:365,1
DA:366,0
DA:369,0
DA:375,0
DA:376,0
DA:383,0
DA:389,0
DA:398,1
DA:399,8
DA:402,8
DA:403,8
DA:404,8
DA:407,8
DA:408,8
DA:409,1
DA:417,7
DA:418,7
DA:420,7
DA:421,0
DA:422,0
DA:423,0
DA:428,0
DA:432,0
DA:433,0
DA:436,0
DA:437,0
DA:443,0
DA:444,0
DA:445,0
DA:447,0
DA:448,0
DA:451,0
DA:452,0
DA:453,0
DA:458,7
DA:459,1
DA:467,6
DA:470,6
DA:479,6
DA:480,1
DA:488,5
DA:493,5
DA:494,0
DA:501,5
DA:504,5
DA:505,2
DA:506,0
DA:507,0
DA:515,0
DA:519,0
DA:522,0
DA:523,0
DA:526,0
DA:532,5
DA:533,2
DA:534,0
DA:535,0
DA:543,0
DA:550,0
DA:552,0
DA:558,5
DA:560,3
DA:561,1
DA:569,2
DA:574,2
DA:575,1
DA:583,1
DA:584,1
DA:592,1
DA:593,0
DA:600,1
DA:612,1
DA:613,1
DA:615,1
DA:618,1
DA:619,1
DA:624,0
DA:628,1
DA:629,1
DA:630,0
DA:637,1
DA:650,2
DA:652,2
DA:657,2
DA:658,1
DA:666,1
DA:684,1
DA:685,1
DA:688,1
DA:689,1
DA:694,0
DA:698,1
DA:699,1
DA:700,0
DA:701,0
DA:708,1
DA:721,0
DA:729,1
DA:730,0
DA:731,0
DA:735,0
DA:747,0
DA:749,0
DA:755,0
DA:756,0
DA:758,0
DA:762,0
DA:763,0
DA:771,0
DA:780,1
DA:781,2
DA:783,2
DA:784,2
DA:785,2
DA:786,1
DA:787,1
DA:788,1
DA:791,2
DA:801,2
DA:802,1
DA:808,1
DA:810,1
DA:812,1
DA:813,1
DA:814,1
DA:815,1
DA:816,1
DA:817,1
DA:818,1
DA:819,1
DA:822,1
DA:823,1
DA:825,1
DA:826,1
DA:827,1
DA:828,1
DA:833,1
DA:834,4
DA:835,4
DA:836,4
DA:838,4
DA:839,1
DA:845,3
DA:846,3
DA:849,3
DA:853,3
DA:854,0
DA:856,3
DA:859,3
DA:864,3
DA:865,1
DA:871,2
DA:872,1
DA:878,1
DA:879,0
DA:884,1
DA:885,1
DA:890,0
DA:896,2
DA:908,2
DA:909,2
DA:910,2
DA:913,2
DA:920,2
LF:249
LH:156
BRDA:11,0,0,1
BRDA:11,0,1,1
BRDA:12,1,0,1
BRDA:12,1,1,1
BRDA:16,2,0,1
BRDA:16,2,1,1
BRDA:17,3,0,1
BRDA:17,3,1,1
BRDA:37,4,0,0
BRDA:37,4,1,0
BRDA:140,5,0,0
BRDA:140,5,1,0
BRDA:152,6,0,0
BRDA:152,6,1,1
BRDA:152,7,0,1
BRDA:152,7,1,1
BRDA:159,8,0,1
BRDA:159,8,1,0
BRDA:159,9,0,1
BRDA:159,9,1,1
BRDA:159,9,2,0
BRDA:166,10,0,0
BRDA:166,10,1,0
BRDA:166,11,0,0
BRDA:166,11,1,0
BRDA:175,12,0,0
BRDA:175,12,1,0
BRDA:175,13,0,0
BRDA:175,13,1,0
BRDA:175,13,2,0
BRDA:181,14,0,0
BRDA:181,14,1,0
BRDA:181,15,0,0
BRDA:181,15,1,0
BRDA:181,15,2,0
BRDA:196,16,0,0
BRDA:196,16,1,0
BRDA:244,17,0,1
BRDA:244,17,1,2
BRDA:259,18,0,0
BRDA:259,18,1,2
BRDA:267,19,0,1
BRDA:267,19,1,1
BRDA:276,20,0,0
BRDA:276,20,1,1
BRDA:284,21,0,1
BRDA:284,21,1,1
BRDA:285,22,0,0
BRDA:285,22,1,1
BRDA:285,23,0,1
BRDA:285,23,1,1
BRDA:293,24,0,2
BRDA:293,24,1,0
BRDA:293,25,0,2
BRDA:293,25,1,0
BRDA:294,26,0,0
BRDA:294,26,1,2
BRDA:294,27,0,2
BRDA:294,27,1,2
BRDA:302,28,0,0
BRDA:302,28,1,2
BRDA:302,29,0,2
BRDA:302,29,1,2
BRDA:302,29,2,2
BRDA:308,30,0,1
BRDA:308,30,1,1
BRDA:308,31,0,2
BRDA:308,31,1,2
BRDA:308,31,2,2
BRDA:318,32,0,1
BRDA:318,32,1,0
BRDA:319,33,0,1
BRDA:319,33,1,0
BRDA:321,34,0,1
BRDA:321,34,1,0
BRDA:329,35,0,1
BRDA:329,35,1,0
BRDA:329,36,0,1
BRDA:329,36,1,1
BRDA:375,37,0,0
BRDA:375,37,1,0
BRDA:408,38,0,1
BRDA:408,38,1,7
BRDA:420,39,0,0
BRDA:420,39,1,7
BRDA:420,40,0,7
BRDA:420,40,1,1
BRDA:424,41,0,0
BRDA:424,41,1,0
BRDA:425,42,0,0
BRDA:425,42,1,0
BRDA:430,43,0,0
BRDA:430,43,1,0
BRDA:432,44,0,0
BRDA:432,44,1,0
BRDA:443,45,0,0
BRDA:443,45,1,0
BRDA:443,46,0,0
BRDA:443,46,1,0
BRDA:458,47,0,1
BRDA:458,47,1,6
BRDA:458,48,0,7
BRDA:458,48,1,6
BRDA:458,48,2,6
BRDA:479,49,0,1
BRDA:479,49,1,5
BRDA:493,50,0,0
BRDA:493,50,1,5
BRDA:505,51,0,0
BRDA:505,51,1,2
BRDA:522,52,0,0
BRDA:522,52,1,0
BRDA:522,53,0,0
BRDA:522,53,1,0
BRDA:533,54,0,0
BRDA:533,54,1,2
BRDA:558,55,0,3
BRDA:558,55,1,2
BRDA:560,56,0,1
BRDA:560,56,1,2
BRDA:574,57,0,1
BRDA:574,57,1,1
BRDA:574,58,0,2
BRDA:574,58,1,1
BRDA:592,59,0,0
BRDA:592,59,1,1
BRDA:606,60,0,0
BRDA:606,60,1,1
BRDA:618,61,0,1
BRDA:618,61,1,0
BRDA:629,62,0,0
BRDA:629,62,1,1
BRDA:639,63,0,1
BRDA:639,63,1,0
BRDA:650,64,0,2
BRDA:650,64,1,0
BRDA:657,65,0,1
BRDA:657,65,1,1
BRDA:657,66,0,2
BRDA:657,66,1,2
BRDA:673,67,0,0
BRDA:673,67,1,1
BRDA:688,68,0,1
BRDA:688,68,1,0
BRDA:699,69,0,0
BRDA:699,69,1,1
BRDA:710,70,0,1
BRDA:710,70,1,0
BRDA:747,71,0,0
BRDA:747,71,1,0
BRDA:756,72,0,0
BRDA:756,72,1,0
BRDA:762,73,0,0
BRDA:762,73,1,0
BRDA:784,74,0,1
BRDA:784,74,1,1
BRDA:785,75,0,1
BRDA:785,75,1,1
BRDA:785,76,0,2
BRDA:785,76,1,1
BRDA:787,77,0,1
BRDA:787,77,1,0
BRDA:788,78,0,1
BRDA:788,78,1,0
BRDA:801,79,0,1
BRDA:801,79,1,1
BRDA:812,80,0,1
BRDA:812,80,1,0
BRDA:813,81,0,1
BRDA:813,81,1,0
BRDA:814,82,0,1
BRDA:814,82,1,0
BRDA:815,83,0,1
BRDA:815,83,1,0
BRDA:816,84,0,1
BRDA:816,84,1,0
BRDA:817,85,0,1
BRDA:817,85,1,0
BRDA:818,86,0,1
BRDA:818,86,1,0
BRDA:819,87,0,1
BRDA:819,87,1,0
BRDA:838,88,0,1
BRDA:838,88,1,3
BRDA:838,89,0,4
BRDA:838,89,1,3
BRDA:853,90,0,0
BRDA:853,90,1,3
BRDA:864,91,0,1
BRDA:864,91,1,2
BRDA:871,92,0,1
BRDA:871,92,1,1
BRDA:878,93,0,0
BRDA:878,93,1,1
BRDA:884,94,0,1
BRDA:884,94,1,0
BRDA:909,95,0,2
BRDA:909,95,1,0
BRDA:915,96,0,2
BRDA:915,96,1,0
BRF:200
BRH:113
end_of_record
TN:
SF:controllers\postController.js
FN:11,(anonymous_0)
FN:50,(anonymous_1)
FN:67,(anonymous_2)
FN:132,(anonymous_3)
FN:209,(anonymous_4)
FN:277,(anonymous_5)
FN:332,(anonymous_6)
FN:382,(anonymous_7)
FN:431,(anonymous_8)
FN:434,(anonymous_9)
FN:437,(anonymous_10)
FN:459,(anonymous_11)
FN:518,(anonymous_12)
FN:573,(anonymous_13)
FN:584,(anonymous_14)
FN:624,(anonymous_15)
FN:663,(anonymous_16)
FNF:17
FNH:7
FNDA:1,(anonymous_0)
FNDA:2,(anonymous_1)
FNDA:0,(anonymous_2)
FNDA:2,(anonymous_3)
FNDA:0,(anonymous_4)
FNDA:0,(anonymous_5)
FNDA:2,(anonymous_6)
FNDA:2,(anonymous_7)
FNDA:1,(anonymous_8)
FNDA:0,(anonymous_9)
FNDA:0,(anonymous_10)
FNDA:0,(anonymous_11)
FNDA:1,(anonymous_12)
FNDA:0,(anonymous_13)
FNDA:0,(anonymous_14)
FNDA:0,(anonymous_15)
FNDA:0,(anonymous_16)
DA:1,1
DA:2,1
DA:3,1
DA:4,1
DA:5,1
DA:6,1
DA:11,1
DA:12,1
DA:13,1
DA:15,1
DA:50,2
DA:59,1
DA:67,1
DA:68,0
DA:69,0
DA:71,0
DA:111,0
DA:112,0
DA:118,0
DA:132,1
DA:133,2
DA:134,2
DA:136,2
DA:137,1
DA:144,1
DA:145,1
DA:146,0
DA:153,1
DA:154,1
DA:155,1
DA:157,1
DA:158,1
DA:159,1
DA:165,1
DA:167,0
DA:175,1
DA:196,1
DA:209,1
DA:210,0
DA:211,0
DA:212,0
DA:214,0
DA:221,0
DA:222,0
DA:228,0
DA:229,0
DA:236,0
DA:237,0
DA:238,0
DA:239,0
DA:247,0
DA:248,0
DA:250,0
DA:251,0
DA:252,0
DA:253,0
DA:254,0
DA:256,0
DA:257,0
DA:258,0
DA:259,0
DA:262,0
DA:266,0
DA:267,0
DA:268,0
DA:269,0
DA:270,0
DA:273,0
DA:277,0
DA:281,0
DA:282,0
DA:283,0
DA:285,0
DA:286,0
DA:287,0
DA:293,0
DA:295,0
DA:303,0
DA:324,0
DA:332,1
DA:333,2
DA:334,2
DA:335,2
DA:337,2
DA:344,2
DA:345,0
DA:352,2
DA:353,1
DA:360,1
DA:361,1
DA:362,1
DA:363,1
DA:368,1
DA:373,1
DA:382,1
DA:383,2
DA:384,2
DA:386,2
DA:393,2
DA:394,0
DA:401,2
DA:411,2
DA:413,1
DA:416,1
DA:419,1
DA:425,1
DA:428,1
DA:430,1
DA:432,1
DA:433,1
DA:434,0
DA:437,0
DA:442,2
DA:446,2
DA:459,1
DA:460,0
DA:461,0
DA:462,0
DA:464,0
DA:471,0
DA:472,0
DA:478,0
DA:505,0
DA:518,1
DA:519,1
DA:520,1
DA:521,1
DA:523,1
DA:524,0
DA:531,1
DA:532,1
DA:533,0
DA:539,1
DA:546,1
DA:547,0
DA:553,1
DA:571,1
DA:572,1
DA:573,0
DA:576,1
DA:584,1
DA:585,0
DA:586,0
DA:587,0
DA:589,0
DA:597,0
DA:598,0
DA:605,0
DA:606,0
DA:612,0
DA:617,0
DA:624,1
DA:625,0
DA:626,0
DA:627,0
DA:629,0
DA:663,0
DA:670,0
LF:158
LH:77
BRDA:111,0,0,0
BRDA:111,0,1,0
BRDA:136,1,0,1
BRDA:136,1,1,1
BRDA:136,2,0,2
BRDA:136,2,1,1
BRDA:145,3,0,0
BRDA:145,3,1,1
BRDA:154,4,0,1
BRDA:154,4,1,0
BRDA:154,5,0,1
BRDA:154,5,1,1
BRDA:155,6,0,1
BRDA:155,6,1,0
BRDA:180,7,0,0
BRDA:180,7,1,1
BRDA:181,8,0,0
BRDA:181,8,1,1
BRDA:182,9,0,1
BRDA:182,9,1,1
BRDA:221,10,0,0
BRDA:221,10,1,0
BRDA:228,11,0,0
BRDA:228,11,1,0
BRDA:236,12,0,0
BRDA:236,12,1,0
BRDA:236,13,0,0
BRDA:236,13,1,0
BRDA:238,14,0,0
BRDA:238,14,1,0
BRDA:250,15,0,0
BRDA:250,15,1,0
BRDA:253,16,0,0
BRDA:253,16,1,0
BRDA:258,17,0,0
BRDA:258,17,1,0
BRDA:267,18,0,0
BRDA:267,18,1,0
BRDA:269,19,0,0
BRDA:269,19,1,0
BRDA:281,20,0,0
BRDA:281,20,1,0
BRDA:281,21,0,0
BRDA:281,21,1,0
BRDA:283,22,0,0
BRDA:283,22,1,0
BRDA:306,23,0,0
BRDA:306,23,1,0
BRDA:307,24,0,0
BRDA:307,24,1,0
BRDA:308,25,0,0
BRDA:308,25,1,0
BRDA:309,26,0,0
BRDA:309,26,1,0
BRDA:310,27,0,0
BRDA:310,27,1,0
BRDA:344,28,0,0
BRDA:344,28,1,2
BRDA:352,29,0,1
BRDA:352,29,1,1
BRDA:352,30,0,2
BRDA:352,30,1,1
BRDA:360,31,0,1
BRDA:360,31,1,0
BRDA:360,32,0,1
BRDA:360,32,1,1
BRDA:362,33,0,1
BRDA:362,33,1,0
BRDA:393,34,0,0
BRDA:393,34,1,2
BRDA:411,35,0,1
BRDA:411,35,1,1
BRDA:428,36,0,1
BRDA:428,36,1,0
BRDA:432,37,0,1
BRDA:432,37,1,0
BRDA:448,38,0,1
BRDA:448,38,1,1
BRDA:461,39,0,0
BRDA:461,40,0,0
BRDA:471,41,0,0
BRDA:471,41,1,0
BRDA:523,42,0,0
BRDA:523,42,1,1
BRDA:523,43,0,1
BRDA:523,43,1,1
BRDA:532,44,0,0
BRDA:532,44,1,1
BRDA:546,45,0,0
BRDA:546,45,1,1
BRDA:571,46,0,1
BRDA:571,46,1,0
BRDA:597,47,0,0
BRDA:597,47,1,0
BRDA:605,48,0,0
BRDA:605,48,1,0
BRDA:605,49,0,0
BRDA:605,49,1,0
BRDA:626,50,0,0
BRDA:626,51,0,0
BRF:100
BRH:35
end_of_record
