TN:
SF:controllers\akademikController.js
FN:8,(anonymous_0)
FN:40,(anonymous_1)
FN:81,(anonymous_2)
FN:118,(anonymous_3)
FN:169,(anonymous_4)
FN:212,(anonymous_5)
FN:329,(anonymous_6)
FN:374,(anonymous_7)
FN:401,(anonymous_8)
FN:491,(anonymous_9)
FN:502,(anonymous_10)
FN:511,(anonymous_11)
FN:613,(anonymous_12)
FN:651,(anonymous_13)
FN:690,(anonymous_14)
FN:743,(anonymous_15)
FN:904,(anonymous_16)
FN:929,(anonymous_17)
FN:977,(anonymous_18)
FN:1139,(anonymous_19)
FN:1193,(anonymous_20)
FN:1227,(anonymous_21)
FN:1282,(anonymous_22)
FN:1295,(anonymous_23)
FN:1329,(anonymous_24)
FN:1360,(anonymous_25)
FN:1363,(anonymous_26)
FN:1364,(anonymous_27)
FN:1380,(anonymous_28)
FN:1402,(anonymous_29)
FN:1496,(anonymous_30)
FN:1506,(anonymous_31)
FN:1719,(anonymous_32)
FN:1762,(anonymous_33)
FN:1842,(anonymous_34)
FN:1916,(anonymous_35)
FN:1922,(anonymous_36)
FN:1933,(anonymous_37)
FN:1999,(anonymous_38)
FN:2020,(anonymous_39)
FN:2093,(anonymous_40)
FN:2098,(anonymous_41)
FN:2133,(anonymous_42)
FN:2183,(anonymous_43)
FN:2206,(anonymous_44)
FN:2234,(anonymous_45)
FN:2240,(anonymous_46)
FN:2248,(anonymous_47)
FN:2253,(anonymous_48)
FN:2260,(anonymous_49)
FN:2273,(anonymous_50)
FN:2295,(anonymous_51)
FN:2348,(anonymous_52)
FN:2378,(anonymous_53)
FN:2408,(anonymous_54)
FN:2476,(anonymous_55)
FN:2487,(anonymous_56)
FN:2500,(anonymous_57)
FN:2502,(anonymous_58)
FN:2602,(anonymous_59)
FNF:60
FNH:5
FNDA:2,(anonymous_0)
FNDA:0,(anonymous_1)
FNDA:0,(anonymous_2)
FNDA:0,(anonymous_3)
FNDA:2,(anonymous_4)
FNDA:3,(anonymous_5)
FNDA:0,(anonymous_6)
FNDA:0,(anonymous_7)
FNDA:0,(anonymous_8)
FNDA:0,(anonymous_9)
FNDA:0,(anonymous_10)
FNDA:0,(anonymous_11)
FNDA:0,(anonymous_12)
FNDA:0,(anonymous_13)
FNDA:0,(anonymous_14)
FNDA:0,(anonymous_15)
FNDA:0,(anonymous_16)
FNDA:0,(anonymous_17)
FNDA:3,(anonymous_18)
FNDA:2,(anonymous_19)
FNDA:0,(anonymous_20)
FNDA:0,(anonymous_21)
FNDA:0,(anonymous_22)
FNDA:0,(anonymous_23)
FNDA:0,(anonymous_24)
FNDA:0,(anonymous_25)
FNDA:0,(anonymous_26)
FNDA:0,(anonymous_27)
FNDA:0,(anonymous_28)
FNDA:0,(anonymous_29)
FNDA:0,(anonymous_30)
FNDA:0,(anonymous_31)
FNDA:0,(anonymous_32)
FNDA:0,(anonymous_33)
FNDA:0,(anonymous_34)
FNDA:0,(anonymous_35)
FNDA:0,(anonymous_36)
FNDA:0,(anonymous_37)
FNDA:0,(anonymous_38)
FNDA:0,(anonymous_39)
FNDA:0,(anonymous_40)
FNDA:0,(anonymous_41)
FNDA:0,(anonymous_42)
FNDA:0,(anonymous_43)
FNDA:0,(anonymous_44)
FNDA:0,(anonymous_45)
FNDA:0,(anonymous_46)
FNDA:0,(anonymous_47)
FNDA:0,(anonymous_48)
FNDA:0,(anonymous_49)
FNDA:0,(anonymous_50)
FNDA:0,(anonymous_51)
FNDA:0,(anonymous_52)
FNDA:0,(anonymous_53)
FNDA:0,(anonymous_54)
FNDA:0,(anonymous_55)
FNDA:0,(anonymous_56)
FNDA:0,(anonymous_57)
FNDA:0,(anonymous_58)
FNDA:0,(anonymous_59)
DA:1,1
DA:2,1
DA:3,1
DA:4,1
DA:5,1
DA:8,1
DA:9,2
DA:12,2
DA:19,2
DA:20,1
DA:26,1
DA:33,1
DA:40,1
DA:41,0
DA:42,0
DA:44,0
DA:47,0
DA:48,0
DA:54,0
DA:74,0
DA:81,1
DA:82,0
DA:84,0
DA:105,0
DA:106,0
DA:112,0
DA:118,1
DA:119,0
DA:120,0
DA:122,0
DA:129,0
DA:130,0
DA:137,0
DA:138,0
DA:146,0
DA:147,0
DA:154,0
DA:162,0
DA:169,1
DA:170,2
DA:172,2
DA:184,2
DA:185,0
DA:192,2
DA:193,1
DA:199,1
DA:204,1
DA:212,1
DA:213,3
DA:216,3
DA:223,3
DA:224,0
DA:231,3
DA:239,3
DA:240,0
DA:247,3
DA:248,0
DA:255,3
DA:256,3
DA:257,1
DA:264,2
DA:276,2
DA:277,1
DA:284,1
DA:287,1
DA:288,1
DA:290,1
DA:308,1
DA:322,1
DA:329,1
DA:330,0
DA:331,0
DA:333,0
DA:335,0
DA:336,0
DA:337,0
DA:339,0
DA:366,0
DA:374,1
DA:375,0
DA:376,0
DA:379,0
DA:380,0
DA:381,0
DA:384,0
DA:385,0
DA:386,0
DA:387,0
DA:389,0
DA:401,0
DA:403,0
DA:404,0
DA:407,0
DA:418,0
DA:419,0
DA:420,0
DA:426,0
DA:427,0
DA:431,0
DA:434,0
DA:491,0
DA:492,0
DA:493,0
DA:494,0
DA:501,0
DA:502,0
DA:504,0
DA:511,0
DA:512,0
DA:518,0
DA:519,0
DA:532,0
DA:533,0
DA:534,0
DA:536,0
DA:537,0
DA:538,0
DA:543,0
DA:544,0
DA:549,0
DA:550,0
DA:551,0
DA:554,0
DA:555,0
DA:556,0
DA:558,0
DA:580,0
DA:584,0
DA:613,0
DA:614,0
DA:616,0
DA:619,0
DA:620,0
DA:621,0
DA:623,0
DA:625,0
DA:626,0
DA:627,0
DA:631,0
DA:632,0
DA:636,0
DA:638,0
DA:651,1
DA:652,0
DA:654,0
DA:684,0
DA:690,1
DA:691,0
DA:693,0
DA:722,0
DA:723,0
DA:730,0
DA:731,0
DA:737,0
DA:743,1
DA:744,0
DA:745,0
DA:747,0
DA:754,0
DA:755,0
DA:762,0
DA:763,0
DA:770,0
DA:771,0
DA:778,0
DA:779,0
DA:787,0
DA:788,0
DA:796,0
DA:797,0
DA:805,0
DA:806,0
DA:807,0
DA:814,0
DA:815,0
DA:816,0
DA:817,0
DA:818,0
DA:819,0
DA:822,0
DA:823,0
DA:824,0
DA:825,0
DA:828,0
DA:841,0
DA:842,0
DA:850,0
DA:851,0
DA:858,0
DA:859,0
DA:865,0
DA:866,0
DA:875,0
DA:876,0
DA:883,0
DA:897,0
DA:904,1
DA:906,0
DA:907,0
DA:914,0
DA:920,0
DA:929,1
DA:930,0
DA:932,0
DA:939,0
DA:940,0
DA:947,0
DA:948,0
DA:955,0
DA:969,0
DA:977,1
DA:978,3
DA:979,3
DA:982,3
DA:992,3
DA:993,0
DA:1000,3
DA:1007,3
DA:1008,1
DA:1015,2
DA:1017,2
DA:1022,2
DA:1023,2
DA:1025,2
DA:1026,1
DA:1042,1
DA:1043,1
DA:1052,1
DA:1062,1
DA:1063,0
DA:1070,1
DA:1071,0
DA:1082,0
DA:1104,0
DA:1112,1
DA:1132,1
DA:1139,1
DA:1140,2
DA:1141,2
DA:1144,2
DA:1151,2
DA:1152,2
DA:1153,2
DA:1154,1
DA:1161,1
DA:1170,1
DA:1171,0
DA:1177,1
DA:1187,1
DA:1193,1
DA:1194,0
DA:1196,0
DA:1221,0
DA:1227,1
DA:1228,0
DA:1231,0
DA:1238,0
DA:1239,0
DA:1246,0
DA:1247,0
DA:1253,0
DA:1274,0
DA:1282,1
DA:1283,0
DA:1286,0
DA:1287,0
DA:1294,0
DA:1295,0
DA:1298,0
DA:1299,0
DA:1306,0
DA:1313,0
DA:1314,0
DA:1321,0
DA:1328,0
DA:1329,0
DA:1331,0
DA:1332,0
DA:1333,0
DA:1335,0
DA:1336,0
DA:1337,0
DA:1338,0
DA:1339,0
DA:1341,0
DA:1344,0
DA:1351,0
DA:1360,0
DA:1363,0
DA:1364,0
DA:1367,0
DA:1368,0
DA:1378,0
DA:1379,0
DA:1380,0
DA:1388,0
DA:1402,1
DA:1404,0
DA:1405,0
DA:1407,0
DA:1408,0
DA:1415,0
DA:1425,0
DA:1426,0
DA:1433,0
DA:1434,0
DA:1441,0
DA:1442,0
DA:1443,0
DA:1446,0
DA:1447,0
DA:1448,0
DA:1453,0
DA:1454,0
DA:1462,0
DA:1463,0
DA:1465,0
DA:1466,0
DA:1473,0
DA:1476,0
DA:1492,0
DA:1496,0
DA:1498,0
DA:1506,1
DA:1507,0
DA:1508,0
DA:1509,0
DA:1511,0
DA:1512,0
DA:1518,0
DA:1525,0
DA:1526,0
DA:1532,0
DA:1533,0
DA:1541,0
DA:1542,0
DA:1549,0
DA:1558,0
DA:1559,0
DA:1566,0
DA:1567,0
DA:1574,0
DA:1575,0
DA:1576,0
DA:1582,0
DA:1590,0
DA:1591,0
DA:1597,0
DA:1598,0
DA:1600,0
DA:1601,0
DA:1608,0
DA:1609,0
DA:1616,0
DA:1617,0
DA:1627,0
DA:1636,0
DA:1637,0
DA:1638,0
DA:1639,0
DA:1641,0
DA:1642,0
DA:1643,0
DA:1644,0
DA:1646,0
DA:1648,0
DA:1649,0
DA:1650,0
DA:1651,0
DA:1652,0
DA:1655,0
DA:1656,0
DA:1657,0
DA:1660,0
DA:1661,0
DA:1662,0
DA:1665,0
DA:1666,0
DA:1667,0
DA:1672,0
DA:1673,0
DA:1682,0
DA:1695,0
DA:1711,0
DA:1719,1
DA:1720,0
DA:1721,0
DA:1722,0
DA:1724,0
DA:1729,0
DA:1730,0
DA:1732,0
DA:1755,0
DA:1762,1
DA:1763,0
DA:1764,0
DA:1765,0
DA:1768,0
DA:1775,0
DA:1776,0
DA:1783,0
DA:1784,0
DA:1790,0
DA:1795,0
DA:1798,0
DA:1799,0
DA:1800,0
DA:1801,0
DA:1802,0
DA:1804,0
DA:1810,0
DA:1830,0
DA:1842,1
DA:1843,0
DA:1846,0
DA:1853,0
DA:1854,0
DA:1861,0
DA:1862,0
DA:1869,0
DA:1877,0
DA:1885,0
DA:1897,0
DA:1911,0
DA:1917,0
DA:1918,0
DA:1922,0
DA:1933,1
DA:1934,0
DA:1935,0
DA:1936,0
DA:1939,0
DA:1946,0
DA:1947,0
DA:1954,0
DA:1955,0
DA:1962,0
DA:1969,0
DA:1975,0
DA:1976,0
DA:1979,0
DA:1999,0
DA:2005,0
DA:2020,1
DA:2021,0
DA:2024,0
DA:2044,0
DA:2045,0
DA:2052,0
DA:2053,0
DA:2060,0
DA:2080,0
DA:2092,0
DA:2093,0
DA:2094,0
DA:2098,0
DA:2106,0
DA:2133,1
DA:2134,0
DA:2136,0
DA:2146,0
DA:2147,0
DA:2154,0
DA:2155,0
DA:2161,0
DA:2162,0
DA:2169,0
DA:2174,0
DA:2183,1
DA:2184,0
DA:2185,0
DA:2188,0
DA:2206,0
DA:2209,0
DA:2218,0
DA:2233,0
DA:2234,0
DA:2235,0
DA:2236,0
DA:2239,0
DA:2240,0
DA:2241,0
DA:2242,0
DA:2245,0
DA:2248,0
DA:2249,0
DA:2250,0
DA:2252,0
DA:2253,0
DA:2254,0
DA:2260,0
DA:2273,0
DA:2275,0
DA:2289,0
DA:2295,1
DA:2296,0
DA:2297,0
DA:2300,0
DA:2304,0
DA:2305,0
DA:2309,0
DA:2310,0
DA:2314,0
DA:2315,0
DA:2319,0
DA:2320,0
DA:2323,0
DA:2340,0
DA:2348,1
DA:2349,0
DA:2350,0
DA:2352,0
DA:2357,0
DA:2358,0
DA:2361,0
DA:2371,0
DA:2378,1
DA:2379,0
DA:2380,0
DA:2382,0
DA:2387,0
DA:2388,0
DA:2392,0
DA:2393,0
DA:2396,0
DA:2401,0
DA:2408,1
DA:2409,0
DA:2410,0
DA:2411,0
DA:2413,0
DA:2415,0
DA:2416,0
DA:2419,0
DA:2420,0
DA:2423,0
DA:2424,0
DA:2428,0
DA:2430,0
DA:2431,0
DA:2432,0
DA:2433,0
DA:2436,0
DA:2437,0
DA:2438,0
DA:2440,0
DA:2476,0
DA:2477,0
DA:2478,0
DA:2479,0
DA:2486,0
DA:2487,0
DA:2488,0
DA:2494,0
DA:2497,0
DA:2500,0
DA:2502,0
DA:2504,0
DA:2505,0
DA:2510,0
DA:2511,0
DA:2512,0
DA:2514,0
DA:2515,0
DA:2516,0
DA:2518,0
DA:2519,0
DA:2525,0
DA:2526,0
DA:2527,0
DA:2528,0
DA:2531,0
DA:2532,0
DA:2534,0
DA:2535,0
DA:2537,0
DA:2538,0
DA:2540,0
DA:2541,0
DA:2544,0
DA:2546,0
DA:2555,0
DA:2557,0
DA:2567,0
DA:2568,0
DA:2589,0
DA:2590,0
DA:2591,0
DA:2595,0
DA:2602,1
DA:2603,0
DA:2604,0
DA:2606,0
DA:2607,0
DA:2610,0
DA:2616,0
LF:596
LH:99
BRDA:19,0,0,1
BRDA:19,0,1,1
BRDA:47,1,0,0
BRDA:47,1,1,0
BRDA:105,2,0,0
BRDA:105,2,1,0
BRDA:129,3,0,0
BRDA:129,3,1,0
BRDA:137,4,0,0
BRDA:137,4,1,0
BRDA:137,5,0,0
BRDA:137,5,1,0
BRDA:146,6,0,0
BRDA:146,6,1,0
BRDA:157,7,0,0
BRDA:157,7,1,0
BRDA:158,8,0,0
BRDA:158,8,1,0
BRDA:184,9,0,0
BRDA:184,9,1,2
BRDA:192,10,0,1
BRDA:192,10,1,1
BRDA:223,11,0,0
BRDA:223,11,1,3
BRDA:239,12,0,0
BRDA:239,12,1,3
BRDA:247,13,0,0
BRDA:247,13,1,3
BRDA:247,14,0,3
BRDA:247,14,1,0
BRDA:256,15,0,1
BRDA:256,15,1,2
BRDA:256,16,0,3
BRDA:256,16,1,2
BRDA:268,17,0,2
BRDA:268,17,1,0
BRDA:276,18,0,1
BRDA:276,18,1,1
BRDA:287,19,0,1
BRDA:287,19,1,0
BRDA:288,20,0,0
BRDA:288,20,1,1
BRDA:299,21,0,1
BRDA:299,21,1,0
BRDA:335,22,0,0
BRDA:335,22,1,0
BRDA:336,23,0,0
BRDA:336,23,1,0
BRDA:337,24,0,0
BRDA:337,24,1,0
BRDA:380,25,0,0
BRDA:380,25,1,0
BRDA:419,26,0,0
BRDA:419,26,1,0
BRDA:426,27,0,0
BRDA:426,27,1,0
BRDA:493,28,0,0
BRDA:493,28,1,0
BRDA:512,29,0,0
BRDA:512,29,1,0
BRDA:519,30,0,0
BRDA:519,30,1,0
BRDA:519,31,0,0
BRDA:519,31,1,0
BRDA:534,32,0,0
BRDA:534,32,1,0
BRDA:536,33,0,0
BRDA:536,33,1,0
BRDA:536,34,0,0
BRDA:536,34,1,0
BRDA:544,35,0,0
BRDA:544,35,1,0
BRDA:549,36,0,0
BRDA:549,36,1,0
BRDA:550,37,0,0
BRDA:550,37,1,0
BRDA:554,38,0,0
BRDA:554,38,1,0
BRDA:554,39,0,0
BRDA:554,39,1,0
BRDA:554,39,2,0
BRDA:556,40,0,0
BRDA:556,40,1,0
BRDA:558,41,0,0
BRDA:558,41,1,0
BRDA:580,42,0,0
BRDA:580,42,1,0
BRDA:595,43,0,0
BRDA:595,43,1,0
BRDA:597,44,0,0
BRDA:597,44,1,0
BRDA:614,45,0,0
BRDA:614,45,1,0
BRDA:621,46,0,0
BRDA:621,46,1,0
BRDA:623,47,0,0
BRDA:623,47,1,0
BRDA:625,48,0,0
BRDA:625,48,1,0
BRDA:625,49,0,0
BRDA:625,49,1,0
BRDA:626,50,0,0
BRDA:626,50,1,0
BRDA:626,51,0,0
BRDA:626,51,1,0
BRDA:631,52,0,0
BRDA:631,52,1,0
BRDA:631,53,0,0
BRDA:631,53,1,0
BRDA:722,54,0,0
BRDA:722,54,1,0
BRDA:730,55,0,0
BRDA:730,55,1,0
BRDA:730,56,0,0
BRDA:730,56,1,0
BRDA:754,57,0,0
BRDA:754,57,1,0
BRDA:762,58,0,0
BRDA:762,58,1,0
BRDA:762,59,0,0
BRDA:762,59,1,0
BRDA:770,60,0,0
BRDA:770,60,1,0
BRDA:778,61,0,0
BRDA:778,61,1,0
BRDA:787,62,0,0
BRDA:787,62,1,0
BRDA:796,63,0,0
BRDA:796,63,1,0
BRDA:806,64,0,0
BRDA:806,64,1,0
BRDA:806,65,0,0
BRDA:806,65,1,0
BRDA:806,65,2,0
BRDA:806,65,3,0
BRDA:815,66,0,0
BRDA:815,66,1,0
BRDA:816,67,0,0
BRDA:816,67,1,0
BRDA:817,68,0,0
BRDA:817,68,1,0
BRDA:818,69,0,0
BRDA:818,69,1,0
BRDA:819,70,0,0
BRDA:819,70,1,0
BRDA:822,71,0,0
BRDA:822,71,1,0
BRDA:822,72,0,0
BRDA:822,72,1,0
BRDA:823,73,0,0
BRDA:823,73,1,0
BRDA:824,74,0,0
BRDA:824,74,1,0
BRDA:825,75,0,0
BRDA:825,75,1,0
BRDA:833,76,0,0
BRDA:833,76,1,0
BRDA:841,77,0,0
BRDA:841,77,1,0
BRDA:850,78,0,0
BRDA:850,78,1,0
BRDA:850,79,0,0
BRDA:850,79,1,0
BRDA:858,80,0,0
BRDA:858,80,1,0
BRDA:865,81,0,0
BRDA:865,81,1,0
BRDA:875,82,0,0
BRDA:875,82,1,0
BRDA:906,83,0,0
BRDA:906,83,1,0
BRDA:939,84,0,0
BRDA:939,84,1,0
BRDA:947,85,0,0
BRDA:947,85,1,0
BRDA:947,86,0,0
BRDA:947,86,1,0
BRDA:992,87,0,0
BRDA:992,87,1,3
BRDA:1007,88,0,1
BRDA:1007,88,1,2
BRDA:1015,89,0,2
BRDA:1015,89,1,0
BRDA:1025,90,0,1
BRDA:1025,90,1,1
BRDA:1025,91,0,2
BRDA:1025,91,1,1
BRDA:1042,92,0,1
BRDA:1042,92,1,0
BRDA:1062,93,0,0
BRDA:1062,93,1,1
BRDA:1062,94,0,1
BRDA:1062,94,1,0
BRDA:1070,95,0,0
BRDA:1070,95,1,1
BRDA:1070,96,0,1
BRDA:1070,96,1,0
BRDA:1151,97,0,2
BRDA:1151,97,1,0
BRDA:1153,98,0,1
BRDA:1153,98,1,1
BRDA:1170,99,0,0
BRDA:1170,99,1,1
BRDA:1170,100,0,1
BRDA:1170,100,1,1
BRDA:1238,101,0,0
BRDA:1238,101,1,0
BRDA:1246,102,0,0
BRDA:1246,102,1,0
BRDA:1246,103,0,0
BRDA:1246,103,1,0
BRDA:1286,104,0,0
BRDA:1286,104,1,0
BRDA:1286,105,0,0
BRDA:1286,105,1,0
BRDA:1294,106,0,0
BRDA:1294,106,1,0
BRDA:1298,107,0,0
BRDA:1298,107,1,0
BRDA:1313,108,0,0
BRDA:1313,108,1,0
BRDA:1337,109,0,0
BRDA:1337,109,1,0
BRDA:1338,110,0,0
BRDA:1338,110,1,0
BRDA:1367,111,0,0
BRDA:1367,111,1,0
BRDA:1378,112,0,0
BRDA:1378,112,1,0
BRDA:1407,113,0,0
BRDA:1407,113,1,0
BRDA:1407,114,0,0
BRDA:1407,114,1,0
BRDA:1425,115,0,0
BRDA:1425,115,1,0
BRDA:1433,116,0,0
BRDA:1433,116,1,0
BRDA:1433,117,0,0
BRDA:1433,117,1,0
BRDA:1443,118,0,0
BRDA:1443,118,1,0
BRDA:1446,119,0,0
BRDA:1446,119,1,0
BRDA:1446,120,0,0
BRDA:1446,120,1,0
BRDA:1447,121,0,0
BRDA:1447,121,1,0
BRDA:1447,122,0,0
BRDA:1447,122,1,0
BRDA:1447,122,2,0
BRDA:1447,122,3,0
BRDA:1453,123,0,0
BRDA:1453,123,1,0
BRDA:1453,124,0,0
BRDA:1453,124,1,0
BRDA:1465,125,0,0
BRDA:1465,125,1,0
BRDA:1465,126,0,0
BRDA:1465,126,1,0
BRDA:1465,126,2,0
BRDA:1473,127,0,0
BRDA:1473,127,1,0
BRDA:1480,128,0,0
BRDA:1480,128,1,0
BRDA:1481,129,0,0
BRDA:1481,129,1,0
BRDA:1495,130,0,0
BRDA:1495,130,1,0
BRDA:1509,131,0,0
BRDA:1509,131,1,0
BRDA:1511,132,0,0
BRDA:1511,132,1,0
BRDA:1525,133,0,0
BRDA:1525,133,1,0
BRDA:1532,134,0,0
BRDA:1532,134,1,0
BRDA:1541,135,0,0
BRDA:1541,135,1,0
BRDA:1558,136,0,0
BRDA:1558,136,1,0
BRDA:1566,137,0,0
BRDA:1566,137,1,0
BRDA:1575,138,0,0
BRDA:1575,138,1,0
BRDA:1575,139,0,0
BRDA:1575,139,1,0
BRDA:1590,140,0,0
BRDA:1590,140,1,0
BRDA:1600,141,0,0
BRDA:1600,141,1,0
BRDA:1600,142,0,0
BRDA:1600,142,1,0
BRDA:1600,142,2,0
BRDA:1600,142,3,0
BRDA:1600,142,4,0
BRDA:1600,142,5,0
BRDA:1608,143,0,0
BRDA:1608,143,1,0
BRDA:1608,144,0,0
BRDA:1608,144,1,0
BRDA:1608,144,2,0
BRDA:1616,145,0,0
BRDA:1616,145,1,0
BRDA:1641,146,0,0
BRDA:1641,146,1,0
BRDA:1641,147,0,0
BRDA:1641,147,1,0
BRDA:1648,148,0,0
BRDA:1648,148,1,0
BRDA:1655,149,0,0
BRDA:1655,149,1,0
BRDA:1655,150,0,0
BRDA:1655,150,1,0
BRDA:1660,151,0,0
BRDA:1660,151,1,0
BRDA:1660,152,0,0
BRDA:1660,152,1,0
BRDA:1665,153,0,0
BRDA:1665,153,1,0
BRDA:1665,154,0,0
BRDA:1665,154,1,0
BRDA:1672,155,0,0
BRDA:1672,155,1,0
BRDA:1676,156,0,0
BRDA:1676,156,1,0
BRDA:1729,157,0,0
BRDA:1729,157,1,0
BRDA:1730,158,0,0
BRDA:1730,158,1,0
BRDA:1764,159,0,0
BRDA:1764,160,0,0
BRDA:1775,161,0,0
BRDA:1775,161,1,0
BRDA:1783,162,0,0
BRDA:1783,162,1,0
BRDA:1783,163,0,0
BRDA:1783,163,1,0
BRDA:1795,164,0,0
BRDA:1795,164,1,0
BRDA:1798,165,0,0
BRDA:1798,165,1,0
BRDA:1853,166,0,0
BRDA:1853,166,1,0
BRDA:1861,167,0,0
BRDA:1861,167,1,0
BRDA:1861,168,0,0
BRDA:1861,168,1,0
BRDA:1921,169,0,0
BRDA:1921,169,1,0
BRDA:1935,170,0,0
BRDA:1935,171,0,0
BRDA:1946,172,0,0
BRDA:1946,172,1,0
BRDA:1954,173,0,0
BRDA:1954,173,1,0
BRDA:1954,174,0,0
BRDA:1954,174,1,0
BRDA:1975,175,0,0
BRDA:1975,175,1,0
BRDA:2044,176,0,0
BRDA:2044,176,1,0
BRDA:2052,177,0,0
BRDA:2052,177,1,0
BRDA:2052,178,0,0
BRDA:2052,178,1,0
BRDA:2103,179,0,0
BRDA:2103,179,1,0
BRDA:2122,180,0,0
BRDA:2122,180,1,0
BRDA:2146,181,0,0
BRDA:2146,181,1,0
BRDA:2154,182,0,0
BRDA:2154,182,1,0
BRDA:2154,183,0,0
BRDA:2154,183,1,0
BRDA:2161,184,0,0
BRDA:2161,184,1,0
BRDA:2192,185,0,0
BRDA:2192,185,1,0
BRDA:2235,186,0,0
BRDA:2235,186,1,0
BRDA:2241,187,0,0
BRDA:2241,187,1,0
BRDA:2249,188,0,0
BRDA:2249,188,1,0
BRDA:2250,189,0,0
BRDA:2250,189,1,0
BRDA:2267,190,0,0
BRDA:2267,190,1,0
BRDA:2267,190,2,0
BRDA:2269,191,0,0
BRDA:2269,191,1,0
BRDA:2270,192,0,0
BRDA:2270,192,1,0
BRDA:2282,193,0,0
BRDA:2282,193,1,0
BRDA:2304,194,0,0
BRDA:2304,194,1,0
BRDA:2309,195,0,0
BRDA:2309,195,1,0
BRDA:2309,196,0,0
BRDA:2309,196,1,0
BRDA:2314,197,0,0
BRDA:2314,197,1,0
BRDA:2319,198,0,0
BRDA:2319,198,1,0
BRDA:2319,199,0,0
BRDA:2319,199,1,0
BRDA:2328,200,0,0
BRDA:2328,200,1,0
BRDA:2329,201,0,0
BRDA:2329,201,1,0
BRDA:2342,202,0,0
BRDA:2342,202,1,0
BRDA:2357,203,0,0
BRDA:2357,203,1,0
BRDA:2387,204,0,0
BRDA:2387,204,1,0
BRDA:2392,205,0,0
BRDA:2392,205,1,0
BRDA:2392,206,0,0
BRDA:2392,206,1,0
BRDA:2415,207,0,0
BRDA:2415,207,1,0
BRDA:2419,208,0,0
BRDA:2419,208,1,0
BRDA:2423,209,0,0
BRDA:2423,209,1,0
BRDA:2430,210,0,0
BRDA:2430,210,1,0
BRDA:2478,211,0,0
BRDA:2478,211,1,0
BRDA:2505,212,0,0
BRDA:2505,212,1,0
BRDA:2505,213,0,0
BRDA:2505,213,1,0
BRDA:2511,214,0,0
BRDA:2511,214,1,0
BRDA:2511,214,2,0
BRDA:2512,215,0,0
BRDA:2512,215,1,0
BRDA:2514,216,0,0
BRDA:2514,216,1,0
BRDA:2518,217,0,0
BRDA:2518,217,1,0
BRDA:2525,218,0,0
BRDA:2525,218,1,0
BRDA:2526,219,0,0
BRDA:2526,219,1,0
BRDA:2527,220,0,0
BRDA:2527,220,1,0
BRDA:2531,221,0,0
BRDA:2531,221,1,0
BRDA:2534,222,0,0
BRDA:2534,222,1,0
BRDA:2535,223,0,0
BRDA:2535,223,1,0
BRDA:2535,223,2,0
BRDA:2537,224,0,0
BRDA:2537,224,1,0
BRDA:2537,225,0,0
BRDA:2537,225,1,0
BRDA:2538,226,0,0
BRDA:2538,226,1,0
BRDA:2541,227,0,0
BRDA:2541,227,1,0
BRDA:2544,228,0,0
BRDA:2544,228,1,0
BRDA:2546,229,0,0
BRDA:2546,229,1,0
BRDA:2557,230,0,0
BRDA:2557,230,1,0
BRDA:2567,231,0,0
BRDA:2567,231,1,0
BRDA:2578,232,0,0
BRDA:2578,232,1,0
BRDA:2589,233,0,0
BRDA:2589,233,1,0
BRDA:2590,234,0,0
BRDA:2590,234,1,0
BRDA:2607,235,0,0
BRDA:2607,235,1,0
BRF:482
BRH:38
end_of_record
TN:
SF:controllers\anomaliController.js
FN:24,(anonymous_0)
FN:92,(anonymous_1)
FN:120,(anonymous_2)
FN:144,(anonymous_3)
FN:150,(anonymous_4)
FN:157,(anonymous_5)
FN:159,(anonymous_6)
FN:188,(anonymous_7)
FN:255,(anonymous_8)
FN:302,(anonymous_9)
FN:371,(anonymous_10)
FN:393,(anonymous_11)
FN:426,(anonymous_12)
FNF:13
FNH:7
FNDA:3,(anonymous_0)
FNDA:1,(anonymous_1)
FNDA:1,(anonymous_2)
FNDA:1,(anonymous_3)
FNDA:1,(anonymous_4)
FNDA:0,(anonymous_5)
FNDA:0,(anonymous_6)
FNDA:1,(anonymous_7)
FNDA:0,(anonymous_8)
FNDA:3,(anonymous_9)
FNDA:0,(anonymous_10)
FNDA:0,(anonymous_11)
FNDA:0,(anonymous_12)
DA:1,1
DA:2,1
DA:3,1
DA:4,1
DA:5,1
DA:6,1
DA:10,1
DA:11,1
DA:14,1
DA:24,1
DA:25,3
DA:26,3
DA:27,3
DA:30,3
DA:35,3
DA:36,1
DA:43,2
DA:44,1
DA:51,1
DA:82,1
DA:83,0
DA:89,1
DA:90,1
DA:92,1
DA:94,1
DA:95,1
DA:96,1
DA:99,1
DA:101,0
DA:103,1
DA:105,1
DA:106,1
DA:107,1
DA:110,1
DA:112,0
DA:114,1
DA:116,1
DA:119,1
DA:120,1
DA:121,1
DA:124,1
DA:125,2
DA:126,2
DA:127,2
DA:128,2
DA:130,2
DA:131,1
DA:132,1
DA:143,1
DA:144,1
DA:145,1
DA:146,1
DA:149,1
DA:150,1
DA:151,1
DA:152,0
DA:153,0
DA:157,1
DA:158,0
DA:159,0
DA:160,0
DA:161,0
DA:162,0
DA:164,0
DA:165,0
DA:166,0
DA:177,1
DA:187,1
DA:188,1
DA:197,1
DA:203,1
DA:204,1
DA:213,1
DA:216,1
DA:217,0
DA:218,0
DA:220,0
DA:230,1
DA:231,1
DA:233,1
DA:242,0
DA:243,0
DA:255,1
DA:256,0
DA:257,0
DA:258,0
DA:261,0
DA:263,0
DA:264,0
DA:267,0
DA:268,0
DA:272,0
DA:291,0
DA:302,1
DA:303,3
DA:304,3
DA:305,3
DA:306,3
DA:309,3
DA:310,1
DA:317,2
DA:327,2
DA:328,1
DA:335,1
DA:336,0
DA:343,1
DA:344,1
DA:345,1
DA:346,1
DA:347,1
DA:350,1
DA:351,1
DA:354,1
DA:359,1
DA:371,1
DA:372,0
DA:373,0
DA:375,0
DA:376,0
DA:382,0
DA:393,1
DA:394,0
DA:395,0
DA:398,0
DA:402,0
DA:410,0
DA:426,1
DA:427,0
DA:429,0
DA:430,0
DA:431,0
DA:432,0
DA:433,0
DA:438,0
DA:445,0
DA:446,0
DA:447,0
DA:448,0
DA:453,0
DA:460,0
DA:465,0
LF:141
LH:88
BRDA:10,0,0,1
BRDA:10,0,1,1
BRDA:11,1,0,1
BRDA:11,1,1,1
BRDA:15,2,0,1
BRDA:15,2,1,1
BRDA:16,3,0,1
BRDA:16,3,1,1
BRDA:35,4,0,1
BRDA:35,4,1,2
BRDA:43,5,0,1
BRDA:43,5,1,1
BRDA:43,6,0,2
BRDA:43,6,1,2
BRDA:82,7,0,0
BRDA:82,7,1,1
BRDA:99,8,0,0
BRDA:99,8,1,1
BRDA:110,9,0,0
BRDA:110,9,1,1
BRDA:121,10,0,1
BRDA:121,10,1,1
BRDA:127,11,0,2
BRDA:127,11,1,1
BRDA:128,12,0,2
BRDA:128,12,1,0
BRDA:130,13,0,1
BRDA:130,13,1,1
BRDA:131,14,0,1
BRDA:131,14,1,0
BRDA:146,15,0,1
BRDA:146,15,1,1
BRDA:151,16,0,0
BRDA:151,16,1,1
BRDA:153,17,0,0
BRDA:153,17,1,0
BRDA:160,18,0,0
BRDA:160,18,1,0
BRDA:162,19,0,0
BRDA:162,19,1,0
BRDA:164,20,0,0
BRDA:164,20,1,0
BRDA:165,21,0,0
BRDA:165,21,1,0
BRDA:187,22,0,1
BRDA:187,22,1,0
BRDA:187,23,0,1
BRDA:187,23,1,1
BRDA:192,24,0,1
BRDA:192,24,1,0
BRDA:193,25,0,1
BRDA:193,25,1,0
BRDA:203,26,0,1
BRDA:203,26,1,0
BRDA:209,27,0,1
BRDA:209,27,1,1
BRDA:209,27,2,1
BRDA:209,27,3,1
BRDA:216,28,0,0
BRDA:216,28,1,1
BRDA:235,29,0,1
BRDA:235,29,1,0
BRDA:263,30,0,0
BRDA:263,30,1,0
BRDA:267,31,0,0
BRDA:267,31,1,0
BRDA:267,32,0,0
BRDA:267,32,1,0
BRDA:309,33,0,1
BRDA:309,33,1,2
BRDA:309,34,0,3
BRDA:309,34,1,3
BRDA:327,35,0,1
BRDA:327,35,1,1
BRDA:335,36,0,0
BRDA:335,36,1,1
BRDA:335,37,0,1
BRDA:335,37,1,1
BRDA:344,38,0,1
BRDA:344,38,1,0
BRDA:346,39,0,1
BRDA:346,39,1,0
BRDA:350,40,0,1
BRDA:350,40,1,0
BRDA:351,41,0,1
BRDA:351,41,1,0
BRDA:375,42,0,0
BRDA:375,42,1,0
BRDA:405,43,0,0
BRDA:405,43,1,0
BRDA:406,44,0,0
BRDA:406,44,1,0
BRDA:430,45,0,0
BRDA:430,45,1,0
BRDA:432,46,0,0
BRDA:432,46,1,0
BRDA:432,47,0,0
BRDA:432,47,1,0
BRDA:432,47,2,0
BRDA:445,48,0,0
BRDA:445,48,1,0
BRDA:447,49,0,0
BRDA:447,49,1,0
BRDA:447,50,0,0
BRDA:447,50,1,0
BRDA:447,50,2,0
BRF:106
BRH:53
end_of_record
TN:
SF:controllers\authController.js
FN:9,(anonymous_0)
FN:66,(anonymous_1)
FN:115,(anonymous_2)
FN:130,(anonymous_3)
FN:156,(anonymous_4)
FN:213,(anonymous_5)
FN:287,(anonymous_6)
FN:314,(anonymous_7)
FN:343,(anonymous_8)
FN:389,(anonymous_9)
FN:440,(anonymous_10)
FN:486,(anonymous_11)
FN:526,(anonymous_12)
FN:548,(anonymous_13)
FN:574,(anonymous_14)
FN:614,(anonymous_15)
FN:643,(anonymous_16)
FN:674,(anonymous_17)
FNF:18
FNH:6
FNDA:2,(anonymous_0)
FNDA:3,(anonymous_1)
FNDA:1,(anonymous_2)
FNDA:1,(anonymous_3)
FNDA:0,(anonymous_4)
FNDA:0,(anonymous_5)
FNDA:0,(anonymous_6)
FNDA:0,(anonymous_7)
FNDA:3,(anonymous_8)
FNDA:0,(anonymous_9)
FNDA:0,(anonymous_10)
FNDA:0,(anonymous_11)
FNDA:2,(anonymous_12)
FNDA:0,(anonymous_13)
FNDA:0,(anonymous_14)
FNDA:0,(anonymous_15)
FNDA:0,(anonymous_16)
FNDA:0,(anonymous_17)
DA:1,1
DA:2,1
DA:3,1
DA:4,1
DA:5,1
DA:6,1
DA:7,1
DA:9,1
DA:10,2
DA:14,2
DA:15,2
DA:17,2
DA:23,2
DA:24,1
DA:27,1
DA:28,0
DA:34,0
DA:35,0
DA:39,1
DA:40,1
DA:49,1
DA:50,1
DA:61,0
DA:62,0
DA:66,1
DA:67,3
DA:69,3
DA:75,3
DA:76,1
DA:79,2
DA:80,2
DA:81,1
DA:85,1
DA:88,1
DA:89,1
DA:90,1
DA:93,1
DA:101,1
DA:115,1
DA:116,1
DA:117,1
DA:130,1
DA:131,1
DA:132,1
DA:135,1
DA:141,1
DA:142,0
DA:150,1
DA:156,1
DA:157,0
DA:159,0
DA:160,0
DA:164,0
DA:169,0
DA:170,0
DA:174,0
DA:175,0
DA:176,0
DA:180,0
DA:181,0
DA:185,0
DA:188,0
DA:189,0
DA:190,0
DA:192,0
DA:203,0
DA:213,1
DA:222,0
DA:225,0
DA:227,0
DA:228,0
DA:229,0
DA:230,0
DA:234,0
DA:235,0
DA:239,0
DA:240,0
DA:247,0
DA:248,0
DA:249,0
DA:252,0
DA:253,0
DA:254,0
DA:257,0
DA:260,0
DA:287,0
DA:295,0
DA:297,0
DA:314,1
DA:315,0
DA:316,0
DA:318,0
DA:319,0
DA:325,0
DA:336,0
DA:343,1
DA:344,3
DA:345,3
DA:347,3
DA:348,0
DA:354,3
DA:355,1
DA:362,2
DA:367,2
DA:368,2
DA:369,1
DA:376,1
DA:377,1
DA:382,1
DA:389,1
DA:390,0
DA:392,0
DA:393,0
DA:399,0
DA:400,0
DA:407,0
DA:411,0
DA:412,0
DA:419,0
DA:420,0
DA:426,0
DA:434,0
DA:440,1
DA:441,0
DA:442,0
DA:444,0
DA:445,0
DA:446,0
DA:450,0
DA:451,0
DA:454,0
DA:470,0
DA:472,0
DA:480,0
DA:486,1
DA:487,0
DA:488,0
DA:490,0
DA:491,0
DA:492,0
DA:495,0
DA:509,0
DA:511,0
DA:519,0
DA:526,1
DA:527,2
DA:528,2
DA:530,2
DA:531,1
DA:537,1
DA:542,1
DA:548,1
DA:549,0
DA:550,0
DA:552,0
DA:553,0
DA:559,0
DA:565,0
DA:572,1
DA:574,1
DA:575,0
DA:576,0
DA:578,0
DA:579,0
DA:585,0
DA:586,0
DA:593,0
DA:599,0
DA:605,0
DA:612,1
DA:614,1
DA:615,0
DA:618,0
DA:628,0
DA:630,0
DA:637,0
DA:643,0
DA:644,0
DA:647,0
DA:648,0
DA:649,0
DA:651,0
DA:652,0
DA:653,0
DA:654,0
DA:656,0
DA:664,0
DA:667,0
DA:669,0
DA:674,1
DA:675,0
DA:677,0
DA:682,0
DA:683,0
DA:689,0
DA:690,0
DA:696,0
DA:698,0
DA:709,0
DA:717,0
LF:200
LH:74
BRDA:15,0,0,2
BRDA:15,0,1,0
BRDA:23,1,0,1
BRDA:23,1,1,1
BRDA:27,2,0,0
BRDA:27,2,1,1
BRDA:34,3,0,0
BRDA:34,3,1,0
BRDA:46,4,0,1
BRDA:46,4,1,1
BRDA:49,5,0,1
BRDA:49,5,1,0
BRDA:75,6,0,1
BRDA:75,6,1,2
BRDA:80,7,0,1
BRDA:80,7,1,1
BRDA:141,8,0,0
BRDA:141,8,1,1
BRDA:159,9,0,0
BRDA:159,9,1,0
BRDA:169,10,0,0
BRDA:169,10,1,0
BRDA:174,11,0,0
BRDA:174,11,1,0
BRDA:180,12,0,0
BRDA:180,12,1,0
BRDA:216,13,0,0
BRDA:218,14,0,0
BRDA:219,15,0,0
BRDA:220,16,0,0
BRDA:221,17,0,0
BRDA:227,18,0,0
BRDA:227,18,1,0
BRDA:229,19,0,0
BRDA:229,19,1,0
BRDA:234,20,0,0
BRDA:234,20,1,0
BRDA:234,21,0,0
BRDA:234,21,1,0
BRDA:239,22,0,0
BRDA:239,22,1,0
BRDA:248,23,0,0
BRDA:248,23,1,0
BRDA:249,24,0,0
BRDA:249,24,1,0
BRDA:289,25,0,0
BRDA:289,25,1,0
BRDA:290,26,0,0
BRDA:290,26,1,0
BRDA:318,27,0,0
BRDA:318,27,1,0
BRDA:318,28,0,0
BRDA:318,28,1,0
BRDA:347,29,0,0
BRDA:347,29,1,3
BRDA:347,30,0,3
BRDA:347,30,1,3
BRDA:354,31,0,1
BRDA:354,31,1,2
BRDA:368,32,0,1
BRDA:368,32,1,1
BRDA:392,33,0,0
BRDA:392,33,1,0
BRDA:392,34,0,0
BRDA:392,34,1,0
BRDA:399,35,0,0
BRDA:399,35,1,0
BRDA:411,36,0,0
BRDA:411,36,1,0
BRDA:411,37,0,0
BRDA:411,37,1,0
BRDA:431,38,0,0
BRDA:431,38,1,0
BRDA:445,39,0,0
BRDA:445,39,1,0
BRDA:445,40,0,0
BRDA:445,40,1,0
BRDA:450,41,0,0
BRDA:450,41,1,0
BRDA:477,42,0,0
BRDA:477,42,1,0
BRDA:491,43,0,0
BRDA:491,43,1,0
BRDA:491,44,0,0
BRDA:491,44,1,0
BRDA:516,45,0,0
BRDA:516,45,1,0
BRDA:530,46,0,1
BRDA:530,46,1,1
BRDA:530,47,0,2
BRDA:530,47,1,1
BRDA:552,48,0,0
BRDA:552,48,1,0
BRDA:578,49,0,0
BRDA:578,49,1,0
BRDA:628,50,0,0
BRDA:628,50,1,0
BRDA:647,51,0,0
BRDA:647,51,1,0
BRDA:664,52,0,0
BRDA:664,52,1,0
BRDA:682,53,0,0
BRDA:682,53,1,0
BRDA:682,54,0,0
BRDA:682,54,1,0
BRDA:682,54,2,0
BRDA:689,55,0,0
BRDA:689,55,1,0
BRDA:714,56,0,0
BRDA:714,56,1,0
BRF:110
BRH:23
end_of_record
TN:
SF:controllers\biometrikController.js
FN:30,(anonymous_0)
FN:33,(anonymous_1)
FN:43,(anonymous_2)
FN:44,(anonymous_3)
FN:83,cosineSimilarity
FN:102,(anonymous_5)
FN:121,(anonymous_6)
FN:241,(anonymous_7)
FN:290,(anonymous_8)
FN:381,(anonymous_9)
FN:445,(anonymous_10)
FN:491,(anonymous_11)
FN:588,haversineDistance
FN:590,(anonymous_13)
FN:608,(anonymous_14)
FN:727,(anonymous_15)
FNF:16
FNH:7
FNDA:0,(anonymous_0)
FNDA:0,(anonymous_1)
FNDA:12,(anonymous_2)
FNDA:12,(anonymous_3)
FNDA:7,cosineSimilarity
FNDA:0,(anonymous_5)
FNDA:0,(anonymous_6)
FNDA:0,(anonymous_7)
FNDA:0,(anonymous_8)
FNDA:0,(anonymous_9)
FNDA:0,(anonymous_10)
FNDA:0,(anonymous_11)
FNDA:2,haversineDistance
FNDA:8,(anonymous_13)
FNDA:21,(anonymous_14)
FNDA:6,(anonymous_15)
DA:1,1
DA:2,1
DA:3,1
DA:4,1
DA:5,1
DA:6,1
DA:7,1
DA:8,1
DA:9,1
DA:10,1
DA:12,1
DA:13,1
DA:16,1
DA:21,1
DA:27,1
DA:31,0
DA:34,0
DA:43,1
DA:44,12
DA:45,12
DA:46,12
DA:61,11
DA:63,1
DA:67,1
DA:68,0
DA:72,1
DA:84,7
DA:85,7
DA:86,7
DA:87,7
DA:88,7
DA:89,21
DA:90,21
DA:91,21
DA:93,7
DA:94,7
DA:102,1
DA:103,0
DA:104,0
DA:106,0
DA:121,1
DA:122,0
DA:124,0
DA:125,0
DA:131,0
DA:132,0
DA:139,0
DA:143,0
DA:144,0
DA:151,0
DA:155,0
DA:156,0
DA:163,0
DA:165,0
DA:166,0
DA:171,0
DA:173,0
DA:174,0
DA:181,0
DA:182,0
DA:188,0
DA:191,0
DA:207,0
DA:210,0
DA:218,0
DA:232,0
DA:241,1
DA:242,0
DA:244,0
DA:248,0
DA:249,0
DA:256,0
DA:262,0
DA:265,0
DA:279,0
DA:290,1
DA:291,0
DA:293,0
DA:294,0
DA:300,0
DA:304,0
DA:305,0
DA:311,0
DA:313,0
DA:314,0
DA:319,0
DA:321,0
DA:322,0
DA:329,0
DA:330,0
DA:338,0
DA:348,0
DA:351,0
DA:359,0
DA:372,0
DA:381,1
DA:382,0
DA:383,0
DA:389,0
DA:391,0
DA:392,0
DA:397,0
DA:399,0
DA:400,0
DA:409,0
DA:414,0
DA:415,0
DA:421,0
DA:422,0
DA:425,0
DA:426,0
DA:429,0
DA:431,0
DA:435,0
DA:443,0
DA:445,0
DA:448,0
DA:449,0
DA:452,0
DA:453,0
DA:455,0
DA:473,0
DA:482,0
DA:491,1
DA:492,0
DA:494,0
DA:495,0
DA:501,0
DA:503,0
DA:504,0
DA:509,0
DA:511,0
DA:512,0
DA:519,0
DA:521,0
DA:522,0
DA:534,0
DA:535,0
DA:536,0
DA:537,0
DA:539,0
DA:540,0
DA:544,0
DA:545,0
DA:546,0
DA:550,0
DA:551,0
DA:552,0
DA:569,0
DA:581,0
DA:589,2
DA:590,8
DA:591,2
DA:592,2
DA:594,2
DA:599,2
DA:600,2
DA:608,1
DA:609,21
DA:610,21
DA:612,21
DA:614,21
DA:615,2
DA:621,19
DA:622,19
DA:623,1
DA:631,18
DA:632,18
DA:633,18
DA:641,6
DA:647,12
DA:648,0
DA:654,12
DA:658,0
DA:665,12
DA:667,12
DA:668,12
DA:672,12
DA:674,11
DA:675,2
DA:682,9
DA:684,9
DA:685,2
DA:693,7
DA:697,7
DA:702,7
DA:703,1
DA:711,6
DA:720,6
DA:721,1
DA:727,6
DA:730,5
DA:731,5
DA:738,5
DA:740,5
DA:752,5
DA:753,1
DA:761,4
DA:769,4
DA:770,1
DA:780,3
DA:785,2
DA:791,2
DA:794,2
DA:795,1
DA:798,1
DA:806,2
DA:815,2
DA:816,2
DA:817,2
DA:818,2
DA:820,2
DA:821,0
DA:822,0
DA:823,0
DA:826,0
DA:828,0
DA:829,0
DA:830,0
DA:831,0
DA:832,0
DA:835,0
DA:836,0
DA:837,0
DA:840,0
DA:841,0
DA:842,0
DA:845,0
DA:846,0
DA:847,0
DA:852,2
DA:853,0
DA:863,2
DA:864,2
DA:865,2
DA:866,2
DA:872,2
DA:874,0
DA:879,2
DA:893,2
DA:903,2
DA:911,2
DA:927,1
LF:243
LH:110
BRDA:12,0,0,1
BRDA:12,0,1,1
BRDA:14,1,0,1
BRDA:14,1,1,1
BRDA:17,2,0,1
BRDA:17,2,1,1
BRDA:22,3,0,1
BRDA:22,3,1,1
BRDA:23,4,0,1
BRDA:23,4,1,1
BRDA:31,5,0,0
BRDA:31,5,1,0
BRDA:51,6,0,12
BRDA:51,6,1,0
BRDA:54,7,0,12
BRDA:54,7,1,12
BRDA:65,8,0,1
BRDA:65,8,1,1
BRDA:67,9,0,0
BRDA:67,9,1,1
BRDA:67,10,0,1
BRDA:67,10,1,1
BRDA:67,10,2,1
BRDA:67,10,3,1
BRDA:73,11,0,1
BRDA:73,11,1,1
BRDA:84,12,0,0
BRDA:84,12,1,7
BRDA:84,13,0,7
BRDA:84,13,1,7
BRDA:84,13,2,7
BRDA:93,14,0,0
BRDA:93,14,1,7
BRDA:93,15,0,7
BRDA:93,15,1,7
BRDA:124,16,0,0
BRDA:124,16,1,0
BRDA:131,17,0,0
BRDA:131,17,1,0
BRDA:143,18,0,0
BRDA:143,18,1,0
BRDA:155,19,0,0
BRDA:155,19,1,0
BRDA:155,20,0,0
BRDA:155,20,1,0
BRDA:173,21,0,0
BRDA:173,21,1,0
BRDA:248,22,0,0
BRDA:248,22,1,0
BRDA:248,23,0,0
BRDA:248,23,1,0
BRDA:293,24,0,0
BRDA:293,24,1,0
BRDA:304,25,0,0
BRDA:304,25,1,0
BRDA:304,26,0,0
BRDA:304,26,1,0
BRDA:321,27,0,0
BRDA:321,27,1,0
BRDA:382,28,0,0
BRDA:382,28,1,0
BRDA:399,29,0,0
BRDA:399,29,1,0
BRDA:414,30,0,0
BRDA:414,30,1,0
BRDA:421,31,0,0
BRDA:421,31,1,0
BRDA:426,32,0,0
BRDA:426,32,1,0
BRDA:429,33,0,0
BRDA:429,33,1,0
BRDA:431,34,0,0
BRDA:431,34,1,0
BRDA:448,35,0,0
BRDA:448,35,1,0
BRDA:452,36,0,0
BRDA:452,36,1,0
BRDA:465,37,0,0
BRDA:465,37,1,0
BRDA:467,38,0,0
BRDA:467,38,1,0
BRDA:494,39,0,0
BRDA:494,39,1,0
BRDA:511,40,0,0
BRDA:511,40,1,0
BRDA:521,41,0,0
BRDA:521,41,1,0
BRDA:544,42,0,0
BRDA:544,42,1,0
BRDA:550,43,0,0
BRDA:550,43,1,0
BRDA:560,44,0,0
BRDA:560,44,1,0
BRDA:562,45,0,0
BRDA:562,45,1,0
BRDA:576,46,0,0
BRDA:576,46,1,0
BRDA:612,47,0,21
BRDA:612,47,1,21
BRDA:614,48,0,2
BRDA:614,48,1,19
BRDA:622,49,0,1
BRDA:622,49,1,18
BRDA:622,50,0,19
BRDA:622,50,1,18
BRDA:633,51,0,6
BRDA:633,51,1,12
BRDA:634,52,0,18
BRDA:634,52,1,17
BRDA:634,52,2,16
BRDA:634,52,3,15
BRDA:634,52,4,14
BRDA:634,52,5,13
BRDA:647,53,0,0
BRDA:647,53,1,12
BRDA:654,54,0,0
BRDA:654,54,1,12
BRDA:655,55,0,12
BRDA:655,55,1,12
BRDA:674,56,0,2
BRDA:674,56,1,9
BRDA:677,57,0,2
BRDA:677,57,1,1
BRDA:684,58,0,2
BRDA:684,58,1,7
BRDA:684,59,0,9
BRDA:684,59,1,8
BRDA:702,60,0,1
BRDA:702,60,1,6
BRDA:720,61,0,1
BRDA:720,61,1,5
BRDA:752,62,0,1
BRDA:752,62,1,4
BRDA:769,63,0,1
BRDA:769,63,1,3
BRDA:774,64,0,1
BRDA:774,64,1,0
BRDA:780,65,0,2
BRDA:780,65,1,1
BRDA:781,66,0,3
BRDA:781,66,1,2
BRDA:781,66,2,2
BRDA:794,67,0,1
BRDA:794,67,1,1
BRDA:820,68,0,0
BRDA:820,68,1,2
BRDA:820,69,0,2
BRDA:820,69,1,2
BRDA:828,70,0,0
BRDA:828,70,1,0
BRDA:835,71,0,0
BRDA:835,71,1,0
BRDA:835,72,0,0
BRDA:835,72,1,0
BRDA:840,73,0,0
BRDA:840,73,1,0
BRDA:840,74,0,0
BRDA:840,74,1,0
BRDA:845,75,0,0
BRDA:845,75,1,0
BRDA:845,76,0,0
BRDA:845,76,1,0
BRDA:852,77,0,0
BRDA:852,77,1,2
BRDA:856,78,0,0
BRDA:856,78,1,0
BRDA:917,79,0,2
BRDA:917,79,1,0
BRF:168
BRH:78
end_of_record
TN:
SF:controllers\kendaraanController.js
FN:7,(anonymous_0)
FN:141,(anonymous_1)
FN:166,(anonymous_2)
FN:191,(anonymous_3)
FN:265,(anonymous_4)
FN:322,(anonymous_5)
FN:341,(anonymous_6)
FN:371,(anonymous_7)
FN:465,(anonymous_8)
FN:504,(anonymous_9)
FN:504,(anonymous_10)
FN:512,(anonymous_11)
FNF:12
FNH:4
FNDA:5,(anonymous_0)
FNDA:0,(anonymous_1)
FNDA:1,(anonymous_2)
FNDA:4,(anonymous_3)
FNDA:0,(anonymous_4)
FNDA:0,(anonymous_5)
FNDA:0,(anonymous_6)
FNDA:3,(anonymous_7)
FNDA:0,(anonymous_8)
FNDA:0,(anonymous_9)
FNDA:0,(anonymous_10)
FNDA:0,(anonymous_11)
DA:1,1
DA:2,1
DA:3,1
DA:4,1
DA:5,1
DA:7,1
DA:8,5
DA:10,5
DA:13,5
DA:14,5
DA:15,5
DA:18,5
DA:19,1
DA:26,4
DA:27,1
DA:34,3
DA:38,3
DA:39,1
DA:46,2
DA:47,2
DA:57,2
DA:58,0
DA:65,2
DA:66,2
DA:67,6
DA:68,6
DA:74,6
DA:76,0
DA:85,2
DA:86,2
DA:92,2
DA:94,0
DA:101,2
DA:102,2
DA:114,1
DA:121,1
DA:122,3
DA:123,3
DA:125,0
DA:128,1
DA:129,1
DA:131,0
DA:134,1
DA:141,1
DA:142,0
DA:163,0
DA:166,1
DA:167,1
DA:168,1
DA:169,1
DA:171,1
DA:174,1
DA:175,0
DA:179,1
DA:188,1
DA:191,1
DA:192,4
DA:193,4
DA:196,4
DA:197,1
DA:200,3
DA:201,1
DA:205,2
DA:206,1
DA:215,1
DA:216,1
DA:220,1
DA:221,1
DA:229,0
DA:232,1
DA:235,1
DA:245,1
DA:246,1
DA:250,1
DA:251,1
DA:259,0
DA:262,1
DA:265,1
DA:266,0
DA:267,0
DA:269,0
DA:274,0
DA:275,0
DA:278,0
DA:279,0
DA:293,0
DA:295,0
DA:314,0
DA:322,1
DA:323,0
DA:324,0
DA:326,0
DA:332,0
DA:341,1
DA:342,0
DA:363,0
DA:371,1
DA:372,3
DA:374,3
DA:375,1
DA:381,2
DA:385,2
DA:386,0
DA:393,2
DA:394,1
DA:404,1
DA:405,1
DA:409,1
DA:410,1
DA:418,0
DA:421,1
DA:424,1
DA:425,0
DA:431,1
DA:441,1
DA:442,1
DA:446,1
DA:447,1
DA:455,0
DA:458,1
DA:465,1
DA:466,0
DA:467,0
DA:469,0
DA:473,0
DA:474,0
DA:477,0
DA:478,0
DA:481,0
DA:482,0
DA:483,0
DA:485,0
DA:491,0
DA:492,0
DA:493,0
DA:496,0
DA:497,0
DA:498,0
DA:499,0
DA:501,0
DA:504,0
DA:507,0
DA:508,0
DA:509,0
DA:512,0
DA:515,0
DA:520,0
LF:147
LH:91
BRDA:13,0,0,5
BRDA:13,0,1,0
BRDA:14,1,0,5
BRDA:14,1,1,0
BRDA:18,2,0,1
BRDA:18,2,1,4
BRDA:18,3,0,5
BRDA:18,3,1,5
BRDA:26,4,0,1
BRDA:26,4,1,3
BRDA:38,5,0,1
BRDA:38,5,1,2
BRDA:46,6,0,2
BRDA:46,6,1,2
BRDA:57,7,0,0
BRDA:57,7,1,2
BRDA:123,8,0,3
BRDA:123,8,1,0
BRDA:129,9,0,1
BRDA:129,9,1,0
BRDA:174,10,0,0
BRDA:174,10,1,1
BRDA:174,11,0,1
BRDA:174,11,1,1
BRDA:184,12,0,1
BRDA:184,12,1,0
BRDA:196,13,0,1
BRDA:196,13,1,3
BRDA:200,14,0,1
BRDA:200,14,1,2
BRDA:205,15,0,1
BRDA:205,15,1,1
BRDA:205,16,0,2
BRDA:205,16,1,1
BRDA:220,17,0,1
BRDA:220,17,1,0
BRDA:250,18,0,1
BRDA:250,18,1,0
BRDA:274,19,0,0
BRDA:274,19,1,0
BRDA:278,20,0,0
BRDA:278,20,1,0
BRDA:374,21,0,1
BRDA:374,21,1,2
BRDA:374,22,0,3
BRDA:374,22,1,2
BRDA:385,23,0,0
BRDA:385,23,1,2
BRDA:393,24,0,1
BRDA:393,24,1,1
BRDA:393,25,0,2
BRDA:393,25,1,1
BRDA:399,26,0,1
BRDA:399,26,1,0
BRDA:409,27,0,1
BRDA:409,27,1,0
BRDA:424,28,0,0
BRDA:424,28,1,1
BRDA:446,29,0,1
BRDA:446,29,1,0
BRDA:473,30,0,0
BRDA:473,30,1,0
BRDA:477,31,0,0
BRDA:477,31,1,0
BRDA:481,32,0,0
BRDA:481,32,1,0
BRDA:482,33,0,0
BRDA:482,33,1,0
BRDA:491,34,0,0
BRDA:491,34,1,0
BRDA:492,35,0,0
BRDA:492,35,1,0
BRDA:507,36,0,0
BRDA:507,36,1,0
BRF:74
BRH:42
end_of_record
TN:
SF:controllers\laporanController.js
FN:11,(anonymous_0)
FN:24,(anonymous_1)
FN:54,(anonymous_2)
FN:131,(anonymous_3)
FN:163,(anonymous_4)
FN:180,(anonymous_5)
FN:216,(anonymous_6)
FN:257,(anonymous_7)
FN:263,(anonymous_8)
FN:291,(anonymous_9)
FN:321,(anonymous_10)
FN:322,(anonymous_11)
FN:345,(anonymous_12)
FN:385,(anonymous_13)
FN:405,(anonymous_14)
FN:413,(anonymous_15)
FN:421,(anonymous_16)
FN:442,(anonymous_17)
FN:454,(anonymous_18)
FN:455,(anonymous_19)
FN:498,(anonymous_20)
FN:537,(anonymous_21)
FN:572,(anonymous_22)
FN:579,(anonymous_23)
FN:604,(anonymous_24)
FN:634,(anonymous_25)
FN:673,(anonymous_26)
FN:704,(anonymous_27)
FN:713,(anonymous_28)
FN:720,(anonymous_29)
FN:724,(anonymous_30)
FN:759,(anonymous_31)
FN:770,(anonymous_32)
FNF:33
FNH:0
FNDA:0,(anonymous_0)
FNDA:0,(anonymous_1)
FNDA:0,(anonymous_2)
FNDA:0,(anonymous_3)
FNDA:0,(anonymous_4)
FNDA:0,(anonymous_5)
FNDA:0,(anonymous_6)
FNDA:0,(anonymous_7)
FNDA:0,(anonymous_8)
FNDA:0,(anonymous_9)
FNDA:0,(anonymous_10)
FNDA:0,(anonymous_11)
FNDA:0,(anonymous_12)
FNDA:0,(anonymous_13)
FNDA:0,(anonymous_14)
FNDA:0,(anonymous_15)
FNDA:0,(anonymous_16)
FNDA:0,(anonymous_17)
FNDA:0,(anonymous_18)
FNDA:0,(anonymous_19)
FNDA:0,(anonymous_20)
FNDA:0,(anonymous_21)
FNDA:0,(anonymous_22)
FNDA:0,(anonymous_23)
FNDA:0,(anonymous_24)
FNDA:0,(anonymous_25)
FNDA:0,(anonymous_26)
FNDA:0,(anonymous_27)
FNDA:0,(anonymous_28)
FNDA:0,(anonymous_29)
FNDA:0,(anonymous_30)
FNDA:0,(anonymous_31)
FNDA:0,(anonymous_32)
DA:1,0
DA:2,0
DA:3,0
DA:4,0
DA:5,0
DA:6,0
DA:11,0
DA:12,0
DA:13,0
DA:14,0
DA:15,0
DA:16,0
DA:18,0
DA:24,0
DA:25,0
DA:26,0
DA:27,0
DA:28,0
DA:30,0
DA:36,0
DA:54,0
DA:55,0
DA:56,0
DA:57,0
DA:58,0
DA:61,0
DA:62,0
DA:63,0
DA:66,0
DA:67,0
DA:70,0
DA:75,0
DA:80,0
DA:87,0
DA:88,0
DA:89,0
DA:94,0
DA:97,0
DA:98,0
DA:99,0
DA:101,0
DA:104,0
DA:105,0
DA:109,0
DA:112,0
DA:118,0
DA:119,0
DA:125,0
DA:131,0
DA:132,0
DA:133,0
DA:134,0
DA:135,0
DA:138,0
DA:139,0
DA:144,0
DA:147,0
DA:152,0
DA:156,0
DA:157,0
DA:163,0
DA:164,0
DA:165,0
DA:166,0
DA:167,0
DA:168,0
DA:169,0
DA:171,0
DA:177,0
DA:178,0
DA:180,0
DA:181,0
DA:184,0
DA:185,0
DA:187,0
DA:190,0
DA:191,0
DA:195,0
DA:198,0
DA:204,0
DA:210,0
DA:216,0
DA:217,0
DA:218,0
DA:219,0
DA:222,0
DA:234,0
DA:235,0
DA:239,0
DA:240,0
DA:244,0
DA:256,0
DA:257,0
DA:258,0
DA:262,0
DA:263,0
DA:264,0
DA:268,0
DA:271,0
DA:272,0
DA:274,0
DA:277,0
DA:281,0
DA:284,0
DA:291,0
DA:292,0
DA:293,0
DA:294,0
DA:296,0
DA:306,0
DA:312,0
DA:321,0
DA:323,0
DA:326,0
DA:327,0
DA:328,0
DA:329,0
DA:330,0
DA:337,0
DA:339,0
DA:345,0
DA:346,0
DA:347,0
DA:348,0
DA:351,0
DA:359,0
DA:360,0
DA:363,0
DA:364,0
DA:368,0
DA:384,0
DA:385,0
DA:386,0
DA:390,0
DA:392,0
DA:393,0
DA:395,0
DA:397,0
DA:400,0
DA:403,0
DA:405,0
DA:406,0
DA:407,0
DA:410,0
DA:411,0
DA:413,0
DA:414,0
DA:420,0
DA:421,0
DA:422,0
DA:423,0
DA:424,0
DA:427,0
DA:428,0
DA:429,0
DA:431,0
DA:434,0
DA:441,0
DA:442,0
DA:443,0
DA:445,0
DA:454,0
DA:456,0
DA:459,0
DA:460,0
DA:461,0
DA:462,0
DA:463,0
DA:464,0
DA:469,0
DA:470,0
DA:471,0
DA:472,0
DA:473,0
DA:474,0
DA:476,0
DA:483,0
DA:484,0
DA:485,0
DA:486,0
DA:487,0
DA:490,0
DA:492,0
DA:498,0
DA:499,0
DA:500,0
DA:501,0
DA:504,0
DA:516,0
DA:517,0
DA:520,0
DA:521,0
DA:525,0
DA:536,0
DA:537,0
DA:540,0
DA:541,0
DA:542,0
DA:544,0
DA:547,0
DA:548,0
DA:549,0
DA:552,0
DA:553,0
DA:554,0
DA:555,0
DA:558,0
DA:559,0
DA:560,0
DA:563,0
DA:564,0
DA:567,0
DA:570,0
DA:571,0
DA:572,0
DA:573,0
DA:574,0
DA:575,0
DA:579,0
DA:580,0
DA:581,0
DA:582,0
DA:586,0
DA:595,0
DA:596,0
DA:597,0
DA:598,0
DA:600,0
DA:601,0
DA:604,0
DA:605,0
DA:610,0
DA:619,0
DA:620,0
DA:621,0
DA:622,0
DA:625,0
DA:626,0
DA:628,0
DA:634,0
DA:635,0
DA:636,0
DA:637,0
DA:640,0
DA:648,0
DA:649,0
DA:652,0
DA:653,0
DA:657,0
DA:672,0
DA:673,0
DA:676,0
DA:677,0
DA:678,0
DA:680,0
DA:683,0
DA:684,0
DA:685,0
DA:688,0
DA:689,0
DA:690,0
DA:691,0
DA:694,0
DA:695,0
DA:696,0
DA:697,0
DA:700,0
DA:703,0
DA:704,0
DA:705,0
DA:706,0
DA:708,0
DA:711,0
DA:712,0
DA:713,0
DA:714,0
DA:715,0
DA:716,0
DA:720,0
DA:721,0
DA:723,0
DA:724,0
DA:725,0
DA:726,0
DA:727,0
DA:730,0
DA:731,0
DA:733,0
DA:736,0
DA:737,0
DA:738,0
DA:739,0
DA:740,0
DA:741,0
DA:743,0
DA:747,0
DA:748,0
DA:749,0
DA:750,0
DA:751,0
DA:752,0
DA:753,0
DA:755,0
DA:756,0
DA:759,0
DA:760,0
DA:765,0
DA:770,0
DA:771,0
DA:772,0
DA:775,0
DA:776,0
DA:778,0
LF:313
LH:0
BRDA:11,0,0,0
BRDA:13,1,0,0
BRDA:13,1,1,0
BRDA:13,2,0,0
BRDA:13,2,1,0
BRDA:25,3,0,0
BRDA:25,3,1,0
BRDA:25,4,0,0
BRDA:25,4,1,0
BRDA:27,5,0,0
BRDA:27,5,1,0
BRDA:27,6,0,0
BRDA:27,6,1,0
BRDA:54,7,0,0
BRDA:66,8,0,0
BRDA:66,8,1,0
BRDA:118,9,0,0
BRDA:118,9,1,0
BRDA:131,10,0,0
BRDA:163,11,0,0
BRDA:166,12,0,0
BRDA:166,12,1,0
BRDA:234,13,0,0
BRDA:234,13,1,0
BRDA:239,14,0,0
BRDA:239,14,1,0
BRDA:239,15,0,0
BRDA:239,15,1,0
BRDA:264,16,0,0
BRDA:264,16,1,0
BRDA:293,17,0,0
BRDA:293,17,1,0
BRDA:294,18,0,0
BRDA:294,18,1,0
BRDA:326,19,0,0
BRDA:326,19,1,0
BRDA:327,20,0,0
BRDA:327,20,1,0
BRDA:327,21,0,0
BRDA:327,21,1,0
BRDA:329,22,0,0
BRDA:329,22,1,0
BRDA:359,23,0,0
BRDA:359,23,1,0
BRDA:363,24,0,0
BRDA:363,24,1,0
BRDA:363,25,0,0
BRDA:363,25,1,0
BRDA:403,26,0,0
BRDA:403,26,1,0
BRDA:423,27,0,0
BRDA:423,27,1,0
BRDA:424,28,0,0
BRDA:424,28,1,0
BRDA:428,29,0,0
BRDA:428,29,1,0
BRDA:459,30,0,0
BRDA:459,30,1,0
BRDA:459,31,0,0
BRDA:459,31,1,0
BRDA:461,32,0,0
BRDA:461,32,1,0
BRDA:463,33,0,0
BRDA:463,33,1,0
BRDA:469,34,0,0
BRDA:469,34,1,0
BRDA:471,35,0,0
BRDA:471,35,1,0
BRDA:473,36,0,0
BRDA:473,36,1,0
BRDA:516,37,0,0
BRDA:516,37,1,0
BRDA:520,38,0,0
BRDA:520,38,1,0
BRDA:520,39,0,0
BRDA:520,39,1,0
BRDA:581,40,0,0
BRDA:581,40,1,0
BRDA:582,41,0,0
BRDA:582,41,1,0
BRDA:596,42,0,0
BRDA:596,42,1,0
BRDA:648,43,0,0
BRDA:648,43,1,0
BRDA:652,44,0,0
BRDA:652,44,1,0
BRDA:652,45,0,0
BRDA:652,45,1,0
BRDA:726,46,0,0
BRDA:726,46,1,0
BRDA:727,47,0,0
BRDA:727,47,1,0
BRDA:730,48,0,0
BRDA:730,48,1,0
BRDA:738,49,0,0
BRDA:738,49,1,0
BRDA:740,50,0,0
BRDA:740,50,1,0
BRDA:748,51,0,0
BRDA:748,51,1,0
BRDA:751,52,0,0
BRDA:751,52,1,0
BRF:102
BRH:0
end_of_record
TN:
SF:controllers\parkirController.js
FN:21,(anonymous_0)
FN:35,(anonymous_1)
FN:87,(anonymous_2)
FN:112,(anonymous_3)
FN:127,(anonymous_4)
FN:128,(anonymous_5)
FN:148,(anonymous_6)
FN:240,(anonymous_7)
FN:365,(anonymous_8)
FN:398,(anonymous_9)
FN:441,(anonymous_10)
FN:509,(anonymous_11)
FN:537,(anonymous_12)
FN:625,(anonymous_13)
FN:698,(anonymous_14)
FN:733,(anonymous_15)
FN:784,(anonymous_16)
FN:814,(anonymous_17)
FN:816,(anonymous_18)
FN:817,(anonymous_19)
FN:818,(anonymous_20)
FN:819,(anonymous_21)
FN:820,(anonymous_22)
FN:821,(anonymous_23)
FN:822,(anonymous_24)
FN:823,(anonymous_25)
FN:837,(anonymous_26)
FN:937,(anonymous_27)
FNF:28
FNH:16
FNDA:0,(anonymous_0)
FNDA:0,(anonymous_1)
FNDA:0,(anonymous_2)
FNDA:0,(anonymous_3)
FNDA:0,(anonymous_4)
FNDA:0,(anonymous_5)
FNDA:1,(anonymous_6)
FNDA:3,(anonymous_7)
FNDA:0,(anonymous_8)
FNDA:8,(anonymous_9)
FNDA:0,(anonymous_10)
FNDA:2,(anonymous_11)
FNDA:2,(anonymous_12)
FNDA:0,(anonymous_13)
FNDA:0,(anonymous_14)
FNDA:0,(anonymous_15)
FNDA:2,(anonymous_16)
FNDA:1,(anonymous_17)
FNDA:1,(anonymous_18)
FNDA:1,(anonymous_19)
FNDA:1,(anonymous_20)
FNDA:1,(anonymous_21)
FNDA:1,(anonymous_22)
FNDA:1,(anonymous_23)
FNDA:1,(anonymous_24)
FNDA:1,(anonymous_25)
FNDA:4,(anonymous_26)
FNDA:0,(anonymous_27)
DA:1,1
DA:2,1
DA:3,1
DA:4,1
DA:5,1
DA:6,1
DA:7,1
DA:8,1
DA:9,1
DA:11,1
DA:12,1
DA:15,1
DA:21,1
DA:22,0
DA:23,0
DA:26,0
DA:35,0
DA:37,0
DA:38,0
DA:47,0
DA:54,0
DA:78,0
DA:87,1
DA:88,0
DA:104,0
DA:112,1
DA:113,0
DA:127,0
DA:128,0
DA:129,0
DA:131,0
DA:148,1
DA:149,1
DA:152,1
DA:153,0
DA:159,1
DA:160,1
DA:166,0
DA:167,0
DA:173,0
DA:174,0
DA:175,0
DA:176,0
DA:181,0
DA:182,0
DA:189,0
DA:196,0
DA:197,0
DA:204,0
DA:217,0
DA:232,0
DA:240,1
DA:241,3
DA:242,3
DA:244,3
DA:245,1
DA:252,2
DA:259,2
DA:260,0
DA:267,2
DA:268,1
DA:276,1
DA:277,0
DA:284,2
DA:285,1
DA:286,0
DA:293,2
DA:294,2
DA:295,0
DA:300,2
DA:301,2
DA:302,2
DA:303,0
DA:308,2
DA:309,1
DA:317,1
DA:318,1
DA:319,1
DA:321,1
DA:322,1
DA:329,1
DA:330,1
DA:337,0
DA:345,1
DA:357,1
DA:365,1
DA:366,0
DA:369,0
DA:375,0
DA:376,0
DA:383,0
DA:389,0
DA:398,1
DA:399,8
DA:402,8
DA:403,8
DA:404,8
DA:407,8
DA:408,8
DA:409,8
DA:412,8
DA:413,8
DA:414,1
DA:422,7
DA:423,7
DA:425,7
DA:426,0
DA:427,0
DA:428,0
DA:433,0
DA:437,0
DA:438,0
DA:441,0
DA:442,0
DA:448,0
DA:449,0
DA:450,0
DA:452,0
DA:453,0
DA:456,0
DA:457,0
DA:458,0
DA:463,7
DA:464,1
DA:472,6
DA:475,6
DA:484,6
DA:485,1
DA:493,5
DA:498,5
DA:499,0
DA:506,5
DA:509,5
DA:510,2
DA:511,0
DA:512,0
DA:520,0
DA:524,0
DA:527,0
DA:528,0
DA:531,0
DA:537,5
DA:538,2
DA:539,2
DA:540,0
DA:541,0
DA:542,0
DA:550,0
DA:557,0
DA:559,0
DA:560,0
DA:563,2
DA:568,5
DA:570,3
DA:575,3
DA:576,1
DA:584,2
DA:585,2
DA:593,2
DA:594,1
DA:601,1
DA:613,1
DA:614,1
DA:616,1
DA:619,1
DA:620,1
DA:625,0
DA:629,1
DA:630,1
DA:631,0
DA:638,1
DA:651,2
DA:653,2
DA:661,2
DA:662,1
DA:670,1
DA:688,1
DA:689,1
DA:692,1
DA:693,1
DA:698,0
DA:702,1
DA:703,1
DA:704,0
DA:705,0
DA:712,1
DA:725,0
DA:733,1
DA:734,0
DA:735,0
DA:739,0
DA:751,0
DA:753,0
DA:759,0
DA:760,0
DA:762,0
DA:766,0
DA:767,0
DA:775,0
DA:784,1
DA:785,2
DA:787,2
DA:788,2
DA:789,2
DA:790,1
DA:791,1
DA:792,1
DA:795,2
DA:805,2
DA:806,1
DA:812,1
DA:814,1
DA:816,1
DA:817,1
DA:818,1
DA:819,1
DA:820,1
DA:821,1
DA:822,1
DA:823,1
DA:826,1
DA:827,1
DA:829,1
DA:830,1
DA:831,1
DA:832,1
DA:837,1
DA:838,4
DA:839,4
DA:840,4
DA:842,4
DA:843,1
DA:849,3
DA:850,3
DA:853,3
DA:857,3
DA:858,0
DA:860,3
DA:863,3
DA:868,3
DA:869,1
DA:875,2
DA:876,1
DA:882,1
DA:883,0
DA:888,1
DA:889,1
DA:894,0
DA:900,2
DA:912,2
DA:913,2
DA:914,2
DA:917,2
DA:924,2
DA:937,1
DA:938,0
DA:939,0
DA:943,0
DA:955,0
DA:957,0
DA:962,0
LF:261
LH:161
BRDA:11,0,0,1
BRDA:11,0,1,1
BRDA:12,1,0,1
BRDA:12,1,1,1
BRDA:16,2,0,1
BRDA:16,2,1,1
BRDA:17,3,0,1
BRDA:17,3,1,1
BRDA:37,4,0,0
BRDA:37,4,1,0
BRDA:140,5,0,0
BRDA:140,5,1,0
BRDA:152,6,0,0
BRDA:152,6,1,1
BRDA:152,7,0,1
BRDA:152,7,1,1
BRDA:159,8,0,1
BRDA:159,8,1,0
BRDA:159,9,0,1
BRDA:159,9,1,1
BRDA:159,9,2,0
BRDA:166,10,0,0
BRDA:166,10,1,0
BRDA:166,11,0,0
BRDA:166,11,1,0
BRDA:175,12,0,0
BRDA:175,12,1,0
BRDA:175,13,0,0
BRDA:175,13,1,0
BRDA:175,13,2,0
BRDA:181,14,0,0
BRDA:181,14,1,0
BRDA:181,15,0,0
BRDA:181,15,1,0
BRDA:181,15,2,0
BRDA:196,16,0,0
BRDA:196,16,1,0
BRDA:244,17,0,1
BRDA:244,17,1,2
BRDA:259,18,0,0
BRDA:259,18,1,2
BRDA:267,19,0,1
BRDA:267,19,1,1
BRDA:276,20,0,0
BRDA:276,20,1,1
BRDA:284,21,0,1
BRDA:284,21,1,1
BRDA:285,22,0,0
BRDA:285,22,1,1
BRDA:285,23,0,1
BRDA:285,23,1,1
BRDA:293,24,0,2
BRDA:293,24,1,0
BRDA:293,25,0,2
BRDA:293,25,1,0
BRDA:294,26,0,0
BRDA:294,26,1,2
BRDA:294,27,0,2
BRDA:294,27,1,2
BRDA:302,28,0,0
BRDA:302,28,1,2
BRDA:302,29,0,2
BRDA:302,29,1,2
BRDA:302,29,2,2
BRDA:308,30,0,1
BRDA:308,30,1,1
BRDA:308,31,0,2
BRDA:308,31,1,2
BRDA:308,31,2,2
BRDA:318,32,0,1
BRDA:318,32,1,0
BRDA:319,33,0,1
BRDA:319,33,1,0
BRDA:321,34,0,1
BRDA:321,34,1,0
BRDA:329,35,0,1
BRDA:329,35,1,0
BRDA:329,36,0,1
BRDA:329,36,1,1
BRDA:375,37,0,0
BRDA:375,37,1,0
BRDA:408,38,0,0
BRDA:408,38,1,8
BRDA:409,39,0,0
BRDA:409,39,1,8
BRDA:413,40,0,1
BRDA:413,40,1,7
BRDA:425,41,0,0
BRDA:425,41,1,7
BRDA:425,42,0,7
BRDA:425,42,1,1
BRDA:429,43,0,0
BRDA:429,43,1,0
BRDA:430,44,0,0
BRDA:430,44,1,0
BRDA:435,45,0,0
BRDA:435,45,1,0
BRDA:437,46,0,0
BRDA:437,46,1,0
BRDA:448,47,0,0
BRDA:448,47,1,0
BRDA:448,48,0,0
BRDA:448,48,1,0
BRDA:463,49,0,1
BRDA:463,49,1,6
BRDA:463,50,0,7
BRDA:463,50,1,6
BRDA:463,50,2,6
BRDA:484,51,0,1
BRDA:484,51,1,5
BRDA:498,52,0,0
BRDA:498,52,1,5
BRDA:510,53,0,0
BRDA:510,53,1,2
BRDA:527,54,0,0
BRDA:527,54,1,0
BRDA:527,55,0,0
BRDA:527,55,1,0
BRDA:539,56,0,0
BRDA:539,56,1,2
BRDA:568,57,0,3
BRDA:568,57,1,2
BRDA:575,58,0,1
BRDA:575,58,1,2
BRDA:575,59,0,3
BRDA:575,59,1,1
BRDA:593,60,0,1
BRDA:593,60,1,1
BRDA:607,61,0,0
BRDA:607,61,1,1
BRDA:619,62,0,1
BRDA:619,62,1,0
BRDA:630,63,0,0
BRDA:630,63,1,1
BRDA:640,64,0,1
BRDA:640,64,1,0
BRDA:651,65,0,2
BRDA:651,65,1,0
BRDA:661,66,0,1
BRDA:661,66,1,1
BRDA:661,67,0,2
BRDA:661,67,1,2
BRDA:677,68,0,0
BRDA:677,68,1,1
BRDA:692,69,0,1
BRDA:692,69,1,0
BRDA:703,70,0,0
BRDA:703,70,1,1
BRDA:714,71,0,1
BRDA:714,71,1,0
BRDA:751,72,0,0
BRDA:751,72,1,0
BRDA:760,73,0,0
BRDA:760,73,1,0
BRDA:766,74,0,0
BRDA:766,74,1,0
BRDA:788,75,0,1
BRDA:788,75,1,1
BRDA:789,76,0,1
BRDA:789,76,1,1
BRDA:789,77,0,2
BRDA:789,77,1,1
BRDA:791,78,0,1
BRDA:791,78,1,0
BRDA:792,79,0,1
BRDA:792,79,1,0
BRDA:805,80,0,1
BRDA:805,80,1,1
BRDA:816,81,0,1
BRDA:816,81,1,0
BRDA:817,82,0,1
BRDA:817,82,1,0
BRDA:818,83,0,1
BRDA:818,83,1,0
BRDA:819,84,0,1
BRDA:819,84,1,0
BRDA:820,85,0,1
BRDA:820,85,1,0
BRDA:821,86,0,1
BRDA:821,86,1,0
BRDA:822,87,0,1
BRDA:822,87,1,0
BRDA:823,88,0,1
BRDA:823,88,1,0
BRDA:842,89,0,1
BRDA:842,89,1,3
BRDA:842,90,0,4
BRDA:842,90,1,3
BRDA:857,91,0,0
BRDA:857,91,1,3
BRDA:868,92,0,1
BRDA:868,92,1,2
BRDA:875,93,0,1
BRDA:875,93,1,1
BRDA:882,94,0,0
BRDA:882,94,1,1
BRDA:888,95,0,1
BRDA:888,95,1,0
BRDA:913,96,0,2
BRDA:913,96,1,0
BRDA:919,97,0,2
BRDA:919,97,1,0
BRDA:955,98,0,0
BRDA:955,98,1,0
BRF:204
BRH:114
end_of_record
TN:
SF:controllers\postController.js
FN:11,(anonymous_0)
FN:50,(anonymous_1)
FN:67,(anonymous_2)
FN:132,(anonymous_3)
FN:209,(anonymous_4)
FN:277,(anonymous_5)
FN:332,(anonymous_6)
FN:382,(anonymous_7)
FN:431,(anonymous_8)
FN:434,(anonymous_9)
FN:437,(anonymous_10)
FN:459,(anonymous_11)
FN:518,(anonymous_12)
FN:573,(anonymous_13)
FN:584,(anonymous_14)
FN:624,(anonymous_15)
FN:663,(anonymous_16)
FNF:17
FNH:7
FNDA:1,(anonymous_0)
FNDA:2,(anonymous_1)
FNDA:0,(anonymous_2)
FNDA:2,(anonymous_3)
FNDA:0,(anonymous_4)
FNDA:0,(anonymous_5)
FNDA:2,(anonymous_6)
FNDA:2,(anonymous_7)
FNDA:1,(anonymous_8)
FNDA:0,(anonymous_9)
FNDA:0,(anonymous_10)
FNDA:0,(anonymous_11)
FNDA:1,(anonymous_12)
FNDA:0,(anonymous_13)
FNDA:0,(anonymous_14)
FNDA:0,(anonymous_15)
FNDA:0,(anonymous_16)
DA:1,1
DA:2,1
DA:3,1
DA:4,1
DA:5,1
DA:6,1
DA:11,1
DA:12,1
DA:13,1
DA:15,1
DA:50,2
DA:59,1
DA:67,1
DA:68,0
DA:69,0
DA:71,0
DA:111,0
DA:112,0
DA:118,0
DA:132,1
DA:133,2
DA:134,2
DA:136,2
DA:137,1
DA:144,1
DA:145,1
DA:146,0
DA:153,1
DA:154,1
DA:155,1
DA:157,1
DA:158,1
DA:159,1
DA:165,1
DA:167,0
DA:175,1
DA:196,1
DA:209,1
DA:210,0
DA:211,0
DA:212,0
DA:214,0
DA:221,0
DA:222,0
DA:228,0
DA:229,0
DA:236,0
DA:237,0
DA:238,0
DA:239,0
DA:247,0
DA:248,0
DA:250,0
DA:251,0
DA:252,0
DA:253,0
DA:254,0
DA:256,0
DA:257,0
DA:258,0
DA:259,0
DA:262,0
DA:266,0
DA:267,0
DA:268,0
DA:269,0
DA:270,0
DA:273,0
DA:277,0
DA:281,0
DA:282,0
DA:283,0
DA:285,0
DA:286,0
DA:287,0
DA:293,0
DA:295,0
DA:303,0
DA:324,0
DA:332,1
DA:333,2
DA:334,2
DA:335,2
DA:337,2
DA:344,2
DA:345,0
DA:352,2
DA:353,1
DA:360,1
DA:361,1
DA:362,1
DA:363,1
DA:368,1
DA:373,1
DA:382,1
DA:383,2
DA:384,2
DA:386,2
DA:393,2
DA:394,0
DA:401,2
DA:411,2
DA:413,1
DA:416,1
DA:419,1
DA:425,1
DA:428,1
DA:430,1
DA:432,1
DA:433,1
DA:434,0
DA:437,0
DA:442,2
DA:446,2
DA:459,1
DA:460,0
DA:461,0
DA:462,0
DA:464,0
DA:471,0
DA:472,0
DA:478,0
DA:505,0
DA:518,1
DA:519,1
DA:520,1
DA:521,1
DA:523,1
DA:524,0
DA:531,1
DA:532,1
DA:533,0
DA:539,1
DA:546,1
DA:547,0
DA:553,1
DA:571,1
DA:572,1
DA:573,0
DA:576,1
DA:584,1
DA:585,0
DA:586,0
DA:587,0
DA:589,0
DA:597,0
DA:598,0
DA:605,0
DA:606,0
DA:612,0
DA:617,0
DA:624,1
DA:625,0
DA:626,0
DA:627,0
DA:629,0
DA:663,0
DA:670,0
LF:158
LH:77
BRDA:111,0,0,0
BRDA:111,0,1,0
BRDA:136,1,0,1
BRDA:136,1,1,1
BRDA:136,2,0,2
BRDA:136,2,1,1
BRDA:145,3,0,0
BRDA:145,3,1,1
BRDA:154,4,0,1
BRDA:154,4,1,0
BRDA:154,5,0,1
BRDA:154,5,1,1
BRDA:155,6,0,1
BRDA:155,6,1,0
BRDA:180,7,0,0
BRDA:180,7,1,1
BRDA:181,8,0,0
BRDA:181,8,1,1
BRDA:182,9,0,1
BRDA:182,9,1,1
BRDA:221,10,0,0
BRDA:221,10,1,0
BRDA:228,11,0,0
BRDA:228,11,1,0
BRDA:236,12,0,0
BRDA:236,12,1,0
BRDA:236,13,0,0
BRDA:236,13,1,0
BRDA:238,14,0,0
BRDA:238,14,1,0
BRDA:250,15,0,0
BRDA:250,15,1,0
BRDA:253,16,0,0
BRDA:253,16,1,0
BRDA:258,17,0,0
BRDA:258,17,1,0
BRDA:267,18,0,0
BRDA:267,18,1,0
BRDA:269,19,0,0
BRDA:269,19,1,0
BRDA:281,20,0,0
BRDA:281,20,1,0
BRDA:281,21,0,0
BRDA:281,21,1,0
BRDA:283,22,0,0
BRDA:283,22,1,0
BRDA:306,23,0,0
BRDA:306,23,1,0
BRDA:307,24,0,0
BRDA:307,24,1,0
BRDA:308,25,0,0
BRDA:308,25,1,0
BRDA:309,26,0,0
BRDA:309,26,1,0
BRDA:310,27,0,0
BRDA:310,27,1,0
BRDA:344,28,0,0
BRDA:344,28,1,2
BRDA:352,29,0,1
BRDA:352,29,1,1
BRDA:352,30,0,2
BRDA:352,30,1,1
BRDA:360,31,0,1
BRDA:360,31,1,0
BRDA:360,32,0,1
BRDA:360,32,1,1
BRDA:362,33,0,1
BRDA:362,33,1,0
BRDA:393,34,0,0
BRDA:393,34,1,2
BRDA:411,35,0,1
BRDA:411,35,1,1
BRDA:428,36,0,1
BRDA:428,36,1,0
BRDA:432,37,0,1
BRDA:432,37,1,0
BRDA:448,38,0,1
BRDA:448,38,1,1
BRDA:461,39,0,0
BRDA:461,40,0,0
BRDA:471,41,0,0
BRDA:471,41,1,0
BRDA:523,42,0,0
BRDA:523,42,1,1
BRDA:523,43,0,1
BRDA:523,43,1,1
BRDA:532,44,0,0
BRDA:532,44,1,1
BRDA:546,45,0,0
BRDA:546,45,1,1
BRDA:571,46,0,1
BRDA:571,46,1,0
BRDA:597,47,0,0
BRDA:597,47,1,0
BRDA:605,48,0,0
BRDA:605,48,1,0
BRDA:605,49,0,0
BRDA:605,49,1,0
BRDA:626,50,0,0
BRDA:626,51,0,0
BRF:100
BRH:35
end_of_record
